<?xml version="1.0" encoding="UTF-8"?>
<robot generator="Robot 7.2 (Python 3.13.1 on win32)" generated="2025-02-12T04:07:30.973511" rpa="false" schemaversion="5">
<suite id="s1" name="Test Language" source="c:\Education\SoftEn\Project\robot_test\Robot_Test\test_lang\test_language.robot">
<test id="s1-t1" name="Change to Thai" line="5">
<kw name="Open Web" owner="resource">
<kw name="Open Custom Chrome Browser" owner="resource">
<kw name="Evaluate" owner="BuiltIn">
<msg time="2025-02-12T04:07:31.171811" level="INFO">${options} = &lt;selenium.webdriver.chrome.options.Options object at 0x000001F1B5F3DD30&gt;</msg>
<var>${options}</var>
<arg>sys.modules['selenium.webdriver'].ChromeOptions()</arg>
<arg>sys</arg>
<doc>Evaluates the given expression in Python and returns the result.</doc>
<status status="PASS" start="2025-02-12T04:07:31.171590" elapsed="0.000258"/>
</kw>
<kw name="Set Variable" owner="BuiltIn">
<arg>${options}</arg>
<arg>binary_location</arg>
<arg>${CHROME_BROWSER_PATH}</arg>
<doc>Returns the given values which can then be assigned to a variables.</doc>
<status status="PASS" start="2025-02-12T04:07:31.171959" elapsed="0.000120"/>
</kw>
<kw name="Evaluate" owner="BuiltIn">
<msg time="2025-02-12T04:07:31.172658" level="INFO">${service} = &lt;selenium.webdriver.chrome.service.Service object at 0x000001F1B5F3DA90&gt;</msg>
<var>${service}</var>
<arg>sys.modules["selenium.webdriver.chrome.service"].Service(executable_path=r"${CHROME_DRIVER_PATH}")</arg>
<arg>sys</arg>
<doc>Evaluates the given expression in Python and returns the result.</doc>
<status status="PASS" start="2025-02-12T04:07:31.172159" elapsed="0.000530"/>
</kw>
<kw name="Create Webdriver" owner="SeleniumLibrary">
<msg time="2025-02-12T04:07:31.172946" level="INFO">Creating an instance of the Chrome WebDriver.</msg>
<arg>Chrome</arg>
<arg>options=${options}</arg>
<arg>service=${service}</arg>
<doc>Creates an instance of Selenium WebDriver.</doc>
<status status="PASS" start="2025-02-12T04:07:31.172787" elapsed="1.189667"/>
</kw>
<kw name="Go To" owner="SeleniumLibrary">
<msg time="2025-02-12T04:07:32.363079" level="INFO">Opening url 'https://cs0167.cpkkuhost.com/'</msg>
<arg>${url}</arg>
<doc>Navigates the current browser window to the provided ``url``.</doc>
<status status="PASS" start="2025-02-12T04:07:32.362766" elapsed="10.434797"/>
</kw>
<arg>${BASE_URL}</arg>
<status status="PASS" start="2025-02-12T04:07:31.171131" elapsed="11.626580"/>
</kw>
<kw name="Maximize Browser Window" owner="SeleniumLibrary">
<doc>Maximizes current browser window.</doc>
<status status="PASS" start="2025-02-12T04:07:42.797870" elapsed="0.035899"/>
</kw>
<kw name="Set Selenium Speed" owner="SeleniumLibrary">
<arg>${DELAY}</arg>
<doc>Sets the delay that is waited after each Selenium command.</doc>
<status status="PASS" start="2025-02-12T04:07:42.833966" elapsed="0.000287"/>
</kw>
<kw name="Home Should Be Open" owner="resource">
<kw name="Title Should Be" owner="SeleniumLibrary">
<msg time="2025-02-12T04:07:43.839485" level="INFO">Page title is 'ระบบข้อมูลงานวิจัย วิทยาลัยการคอมพิวเตอร์'.</msg>
<arg>ระบบข้อมูลงานวิจัย วิทยาลัยการคอมพิวเตอร์</arg>
<doc>Verifies that the current page title equals ``title``.</doc>
<status status="PASS" start="2025-02-12T04:07:42.834573" elapsed="1.005052"/>
</kw>
<status status="PASS" start="2025-02-12T04:07:42.834392" elapsed="1.005346"/>
</kw>
<status status="PASS" start="2025-02-12T04:07:31.170853" elapsed="12.668931"/>
</kw>
<kw name="Go To Researcher" owner="resource">
<kw name="Click Element" owner="SeleniumLibrary">
<msg time="2025-02-12T04:07:43.841527" level="INFO">Clicking element 'id=navbarDropdown'.</msg>
<arg>id=navbarDropdown</arg>
<doc>Click the element identified by ``locator``.</doc>
<status status="PASS" start="2025-02-12T04:07:43.840930" elapsed="2.063428"/>
</kw>
<kw name="Click Element" owner="SeleniumLibrary">
<msg time="2025-02-12T04:07:45.905227" level="INFO">Clicking element 'xpath=//ul[@aria-labelledby='navbarDropdown']/li[1]/a'.</msg>
<arg>xpath=//ul[@aria-labelledby='navbarDropdown']/li[1]/a</arg>
<doc>Click the element identified by ``locator``.</doc>
<status status="PASS" start="2025-02-12T04:07:45.904829" elapsed="5.350703"/>
</kw>
<status status="PASS" start="2025-02-12T04:07:43.840369" elapsed="7.415424"/>
</kw>
<kw name="Click Element" owner="SeleniumLibrary">
<msg time="2025-02-12T04:07:51.256857" level="INFO">Clicking element 'xpath=(//div[@class='row row-cols-1 row-cols-md-2 g-0']//a)[2]'.</msg>
<arg>xpath=(//div[@class='row row-cols-1 row-cols-md-2 g-0']//a)[2]</arg>
<doc>Click the element identified by ``locator``.</doc>
<status status="PASS" start="2025-02-12T04:07:51.256437" elapsed="2.960452"/>
</kw>
<kw name="Change Language" owner="resource">
<kw name="Click Element" owner="SeleniumLibrary">
<msg time="2025-02-12T04:07:54.217840" level="INFO">Clicking element 'id=navbarDropdownMenuLink'.</msg>
<arg>id=navbarDropdownMenuLink</arg>
<doc>Click the element identified by ``locator``.</doc>
<status status="PASS" start="2025-02-12T04:07:54.217694" elapsed="2.067348"/>
</kw>
<kw name="Click Element" owner="SeleniumLibrary">
<msg time="2025-02-12T04:07:56.285997" level="INFO">Clicking element 'xpath=//a[contains(text(), 'ไทย')]'.</msg>
<arg>xpath=//a[contains(text(), '${LANGUAGE}')]</arg>
<doc>Click the element identified by ``locator``.</doc>
<status status="PASS" start="2025-02-12T04:07:56.285436" elapsed="3.228077"/>
</kw>
<arg>ไทย</arg>
<status status="PASS" start="2025-02-12T04:07:54.217437" elapsed="5.296199"/>
</kw>
<kw name="Verify Page Text" owner="resource">
<kw name="Element Should Contain" owner="SeleniumLibrary">
<msg time="2025-02-12T04:08:01.542500" level="INFO">Element 'xpath=//h6[@class='card-title'][contains(text(), 'การศึกษา')]' contains text 'การศึกษา'.</msg>
<arg>xpath=//h6[@class='card-title'][contains(text(), '${EXPECTED_TEXT}')]</arg>
<arg>${EXPECTED_TEXT}</arg>
<doc>Verifies that element ``locator`` contains text ``expected``.</doc>
<status status="PASS" start="2025-02-12T04:07:59.514288" elapsed="2.028462"/>
</kw>
<arg>การศึกษา</arg>
<status status="PASS" start="2025-02-12T04:07:59.514031" elapsed="2.028952"/>
</kw>
<kw name="Close Browser" owner="SeleniumLibrary" type="TEARDOWN">
<doc>Closes the current browser.</doc>
<status status="PASS" start="2025-02-12T04:08:01.543536" elapsed="3.087151"/>
</kw>
<status status="PASS" start="2025-02-12T04:07:31.170199" elapsed="33.460922"/>
</test>
<test id="s1-t2" name="Change to English" line="14">
<kw name="Open Web" owner="resource">
<kw name="Open Custom Chrome Browser" owner="resource">
<kw name="Evaluate" owner="BuiltIn">
<msg time="2025-02-12T04:08:04.634529" level="INFO">${options} = &lt;selenium.webdriver.chrome.options.Options object at 0x000001F1B5EF2990&gt;</msg>
<var>${options}</var>
<arg>sys.modules['selenium.webdriver'].ChromeOptions()</arg>
<arg>sys</arg>
<doc>Evaluates the given expression in Python and returns the result.</doc>
<status status="PASS" start="2025-02-12T04:08:04.634021" elapsed="0.000587"/>
</kw>
<kw name="Set Variable" owner="BuiltIn">
<arg>${options}</arg>
<arg>binary_location</arg>
<arg>${CHROME_BROWSER_PATH}</arg>
<doc>Returns the given values which can then be assigned to a variables.</doc>
<status status="PASS" start="2025-02-12T04:08:04.634852" elapsed="0.000294"/>
</kw>
<kw name="Evaluate" owner="BuiltIn">
<msg time="2025-02-12T04:08:04.636025" level="INFO">${service} = &lt;selenium.webdriver.chrome.service.Service object at 0x000001F1B5EF3750&gt;</msg>
<var>${service}</var>
<arg>sys.modules["selenium.webdriver.chrome.service"].Service(executable_path=r"${CHROME_DRIVER_PATH}")</arg>
<arg>sys</arg>
<doc>Evaluates the given expression in Python and returns the result.</doc>
<status status="PASS" start="2025-02-12T04:08:04.635353" elapsed="0.000711"/>
</kw>
<kw name="Create Webdriver" owner="SeleniumLibrary">
<msg time="2025-02-12T04:08:04.636564" level="INFO">Creating an instance of the Chrome WebDriver.</msg>
<arg>Chrome</arg>
<arg>options=${options}</arg>
<arg>service=${service}</arg>
<doc>Creates an instance of Selenium WebDriver.</doc>
<status status="PASS" start="2025-02-12T04:08:04.636191" elapsed="1.159501"/>
</kw>
<kw name="Go To" owner="SeleniumLibrary">
<msg time="2025-02-12T04:08:05.796229" level="INFO">Opening url 'https://cs0167.cpkkuhost.com/'</msg>
<arg>${url}</arg>
<doc>Navigates the current browser window to the provided ``url``.</doc>
<status status="PASS" start="2025-02-12T04:08:05.796005" elapsed="10.899304"/>
</kw>
<arg>${BASE_URL}</arg>
<status status="PASS" start="2025-02-12T04:08:04.633490" elapsed="12.061928"/>
</kw>
<kw name="Maximize Browser Window" owner="SeleniumLibrary">
<doc>Maximizes current browser window.</doc>
<status status="PASS" start="2025-02-12T04:08:16.695560" elapsed="0.039493"/>
</kw>
<kw name="Set Selenium Speed" owner="SeleniumLibrary">
<arg>${DELAY}</arg>
<doc>Sets the delay that is waited after each Selenium command.</doc>
<status status="PASS" start="2025-02-12T04:08:16.735231" elapsed="0.000246"/>
</kw>
<kw name="Home Should Be Open" owner="resource">
<kw name="Title Should Be" owner="SeleniumLibrary">
<msg time="2025-02-12T04:08:17.741808" level="INFO">Page title is 'ระบบข้อมูลงานวิจัย วิทยาลัยการคอมพิวเตอร์'.</msg>
<arg>ระบบข้อมูลงานวิจัย วิทยาลัยการคอมพิวเตอร์</arg>
<doc>Verifies that the current page title equals ``title``.</doc>
<status status="PASS" start="2025-02-12T04:08:16.735798" elapsed="1.006173"/>
</kw>
<status status="PASS" start="2025-02-12T04:08:16.735611" elapsed="1.006462"/>
</kw>
<status status="PASS" start="2025-02-12T04:08:04.632978" elapsed="13.109136"/>
</kw>
<kw name="Go To Researcher" owner="resource">
<kw name="Click Element" owner="SeleniumLibrary">
<msg time="2025-02-12T04:08:17.742923" level="INFO">Clicking element 'id=navbarDropdown'.</msg>
<arg>id=navbarDropdown</arg>
<doc>Click the element identified by ``locator``.</doc>
<status status="PASS" start="2025-02-12T04:08:17.742784" elapsed="2.054434"/>
</kw>
<kw name="Click Element" owner="SeleniumLibrary">
<msg time="2025-02-12T04:08:19.798005" level="INFO">Clicking element 'xpath=//ul[@aria-labelledby='navbarDropdown']/li[1]/a'.</msg>
<arg>xpath=//ul[@aria-labelledby='navbarDropdown']/li[1]/a</arg>
<doc>Click the element identified by ``locator``.</doc>
<status status="PASS" start="2025-02-12T04:08:19.797609" elapsed="6.354264"/>
</kw>
<status status="PASS" start="2025-02-12T04:08:17.742551" elapsed="8.409453"/>
</kw>
<kw name="Click Element" owner="SeleniumLibrary">
<msg time="2025-02-12T04:08:26.152466" level="INFO">Clicking element 'xpath=(//div[@class='row row-cols-1 row-cols-md-2 g-0']//a)[2]'.</msg>
<arg>xpath=(//div[@class='row row-cols-1 row-cols-md-2 g-0']//a)[2]</arg>
<doc>Click the element identified by ``locator``.</doc>
<status status="PASS" start="2025-02-12T04:08:26.152289" elapsed="4.605758"/>
</kw>
<kw name="Change Language" owner="resource">
<kw name="Click Element" owner="SeleniumLibrary">
<msg time="2025-02-12T04:08:30.760582" level="INFO">Clicking element 'id=navbarDropdownMenuLink'.</msg>
<arg>id=navbarDropdownMenuLink</arg>
<doc>Click the element identified by ``locator``.</doc>
<status status="PASS" start="2025-02-12T04:08:30.759380" elapsed="2.072069"/>
</kw>
<kw name="Click Element" owner="SeleniumLibrary">
<msg time="2025-02-12T04:08:32.832398" level="INFO">Clicking element 'xpath=//a[contains(text(), 'ไทย')]'.</msg>
<arg>xpath=//a[contains(text(), '${LANGUAGE}')]</arg>
<doc>Click the element identified by ``locator``.</doc>
<status status="PASS" start="2025-02-12T04:08:32.831907" elapsed="3.793850"/>
</kw>
<arg>ไทย</arg>
<status status="PASS" start="2025-02-12T04:08:30.758798" elapsed="5.867216"/>
</kw>
<kw name="Change Language" owner="resource">
<kw name="Click Element" owner="SeleniumLibrary">
<msg time="2025-02-12T04:08:36.627780" level="INFO">Clicking element 'id=navbarDropdownMenuLink'.</msg>
<arg>id=navbarDropdownMenuLink</arg>
<doc>Click the element identified by ``locator``.</doc>
<status status="PASS" start="2025-02-12T04:08:36.627442" elapsed="2.049430"/>
</kw>
<kw name="Click Element" owner="SeleniumLibrary">
<msg time="2025-02-12T04:08:38.677298" level="INFO">Clicking element 'xpath=//a[contains(text(), 'English')]'.</msg>
<arg>xpath=//a[contains(text(), '${LANGUAGE}')]</arg>
<doc>Click the element identified by ``locator``.</doc>
<status status="PASS" start="2025-02-12T04:08:38.677071" elapsed="3.374993"/>
</kw>
<arg>English</arg>
<status status="PASS" start="2025-02-12T04:08:36.626853" elapsed="5.425475"/>
</kw>
<kw name="Verify Page Text" owner="resource">
<kw name="Element Should Contain" owner="SeleniumLibrary">
<msg time="2025-02-12T04:08:44.080442" level="INFO">Element 'xpath=//h6[@class='card-title'][contains(text(), 'Education')]' contains text 'Education'.</msg>
<arg>xpath=//h6[@class='card-title'][contains(text(), '${EXPECTED_TEXT}')]</arg>
<arg>${EXPECTED_TEXT}</arg>
<doc>Verifies that element ``locator`` contains text ``expected``.</doc>
<status status="PASS" start="2025-02-12T04:08:42.053632" elapsed="2.026938"/>
</kw>
<arg>Education</arg>
<status status="PASS" start="2025-02-12T04:08:42.053050" elapsed="2.027618"/>
</kw>
<kw name="Close Browser" owner="SeleniumLibrary" type="TEARDOWN">
<doc>Closes the current browser.</doc>
<status status="PASS" start="2025-02-12T04:08:44.081085" elapsed="3.077354"/>
</kw>
<status status="PASS" start="2025-02-12T04:08:04.632135" elapsed="42.526828"/>
</test>
<test id="s1-t3" name="Change to Chinese" line="23">
<kw name="Open Web" owner="resource">
<kw name="Open Custom Chrome Browser" owner="resource">
<kw name="Evaluate" owner="BuiltIn">
<msg time="2025-02-12T04:08:47.162381" level="INFO">${options} = &lt;selenium.webdriver.chrome.options.Options object at 0x000001F1B55D1A90&gt;</msg>
<var>${options}</var>
<arg>sys.modules['selenium.webdriver'].ChromeOptions()</arg>
<arg>sys</arg>
<doc>Evaluates the given expression in Python and returns the result.</doc>
<status status="PASS" start="2025-02-12T04:08:47.161925" elapsed="0.000530"/>
</kw>
<kw name="Set Variable" owner="BuiltIn">
<arg>${options}</arg>
<arg>binary_location</arg>
<arg>${CHROME_BROWSER_PATH}</arg>
<doc>Returns the given values which can then be assigned to a variables.</doc>
<status status="PASS" start="2025-02-12T04:08:47.162661" elapsed="0.000270"/>
</kw>
<kw name="Evaluate" owner="BuiltIn">
<msg time="2025-02-12T04:08:47.163966" level="INFO">${service} = &lt;selenium.webdriver.chrome.service.Service object at 0x000001F1B5652E90&gt;</msg>
<var>${service}</var>
<arg>sys.modules["selenium.webdriver.chrome.service"].Service(executable_path=r"${CHROME_DRIVER_PATH}")</arg>
<arg>sys</arg>
<doc>Evaluates the given expression in Python and returns the result.</doc>
<status status="PASS" start="2025-02-12T04:08:47.163125" elapsed="0.000906"/>
</kw>
<kw name="Create Webdriver" owner="SeleniumLibrary">
<msg time="2025-02-12T04:08:47.164596" level="INFO">Creating an instance of the Chrome WebDriver.</msg>
<arg>Chrome</arg>
<arg>options=${options}</arg>
<arg>service=${service}</arg>
<doc>Creates an instance of Selenium WebDriver.</doc>
<status status="PASS" start="2025-02-12T04:08:47.164253" elapsed="1.112810"/>
</kw>
<kw name="Go To" owner="SeleniumLibrary">
<msg time="2025-02-12T04:08:48.277462" level="INFO">Opening url 'https://cs0167.cpkkuhost.com/'</msg>
<arg>${url}</arg>
<doc>Navigates the current browser window to the provided ``url``.</doc>
<status status="PASS" start="2025-02-12T04:08:48.277255" elapsed="11.564502"/>
</kw>
<arg>${BASE_URL}</arg>
<status status="PASS" start="2025-02-12T04:08:47.161457" elapsed="12.680415"/>
</kw>
<kw name="Maximize Browser Window" owner="SeleniumLibrary">
<doc>Maximizes current browser window.</doc>
<status status="PASS" start="2025-02-12T04:08:59.842011" elapsed="0.034279"/>
</kw>
<kw name="Set Selenium Speed" owner="SeleniumLibrary">
<arg>${DELAY}</arg>
<doc>Sets the delay that is waited after each Selenium command.</doc>
<status status="PASS" start="2025-02-12T04:08:59.876646" elapsed="0.000272"/>
</kw>
<kw name="Home Should Be Open" owner="resource">
<kw name="Title Should Be" owner="SeleniumLibrary">
<msg time="2025-02-12T04:09:00.883469" level="INFO">Page title is 'ระบบข้อมูลงานวิจัย วิทยาลัยการคอมพิวเตอร์'.</msg>
<arg>ระบบข้อมูลงานวิจัย วิทยาลัยการคอมพิวเตอร์</arg>
<doc>Verifies that the current page title equals ``title``.</doc>
<status status="PASS" start="2025-02-12T04:08:59.877214" elapsed="1.006441"/>
</kw>
<status status="PASS" start="2025-02-12T04:08:59.877043" elapsed="1.006779"/>
</kw>
<status status="PASS" start="2025-02-12T04:08:47.160889" elapsed="13.723010"/>
</kw>
<kw name="Go To Researcher" owner="resource">
<kw name="Click Element" owner="SeleniumLibrary">
<msg time="2025-02-12T04:09:00.884819" level="INFO">Clicking element 'id=navbarDropdown'.</msg>
<arg>id=navbarDropdown</arg>
<doc>Click the element identified by ``locator``.</doc>
<status status="PASS" start="2025-02-12T04:09:00.884664" elapsed="2.057169"/>
</kw>
<kw name="Click Element" owner="SeleniumLibrary">
<msg time="2025-02-12T04:09:02.942218" level="INFO">Clicking element 'xpath=//ul[@aria-labelledby='navbarDropdown']/li[1]/a'.</msg>
<arg>xpath=//ul[@aria-labelledby='navbarDropdown']/li[1]/a</arg>
<doc>Click the element identified by ``locator``.</doc>
<status status="PASS" start="2025-02-12T04:09:02.942031" elapsed="5.098064"/>
</kw>
<status status="PASS" start="2025-02-12T04:09:00.884411" elapsed="7.155816"/>
</kw>
<kw name="Click Element" owner="SeleniumLibrary">
<msg time="2025-02-12T04:09:08.040819" level="INFO">Clicking element 'xpath=(//div[@class='row row-cols-1 row-cols-md-2 g-0']//a)[2]'.</msg>
<arg>xpath=(//div[@class='row row-cols-1 row-cols-md-2 g-0']//a)[2]</arg>
<doc>Click the element identified by ``locator``.</doc>
<status status="PASS" start="2025-02-12T04:09:08.040595" elapsed="3.387265"/>
</kw>
<kw name="Change Language" owner="resource">
<kw name="Click Element" owner="SeleniumLibrary">
<msg time="2025-02-12T04:09:11.428950" level="INFO">Clicking element 'id=navbarDropdownMenuLink'.</msg>
<arg>id=navbarDropdownMenuLink</arg>
<doc>Click the element identified by ``locator``.</doc>
<status status="PASS" start="2025-02-12T04:09:11.428732" elapsed="2.055781"/>
</kw>
<kw name="Click Element" owner="SeleniumLibrary">
<msg time="2025-02-12T04:09:13.485220" level="INFO">Clicking element 'xpath=//a[contains(text(), '中文')]'.</msg>
<arg>xpath=//a[contains(text(), '${LANGUAGE}')]</arg>
<doc>Click the element identified by ``locator``.</doc>
<status status="PASS" start="2025-02-12T04:09:13.484747" elapsed="3.575459"/>
</kw>
<arg>中文</arg>
<status status="PASS" start="2025-02-12T04:09:11.428368" elapsed="5.632058"/>
</kw>
<kw name="Verify Page Text" owner="resource">
<kw name="Element Should Contain" owner="SeleniumLibrary">
<msg time="2025-02-12T04:09:19.086584" level="INFO">Element 'xpath=//h6[@class='card-title'][contains(text(), '教育背景')]' contains text '教育背景'.</msg>
<arg>xpath=//h6[@class='card-title'][contains(text(), '${EXPECTED_TEXT}')]</arg>
<arg>${EXPECTED_TEXT}</arg>
<doc>Verifies that element ``locator`` contains text ``expected``.</doc>
<status status="PASS" start="2025-02-12T04:09:17.061148" elapsed="2.025612"/>
</kw>
<arg>教育背景</arg>
<status status="PASS" start="2025-02-12T04:09:17.060896" elapsed="2.025999"/>
</kw>
<kw name="Close Browser" owner="SeleniumLibrary" type="TEARDOWN">
<doc>Closes the current browser.</doc>
<status status="PASS" start="2025-02-12T04:09:19.087902" elapsed="3.058256"/>
</kw>
<status status="PASS" start="2025-02-12T04:08:47.160152" elapsed="34.986302"/>
</test>
<status status="PASS" start="2025-02-12T04:07:30.974876" elapsed="111.172478"/>
</suite>
<statistics>
<total>
<stat pass="3" fail="0" skip="0">All Tests</stat>
</total>
<tag>
</tag>
<suite>
<stat name="Test Language" id="s1" pass="3" fail="0" skip="0">Test Language</stat>
</suite>
</statistics>
<errors>
</errors>
</robot>
