<?xml version="1.0" encoding="UTF-8"?>
<robot generator="Robot 7.2 (Python 3.13.1 on win32)" generated="2025-02-12T04:10:34.407487" rpa="false" schemaversion="5">
<suite id="s1" name="test checkInfo" source="c:\Education\SoftEn\Project\robot_test\Robot_Test\test_researchgroup\test_checkInfo.robot">
<test id="s1-t1" name="Check Researcher Group" line="5">
<kw name="Open Web" owner="resource">
<kw name="Open Custom Chrome Browser" owner="resource">
<kw name="Evaluate" owner="BuiltIn">
<msg time="2025-02-12T04:10:34.601697" level="INFO">${options} = &lt;selenium.webdriver.chrome.options.Options object at 0x00000259B309DD30&gt;</msg>
<var>${options}</var>
<arg>sys.modules['selenium.webdriver'].ChromeOptions()</arg>
<arg>sys</arg>
<doc>Evaluates the given expression in Python and returns the result.</doc>
<status status="PASS" start="2025-02-12T04:10:34.601459" elapsed="0.000273"/>
</kw>
<kw name="Set Variable" owner="BuiltIn">
<arg>${options}</arg>
<arg>binary_location</arg>
<arg>${CHROME_BROWSER_PATH}</arg>
<doc>Returns the given values which can then be assigned to a variables.</doc>
<status status="PASS" start="2025-02-12T04:10:34.601844" elapsed="0.000111"/>
</kw>
<kw name="Evaluate" owner="BuiltIn">
<msg time="2025-02-12T04:10:34.602618" level="INFO">${service} = &lt;selenium.webdriver.chrome.service.Service object at 0x00000259B309DA90&gt;</msg>
<var>${service}</var>
<arg>sys.modules["selenium.webdriver.chrome.service"].Service(executable_path=r"${CHROME_DRIVER_PATH}")</arg>
<arg>sys</arg>
<doc>Evaluates the given expression in Python and returns the result.</doc>
<status status="PASS" start="2025-02-12T04:10:34.602039" elapsed="0.000611"/>
</kw>
<kw name="Create Webdriver" owner="SeleniumLibrary">
<msg time="2025-02-12T04:10:34.602921" level="INFO">Creating an instance of the Chrome WebDriver.</msg>
<arg>Chrome</arg>
<arg>options=${options}</arg>
<arg>service=${service}</arg>
<doc>Creates an instance of Selenium WebDriver.</doc>
<status status="PASS" start="2025-02-12T04:10:34.602757" elapsed="1.093412"/>
</kw>
<kw name="Go To" owner="SeleniumLibrary">
<msg time="2025-02-12T04:10:35.696716" level="INFO">Opening url 'https://cs0167.cpkkuhost.com/'</msg>
<arg>${url}</arg>
<doc>Navigates the current browser window to the provided ``url``.</doc>
<status status="PASS" start="2025-02-12T04:10:35.696441" elapsed="15.807626"/>
</kw>
<arg>${BASE_URL}</arg>
<status status="PASS" start="2025-02-12T04:10:34.600993" elapsed="16.903418"/>
</kw>
<kw name="Maximize Browser Window" owner="SeleniumLibrary">
<doc>Maximizes current browser window.</doc>
<status status="PASS" start="2025-02-12T04:10:51.504644" elapsed="0.036343"/>
</kw>
<kw name="Set Selenium Speed" owner="SeleniumLibrary">
<arg>${DELAY}</arg>
<doc>Sets the delay that is waited after each Selenium command.</doc>
<status status="PASS" start="2025-02-12T04:10:51.541210" elapsed="0.000266"/>
</kw>
<kw name="Home Should Be Open" owner="resource">
<kw name="Title Should Be" owner="SeleniumLibrary">
<msg time="2025-02-12T04:10:52.546660" level="INFO">Page title is 'ระบบข้อมูลงานวิจัย วิทยาลัยการคอมพิวเตอร์'.</msg>
<arg>ระบบข้อมูลงานวิจัย วิทยาลัยการคอมพิวเตอร์</arg>
<doc>Verifies that the current page title equals ``title``.</doc>
<status status="PASS" start="2025-02-12T04:10:51.541796" elapsed="1.004982"/>
</kw>
<status status="PASS" start="2025-02-12T04:10:51.541618" elapsed="1.005261"/>
</kw>
<status status="PASS" start="2025-02-12T04:10:34.600620" elapsed="17.946303"/>
</kw>
<kw name="Go To Researcher Group" owner="resource">
<kw name="Click Element" owner="SeleniumLibrary">
<msg time="2025-02-12T04:10:52.547743" level="INFO">Clicking element 'xpath=//a[@href='/researchgroup']'.</msg>
<arg>xpath=//a[@href='/researchgroup']</arg>
<doc>Click the element identified by ``locator``.</doc>
<status status="PASS" start="2025-02-12T04:10:52.547484" elapsed="3.286113"/>
</kw>
<kw name="Page Should Contain Element" owner="SeleniumLibrary">
<msg time="2025-02-12T04:10:56.844255" level="INFO">Current page contains element 'xpath=//p[contains(text(), 'Research Group')]'.</msg>
<arg>xpath=//p[contains(text(), 'Research Group')]</arg>
<doc>Verifies that element ``locator`` is found on the current page.</doc>
<status status="PASS" start="2025-02-12T04:10:55.833802" elapsed="1.010672"/>
</kw>
<status status="PASS" start="2025-02-12T04:10:52.547265" elapsed="4.297437"/>
</kw>
<kw name="Close Browser" owner="SeleniumLibrary" type="TEARDOWN">
<doc>Closes the current browser.</doc>
<status status="PASS" start="2025-02-12T04:10:56.845533" elapsed="3.070913"/>
</kw>
<status status="PASS" start="2025-02-12T04:10:34.599783" elapsed="25.317100"/>
</test>
<test id="s1-t2" name="Check Group Detail" line="11">
<kw name="Open Web" owner="resource">
<kw name="Open Custom Chrome Browser" owner="resource">
<kw name="Evaluate" owner="BuiltIn">
<msg time="2025-02-12T04:10:59.920421" level="INFO">${options} = &lt;selenium.webdriver.chrome.options.Options object at 0x00000259B3052990&gt;</msg>
<var>${options}</var>
<arg>sys.modules['selenium.webdriver'].ChromeOptions()</arg>
<arg>sys</arg>
<doc>Evaluates the given expression in Python and returns the result.</doc>
<status status="PASS" start="2025-02-12T04:10:59.919916" elapsed="0.000578"/>
</kw>
<kw name="Set Variable" owner="BuiltIn">
<arg>${options}</arg>
<arg>binary_location</arg>
<arg>${CHROME_BROWSER_PATH}</arg>
<doc>Returns the given values which can then be assigned to a variables.</doc>
<status status="PASS" start="2025-02-12T04:10:59.920753" elapsed="0.000325"/>
</kw>
<kw name="Evaluate" owner="BuiltIn">
<msg time="2025-02-12T04:10:59.922306" level="INFO">${service} = &lt;selenium.webdriver.chrome.service.Service object at 0x00000259B3053750&gt;</msg>
<var>${service}</var>
<arg>sys.modules["selenium.webdriver.chrome.service"].Service(executable_path=r"${CHROME_DRIVER_PATH}")</arg>
<arg>sys</arg>
<doc>Evaluates the given expression in Python and returns the result.</doc>
<status status="PASS" start="2025-02-12T04:10:59.921282" elapsed="0.001100"/>
</kw>
<kw name="Create Webdriver" owner="SeleniumLibrary">
<msg time="2025-02-12T04:10:59.923106" level="INFO">Creating an instance of the Chrome WebDriver.</msg>
<arg>Chrome</arg>
<arg>options=${options}</arg>
<arg>service=${service}</arg>
<doc>Creates an instance of Selenium WebDriver.</doc>
<status status="PASS" start="2025-02-12T04:10:59.922667" elapsed="1.099732"/>
</kw>
<kw name="Go To" owner="SeleniumLibrary">
<msg time="2025-02-12T04:11:01.022990" level="INFO">Opening url 'https://cs0167.cpkkuhost.com/'</msg>
<arg>${url}</arg>
<doc>Navigates the current browser window to the provided ``url``.</doc>
<status status="PASS" start="2025-02-12T04:11:01.022652" elapsed="10.455823"/>
</kw>
<arg>${BASE_URL}</arg>
<status status="PASS" start="2025-02-12T04:10:59.919381" elapsed="11.559205"/>
</kw>
<kw name="Maximize Browser Window" owner="SeleniumLibrary">
<doc>Maximizes current browser window.</doc>
<status status="PASS" start="2025-02-12T04:11:11.478706" elapsed="0.022783"/>
</kw>
<kw name="Set Selenium Speed" owner="SeleniumLibrary">
<arg>${DELAY}</arg>
<doc>Sets the delay that is waited after each Selenium command.</doc>
<status status="PASS" start="2025-02-12T04:11:11.501675" elapsed="0.000271"/>
</kw>
<kw name="Home Should Be Open" owner="resource">
<kw name="Title Should Be" owner="SeleniumLibrary">
<msg time="2025-02-12T04:11:12.507806" level="INFO">Page title is 'ระบบข้อมูลงานวิจัย วิทยาลัยการคอมพิวเตอร์'.</msg>
<arg>ระบบข้อมูลงานวิจัย วิทยาลัยการคอมพิวเตอร์</arg>
<doc>Verifies that the current page title equals ``title``.</doc>
<status status="PASS" start="2025-02-12T04:11:11.502369" elapsed="1.005574"/>
</kw>
<status status="PASS" start="2025-02-12T04:11:11.502095" elapsed="1.005945"/>
</kw>
<status status="PASS" start="2025-02-12T04:10:59.918796" elapsed="12.589503"/>
</kw>
<kw name="Go To Researcher Group" owner="resource">
<kw name="Click Element" owner="SeleniumLibrary">
<msg time="2025-02-12T04:11:12.509403" level="INFO">Clicking element 'xpath=//a[@href='/researchgroup']'.</msg>
<arg>xpath=//a[@href='/researchgroup']</arg>
<doc>Click the element identified by ``locator``.</doc>
<status status="PASS" start="2025-02-12T04:11:12.509256" elapsed="3.392404"/>
</kw>
<kw name="Page Should Contain Element" owner="SeleniumLibrary">
<msg time="2025-02-12T04:11:16.912820" level="INFO">Current page contains element 'xpath=//p[contains(text(), 'Research Group')]'.</msg>
<arg>xpath=//p[contains(text(), 'Research Group')]</arg>
<doc>Verifies that element ``locator`` is found on the current page.</doc>
<status status="PASS" start="2025-02-12T04:11:15.901862" elapsed="1.011181"/>
</kw>
<status status="PASS" start="2025-02-12T04:11:12.508967" elapsed="4.404284"/>
</kw>
<kw name="Click Element" owner="SeleniumLibrary">
<msg time="2025-02-12T04:11:16.913806" level="INFO">Clicking element 'xpath=(//a[contains(@href, 'researchgroupdetail')])[1]'.</msg>
<arg>xpath=(//a[contains(@href, 'researchgroupdetail')])[1]</arg>
<doc>Click the element identified by ``locator``.</doc>
<status status="PASS" start="2025-02-12T04:11:16.913621" elapsed="2.945971"/>
</kw>
<kw name="Close Browser" owner="SeleniumLibrary" type="TEARDOWN">
<doc>Closes the current browser.</doc>
<status status="PASS" start="2025-02-12T04:11:19.860032" elapsed="3.054889"/>
</kw>
<status status="PASS" start="2025-02-12T04:10:59.918056" elapsed="22.997304"/>
</test>
<test id="s1-t3" name="Check Researcher Info" line="19">
<kw name="Open Web" owner="resource">
<kw name="Open Custom Chrome Browser" owner="resource">
<kw name="Evaluate" owner="BuiltIn">
<msg time="2025-02-12T04:11:22.917206" level="INFO">${options} = &lt;selenium.webdriver.chrome.options.Options object at 0x00000259B3053890&gt;</msg>
<var>${options}</var>
<arg>sys.modules['selenium.webdriver'].ChromeOptions()</arg>
<arg>sys</arg>
<doc>Evaluates the given expression in Python and returns the result.</doc>
<status status="PASS" start="2025-02-12T04:11:22.917005" elapsed="0.000229"/>
</kw>
<kw name="Set Variable" owner="BuiltIn">
<arg>${options}</arg>
<arg>binary_location</arg>
<arg>${CHROME_BROWSER_PATH}</arg>
<doc>Returns the given values which can then be assigned to a variables.</doc>
<status status="PASS" start="2025-02-12T04:11:22.917321" elapsed="0.000103"/>
</kw>
<kw name="Evaluate" owner="BuiltIn">
<msg time="2025-02-12T04:11:22.917915" level="INFO">${service} = &lt;selenium.webdriver.chrome.service.Service object at 0x00000259B30520D0&gt;</msg>
<var>${service}</var>
<arg>sys.modules["selenium.webdriver.chrome.service"].Service(executable_path=r"${CHROME_DRIVER_PATH}")</arg>
<arg>sys</arg>
<doc>Evaluates the given expression in Python and returns the result.</doc>
<status status="PASS" start="2025-02-12T04:11:22.917494" elapsed="0.000451"/>
</kw>
<kw name="Create Webdriver" owner="SeleniumLibrary">
<msg time="2025-02-12T04:11:22.918572" level="INFO">Creating an instance of the Chrome WebDriver.</msg>
<arg>Chrome</arg>
<arg>options=${options}</arg>
<arg>service=${service}</arg>
<doc>Creates an instance of Selenium WebDriver.</doc>
<status status="PASS" start="2025-02-12T04:11:22.918072" elapsed="1.167036"/>
</kw>
<kw name="Go To" owner="SeleniumLibrary">
<msg time="2025-02-12T04:11:24.085607" level="INFO">Opening url 'https://cs0167.cpkkuhost.com/'</msg>
<arg>${url}</arg>
<doc>Navigates the current browser window to the provided ``url``.</doc>
<status status="PASS" start="2025-02-12T04:11:24.085388" elapsed="10.811879"/>
</kw>
<arg>${BASE_URL}</arg>
<status status="PASS" start="2025-02-12T04:11:22.916832" elapsed="11.980548"/>
</kw>
<kw name="Maximize Browser Window" owner="SeleniumLibrary">
<doc>Maximizes current browser window.</doc>
<status status="PASS" start="2025-02-12T04:11:34.897500" elapsed="0.031354"/>
</kw>
<kw name="Set Selenium Speed" owner="SeleniumLibrary">
<arg>${DELAY}</arg>
<doc>Sets the delay that is waited after each Selenium command.</doc>
<status status="PASS" start="2025-02-12T04:11:34.929044" elapsed="0.000231"/>
</kw>
<kw name="Home Should Be Open" owner="resource">
<kw name="Title Should Be" owner="SeleniumLibrary">
<msg time="2025-02-12T04:11:35.934308" level="INFO">Page title is 'ระบบข้อมูลงานวิจัย วิทยาลัยการคอมพิวเตอร์'.</msg>
<arg>ระบบข้อมูลงานวิจัย วิทยาลัยการคอมพิวเตอร์</arg>
<doc>Verifies that the current page title equals ``title``.</doc>
<status status="PASS" start="2025-02-12T04:11:34.929563" elapsed="1.004873"/>
</kw>
<status status="PASS" start="2025-02-12T04:11:34.929394" elapsed="1.005136"/>
</kw>
<status status="PASS" start="2025-02-12T04:11:22.916636" elapsed="13.017933"/>
</kw>
<kw name="Go To Researcher Group" owner="resource">
<kw name="Click Element" owner="SeleniumLibrary">
<msg time="2025-02-12T04:11:35.935389" level="INFO">Clicking element 'xpath=//a[@href='/researchgroup']'.</msg>
<arg>xpath=//a[@href='/researchgroup']</arg>
<doc>Click the element identified by ``locator``.</doc>
<status status="PASS" start="2025-02-12T04:11:35.935235" elapsed="3.219637"/>
</kw>
<kw name="Page Should Contain Element" owner="SeleniumLibrary">
<msg time="2025-02-12T04:11:40.165119" level="INFO">Current page contains element 'xpath=//p[contains(text(), 'Research Group')]'.</msg>
<arg>xpath=//p[contains(text(), 'Research Group')]</arg>
<doc>Verifies that element ``locator`` is found on the current page.</doc>
<status status="PASS" start="2025-02-12T04:11:39.155065" elapsed="1.010284"/>
</kw>
<status status="PASS" start="2025-02-12T04:11:35.934981" elapsed="4.230575"/>
</kw>
<kw name="Click Element" owner="SeleniumLibrary">
<msg time="2025-02-12T04:11:40.166692" level="INFO">Clicking element 'xpath=(//a[contains(@href, 'researchgroupdetail')])[1]'.</msg>
<arg>xpath=(//a[contains(@href, 'researchgroupdetail')])[1]</arg>
<doc>Click the element identified by ``locator``.</doc>
<status status="PASS" start="2025-02-12T04:11:40.166198" elapsed="2.833515"/>
</kw>
<kw name="Click Element" owner="SeleniumLibrary">
<msg time="2025-02-12T04:11:43.000362" level="INFO">Clicking element 'xpath=(//a[contains(@href, '/detail/')])[1]'.</msg>
<arg>xpath=(//a[contains(@href, '/detail/')])[1]</arg>
<doc>Click the element identified by ``locator``.</doc>
<status status="PASS" start="2025-02-12T04:11:43.000176" elapsed="23.252044"/>
</kw>
<kw name="Close Browser" owner="SeleniumLibrary" type="TEARDOWN">
<doc>Closes the current browser.</doc>
<status status="PASS" start="2025-02-12T04:12:06.252884" elapsed="3.054186"/>
</kw>
<status status="PASS" start="2025-02-12T04:11:22.916259" elapsed="46.391406"/>
</test>
<status status="PASS" start="2025-02-12T04:10:34.408862" elapsed="94.900973"/>
</suite>
<statistics>
<total>
<stat pass="3" fail="0" skip="0">All Tests</stat>
</total>
<tag>
</tag>
<suite>
<stat name="test checkInfo" id="s1" pass="3" fail="0" skip="0">test checkInfo</stat>
</suite>
</statistics>
<errors>
</errors>
</robot>
