<?xml version="1.0" encoding="UTF-8"?>
<robot generator="Robot 7.0.1 (Python 3.9.13 on win32)" generated="2025-02-25T23:46:23.634083" rpa="false" schemaversion="5">
<suite id="s1" name="Test Application Valid" source="D:\SE\git-group-repository-sec1-group1\InitialProject\test\test_researchgroup\test_application_valid.robot">
<test id="s1-t1" name="Open Website" line="13">
<kw name="Open Web" owner="resource">
<kw name="Open Custom Chrome Browser" owner="resource">
<kw name="Evaluate" owner="BuiltIn">
<msg time="2025-02-25T23:46:23.876990" level="INFO">${options} = &lt;selenium.webdriver.chrome.options.Options object at 0x00000219DC097E80&gt;</msg>
<var>${options}</var>
<arg>sys.modules['selenium.webdriver'].ChromeOptions()</arg>
<arg>sys</arg>
<doc>Evaluates the given expression in Python and returns the result.</doc>
<status status="PASS" start="2025-02-25T23:46:23.876048" elapsed="0.000942"/>
</kw>
<kw name="Set Variable" owner="BuiltIn">
<arg>${options}</arg>
<arg>binary_location</arg>
<arg>${CHROME_BROWSER_PATH}</arg>
<doc>Returns the given values which can then be assigned to a variables.</doc>
<status status="PASS" start="2025-02-25T23:46:23.876990" elapsed="0.000000"/>
</kw>
<kw name="Evaluate" owner="BuiltIn">
<msg time="2025-02-25T23:46:23.877982" level="INFO">${service} = &lt;selenium.webdriver.chrome.service.Service object at 0x00000219DC0AA670&gt;</msg>
<var>${service}</var>
<arg>sys.modules["selenium.webdriver.chrome.service"].Service(executable_path=r"${CHROME_DRIVER_PATH}")</arg>
<arg>sys</arg>
<doc>Evaluates the given expression in Python and returns the result.</doc>
<status status="PASS" start="2025-02-25T23:46:23.876990" elapsed="0.000992"/>
</kw>
<kw name="Create Webdriver" owner="SeleniumLibrary">
<msg time="2025-02-25T23:46:23.877982" level="INFO">Creating an instance of the Chrome WebDriver.</msg>
<arg>Chrome</arg>
<arg>options=${options}</arg>
<arg>service=${service}</arg>
<doc>Creates an instance of Selenium WebDriver.</doc>
<status status="PASS" start="2025-02-25T23:46:23.877982" elapsed="0.587351"/>
</kw>
<kw name="Go To" owner="SeleniumLibrary">
<msg time="2025-02-25T23:46:24.466334" level="INFO">Opening url 'https://cs0167.cpkkuhost.com/'</msg>
<arg>${url}</arg>
<doc>Navigates the current browser window to the provided ``url``.</doc>
<status status="PASS" start="2025-02-25T23:46:24.466334" elapsed="6.114017"/>
</kw>
<arg>${BASE_URL}</arg>
<status status="PASS" start="2025-02-25T23:46:23.876048" elapsed="6.704303"/>
</kw>
<kw name="Maximize Browser Window" owner="SeleniumLibrary">
<doc>Maximizes current browser window.</doc>
<status status="PASS" start="2025-02-25T23:46:30.580351" elapsed="0.028005"/>
</kw>
<kw name="Set Selenium Speed" owner="SeleniumLibrary">
<arg>${DELAY}</arg>
<doc>Sets the delay that is waited after each Selenium command.</doc>
<status status="PASS" start="2025-02-25T23:46:30.608356" elapsed="0.000994"/>
</kw>
<kw name="Home Should Be Open" owner="resource">
<kw name="Title Should Be" owner="SeleniumLibrary">
<msg time="2025-02-25T23:46:31.427939" level="INFO">Page title is 'ระบบข้อมูลงานวิจัย วิทยาลัยการคอมพิวเตอร์'.</msg>
<arg>ระบบข้อมูลงานวิจัย วิทยาลัยการคอมพิวเตอร์</arg>
<doc>Verifies that the current page title equals ``title``.</doc>
<status status="PASS" start="2025-02-25T23:46:30.610351" elapsed="0.817588"/>
</kw>
<status status="PASS" start="2025-02-25T23:46:30.609350" elapsed="0.818589"/>
</kw>
<status status="PASS" start="2025-02-25T23:46:23.874977" elapsed="7.552962"/>
</kw>
<status status="PASS" start="2025-02-25T23:46:23.874177" elapsed="7.554762"/>
</test>
<test id="s1-t2" name="Go To ResearchGroup Page" line="16">
<kw name="Go To Researcher Group" owner="resource">
<kw name="Click Element" owner="SeleniumLibrary">
<msg time="2025-02-25T23:46:31.431954" level="INFO">Clicking element 'xpath=//a[@href='/researchgroup']'.</msg>
<arg>xpath=//a[@href='/researchgroup']</arg>
<doc>Click the element identified by ``locator``.</doc>
<status status="PASS" start="2025-02-25T23:46:31.430953" elapsed="2.586623"/>
</kw>
<kw name="Page Should Contain Element" owner="SeleniumLibrary">
<msg time="2025-02-25T23:46:34.838608" level="INFO">Current page contains element 'xpath=//p[contains(text(), 'Research Group')]'.</msg>
<arg>xpath=//p[contains(text(), 'Research Group')]</arg>
<doc>Verifies that element ``locator`` is found on the current page.</doc>
<status status="PASS" start="2025-02-25T23:46:34.017576" elapsed="0.821032"/>
</kw>
<status status="PASS" start="2025-02-25T23:46:31.430953" elapsed="3.407655"/>
</kw>
<status status="PASS" start="2025-02-25T23:46:31.429940" elapsed="3.409647"/>
</test>
<test id="s1-t3" name="Go To Login" line="19">
<kw name="Click Login" owner="resource">
<kw name="Click Element" owner="SeleniumLibrary">
<msg time="2025-02-25T23:46:34.840592" level="INFO">Clicking element 'xpath= //a[@href='/login']'.</msg>
<arg>xpath= //a[@href='/login']</arg>
<doc>Click the element identified by ``locator``.</doc>
<status status="PASS" start="2025-02-25T23:46:34.840592" elapsed="1.784730"/>
</kw>
<kw name="Switch Tab" owner="resource">
<kw name="Get Window Handles" owner="SeleniumLibrary">
<msg time="2025-02-25T23:46:37.434040" level="INFO">${handles} = ['60269C18FFF2400FC3EB17E76637426D', '5FFF4284AF4AF849E397C96CF0DBB024']</msg>
<var>${handles}</var>
<doc>Returns all child window handles of the selected browser as a list.</doc>
<status status="PASS" start="2025-02-25T23:46:36.626321" elapsed="0.807719"/>
</kw>
<kw name="Switch Window" owner="SeleniumLibrary">
<arg>${handles}[${INDEX}]</arg>
<doc>Switches to browser window matching ``locator``.</doc>
<status status="PASS" start="2025-02-25T23:46:37.434950" elapsed="7.306987"/>
</kw>
<arg>1</arg>
<status status="PASS" start="2025-02-25T23:46:36.625322" elapsed="8.116615"/>
</kw>
<kw name="Title Should Be" owner="SeleniumLibrary">
<msg time="2025-02-25T23:46:45.550840" level="INFO">Page title is 'Login'.</msg>
<arg>Login</arg>
<doc>Verifies that the current page title equals ``title``.</doc>
<status status="PASS" start="2025-02-25T23:46:44.741937" elapsed="0.808903"/>
</kw>
<status status="PASS" start="2025-02-25T23:46:34.840592" elapsed="10.710248"/>
</kw>
<status status="PASS" start="2025-02-25T23:46:34.839587" elapsed="10.712141"/>
</test>
<test id="s1-t4" name="Login" line="22">
<kw name="Input Email" owner="resource">
<kw name="Input Text" owner="SeleniumLibrary">
<msg time="2025-02-25T23:46:45.552550" level="INFO">Typing text 'wongsar@kku.ac.th' into text field 'id:username'.</msg>
<arg>id:username</arg>
<arg>${EMAIL}</arg>
<doc>Types the given ``text`` into the text field identified by ``locator``.</doc>
<status status="PASS" start="2025-02-25T23:46:45.552550" elapsed="2.493315"/>
</kw>
<arg>wongsar@kku.ac.th</arg>
<status status="PASS" start="2025-02-25T23:46:45.552550" elapsed="2.493315"/>
</kw>
<kw name="Input Password" owner="SeleniumLibrary">
<msg time="2025-02-25T23:46:48.046887" level="INFO">Typing password into text field 'id:password'.</msg>
<msg time="2025-02-25T23:46:49.677723" level="INFO">Temporally setting log level to: NONE</msg>
<arg>id:password</arg>
<arg>123456789</arg>
<doc>Types the given password into the text field identified by ``locator``.</doc>
<status status="PASS" start="2025-02-25T23:46:48.046887" elapsed="2.485874"/>
</kw>
<kw name="Click Button" owner="SeleniumLibrary">
<msg time="2025-02-25T23:46:50.533775" level="INFO">Clicking button 'Log In'.</msg>
<arg>Log In</arg>
<doc>Clicks the button identified by ``locator``.</doc>
<status status="PASS" start="2025-02-25T23:46:50.533775" elapsed="6.766988"/>
</kw>
<kw name="Title Should Be" owner="SeleniumLibrary">
<msg time="2025-02-25T23:46:58.119714" level="INFO">Page title is 'Dashboard'.</msg>
<arg>Dashboard</arg>
<doc>Verifies that the current page title equals ``title``.</doc>
<status status="PASS" start="2025-02-25T23:46:57.302756" elapsed="0.816958"/>
</kw>
<status status="PASS" start="2025-02-25T23:46:45.551728" elapsed="12.568857"/>
</test>
<test id="s1-t5" name="Go To Application" line="28">
<kw name="Click Element" owner="SeleniumLibrary">
<msg time="2025-02-25T23:46:58.121275" level="INFO">Clicking element 'xpath=//a[contains(@href, 'researchGroups')]'.</msg>
<arg>xpath=//a[contains(@href, 'researchGroups')]</arg>
<doc>Click the element identified by ``locator``.</doc>
<status status="PASS" start="2025-02-25T23:46:58.121275" elapsed="2.223580"/>
</kw>
<kw name="Click Element" owner="SeleniumLibrary">
<msg time="2025-02-25T23:47:00.345869" level="INFO">Clicking element 'xpath=(//a[@title="Application"])[1]'.</msg>
<arg>xpath=(//a[@title="Application"])[1]</arg>
<doc>Click the element identified by ``locator``.</doc>
<status status="PASS" start="2025-02-25T23:47:00.345869" elapsed="2.336696"/>
</kw>
<status status="PASS" start="2025-02-25T23:46:58.121275" elapsed="4.562185"/>
</test>
<test id="s1-t6" name="Create Project" line="32">
<kw name="Click Element" owner="SeleniumLibrary">
<msg time="2025-02-25T23:47:02.684460" level="INFO">Clicking element 'css:button.create-project-btn'.</msg>
<arg>css:button.create-project-btn</arg>
<doc>Click the element identified by ``locator``.</doc>
<status status="PASS" start="2025-02-25T23:47:02.684460" elapsed="1.661174"/>
</kw>
<kw name="Input Project" owner="resource">
<kw name="Input Text" owner="SeleniumLibrary">
<msg time="2025-02-25T23:47:04.346642" level="INFO">Typing text 'Create Application for AI &amp; Machine Learning Innovations' into text field 'id:projectName'.</msg>
<arg>id:projectName</arg>
<arg>${NAME}</arg>
<doc>Types the given ``text`` into the text field identified by ``locator``.</doc>
<status status="PASS" start="2025-02-25T23:47:04.346642" elapsed="2.552058"/>
</kw>
<kw name="Input Text" owner="SeleniumLibrary">
<msg time="2025-02-25T23:47:06.898700" level="INFO">Typing text 'We are seeking passionate and motivated individuals to join our AI &amp; Machine Learning Innovations team as Research Assistants. This role offers an exciting opportunity to contribute to cutting-edge research, develop AI models, and explore novel machine learning techniques.' into text field 'id:projectDescription'.</msg>
<arg>id:projectDescription</arg>
<arg>${DESCRIPTION}</arg>
<doc>Types the given ``text`` into the text field identified by ``locator``.</doc>
<status status="PASS" start="2025-02-25T23:47:06.898700" elapsed="2.795221"/>
</kw>
<kw name="Input Text" owner="SeleniumLibrary">
<msg time="2025-02-25T23:47:09.693921" level="INFO">Typing text '111-1111-111' into text field 'id:projectContact'.</msg>
<arg>id:projectContact</arg>
<arg>${CONTACT}</arg>
<doc>Types the given ``text`` into the text field identified by ``locator``.</doc>
<status status="PASS" start="2025-02-25T23:47:09.693921" elapsed="2.498918"/>
</kw>
<kw name="Click Button" owner="SeleniumLibrary">
<msg time="2025-02-25T23:47:12.192839" level="INFO">Clicking button 'Create'.</msg>
<arg>Create</arg>
<doc>Clicks the button identified by ``locator``.</doc>
<status status="PASS" start="2025-02-25T23:47:12.192839" elapsed="4.553009"/>
</kw>
<arg>Create Application for AI &amp; Machine Learning Innovations</arg>
<arg>We are seeking passionate and motivated individuals to join our AI &amp; Machine Learning Innovations team as Research Assistants. This role offers an exciting opportunity to contribute to cutting-edge research, develop AI models, and explore novel machine learning techniques.</arg>
<arg>111-1111-111</arg>
<status status="PASS" start="2025-02-25T23:47:04.346642" elapsed="12.399206"/>
</kw>
<status status="PASS" start="2025-02-25T23:47:02.683460" elapsed="14.063403"/>
</test>
<test id="s1-t7" name="Go To Project Detail" line="36">
<kw name="Click Element" owner="SeleniumLibrary">
<msg time="2025-02-25T23:47:16.747550" level="INFO">Clicking element 'xpath=//h5[contains(text(),'Create Application for AI &amp; Machine Learning Innovations')]/ancestor::a'.</msg>
<arg>xpath=//h5[contains(text(),'Create Application for AI &amp; Machine Learning Innovations')]/ancestor::a</arg>
<doc>Click the element identified by ``locator``.</doc>
<status status="PASS" start="2025-02-25T23:47:16.747550" elapsed="2.079968"/>
</kw>
<status status="PASS" start="2025-02-25T23:47:16.746863" elapsed="2.081545"/>
</test>
<test id="s1-t8" name="Create Application for ResearchAssistant" line="39">
<kw name="Click Element" owner="SeleniumLibrary">
<msg time="2025-02-25T23:47:18.830423" level="INFO">Clicking element 'xpath=//a[contains(text(), 'Create Application')]'.</msg>
<arg>xpath=//a[contains(text(), 'Create Application')]</arg>
<doc>Click the element identified by ``locator``.</doc>
<status status="PASS" start="2025-02-25T23:47:18.830423" elapsed="2.103982"/>
</kw>
<kw name="Click Element" owner="SeleniumLibrary">
<msg time="2025-02-25T23:47:20.935406" level="INFO">Clicking element 'xpath=//label[@for='researchAssistant']'.</msg>
<arg>xpath=//label[@for='researchAssistant']</arg>
<doc>Click the element identified by ``locator``.</doc>
<status status="PASS" start="2025-02-25T23:47:20.934405" elapsed="1.670270"/>
</kw>
<kw name="Sleep" owner="BuiltIn">
<msg time="2025-02-25T23:47:23.610744" level="INFO">Slept 1 second.</msg>
<arg>1s</arg>
<doc>Pauses the test executed for the given time.</doc>
<status status="PASS" start="2025-02-25T23:47:22.605681" elapsed="1.005063"/>
</kw>
<kw name="Input Application" owner="resource">
<kw name="Scroll Element Into View" owner="SeleniumLibrary">
<arg>xpath=${FORM_XPATH}//input[@name='app_deadline[]']</arg>
<doc>Scrolls the element identified by ``locator`` into view.</doc>
<status status="PASS" start="2025-02-25T23:47:23.611751" elapsed="1.890472"/>
</kw>
<kw name="Input Date Type" owner="resource">
<kw name="Execute Javascript" owner="SeleniumLibrary">
<msg time="2025-02-25T23:47:25.504079" level="INFO">Executing JavaScript:
var el = document.evaluate("(//h4[contains(text(),'Research Assistant Application')]/ancestor::div[@class='mt-4 p-4 border rounded bg-light position-relative'])//input[@name='app_deadline[]']", document, null, XPathResult.FIRST_ORDERED_NODE_TYPE, null).singleNodeValue;if(el) el.value = '2025-02-28';
Without any arguments.</msg>
<arg>var el = document.evaluate("${FORM_XPATH}//input[@name='${FIELD_NAME}']", document, null, XPathResult.FIRST_ORDERED_NODE_TYPE, null).singleNodeValue;</arg>
<arg>if(el) el.value = '${DATE}';</arg>
<doc>Executes the given JavaScript code with possible arguments.</doc>
<status status="PASS" start="2025-02-25T23:47:25.503079" elapsed="0.819999"/>
</kw>
<arg>${FORM_XPATH}</arg>
<arg>app_deadline[]</arg>
<arg>${DEADLINE}</arg>
<status status="PASS" start="2025-02-25T23:47:25.502223" elapsed="0.820855"/>
</kw>
<kw name="Input Text" owner="SeleniumLibrary">
<msg time="2025-02-25T23:47:26.324101" level="INFO">Typing text '5' into text field 'xpath=(//h4[contains(text(),'Research Assistant Application')]/ancestor::div[@class='mt-4 p-4 border rounded bg-light position-relative'])//input[@name='amount[]']'.</msg>
<arg>xpath=${FORM_XPATH}//input[@name='amount[]']</arg>
<arg>${VACANCIES}</arg>
<doc>Types the given ``text`` into the text field identified by ``locator``.</doc>
<status status="PASS" start="2025-02-25T23:47:26.323078" elapsed="2.470475"/>
</kw>
<kw name="Input Text" owner="SeleniumLibrary">
<msg time="2025-02-25T23:47:28.794553" level="INFO">Typing text '• CV/Resume' into text field 'xpath=(//h4[contains(text(),'Research Assistant Application')]/ancestor::div[@class='mt-4 p-4 border rounded bg-light position-relative'])//textarea[@name='required_documents[]']'.</msg>
<arg>xpath=${FORM_XPATH}//textarea[@name='required_documents[]']</arg>
<arg>${DOCUMENTS}</arg>
<doc>Types the given ``text`` into the text field identified by ``locator``.</doc>
<status status="PASS" start="2025-02-25T23:47:28.793553" elapsed="2.509495"/>
</kw>
<kw name="Input Text" owner="SeleniumLibrary">
<msg time="2025-02-25T23:47:31.304136" level="INFO">Typing text '600 per hours' into text field 'xpath=(//h4[contains(text(),'Research Assistant Application')]/ancestor::div[@class='mt-4 p-4 border rounded bg-light position-relative'])//input[@name='salary_range[]']'.</msg>
<arg>xpath=${FORM_XPATH}//input[@name='salary_range[]']</arg>
<arg>${SALARY}</arg>
<doc>Types the given ``text`` into the text field identified by ``locator``.</doc>
<status status="PASS" start="2025-02-25T23:47:31.303048" elapsed="2.495100"/>
</kw>
<kw name="Input Text" owner="SeleniumLibrary">
<msg time="2025-02-25T23:47:33.799157" level="INFO">Typing text '• Currently pursuing or have completed a Bachelor's, Master's, or Ph.D. degree in Computer Science, Artificial Intelligence, Data Science, Engineering, Mathematics, or a related field.
• Programming Proficiency - Experience with Python, R, or other relevant programming languages. Familiarity with AI frameworks such as TensorFlow, PyTorch, or Scikit-learn is preferred.' into text field 'xpath=(//h4[contains(text(),'Research Assistant Application')]/ancestor::div[@class='mt-4 p-4 border rounded bg-light position-relative'])//textarea[@name='qualifications[]']'.</msg>
<arg>xpath=${FORM_XPATH}//textarea[@name='qualifications[]']</arg>
<arg>${QUALIFICATION}</arg>
<doc>Types the given ``text`` into the text field identified by ``locator``.</doc>
<status status="PASS" start="2025-02-25T23:47:33.798148" elapsed="2.982976"/>
</kw>
<kw name="Input Text" owner="SeleniumLibrary">
<msg time="2025-02-25T23:47:36.781124" level="INFO">Typing text '• Creating Model experience' into text field 'xpath=(//h4[contains(text(),'Research Assistant Application')]/ancestor::div[@class='mt-4 p-4 border rounded bg-light position-relative'])//textarea[@name='preferred_qualifications[]']'.</msg>
<arg>xpath=${FORM_XPATH}//textarea[@name='preferred_qualifications[]']</arg>
<arg>${PREFERRED_QUALIFICATIONS}</arg>
<doc>Types the given ``text`` into the text field identified by ``locator``.</doc>
<status status="PASS" start="2025-02-25T23:47:36.781124" elapsed="2.511345"/>
</kw>
<kw name="Input Text" owner="SeleniumLibrary">
<msg time="2025-02-25T23:47:39.293483" level="INFO">Typing text 'Full-time' into text field 'xpath=(//h4[contains(text(),'Research Assistant Application')]/ancestor::div[@class='mt-4 p-4 border rounded bg-light position-relative'])//input[@name='working_time[]']'.</msg>
<arg>xpath=${FORM_XPATH}//input[@name='working_time[]']</arg>
<arg>${WORKING_TIME}</arg>
<doc>Types the given ``text`` into the text field identified by ``locator``.</doc>
<status status="PASS" start="2025-02-25T23:47:39.292469" elapsed="2.498986"/>
</kw>
<kw name="Input Text" owner="SeleniumLibrary">
<msg time="2025-02-25T23:47:41.791455" level="INFO">Typing text 'Work from home' into text field 'xpath=(//h4[contains(text(),'Research Assistant Application')]/ancestor::div[@class='mt-4 p-4 border rounded bg-light position-relative'])//input[@name='work_location[]']'.</msg>
<arg>xpath=${FORM_XPATH}//input[@name='work_location[]']</arg>
<arg>${WORK_LOCATION}</arg>
<doc>Types the given ``text`` into the text field identified by ``locator``.</doc>
<status status="PASS" start="2025-02-25T23:47:41.791455" elapsed="2.511054"/>
</kw>
<kw name="Scroll Element Into View" owner="SeleniumLibrary">
<arg>${FORM_XPATH}//input[@name='start_date[]']</arg>
<doc>Scrolls the element identified by ``locator`` into view.</doc>
<status status="PASS" start="2025-02-25T23:47:44.302509" elapsed="1.880641"/>
</kw>
<kw name="Sleep" owner="BuiltIn">
<msg time="2025-02-25T23:47:47.192817" level="INFO">Slept 1 second.</msg>
<arg>1s</arg>
<doc>Pauses the test executed for the given time.</doc>
<status status="PASS" start="2025-02-25T23:47:46.183150" elapsed="1.009667"/>
</kw>
<kw name="Input Date Type" owner="resource">
<kw name="Execute Javascript" owner="SeleniumLibrary">
<msg time="2025-02-25T23:47:47.193675" level="INFO">Executing JavaScript:
var el = document.evaluate("(//h4[contains(text(),'Research Assistant Application')]/ancestor::div[@class='mt-4 p-4 border rounded bg-light position-relative'])//input[@name='start_date[]']", document, null, XPathResult.FIRST_ORDERED_NODE_TYPE, null).singleNodeValue;if(el) el.value = '2025-05-10';
Without any arguments.</msg>
<arg>var el = document.evaluate("${FORM_XPATH}//input[@name='${FIELD_NAME}']", document, null, XPathResult.FIRST_ORDERED_NODE_TYPE, null).singleNodeValue;</arg>
<arg>if(el) el.value = '${DATE}';</arg>
<doc>Executes the given JavaScript code with possible arguments.</doc>
<status status="PASS" start="2025-02-25T23:47:47.193675" elapsed="0.820061"/>
</kw>
<arg>${FORM_XPATH}</arg>
<arg>start_date[]</arg>
<arg>${START_DATE}</arg>
<status status="PASS" start="2025-02-25T23:47:47.192817" elapsed="0.820919"/>
</kw>
<kw name="Input Date Type" owner="resource">
<kw name="Execute Javascript" owner="SeleniumLibrary">
<msg time="2025-02-25T23:47:48.014753" level="INFO">Executing JavaScript:
var el = document.evaluate("(//h4[contains(text(),'Research Assistant Application')]/ancestor::div[@class='mt-4 p-4 border rounded bg-light position-relative'])//input[@name='end_date[]']", document, null, XPathResult.FIRST_ORDERED_NODE_TYPE, null).singleNodeValue;if(el) el.value = '2025-09-12';
Without any arguments.</msg>
<arg>var el = document.evaluate("${FORM_XPATH}//input[@name='${FIELD_NAME}']", document, null, XPathResult.FIRST_ORDERED_NODE_TYPE, null).singleNodeValue;</arg>
<arg>if(el) el.value = '${DATE}';</arg>
<doc>Executes the given JavaScript code with possible arguments.</doc>
<status status="PASS" start="2025-02-25T23:47:48.014753" elapsed="0.805720"/>
</kw>
<arg>${FORM_XPATH}</arg>
<arg>end_date[]</arg>
<arg>${END_DATE}</arg>
<status status="PASS" start="2025-02-25T23:47:48.013736" elapsed="0.806737"/>
</kw>
<kw name="Input Text" owner="SeleniumLibrary">
<msg time="2025-02-25T23:47:48.820473" level="INFO">Typing text '• Submit application through the online portal
• Initial screening
• Interviews' into text field 'xpath=(//h4[contains(text(),'Research Assistant Application')]/ancestor::div[@class='mt-4 p-4 border rounded bg-light position-relative'])//textarea[@name='application_process[]']'.</msg>
<arg>xpath=${FORM_XPATH}//textarea[@name='application_process[]']</arg>
<arg>${PROCESS}</arg>
<doc>Types the given ``text`` into the text field identified by ``locator``.</doc>
<status status="PASS" start="2025-02-25T23:47:48.820473" elapsed="2.608299"/>
</kw>
<kw name="Input Text" owner="SeleniumLibrary">
<msg time="2025-02-25T23:47:51.429790" level="INFO">Typing text 'We are seeking passionate and motivated individuals to join our AI &amp; Machine Learning Innovations team as Research Assistants. This role offers an exciting opportunity to contribute to cutting-edge research, develop AI models, and explore novel machine learning techniques.' into text field 'xpath=(//h4[contains(text(),'Research Assistant Application')]/ancestor::div[@class='mt-4 p-4 border rounded bg-light position-relative'])//textarea[@name='app_detail[]']'.</msg>
<arg>xpath=${FORM_XPATH}//textarea[@name='app_detail[]']</arg>
<arg>${DETAIL}</arg>
<doc>Types the given ``text`` into the text field identified by ``locator``.</doc>
<status status="PASS" start="2025-02-25T23:47:51.428772" elapsed="2.870170"/>
</kw>
<arg>${FORM_RESEARCHASSISTANT_PATH}</arg>
<arg>2025-02-28</arg>
<arg>5</arg>
<arg>• CV/Resume</arg>
<arg>600 per hours</arg>
<arg>• Currently pursuing or have completed a Bachelor's, Master's, or Ph.D. degree in Computer Science, Artificial Intelligence, Data Science, Engineering, Mathematics, or a related field.\n• Programming Proficiency - Experience with Python, R, or other relevant programming languages. Familiarity with AI frameworks such as TensorFlow, PyTorch, or Scikit-learn is preferred.</arg>
<arg>• Creating Model experience</arg>
<arg>Full-time</arg>
<arg>Work from home</arg>
<arg>2025-05-10</arg>
<arg>2025-09-12</arg>
<arg>• Submit application through the online portal\n• Initial screening\n• Interviews</arg>
<arg>We are seeking passionate and motivated individuals to join our AI &amp; Machine Learning Innovations team as Research Assistants. This role offers an exciting opportunity to contribute to cutting-edge research, develop AI models, and explore novel machine learning techniques.</arg>
<status status="PASS" start="2025-02-25T23:47:23.611751" elapsed="30.687191"/>
</kw>
<kw name="Execute Javascript" owner="SeleniumLibrary">
<msg time="2025-02-25T23:47:54.300955" level="INFO">Executing JavaScript:
window.scrollTo(0, document.body.scrollHeight);
Without any arguments.</msg>
<arg>window.scrollTo(0, document.body.scrollHeight);</arg>
<doc>Executes the given JavaScript code with possible arguments.</doc>
<status status="PASS" start="2025-02-25T23:47:54.300955" elapsed="0.805504"/>
</kw>
<kw name="Click Button" owner="SeleniumLibrary">
<msg time="2025-02-25T23:47:55.107471" level="INFO">Clicking button 'Submit All Applications'.</msg>
<arg>Submit All Applications</arg>
<doc>Clicks the button identified by ``locator``.</doc>
<status status="PASS" start="2025-02-25T23:47:55.107471" elapsed="4.836049"/>
</kw>
<kw name="Scroll Element Into View" owner="SeleniumLibrary">
<arg>xpath=(//a[contains(., 'View Details')])[1]</arg>
<doc>Scrolls the element identified by ``locator`` into view.</doc>
<status status="PASS" start="2025-02-25T23:47:59.944379" elapsed="1.895851"/>
</kw>
<kw name="Get Text" owner="SeleniumLibrary">
<msg time="2025-02-25T23:48:03.480015" level="INFO">${Role_Text} = Research Assistant</msg>
<var>${Role_Text}</var>
<arg>xpath=(//h5[contains(@class, 'role-title')])[1]</arg>
<doc>Returns the text value of the element identified by ``locator``.</doc>
<status status="PASS" start="2025-02-25T23:48:01.840230" elapsed="1.639785"/>
</kw>
<kw name="Should Be Equal As Strings" owner="BuiltIn">
<arg>${Role_Text}</arg>
<arg>Research Assistant</arg>
<doc>Fails if objects are unequal after converting them to strings.</doc>
<status status="PASS" start="2025-02-25T23:48:03.480015" elapsed="0.001013"/>
</kw>
<kw name="Click Element" owner="SeleniumLibrary">
<msg time="2025-02-25T23:48:03.481353" level="INFO">Clicking element 'xpath=(//a[contains(., 'View Details')])[1]'.</msg>
<arg>xpath=(//a[contains(., 'View Details')])[1]</arg>
<doc>Click the element identified by ``locator``.</doc>
<status status="PASS" start="2025-02-25T23:48:03.481353" elapsed="2.643386"/>
</kw>
<kw name="Get Text" owner="SeleniumLibrary">
<msg time="2025-02-25T23:48:07.740739" level="INFO">${Detail_Role} = Research Assistant Position</msg>
<var>${Detail_Role}</var>
<arg>xpath=//h3[contains(@class,'text-primary')]</arg>
<doc>Returns the text value of the element identified by ``locator``.</doc>
<status status="PASS" start="2025-02-25T23:48:06.125753" elapsed="1.614986"/>
</kw>
<kw name="Should Be Equal As Strings" owner="BuiltIn">
<arg>${Detail_Role}</arg>
<arg>Research Assistant Position</arg>
<doc>Fails if objects are unequal after converting them to strings.</doc>
<status status="PASS" start="2025-02-25T23:48:07.741640" elapsed="0.000000"/>
</kw>
<kw name="Execute Javascript" owner="SeleniumLibrary">
<msg time="2025-02-25T23:48:07.742640" level="INFO">Executing JavaScript:
window.scrollTo(0, document.body.scrollHeight);
Without any arguments.</msg>
<arg>window.scrollTo(0, document.body.scrollHeight);</arg>
<doc>Executes the given JavaScript code with possible arguments.</doc>
<status status="PASS" start="2025-02-25T23:48:07.741640" elapsed="0.819428"/>
</kw>
<kw name="Sleep" owner="BuiltIn">
<msg time="2025-02-25T23:48:09.572253" level="INFO">Slept 1 second.</msg>
<arg>1s</arg>
<doc>Pauses the test executed for the given time.</doc>
<status status="PASS" start="2025-02-25T23:48:08.561959" elapsed="1.010294"/>
</kw>
<kw name="Execute Javascript" owner="SeleniumLibrary">
<msg time="2025-02-25T23:48:09.573267" level="INFO">Executing JavaScript:
window.scrollTo(0, 0);
Without any arguments.</msg>
<arg>window.scrollTo(0, 0);</arg>
<doc>Executes the given JavaScript code with possible arguments.</doc>
<status status="PASS" start="2025-02-25T23:48:09.573267" elapsed="0.805337"/>
</kw>
<kw name="Sleep" owner="BuiltIn">
<msg time="2025-02-25T23:48:11.383769" level="INFO">Slept 1 second.</msg>
<arg>1s</arg>
<doc>Pauses the test executed for the given time.</doc>
<status status="PASS" start="2025-02-25T23:48:10.380618" elapsed="1.003151"/>
</kw>
<status status="PASS" start="2025-02-25T23:47:18.829421" elapsed="52.554348"/>
</test>
<test id="s1-t9" name="Back to Application Detail" line="58">
<kw name="Click Element" owner="SeleniumLibrary">
<msg time="2025-02-25T23:48:11.385769" level="INFO">Clicking element 'css:.btn.btn-secondary.mt-3.ct-btn'.</msg>
<arg>css:.btn.btn-secondary.mt-3.ct-btn</arg>
<doc>Click the element identified by ``locator``.</doc>
<status status="PASS" start="2025-02-25T23:48:11.385769" elapsed="2.637370"/>
</kw>
<status status="PASS" start="2025-02-25T23:48:11.385769" elapsed="2.637370"/>
</test>
<test id="s1-t10" name="Create Application for Ph.D" line="61">
<kw name="Click Element" owner="SeleniumLibrary">
<msg time="2025-02-25T23:48:14.025154" level="INFO">Clicking element 'xpath=//a[contains(text(), 'Create Application')]'.</msg>
<arg>xpath=//a[contains(text(), 'Create Application')]</arg>
<doc>Click the element identified by ``locator``.</doc>
<status status="PASS" start="2025-02-25T23:48:14.025154" elapsed="2.080504"/>
</kw>
<kw name="Click Element" owner="SeleniumLibrary">
<msg time="2025-02-25T23:48:16.106506" level="INFO">Clicking element 'xpath=//label[@for='phd']'.</msg>
<arg>xpath=//label[@for='phd']</arg>
<doc>Click the element identified by ``locator``.</doc>
<status status="PASS" start="2025-02-25T23:48:16.106506" elapsed="1.669389"/>
</kw>
<kw name="Sleep" owner="BuiltIn">
<msg time="2025-02-25T23:48:18.785941" level="INFO">Slept 1 second.</msg>
<arg>1s</arg>
<doc>Pauses the test executed for the given time.</doc>
<status status="PASS" start="2025-02-25T23:48:17.776902" elapsed="1.009039"/>
</kw>
<kw name="Input Application" owner="resource">
<kw name="Scroll Element Into View" owner="SeleniumLibrary">
<arg>xpath=${FORM_XPATH}//input[@name='app_deadline[]']</arg>
<doc>Scrolls the element identified by ``locator`` into view.</doc>
<status status="PASS" start="2025-02-25T23:48:18.786841" elapsed="1.893193"/>
</kw>
<kw name="Input Date Type" owner="resource">
<kw name="Execute Javascript" owner="SeleniumLibrary">
<msg time="2025-02-25T23:48:20.680889" level="INFO">Executing JavaScript:
var el = document.evaluate("(//h4[contains(text(),'PhD Application')]/ancestor::div[@class='mt-4 p-4 border rounded bg-light position-relative'])//input[@name='app_deadline[]']", document, null, XPathResult.FIRST_ORDERED_NODE_TYPE, null).singleNodeValue;if(el) el.value = '2025-02-26';
Without any arguments.</msg>
<arg>var el = document.evaluate("${FORM_XPATH}//input[@name='${FIELD_NAME}']", document, null, XPathResult.FIRST_ORDERED_NODE_TYPE, null).singleNodeValue;</arg>
<arg>if(el) el.value = '${DATE}';</arg>
<doc>Executes the given JavaScript code with possible arguments.</doc>
<status status="PASS" start="2025-02-25T23:48:20.680889" elapsed="0.825141"/>
</kw>
<arg>${FORM_XPATH}</arg>
<arg>app_deadline[]</arg>
<arg>${DEADLINE}</arg>
<status status="PASS" start="2025-02-25T23:48:20.680034" elapsed="0.825996"/>
</kw>
<kw name="Input Text" owner="SeleniumLibrary">
<msg time="2025-02-25T23:48:21.506030" level="INFO">Typing text '6' into text field 'xpath=(//h4[contains(text(),'PhD Application')]/ancestor::div[@class='mt-4 p-4 border rounded bg-light position-relative'])//input[@name='amount[]']'.</msg>
<arg>xpath=${FORM_XPATH}//input[@name='amount[]']</arg>
<arg>${VACANCIES}</arg>
<doc>Types the given ``text`` into the text field identified by ``locator``.</doc>
<status status="PASS" start="2025-02-25T23:48:21.506030" elapsed="2.481312"/>
</kw>
<kw name="Input Text" owner="SeleniumLibrary">
<msg time="2025-02-25T23:48:23.987342" level="INFO">Typing text '• CV/Resume
• Cover Letter' into text field 'xpath=(//h4[contains(text(),'PhD Application')]/ancestor::div[@class='mt-4 p-4 border rounded bg-light position-relative'])//textarea[@name='required_documents[]']'.</msg>
<arg>xpath=${FORM_XPATH}//textarea[@name='required_documents[]']</arg>
<arg>${DOCUMENTS}</arg>
<doc>Types the given ``text`` into the text field identified by ``locator``.</doc>
<status status="PASS" start="2025-02-25T23:48:23.987342" elapsed="2.540169"/>
</kw>
<kw name="Input Text" owner="SeleniumLibrary">
<msg time="2025-02-25T23:48:26.527511" level="INFO">Typing text '300,000 - 450,000 per year' into text field 'xpath=(//h4[contains(text(),'PhD Application')]/ancestor::div[@class='mt-4 p-4 border rounded bg-light position-relative'])//input[@name='salary_range[]']'.</msg>
<arg>xpath=${FORM_XPATH}//input[@name='salary_range[]']</arg>
<arg>${SALARY}</arg>
<doc>Types the given ``text`` into the text field identified by ``locator``.</doc>
<status status="PASS" start="2025-02-25T23:48:26.527511" elapsed="2.526945"/>
</kw>
<kw name="Input Text" owner="SeleniumLibrary">
<msg time="2025-02-25T23:48:29.054456" level="INFO">Typing text '• Education - Applicants must be currently enrolled in or have completed a Ph.D. program in Data Science, Computer Science, Statistics, Artificial Intelligence, Mathematics, or a related field.
• Programming Skills - Proficiency in programming languages such as Python, R, or SQL, along with experience in data analytics tools and libraries like Pandas, NumPy, Scikit-learn, or TensorFlow.' into text field 'xpath=(//h4[contains(text(),'PhD Application')]/ancestor::div[@class='mt-4 p-4 border rounded bg-light position-relative'])//textarea[@name='qualifications[]']'.</msg>
<arg>xpath=${FORM_XPATH}//textarea[@name='qualifications[]']</arg>
<arg>${QUALIFICATION}</arg>
<doc>Types the given ``text`` into the text field identified by ``locator``.</doc>
<status status="PASS" start="2025-02-25T23:48:29.054456" elapsed="3.071758"/>
</kw>
<kw name="Input Text" owner="SeleniumLibrary">
<msg time="2025-02-25T23:48:32.127229" level="INFO">Typing text '• Teaching experience
• Industry collaboration experience' into text field 'xpath=(//h4[contains(text(),'PhD Application')]/ancestor::div[@class='mt-4 p-4 border rounded bg-light position-relative'])//textarea[@name='preferred_qualifications[]']'.</msg>
<arg>xpath=${FORM_XPATH}//textarea[@name='preferred_qualifications[]']</arg>
<arg>${PREFERRED_QUALIFICATIONS}</arg>
<doc>Types the given ``text`` into the text field identified by ``locator``.</doc>
<status status="PASS" start="2025-02-25T23:48:32.126214" elapsed="2.583701"/>
</kw>
<kw name="Input Text" owner="SeleniumLibrary">
<msg time="2025-02-25T23:48:34.710939" level="INFO">Typing text '40 Hours/Week' into text field 'xpath=(//h4[contains(text(),'PhD Application')]/ancestor::div[@class='mt-4 p-4 border rounded bg-light position-relative'])//input[@name='working_time[]']'.</msg>
<arg>xpath=${FORM_XPATH}//input[@name='working_time[]']</arg>
<arg>${WORKING_TIME}</arg>
<doc>Types the given ``text`` into the text field identified by ``locator``.</doc>
<status status="PASS" start="2025-02-25T23:48:34.709915" elapsed="2.507982"/>
</kw>
<kw name="Input Text" owner="SeleniumLibrary">
<msg time="2025-02-25T23:48:37.217897" level="INFO">Typing text 'Hybrid' into text field 'xpath=(//h4[contains(text(),'PhD Application')]/ancestor::div[@class='mt-4 p-4 border rounded bg-light position-relative'])//input[@name='work_location[]']'.</msg>
<arg>xpath=${FORM_XPATH}//input[@name='work_location[]']</arg>
<arg>${WORK_LOCATION}</arg>
<doc>Types the given ``text`` into the text field identified by ``locator``.</doc>
<status status="PASS" start="2025-02-25T23:48:37.217897" elapsed="2.485790"/>
</kw>
<kw name="Scroll Element Into View" owner="SeleniumLibrary">
<arg>${FORM_XPATH}//input[@name='start_date[]']</arg>
<doc>Scrolls the element identified by ``locator`` into view.</doc>
<status status="PASS" start="2025-02-25T23:48:39.704700" elapsed="1.907246"/>
</kw>
<kw name="Sleep" owner="BuiltIn">
<msg time="2025-02-25T23:48:42.620488" level="INFO">Slept 1 second.</msg>
<arg>1s</arg>
<doc>Pauses the test executed for the given time.</doc>
<status status="PASS" start="2025-02-25T23:48:41.611946" elapsed="1.008542"/>
</kw>
<kw name="Input Date Type" owner="resource">
<kw name="Execute Javascript" owner="SeleniumLibrary">
<msg time="2025-02-25T23:48:42.622501" level="INFO">Executing JavaScript:
var el = document.evaluate("(//h4[contains(text(),'PhD Application')]/ancestor::div[@class='mt-4 p-4 border rounded bg-light position-relative'])//input[@name='start_date[]']", document, null, XPathResult.FIRST_ORDERED_NODE_TYPE, null).singleNodeValue;if(el) el.value = '2025-04-20';
Without any arguments.</msg>
<arg>var el = document.evaluate("${FORM_XPATH}//input[@name='${FIELD_NAME}']", document, null, XPathResult.FIRST_ORDERED_NODE_TYPE, null).singleNodeValue;</arg>
<arg>if(el) el.value = '${DATE}';</arg>
<doc>Executes the given JavaScript code with possible arguments.</doc>
<status status="PASS" start="2025-02-25T23:48:42.621504" elapsed="0.820259"/>
</kw>
<arg>${FORM_XPATH}</arg>
<arg>start_date[]</arg>
<arg>${START_DATE}</arg>
<status status="PASS" start="2025-02-25T23:48:42.621504" elapsed="0.820259"/>
</kw>
<kw name="Input Date Type" owner="resource">
<kw name="Execute Javascript" owner="SeleniumLibrary">
<msg time="2025-02-25T23:48:43.442770" level="INFO">Executing JavaScript:
var el = document.evaluate("(//h4[contains(text(),'PhD Application')]/ancestor::div[@class='mt-4 p-4 border rounded bg-light position-relative'])//input[@name='end_date[]']", document, null, XPathResult.FIRST_ORDERED_NODE_TYPE, null).singleNodeValue;if(el) el.value = '2025-07-10';
Without any arguments.</msg>
<arg>var el = document.evaluate("${FORM_XPATH}//input[@name='${FIELD_NAME}']", document, null, XPathResult.FIRST_ORDERED_NODE_TYPE, null).singleNodeValue;</arg>
<arg>if(el) el.value = '${DATE}';</arg>
<doc>Executes the given JavaScript code with possible arguments.</doc>
<status status="PASS" start="2025-02-25T23:48:43.442770" elapsed="0.805328"/>
</kw>
<arg>${FORM_XPATH}</arg>
<arg>end_date[]</arg>
<arg>${END_DATE}</arg>
<status status="PASS" start="2025-02-25T23:48:43.441763" elapsed="0.806335"/>
</kw>
<kw name="Input Text" owner="SeleniumLibrary">
<msg time="2025-02-25T23:48:44.249122" level="INFO">Typing text '• Submit application through the online portal
• Initial screening
• Interviews' into text field 'xpath=(//h4[contains(text(),'PhD Application')]/ancestor::div[@class='mt-4 p-4 border rounded bg-light position-relative'])//textarea[@name='application_process[]']'.</msg>
<arg>xpath=${FORM_XPATH}//textarea[@name='application_process[]']</arg>
<arg>${PROCESS}</arg>
<doc>Types the given ``text`` into the text field identified by ``locator``.</doc>
<status status="PASS" start="2025-02-25T23:48:44.248098" elapsed="2.610585"/>
</kw>
<kw name="Input Text" owner="SeleniumLibrary">
<msg time="2025-02-25T23:48:46.859698" level="INFO">Typing text 'We are looking for highly motivated and talented individuals to join our Data Science &amp; Data Analytics research team as Ph.D. Researchers. This position provides an excellent opportunity to engage in advanced research, develop data-driven solutions, and contribute to innovations in data analytics, big data processing, and predictive modeling. As a Ph.D. Researcher, you will work on complex datasets, apply cutting-edge machine learning techniques, and collaborate with leading experts to publish high-impact research. If you are passionate about pushing the boundaries of data science and analytics, we encourage you to apply!' into text field 'xpath=(//h4[contains(text(),'PhD Application')]/ancestor::div[@class='mt-4 p-4 border rounded bg-light position-relative'])//textarea[@name='app_detail[]']'.</msg>
<arg>xpath=${FORM_XPATH}//textarea[@name='app_detail[]']</arg>
<arg>${DETAIL}</arg>
<doc>Types the given ``text`` into the text field identified by ``locator``.</doc>
<status status="PASS" start="2025-02-25T23:48:46.858683" elapsed="3.366880"/>
</kw>
<arg>${FORM_PhD_PATH}</arg>
<arg>2025-02-26</arg>
<arg>6</arg>
<arg>• CV/Resume\n• Cover Letter</arg>
<arg>300,000 - 450,000 per year</arg>
<arg>• Education - Applicants must be currently enrolled in or have completed a Ph.D. program in Data Science, Computer Science, Statistics, Artificial Intelligence, Mathematics, or a related field.\n• Programming Skills - Proficiency in programming languages such as Python, R, or SQL, along with experience in data analytics tools and libraries like Pandas, NumPy, Scikit-learn, or TensorFlow.</arg>
<arg>• Teaching experience\n• Industry collaboration experience</arg>
<arg>40 Hours/Week</arg>
<arg>Hybrid</arg>
<arg>2025-04-20</arg>
<arg>2025-07-10</arg>
<arg>• Submit application through the online portal\n• Initial screening\n• Interviews</arg>
<arg>We are looking for highly motivated and talented individuals to join our Data Science &amp; Data Analytics research team as Ph.D. Researchers. This position provides an excellent opportunity to engage in advanced research, develop data-driven solutions, and contribute to innovations in data analytics, big data processing, and predictive modeling. As a Ph.D. Researcher, you will work on complex datasets, apply cutting-edge machine learning techniques, and collaborate with leading experts to publish high-impact research. If you are passionate about pushing the boundaries of data science and analytics, we encourage you to apply!</arg>
<status status="PASS" start="2025-02-25T23:48:18.786841" elapsed="31.438722"/>
</kw>
<kw name="Execute Javascript" owner="SeleniumLibrary">
<msg time="2025-02-25T23:48:50.226569" level="INFO">Executing JavaScript:
window.scrollTo(0, document.body.scrollHeight);
Without any arguments.</msg>
<arg>window.scrollTo(0, document.body.scrollHeight);</arg>
<doc>Executes the given JavaScript code with possible arguments.</doc>
<status status="PASS" start="2025-02-25T23:48:50.226569" elapsed="0.819569"/>
</kw>
<kw name="Click Button" owner="SeleniumLibrary">
<msg time="2025-02-25T23:48:51.047043" level="INFO">Clicking button 'Submit All Applications'.</msg>
<arg>Submit All Applications</arg>
<doc>Clicks the button identified by ``locator``.</doc>
<status status="PASS" start="2025-02-25T23:48:51.047043" elapsed="4.629869"/>
</kw>
<kw name="Scroll Element Into View" owner="SeleniumLibrary">
<arg>xpath=(//a[contains(., 'View Details')])[2]</arg>
<doc>Scrolls the element identified by ``locator`` into view.</doc>
<status status="PASS" start="2025-02-25T23:48:55.677813" elapsed="1.905718"/>
</kw>
<kw name="Get Text" owner="SeleniumLibrary">
<msg time="2025-02-25T23:48:59.211371" level="INFO">${Role_Text} = PhD</msg>
<var>${Role_Text}</var>
<arg>xpath=(//h5[contains(@class, 'role-title')])[2]</arg>
<doc>Returns the text value of the element identified by ``locator``.</doc>
<status status="PASS" start="2025-02-25T23:48:57.584386" elapsed="1.626985"/>
</kw>
<kw name="Should Be Equal As Strings" owner="BuiltIn">
<arg>${Role_Text}</arg>
<arg>PhD</arg>
<doc>Fails if objects are unequal after converting them to strings.</doc>
<status status="PASS" start="2025-02-25T23:48:59.211371" elapsed="0.001009"/>
</kw>
<kw name="Click Element" owner="SeleniumLibrary">
<msg time="2025-02-25T23:48:59.212730" level="INFO">Clicking element 'xpath=(//a[contains(., 'View Details')])[2]'.</msg>
<arg>xpath=(//a[contains(., 'View Details')])[2]</arg>
<doc>Click the element identified by ``locator``.</doc>
<status status="PASS" start="2025-02-25T23:48:59.212730" elapsed="2.615013"/>
</kw>
<kw name="Get Text" owner="SeleniumLibrary">
<msg time="2025-02-25T23:49:03.454127" level="INFO">${Detail_Role} = PhD Position</msg>
<var>${Detail_Role}</var>
<arg>xpath=//h3[contains(@class,'text-primary')]</arg>
<doc>Returns the text value of the element identified by ``locator``.</doc>
<status status="PASS" start="2025-02-25T23:49:01.827743" elapsed="1.626384"/>
</kw>
<kw name="Should Be Equal As Strings" owner="BuiltIn">
<arg>${Detail_Role}</arg>
<arg>PhD Position</arg>
<doc>Fails if objects are unequal after converting them to strings.</doc>
<status status="PASS" start="2025-02-25T23:49:03.454127" elapsed="0.001007"/>
</kw>
<kw name="Execute Javascript" owner="SeleniumLibrary">
<msg time="2025-02-25T23:49:03.455424" level="INFO">Executing JavaScript:
window.scrollTo(0, document.body.scrollHeight);
Without any arguments.</msg>
<arg>window.scrollTo(0, document.body.scrollHeight);</arg>
<doc>Executes the given JavaScript code with possible arguments.</doc>
<status status="PASS" start="2025-02-25T23:49:03.455424" elapsed="0.804692"/>
</kw>
<kw name="Sleep" owner="BuiltIn">
<msg time="2025-02-25T23:49:05.265581" level="INFO">Slept 1 second.</msg>
<arg>1s</arg>
<doc>Pauses the test executed for the given time.</doc>
<status status="PASS" start="2025-02-25T23:49:04.260116" elapsed="1.005465"/>
</kw>
<kw name="Execute Javascript" owner="SeleniumLibrary">
<msg time="2025-02-25T23:49:05.267594" level="INFO">Executing JavaScript:
window.scrollTo(0, 0);
Without any arguments.</msg>
<arg>window.scrollTo(0, 0);</arg>
<doc>Executes the given JavaScript code with possible arguments.</doc>
<status status="PASS" start="2025-02-25T23:49:05.266595" elapsed="0.809033"/>
</kw>
<kw name="Sleep" owner="BuiltIn">
<msg time="2025-02-25T23:49:07.084000" level="INFO">Slept 1 second.</msg>
<arg>1s</arg>
<doc>Pauses the test executed for the given time.</doc>
<status status="PASS" start="2025-02-25T23:49:06.077511" elapsed="1.006489"/>
</kw>
<status status="PASS" start="2025-02-25T23:48:14.024154" elapsed="53.060678"/>
</test>
<test id="s1-t11" name="Back to Application Detail" line="79">
<kw name="Click Element" owner="SeleniumLibrary">
<msg time="2025-02-25T23:49:07.085847" level="INFO">Clicking element 'css:.btn.btn-secondary.mt-3.ct-btn'.</msg>
<arg>css:.btn.btn-secondary.mt-3.ct-btn</arg>
<doc>Click the element identified by ``locator``.</doc>
<status status="PASS" start="2025-02-25T23:49:07.085847" elapsed="22.809131"/>
</kw>
<status status="PASS" start="2025-02-25T23:49:07.085847" elapsed="22.810145"/>
</test>
<test id="s1-t12" name="Create Application for Postdoc" line="82">
<kw name="Click Element" owner="SeleniumLibrary">
<msg time="2025-02-25T23:49:29.896990" level="INFO">Clicking element 'xpath=//a[contains(text(), 'Create Application')]'.</msg>
<msg time="2025-02-25T23:49:31.616644" level="INFO" html="true">&lt;/td&gt;&lt;/tr&gt;&lt;tr&gt;&lt;td colspan="3"&gt;&lt;a href="selenium-screenshot-9.png"&gt;&lt;img src="selenium-screenshot-9.png" width="800px"&gt;&lt;/a&gt;</msg>
<msg time="2025-02-25T23:49:31.616644" level="FAIL">Element with locator 'xpath=//a[contains(text(), 'Create Application')]' not found.</msg>
<arg>xpath=//a[contains(text(), 'Create Application')]</arg>
<doc>Click the element identified by ``locator``.</doc>
<status status="FAIL" start="2025-02-25T23:49:29.896990" elapsed="1.721652">Element with locator 'xpath=//a[contains(text(), 'Create Application')]' not found.</status>
</kw>
<kw name="Click Element" owner="SeleniumLibrary">
<arg>xpath=//label[@for='postdoc']</arg>
<doc>Click the element identified by ``locator``.</doc>
<status status="NOT RUN" start="2025-02-25T23:49:31.619641" elapsed="0.000000"/>
</kw>
<kw name="Sleep" owner="BuiltIn">
<arg>1s</arg>
<doc>Pauses the test executed for the given time.</doc>
<status status="NOT RUN" start="2025-02-25T23:49:31.619641" elapsed="0.000000"/>
</kw>
<kw name="Input Application" owner="resource">
<arg>${FORM_PostDoc_PATH}</arg>
<arg>2025-02-28</arg>
<arg>5</arg>
<arg>• Resume\n• Research Statement</arg>
<arg>120,000 - 210,000 per year</arg>
<arg>• Education - Applicants must hold a Ph.D. in Data Science, Computer Science, Statistics, Artificial Intelligence, Mathematics, or a related field.\n• Technical Skills - Proficiency in programming languages such as Python, R, or SQL, along with experience in data processing frameworks (e.g., Apache Spark, Hadoop) and machine learning libraries (e.g., TensorFlow, PyTorch, Scikit-learn).</arg>
<arg>• Industry collaboration experience</arg>
<arg>Full-time</arg>
<arg>Office</arg>
<arg>2025-06-20</arg>
<arg>2025-12-14</arg>
<arg>• Submit application through the online portal\n• Initial screening\n• Interviews</arg>
<arg>We are seeking highly skilled and motivated postdoctoral researchers to join our Data Science &amp; Data Analytics team. This position offers an excellent opportunity to engage in advanced research, develop innovative data-driven methodologies, and contribute to cutting-edge solutions in areas such as big data analytics, machine learning, and statistical modeling. As a Postdoctoral Researcher, you will work on complex real-world datasets, collaborate with interdisciplinary teams, and publish high-impact research in top-tier journals and conferences. This role is ideal for individuals looking to push the boundaries of data science and make significant contributions to academia and industry.</arg>
<status status="NOT RUN" start="2025-02-25T23:49:31.620639" elapsed="0.000000"/>
</kw>
<kw name="Execute Javascript" owner="SeleniumLibrary">
<arg>window.scrollTo(0, document.body.scrollHeight);</arg>
<doc>Executes the given JavaScript code with possible arguments.</doc>
<status status="NOT RUN" start="2025-02-25T23:49:31.620639" elapsed="0.000000"/>
</kw>
<kw name="Click Button" owner="SeleniumLibrary">
<arg>Submit All Applications</arg>
<doc>Clicks the button identified by ``locator``.</doc>
<status status="NOT RUN" start="2025-02-25T23:49:31.620639" elapsed="0.000000"/>
</kw>
<kw name="Scroll Element Into View" owner="SeleniumLibrary">
<arg>xpath=(//a[contains(., 'View Details')])[3]</arg>
<doc>Scrolls the element identified by ``locator`` into view.</doc>
<status status="NOT RUN" start="2025-02-25T23:49:31.620639" elapsed="0.001004"/>
</kw>
<kw name="Get Text" owner="SeleniumLibrary">
<var>${Role_Text}</var>
<arg>xpath=(//h5[contains(@class, 'role-title')])[3]</arg>
<doc>Returns the text value of the element identified by ``locator``.</doc>
<status status="NOT RUN" start="2025-02-25T23:49:31.621643" elapsed="0.000000"/>
</kw>
<kw name="Should Be Equal As Strings" owner="BuiltIn">
<arg>${Role_Text}</arg>
<arg>Postdoc</arg>
<doc>Fails if objects are unequal after converting them to strings.</doc>
<status status="NOT RUN" start="2025-02-25T23:49:31.621643" elapsed="0.000000"/>
</kw>
<kw name="Click Element" owner="SeleniumLibrary">
<arg>xpath=(//a[contains(., 'View Details')])[3]</arg>
<doc>Click the element identified by ``locator``.</doc>
<status status="NOT RUN" start="2025-02-25T23:49:31.621643" elapsed="0.000000"/>
</kw>
<kw name="Get Text" owner="SeleniumLibrary">
<var>${Detail_Role}</var>
<arg>xpath=//h3[contains(@class,'text-primary')]</arg>
<doc>Returns the text value of the element identified by ``locator``.</doc>
<status status="NOT RUN" start="2025-02-25T23:49:31.621643" elapsed="0.000000"/>
</kw>
<kw name="Should Be Equal As Strings" owner="BuiltIn">
<arg>${Detail_Role}</arg>
<arg>Postdoc Position</arg>
<doc>Fails if objects are unequal after converting them to strings.</doc>
<status status="NOT RUN" start="2025-02-25T23:49:31.622654" elapsed="0.000000"/>
</kw>
<kw name="Execute Javascript" owner="SeleniumLibrary">
<arg>window.scrollTo(0, document.body.scrollHeight);</arg>
<doc>Executes the given JavaScript code with possible arguments.</doc>
<status status="NOT RUN" start="2025-02-25T23:49:31.622654" elapsed="0.000000"/>
</kw>
<kw name="Sleep" owner="BuiltIn">
<arg>1s</arg>
<doc>Pauses the test executed for the given time.</doc>
<status status="NOT RUN" start="2025-02-25T23:49:31.622654" elapsed="0.000000"/>
</kw>
<kw name="Execute Javascript" owner="SeleniumLibrary">
<arg>window.scrollTo(0, 0);</arg>
<doc>Executes the given JavaScript code with possible arguments.</doc>
<status status="NOT RUN" start="2025-02-25T23:49:31.622654" elapsed="0.000000"/>
</kw>
<kw name="Sleep" owner="BuiltIn">
<arg>1s</arg>
<doc>Pauses the test executed for the given time.</doc>
<status status="NOT RUN" start="2025-02-25T23:49:31.623644" elapsed="0.000000"/>
</kw>
<status status="FAIL" start="2025-02-25T23:49:29.895992" elapsed="1.727652">Element with locator 'xpath=//a[contains(text(), 'Create Application')]' not found.</status>
</test>
<test id="s1-t13" name="Back to Application Detail" line="100">
<kw name="Click Element" owner="SeleniumLibrary">
<msg time="2025-02-25T23:49:31.624652" level="INFO">Clicking element 'css:.btn.btn-secondary.mt-3.ct-btn'.</msg>
<msg time="2025-02-25T23:49:34.423003" level="INFO" html="true">&lt;/td&gt;&lt;/tr&gt;&lt;tr&gt;&lt;td colspan="3"&gt;&lt;a href="selenium-screenshot-10.png"&gt;&lt;img src="selenium-screenshot-10.png" width="800px"&gt;&lt;/a&gt;</msg>
<msg time="2025-02-25T23:49:34.424003" level="FAIL">Element with locator 'css:.btn.btn-secondary.mt-3.ct-btn' not found.</msg>
<arg>css:.btn.btn-secondary.mt-3.ct-btn</arg>
<doc>Click the element identified by ``locator``.</doc>
<status status="FAIL" start="2025-02-25T23:49:31.624652" elapsed="2.799351">Element with locator 'css:.btn.btn-secondary.mt-3.ct-btn' not found.</status>
</kw>
<status status="FAIL" start="2025-02-25T23:49:31.624652" elapsed="2.800167">Element with locator 'css:.btn.btn-secondary.mt-3.ct-btn' not found.</status>
</test>
<test id="s1-t14" name="Delete Project" line="103">
<kw name="Click Button" owner="SeleniumLibrary">
<msg time="2025-02-25T23:49:34.426834" level="INFO">Clicking button 'xpath=//button[contains(@class, 'btn-danger')]'.</msg>
<arg>xpath=//button[contains(@class, 'btn-danger')]</arg>
<doc>Clicks the button identified by ``locator``.</doc>
<status status="PASS" start="2025-02-25T23:49:34.426834" elapsed="4.118053"/>
</kw>
<kw name="Handle Alert" owner="SeleniumLibrary">
<msg time="2025-02-25T23:49:38.545844" level="INFO">HANDLE::&lt;class 'NoneType'&gt;::None</msg>
<arg>action=ACCEPT</arg>
<doc>Handles the current alert and returns its message.</doc>
<status status="PASS" start="2025-02-25T23:49:38.544887" elapsed="2.419013"/>
</kw>
<status status="PASS" start="2025-02-25T23:49:34.426834" elapsed="6.538059"/>
</test>
<test id="s1-t15" name="Create Project" line="108">
<kw name="Click Element" owner="SeleniumLibrary">
<msg time="2025-02-25T23:49:40.966902" level="INFO">Clicking element 'css:button.create-project-btn'.</msg>
<arg>css:button.create-project-btn</arg>
<doc>Click the element identified by ``locator``.</doc>
<status status="PASS" start="2025-02-25T23:49:40.965934" elapsed="2.148073"/>
</kw>
<kw name="Input Project" owner="resource">
<kw name="Input Text" owner="SeleniumLibrary">
<msg time="2025-02-25T23:49:43.114914" level="INFO">Typing text 'Create Application for AI &amp; Machine Learning Innovations' into text field 'id:projectName'.</msg>
<arg>id:projectName</arg>
<arg>${NAME}</arg>
<doc>Types the given ``text`` into the text field identified by ``locator``.</doc>
<status status="PASS" start="2025-02-25T23:49:43.114914" elapsed="2.588581"/>
</kw>
<kw name="Input Text" owner="SeleniumLibrary">
<msg time="2025-02-25T23:49:45.703495" level="INFO">Typing text 'We are seeking passionate and motivated individuals to join our AI &amp; Machine Learning Innovations team as Research Assistants. This role offers an exciting opportunity to contribute to cutting-edge research, develop AI models, and explore novel machine learning techniques.' into text field 'id:projectDescription'.</msg>
<arg>id:projectDescription</arg>
<arg>${DESCRIPTION}</arg>
<doc>Types the given ``text`` into the text field identified by ``locator``.</doc>
<status status="PASS" start="2025-02-25T23:49:45.703495" elapsed="2.853848"/>
</kw>
<kw name="Input Text" owner="SeleniumLibrary">
<msg time="2025-02-25T23:49:48.557343" level="INFO">Typing text '111-1111-111' into text field 'id:projectContact'.</msg>
<arg>id:projectContact</arg>
<arg>${CONTACT}</arg>
<doc>Types the given ``text`` into the text field identified by ``locator``.</doc>
<status status="PASS" start="2025-02-25T23:49:48.557343" elapsed="2.518763"/>
</kw>
<kw name="Click Button" owner="SeleniumLibrary">
<msg time="2025-02-25T23:49:51.076106" level="INFO">Clicking button 'Create'.</msg>
<arg>Create</arg>
<doc>Clicks the button identified by ``locator``.</doc>
<status status="PASS" start="2025-02-25T23:49:51.076106" elapsed="4.525579"/>
</kw>
<arg>Create Application for AI &amp; Machine Learning Innovations</arg>
<arg>We are seeking passionate and motivated individuals to join our AI &amp; Machine Learning Innovations team as Research Assistants. This role offers an exciting opportunity to contribute to cutting-edge research, develop AI models, and explore novel machine learning techniques.</arg>
<arg>111-1111-111</arg>
<status status="PASS" start="2025-02-25T23:49:43.114914" elapsed="12.486771"/>
</kw>
<status status="PASS" start="2025-02-25T23:49:40.965934" elapsed="14.636672"/>
</test>
<test id="s1-t16" name="Go To Project Detail" line="112">
<kw name="Click Element" owner="SeleniumLibrary">
<msg time="2025-02-25T23:49:55.603614" level="INFO">Clicking element 'xpath=//h5[contains(text(),'Create Application for AI &amp; Machine Learning Innovations')]/ancestor::a'.</msg>
<arg>xpath=//h5[contains(text(),'Create Application for AI &amp; Machine Learning Innovations')]/ancestor::a</arg>
<doc>Click the element identified by ``locator``.</doc>
<status status="PASS" start="2025-02-25T23:49:55.603614" elapsed="2.091727"/>
</kw>
<status status="PASS" start="2025-02-25T23:49:55.603614" elapsed="2.092588"/>
</test>
<test id="s1-t17" name="Create Two Application" line="116">
<kw name="Click Element" owner="SeleniumLibrary">
<msg time="2025-02-25T23:49:57.697210" level="INFO">Clicking element 'xpath=//a[contains(text(), 'Create Application')]'.</msg>
<arg>xpath=//a[contains(text(), 'Create Application')]</arg>
<doc>Click the element identified by ``locator``.</doc>
<status status="PASS" start="2025-02-25T23:49:57.696202" elapsed="2.119708"/>
</kw>
<kw name="Click Element" owner="SeleniumLibrary">
<msg time="2025-02-25T23:49:59.816900" level="INFO">Clicking element 'xpath=//label[@for='researchAssistant']'.</msg>
<arg>xpath=//label[@for='researchAssistant']</arg>
<doc>Click the element identified by ``locator``.</doc>
<status status="PASS" start="2025-02-25T23:49:59.816900" elapsed="1.671543"/>
</kw>
<kw name="Click Element" owner="SeleniumLibrary">
<msg time="2025-02-25T23:50:01.490445" level="INFO">Clicking element 'xpath=//label[@for='postdoc']'.</msg>
<arg>xpath=//label[@for='postdoc']</arg>
<doc>Click the element identified by ``locator``.</doc>
<status status="PASS" start="2025-02-25T23:50:01.489445" elapsed="1.671174"/>
</kw>
<kw name="Input Application" owner="resource">
<kw name="Scroll Element Into View" owner="SeleniumLibrary">
<arg>xpath=${FORM_XPATH}//input[@name='app_deadline[]']</arg>
<doc>Scrolls the element identified by ``locator`` into view.</doc>
<status status="PASS" start="2025-02-25T23:50:03.161626" elapsed="1.888219"/>
</kw>
<kw name="Input Date Type" owner="resource">
<kw name="Execute Javascript" owner="SeleniumLibrary">
<msg time="2025-02-25T23:50:05.050724" level="INFO">Executing JavaScript:
var el = document.evaluate("(//h4[contains(text(),'Research Assistant Application')]/ancestor::div[@class='mt-4 p-4 border rounded bg-light position-relative'])//input[@name='app_deadline[]']", document, null, XPathResult.FIRST_ORDERED_NODE_TYPE, null).singleNodeValue;if(el) el.value = '2025-02-28';
Without any arguments.</msg>
<arg>var el = document.evaluate("${FORM_XPATH}//input[@name='${FIELD_NAME}']", document, null, XPathResult.FIRST_ORDERED_NODE_TYPE, null).singleNodeValue;</arg>
<arg>if(el) el.value = '${DATE}';</arg>
<doc>Executes the given JavaScript code with possible arguments.</doc>
<status status="PASS" start="2025-02-25T23:50:05.050724" elapsed="0.811220"/>
</kw>
<arg>${FORM_XPATH}</arg>
<arg>app_deadline[]</arg>
<arg>${DEADLINE}</arg>
<status status="PASS" start="2025-02-25T23:50:05.049845" elapsed="0.812099"/>
</kw>
<kw name="Input Text" owner="SeleniumLibrary">
<msg time="2025-02-25T23:50:05.863017" level="INFO">Typing text '5' into text field 'xpath=(//h4[contains(text(),'Research Assistant Application')]/ancestor::div[@class='mt-4 p-4 border rounded bg-light position-relative'])//input[@name='amount[]']'.</msg>
<arg>xpath=${FORM_XPATH}//input[@name='amount[]']</arg>
<arg>${VACANCIES}</arg>
<doc>Types the given ``text`` into the text field identified by ``locator``.</doc>
<status status="PASS" start="2025-02-25T23:50:05.861944" elapsed="2.482771"/>
</kw>
<kw name="Input Text" owner="SeleniumLibrary">
<msg time="2025-02-25T23:50:08.345731" level="INFO">Typing text '• CV/Resume' into text field 'xpath=(//h4[contains(text(),'Research Assistant Application')]/ancestor::div[@class='mt-4 p-4 border rounded bg-light position-relative'])//textarea[@name='required_documents[]']'.</msg>
<arg>xpath=${FORM_XPATH}//textarea[@name='required_documents[]']</arg>
<arg>${DOCUMENTS}</arg>
<doc>Types the given ``text`` into the text field identified by ``locator``.</doc>
<status status="PASS" start="2025-02-25T23:50:08.344715" elapsed="2.496132"/>
</kw>
<kw name="Input Text" owner="SeleniumLibrary">
<msg time="2025-02-25T23:50:10.841854" level="INFO">Typing text '600 per hours' into text field 'xpath=(//h4[contains(text(),'Research Assistant Application')]/ancestor::div[@class='mt-4 p-4 border rounded bg-light position-relative'])//input[@name='salary_range[]']'.</msg>
<arg>xpath=${FORM_XPATH}//input[@name='salary_range[]']</arg>
<arg>${SALARY}</arg>
<doc>Types the given ``text`` into the text field identified by ``locator``.</doc>
<status status="PASS" start="2025-02-25T23:50:10.840847" elapsed="2.527369"/>
</kw>
<kw name="Input Text" owner="SeleniumLibrary">
<msg time="2025-02-25T23:50:13.369223" level="INFO">Typing text '• Currently pursuing or have completed a Bachelor's, Master's, or Ph.D. degree in Computer Science, Artificial Intelligence, Data Science, Engineering, Mathematics, or a related field.
• Programming Proficiency - Experience with Python, R, or other relevant programming languages. Familiarity with AI frameworks such as TensorFlow, PyTorch, or Scikit-learn is preferred.' into text field 'xpath=(//h4[contains(text(),'Research Assistant Application')]/ancestor::div[@class='mt-4 p-4 border rounded bg-light position-relative'])//textarea[@name='qualifications[]']'.</msg>
<arg>xpath=${FORM_XPATH}//textarea[@name='qualifications[]']</arg>
<arg>${QUALIFICATION}</arg>
<doc>Types the given ``text`` into the text field identified by ``locator``.</doc>
<status status="PASS" start="2025-02-25T23:50:13.368216" elapsed="3.019355"/>
</kw>
<kw name="Input Text" owner="SeleniumLibrary">
<msg time="2025-02-25T23:50:16.388562" level="INFO">Typing text '• Creating Model experience' into text field 'xpath=(//h4[contains(text(),'Research Assistant Application')]/ancestor::div[@class='mt-4 p-4 border rounded bg-light position-relative'])//textarea[@name='preferred_qualifications[]']'.</msg>
<arg>xpath=${FORM_XPATH}//textarea[@name='preferred_qualifications[]']</arg>
<arg>${PREFERRED_QUALIFICATIONS}</arg>
<doc>Types the given ``text`` into the text field identified by ``locator``.</doc>
<status status="PASS" start="2025-02-25T23:50:16.387571" elapsed="2.530065"/>
</kw>
<kw name="Input Text" owner="SeleniumLibrary">
<msg time="2025-02-25T23:50:18.917636" level="INFO">Typing text 'Full-time' into text field 'xpath=(//h4[contains(text(),'Research Assistant Application')]/ancestor::div[@class='mt-4 p-4 border rounded bg-light position-relative'])//input[@name='working_time[]']'.</msg>
<arg>xpath=${FORM_XPATH}//input[@name='working_time[]']</arg>
<arg>${WORKING_TIME}</arg>
<doc>Types the given ``text`` into the text field identified by ``locator``.</doc>
<status status="PASS" start="2025-02-25T23:50:18.917636" elapsed="2.516774"/>
</kw>
<kw name="Input Text" owner="SeleniumLibrary">
<msg time="2025-02-25T23:50:21.435303" level="INFO">Typing text 'Work from home' into text field 'xpath=(//h4[contains(text(),'Research Assistant Application')]/ancestor::div[@class='mt-4 p-4 border rounded bg-light position-relative'])//input[@name='work_location[]']'.</msg>
<arg>xpath=${FORM_XPATH}//input[@name='work_location[]']</arg>
<arg>${WORK_LOCATION}</arg>
<doc>Types the given ``text`` into the text field identified by ``locator``.</doc>
<status status="PASS" start="2025-02-25T23:50:21.434410" elapsed="2.497875"/>
</kw>
<kw name="Scroll Element Into View" owner="SeleniumLibrary">
<arg>${FORM_XPATH}//input[@name='start_date[]']</arg>
<doc>Scrolls the element identified by ``locator`` into view.</doc>
<status status="PASS" start="2025-02-25T23:50:23.932285" elapsed="1.893296"/>
</kw>
<kw name="Sleep" owner="BuiltIn">
<msg time="2025-02-25T23:50:26.831022" level="INFO">Slept 1 second.</msg>
<arg>1s</arg>
<doc>Pauses the test executed for the given time.</doc>
<status status="PASS" start="2025-02-25T23:50:25.825581" elapsed="1.005441"/>
</kw>
<kw name="Input Date Type" owner="resource">
<kw name="Execute Javascript" owner="SeleniumLibrary">
<msg time="2025-02-25T23:50:26.832539" level="INFO">Executing JavaScript:
var el = document.evaluate("(//h4[contains(text(),'Research Assistant Application')]/ancestor::div[@class='mt-4 p-4 border rounded bg-light position-relative'])//input[@name='start_date[]']", document, null, XPathResult.FIRST_ORDERED_NODE_TYPE, null).singleNodeValue;if(el) el.value = '2025-05-10';
Without any arguments.</msg>
<arg>var el = document.evaluate("${FORM_XPATH}//input[@name='${FIELD_NAME}']", document, null, XPathResult.FIRST_ORDERED_NODE_TYPE, null).singleNodeValue;</arg>
<arg>if(el) el.value = '${DATE}';</arg>
<doc>Executes the given JavaScript code with possible arguments.</doc>
<status status="PASS" start="2025-02-25T23:50:26.831533" elapsed="0.809930"/>
</kw>
<arg>${FORM_XPATH}</arg>
<arg>start_date[]</arg>
<arg>${START_DATE}</arg>
<status status="PASS" start="2025-02-25T23:50:26.831533" elapsed="0.809930"/>
</kw>
<kw name="Input Date Type" owner="resource">
<kw name="Execute Javascript" owner="SeleniumLibrary">
<msg time="2025-02-25T23:50:27.642476" level="INFO">Executing JavaScript:
var el = document.evaluate("(//h4[contains(text(),'Research Assistant Application')]/ancestor::div[@class='mt-4 p-4 border rounded bg-light position-relative'])//input[@name='end_date[]']", document, null, XPathResult.FIRST_ORDERED_NODE_TYPE, null).singleNodeValue;if(el) el.value = '2025-09-12';
Without any arguments.</msg>
<arg>var el = document.evaluate("${FORM_XPATH}//input[@name='${FIELD_NAME}']", document, null, XPathResult.FIRST_ORDERED_NODE_TYPE, null).singleNodeValue;</arg>
<arg>if(el) el.value = '${DATE}';</arg>
<doc>Executes the given JavaScript code with possible arguments.</doc>
<status status="PASS" start="2025-02-25T23:50:27.642476" elapsed="0.819939"/>
</kw>
<arg>${FORM_XPATH}</arg>
<arg>end_date[]</arg>
<arg>${END_DATE}</arg>
<status status="PASS" start="2025-02-25T23:50:27.641463" elapsed="0.820952"/>
</kw>
<kw name="Input Text" owner="SeleniumLibrary">
<msg time="2025-02-25T23:50:28.463417" level="INFO">Typing text '• Submit application through the online portal
• Initial screening
• Interviews' into text field 'xpath=(//h4[contains(text(),'Research Assistant Application')]/ancestor::div[@class='mt-4 p-4 border rounded bg-light position-relative'])//textarea[@name='application_process[]']'.</msg>
<arg>xpath=${FORM_XPATH}//textarea[@name='application_process[]']</arg>
<arg>${PROCESS}</arg>
<doc>Types the given ``text`` into the text field identified by ``locator``.</doc>
<status status="PASS" start="2025-02-25T23:50:28.462415" elapsed="2.619036"/>
</kw>
<kw name="Input Text" owner="SeleniumLibrary">
<msg time="2025-02-25T23:50:31.082442" level="INFO">Typing text 'We are seeking passionate and motivated individuals to join our AI &amp; Machine Learning Innovations team as Research Assistants. This role offers an exciting opportunity to contribute to cutting-edge research, develop AI models, and explore novel machine learning techniques.' into text field 'xpath=(//h4[contains(text(),'Research Assistant Application')]/ancestor::div[@class='mt-4 p-4 border rounded bg-light position-relative'])//textarea[@name='app_detail[]']'.</msg>
<arg>xpath=${FORM_XPATH}//textarea[@name='app_detail[]']</arg>
<arg>${DETAIL}</arg>
<doc>Types the given ``text`` into the text field identified by ``locator``.</doc>
<status status="PASS" start="2025-02-25T23:50:31.082442" elapsed="2.901577"/>
</kw>
<arg>${FORM_RESEARCHASSISTANT_PATH}</arg>
<arg>2025-02-28</arg>
<arg>5</arg>
<arg>• CV/Resume</arg>
<arg>600 per hours</arg>
<arg>• Currently pursuing or have completed a Bachelor's, Master's, or Ph.D. degree in Computer Science, Artificial Intelligence, Data Science, Engineering, Mathematics, or a related field.\n• Programming Proficiency - Experience with Python, R, or other relevant programming languages. Familiarity with AI frameworks such as TensorFlow, PyTorch, or Scikit-learn is preferred.</arg>
<arg>• Creating Model experience</arg>
<arg>Full-time</arg>
<arg>Work from home</arg>
<arg>2025-05-10</arg>
<arg>2025-09-12</arg>
<arg>• Submit application through the online portal\n• Initial screening\n• Interviews</arg>
<arg>We are seeking passionate and motivated individuals to join our AI &amp; Machine Learning Innovations team as Research Assistants. This role offers an exciting opportunity to contribute to cutting-edge research, develop AI models, and explore novel machine learning techniques.</arg>
<status status="PASS" start="2025-02-25T23:50:03.161626" elapsed="30.822393"/>
</kw>
<kw name="Sleep" owner="BuiltIn">
<msg time="2025-02-25T23:50:34.989499" level="INFO">Slept 1 second.</msg>
<arg>1s</arg>
<doc>Pauses the test executed for the given time.</doc>
<status status="PASS" start="2025-02-25T23:50:33.985031" elapsed="1.004468"/>
</kw>
<kw name="Input Application" owner="resource">
<kw name="Scroll Element Into View" owner="SeleniumLibrary">
<arg>xpath=${FORM_XPATH}//input[@name='app_deadline[]']</arg>
<doc>Scrolls the element identified by ``locator`` into view.</doc>
<status status="PASS" start="2025-02-25T23:50:34.991501" elapsed="1.889271"/>
</kw>
<kw name="Input Date Type" owner="resource">
<kw name="Execute Javascript" owner="SeleniumLibrary">
<msg time="2025-02-25T23:50:36.881777" level="INFO">Executing JavaScript:
var el = document.evaluate("(//h4[contains(text(),'Postdoc Application')]/ancestor::div[@class='mt-4 p-4 border rounded bg-light position-relative'])//input[@name='app_deadline[]']", document, null, XPathResult.FIRST_ORDERED_NODE_TYPE, null).singleNodeValue;if(el) el.value = '2025-02-28';
Without any arguments.</msg>
<arg>var el = document.evaluate("${FORM_XPATH}//input[@name='${FIELD_NAME}']", document, null, XPathResult.FIRST_ORDERED_NODE_TYPE, null).singleNodeValue;</arg>
<arg>if(el) el.value = '${DATE}';</arg>
<doc>Executes the given JavaScript code with possible arguments.</doc>
<status status="PASS" start="2025-02-25T23:50:36.881777" elapsed="0.819750"/>
</kw>
<arg>${FORM_XPATH}</arg>
<arg>app_deadline[]</arg>
<arg>${DEADLINE}</arg>
<status status="PASS" start="2025-02-25T23:50:36.880772" elapsed="0.820755"/>
</kw>
<kw name="Input Text" owner="SeleniumLibrary">
<msg time="2025-02-25T23:50:37.702542" level="INFO">Typing text '5' into text field 'xpath=(//h4[contains(text(),'Postdoc Application')]/ancestor::div[@class='mt-4 p-4 border rounded bg-light position-relative'])//input[@name='amount[]']'.</msg>
<arg>xpath=${FORM_XPATH}//input[@name='amount[]']</arg>
<arg>${VACANCIES}</arg>
<doc>Types the given ``text`` into the text field identified by ``locator``.</doc>
<status status="PASS" start="2025-02-25T23:50:37.701527" elapsed="2.470077"/>
</kw>
<kw name="Input Text" owner="SeleniumLibrary">
<msg time="2025-02-25T23:50:40.172605" level="INFO">Typing text '• Resume
• Research Statement' into text field 'xpath=(//h4[contains(text(),'Postdoc Application')]/ancestor::div[@class='mt-4 p-4 border rounded bg-light position-relative'])//textarea[@name='required_documents[]']'.</msg>
<arg>xpath=${FORM_XPATH}//textarea[@name='required_documents[]']</arg>
<arg>${DOCUMENTS}</arg>
<doc>Types the given ``text`` into the text field identified by ``locator``.</doc>
<status status="PASS" start="2025-02-25T23:50:40.171604" elapsed="2.523740"/>
</kw>
<kw name="Input Text" owner="SeleniumLibrary">
<msg time="2025-02-25T23:50:42.696194" level="INFO">Typing text '120,000 - 210,000 per year' into text field 'xpath=(//h4[contains(text(),'Postdoc Application')]/ancestor::div[@class='mt-4 p-4 border rounded bg-light position-relative'])//input[@name='salary_range[]']'.</msg>
<arg>xpath=${FORM_XPATH}//input[@name='salary_range[]']</arg>
<arg>${SALARY}</arg>
<doc>Types the given ``text`` into the text field identified by ``locator``.</doc>
<status status="PASS" start="2025-02-25T23:50:42.695344" elapsed="2.546522"/>
</kw>
<kw name="Input Text" owner="SeleniumLibrary">
<msg time="2025-02-25T23:50:45.242756" level="INFO">Typing text '• Education - Applicants must hold a Ph.D. in Data Science, Computer Science, Statistics, Artificial Intelligence, Mathematics, or a related field.
• Technical Skills - Proficiency in programming languages such as Python, R, or SQL, along with experience in data processing frameworks (e.g., Apache Spark, Hadoop) and machine learning libraries (e.g., TensorFlow, PyTorch, Scikit-learn).' into text field 'xpath=(//h4[contains(text(),'Postdoc Application')]/ancestor::div[@class='mt-4 p-4 border rounded bg-light position-relative'])//textarea[@name='qualifications[]']'.</msg>
<arg>xpath=${FORM_XPATH}//textarea[@name='qualifications[]']</arg>
<arg>${QUALIFICATION}</arg>
<doc>Types the given ``text`` into the text field identified by ``locator``.</doc>
<status status="PASS" start="2025-02-25T23:50:45.241866" elapsed="3.019174"/>
</kw>
<kw name="Input Text" owner="SeleniumLibrary">
<msg time="2025-02-25T23:50:48.262056" level="INFO">Typing text '• Industry collaboration experience' into text field 'xpath=(//h4[contains(text(),'Postdoc Application')]/ancestor::div[@class='mt-4 p-4 border rounded bg-light position-relative'])//textarea[@name='preferred_qualifications[]']'.</msg>
<arg>xpath=${FORM_XPATH}//textarea[@name='preferred_qualifications[]']</arg>
<arg>${PREFERRED_QUALIFICATIONS}</arg>
<doc>Types the given ``text`` into the text field identified by ``locator``.</doc>
<status status="PASS" start="2025-02-25T23:50:48.262056" elapsed="2.539192"/>
</kw>
<kw name="Input Text" owner="SeleniumLibrary">
<msg time="2025-02-25T23:50:50.802292" level="INFO">Typing text 'Full-time' into text field 'xpath=(//h4[contains(text(),'Postdoc Application')]/ancestor::div[@class='mt-4 p-4 border rounded bg-light position-relative'])//input[@name='working_time[]']'.</msg>
<arg>xpath=${FORM_XPATH}//input[@name='working_time[]']</arg>
<arg>${WORKING_TIME}</arg>
<doc>Types the given ``text`` into the text field identified by ``locator``.</doc>
<status status="PASS" start="2025-02-25T23:50:50.801248" elapsed="2.486901"/>
</kw>
<kw name="Input Text" owner="SeleniumLibrary">
<msg time="2025-02-25T23:50:53.289025" level="INFO">Typing text 'Office' into text field 'xpath=(//h4[contains(text(),'Postdoc Application')]/ancestor::div[@class='mt-4 p-4 border rounded bg-light position-relative'])//input[@name='work_location[]']'.</msg>
<arg>xpath=${FORM_XPATH}//input[@name='work_location[]']</arg>
<arg>${WORK_LOCATION}</arg>
<doc>Types the given ``text`` into the text field identified by ``locator``.</doc>
<status status="PASS" start="2025-02-25T23:50:53.288149" elapsed="2.496075"/>
</kw>
<kw name="Scroll Element Into View" owner="SeleniumLibrary">
<arg>${FORM_XPATH}//input[@name='start_date[]']</arg>
<doc>Scrolls the element identified by ``locator`` into view.</doc>
<status status="PASS" start="2025-02-25T23:50:55.784224" elapsed="1.893217"/>
</kw>
<kw name="Sleep" owner="BuiltIn">
<msg time="2025-02-25T23:50:58.687514" level="INFO">Slept 1 second.</msg>
<arg>1s</arg>
<doc>Pauses the test executed for the given time.</doc>
<status status="PASS" start="2025-02-25T23:50:57.677441" elapsed="1.010073"/>
</kw>
<kw name="Input Date Type" owner="resource">
<kw name="Execute Javascript" owner="SeleniumLibrary">
<msg time="2025-02-25T23:50:58.689515" level="INFO">Executing JavaScript:
var el = document.evaluate("(//h4[contains(text(),'Postdoc Application')]/ancestor::div[@class='mt-4 p-4 border rounded bg-light position-relative'])//input[@name='start_date[]']", document, null, XPathResult.FIRST_ORDERED_NODE_TYPE, null).singleNodeValue;if(el) el.value = '2025-06-20';
Without any arguments.</msg>
<arg>var el = document.evaluate("${FORM_XPATH}//input[@name='${FIELD_NAME}']", document, null, XPathResult.FIRST_ORDERED_NODE_TYPE, null).singleNodeValue;</arg>
<arg>if(el) el.value = '${DATE}';</arg>
<doc>Executes the given JavaScript code with possible arguments.</doc>
<status status="PASS" start="2025-02-25T23:50:58.688513" elapsed="0.817078"/>
</kw>
<arg>${FORM_XPATH}</arg>
<arg>start_date[]</arg>
<arg>${START_DATE}</arg>
<status status="PASS" start="2025-02-25T23:50:58.687514" elapsed="0.818077"/>
</kw>
<kw name="Input Date Type" owner="resource">
<kw name="Execute Javascript" owner="SeleniumLibrary">
<msg time="2025-02-25T23:50:59.506603" level="INFO">Executing JavaScript:
var el = document.evaluate("(//h4[contains(text(),'Postdoc Application')]/ancestor::div[@class='mt-4 p-4 border rounded bg-light position-relative'])//input[@name='end_date[]']", document, null, XPathResult.FIRST_ORDERED_NODE_TYPE, null).singleNodeValue;if(el) el.value = '2025-12-14';
Without any arguments.</msg>
<arg>var el = document.evaluate("${FORM_XPATH}//input[@name='${FIELD_NAME}']", document, null, XPathResult.FIRST_ORDERED_NODE_TYPE, null).singleNodeValue;</arg>
<arg>if(el) el.value = '${DATE}';</arg>
<doc>Executes the given JavaScript code with possible arguments.</doc>
<status status="PASS" start="2025-02-25T23:50:59.506603" elapsed="0.806092"/>
</kw>
<arg>${FORM_XPATH}</arg>
<arg>end_date[]</arg>
<arg>${END_DATE}</arg>
<status status="PASS" start="2025-02-25T23:50:59.505591" elapsed="0.807104"/>
</kw>
<kw name="Input Text" owner="SeleniumLibrary">
<msg time="2025-02-25T23:51:00.313710" level="INFO">Typing text '• Submit application through the online portal
• Initial screening
• Interviews' into text field 'xpath=(//h4[contains(text(),'Postdoc Application')]/ancestor::div[@class='mt-4 p-4 border rounded bg-light position-relative'])//textarea[@name='application_process[]']'.</msg>
<arg>xpath=${FORM_XPATH}//textarea[@name='application_process[]']</arg>
<arg>${PROCESS}</arg>
<doc>Types the given ``text`` into the text field identified by ``locator``.</doc>
<status status="PASS" start="2025-02-25T23:51:00.312695" elapsed="2.626853"/>
</kw>
<kw name="Input Text" owner="SeleniumLibrary">
<msg time="2025-02-25T23:51:02.940413" level="INFO">Typing text 'We are seeking highly skilled and motivated postdoctoral researchers to join our Data Science &amp; Data Analytics team. This position offers an excellent opportunity to engage in advanced research, develop innovative data-driven methodologies, and contribute to cutting-edge solutions in areas such as big data analytics, machine learning, and statistical modeling. As a Postdoctoral Researcher, you will work on complex real-world datasets, collaborate with interdisciplinary teams, and publish high-impact research in top-tier journals and conferences. This role is ideal for individuals looking to push the boundaries of data science and make significant contributions to academia and industry.' into text field 'xpath=(//h4[contains(text(),'Postdoc Application')]/ancestor::div[@class='mt-4 p-4 border rounded bg-light position-relative'])//textarea[@name='app_detail[]']'.</msg>
<arg>xpath=${FORM_XPATH}//textarea[@name='app_detail[]']</arg>
<arg>${DETAIL}</arg>
<doc>Types the given ``text`` into the text field identified by ``locator``.</doc>
<status status="PASS" start="2025-02-25T23:51:02.939548" elapsed="3.494594"/>
</kw>
<arg>${FORM_PostDoc_PATH}</arg>
[...]
<doc>Types the given ``text`` into the text field identified by ``locator``.</doc>
<status status="PASS" start="2025-02-25T23:54:24.736040" elapsed="2.616198"/>
</kw>
<kw name="Input Text" owner="SeleniumLibrary">
<msg time="2025-02-25T23:54:27.353092" level="INFO">Typing text 'We are seeking passionate and motivated individuals to join our AI &amp; Machine Learning Innovations team as Research Assistants. This role offers an exciting opportunity to contribute to cutting-edge research, develop AI models, and explore novel machine learning techniques.' into text field 'xpath=//textarea[@name='app_detail']'.</msg>
<arg>xpath=//textarea[@name='app_detail']</arg>
<arg>${DETAIL}</arg>
<doc>Types the given ``text`` into the text field identified by ``locator``.</doc>
<status status="PASS" start="2025-02-25T23:54:27.352238" elapsed="2.924008"/>
</kw>
<arg>2025-03-15</arg>
<arg>1</arg>
<arg>• CV/Resume\n• Cover Letter</arg>
<arg>600 per hours</arg>
<arg>• Currently pursuing or have completed a Bachelor's, Master's, or Ph.D. degree in Computer Science, Artificial Intelligence, Data Science, Engineering, Mathematics, or a related field.\n• Programming Proficiency - Experience with Python, R, or other relevant programming languages. Familiarity with AI frameworks such as TensorFlow, PyTorch, or Scikit-learn is preferred.</arg>
<arg>• Creating Model experience</arg>
<arg>Full-time</arg>
<arg>Work from home</arg>
<arg>2025-05-15</arg>
<arg>2025-09-20</arg>
<arg>• Submit application through the online portal\n• Initial screening\n• Interviews</arg>
<arg>We are seeking passionate and motivated individuals to join our AI &amp; Machine Learning Innovations team as Research Assistants. This role offers an exciting opportunity to contribute to cutting-edge research, develop AI models, and explore novel machine learning techniques.</arg>
<status status="PASS" start="2025-02-25T23:53:59.449780" elapsed="30.826466"/>
</kw>
<kw name="Execute Javascript" owner="SeleniumLibrary">
<msg time="2025-02-25T23:54:30.280260" level="INFO">Executing JavaScript:
window.scrollTo(0, document.body.scrollHeight);
Without any arguments.</msg>
<arg>window.scrollTo(0, document.body.scrollHeight);</arg>
<doc>Executes the given JavaScript code with possible arguments.</doc>
<status status="PASS" start="2025-02-25T23:54:30.279260" elapsed="0.821325"/>
</kw>
<kw name="Click Button" owner="SeleniumLibrary">
<msg time="2025-02-25T23:54:31.101479" level="INFO">Clicking button 'Save Changes'.</msg>
<arg>Save Changes</arg>
<doc>Clicks the button identified by ``locator``.</doc>
<status status="PASS" start="2025-02-25T23:54:31.101479" elapsed="4.656720"/>
</kw>
<kw name="Sleep" owner="BuiltIn">
<msg time="2025-02-25T23:54:38.770267" level="INFO">Slept 3 seconds.</msg>
<arg>3s</arg>
<doc>Pauses the test executed for the given time.</doc>
<status status="PASS" start="2025-02-25T23:54:35.759212" elapsed="3.011055"/>
</kw>
<status status="PASS" start="2025-02-25T23:53:43.696875" elapsed="55.073392"/>
</test>
<test id="s1-t25" name="Back to Application Detail" line="182">
<kw name="Click Element" owner="SeleniumLibrary">
<msg time="2025-02-25T23:54:38.771623" level="INFO">Clicking element 'css:.btn.btn-secondary.mt-3.ct-btn'.</msg>
<arg>css:.btn.btn-secondary.mt-3.ct-btn</arg>
<doc>Click the element identified by ``locator``.</doc>
<status status="PASS" start="2025-02-25T23:54:38.771623" elapsed="3.067593"/>
</kw>
<status status="PASS" start="2025-02-25T23:54:38.771623" elapsed="3.068210"/>
</test>
<test id="s1-t26" name="Delete Ph.D Application" line="185">
<kw name="Scroll Element Into View" owner="SeleniumLibrary">
<arg>xpath=(//a[contains(., 'View Details')])[2]</arg>
<doc>Scrolls the element identified by ``locator`` into view.</doc>
<status status="PASS" start="2025-02-25T23:54:41.840849" elapsed="1.901754"/>
</kw>
<kw name="Click Element" owner="SeleniumLibrary">
<msg time="2025-02-25T23:54:43.743573" level="INFO">Clicking element 'xpath=(//a[contains(., 'View Details')])[2]'.</msg>
<arg>xpath=(//a[contains(., 'View Details')])[2]</arg>
<doc>Click the element identified by ``locator``.</doc>
<status status="PASS" start="2025-02-25T23:54:43.742603" elapsed="2.077165"/>
</kw>
<kw name="Click Button" owner="SeleniumLibrary">
<msg time="2025-02-25T23:54:45.820373" level="INFO">Clicking button 'xpath=//button[contains(@class, 'btn-danger')]'.</msg>
<arg>xpath=//button[contains(@class, 'btn-danger')]</arg>
<doc>Clicks the button identified by ``locator``.</doc>
<status status="PASS" start="2025-02-25T23:54:45.820373" elapsed="4.107063"/>
</kw>
<kw name="Handle Alert" owner="SeleniumLibrary">
<msg time="2025-02-25T23:54:49.927436" level="INFO">HANDLE::&lt;class 'NoneType'&gt;::None</msg>
<arg>action=ACCEPT</arg>
<doc>Handles the current alert and returns its message.</doc>
<status status="PASS" start="2025-02-25T23:54:49.927436" elapsed="2.452637"/>
</kw>
<kw name="Sleep" owner="BuiltIn">
<msg time="2025-02-25T23:54:53.392187" level="INFO">Slept 1 second.</msg>
<arg>1s</arg>
<doc>Pauses the test executed for the given time.</doc>
<status status="PASS" start="2025-02-25T23:54:52.381935" elapsed="1.010252"/>
</kw>
<status status="PASS" start="2025-02-25T23:54:41.840849" elapsed="11.552338"/>
</test>
<test id="s1-t27" name="Postdoc Application Pass Deadline" line="192">
<kw name="Scroll Element Into View" owner="SeleniumLibrary">
<arg>xpath=(//a[contains(., 'View Details')])[2]</arg>
<doc>Scrolls the element identified by ``locator`` into view.</doc>
<status status="PASS" start="2025-02-25T23:54:53.393822" elapsed="1.911169"/>
</kw>
<kw name="Click Element" owner="SeleniumLibrary">
<msg time="2025-02-25T23:54:55.305918" level="INFO">Clicking element 'xpath=(//a[contains(., 'View Details')])[2]'.</msg>
<arg>xpath=(//a[contains(., 'View Details')])[2]</arg>
<doc>Click the element identified by ``locator``.</doc>
<status status="PASS" start="2025-02-25T23:54:55.304991" elapsed="2.097824"/>
</kw>
<kw name="Click Element" owner="SeleniumLibrary">
<msg time="2025-02-25T23:54:57.403167" level="INFO">Clicking element 'css:.btn.btn-warning.mt-3.ct-btn.me-2'.</msg>
<arg>css:.btn.btn-warning.mt-3.ct-btn.me-2</arg>
<doc>Click the element identified by ``locator``.</doc>
<status status="PASS" start="2025-02-25T23:54:57.403167" elapsed="2.106878"/>
</kw>
<kw name="Input Date Type" owner="resource">
<kw name="Execute Javascript" owner="SeleniumLibrary">
<msg time="2025-02-25T23:54:59.513060" level="INFO">Executing JavaScript:
var el = document.evaluate("//input[@name='app_deadline']", document, null, XPathResult.FIRST_ORDERED_NODE_TYPE, null).singleNodeValue;if(el) el.value = '2025-01-10';
Without any arguments.</msg>
<arg>var el = document.evaluate("${FORM_XPATH}//input[@name='${FIELD_NAME}']", document, null, XPathResult.FIRST_ORDERED_NODE_TYPE, null).singleNodeValue;</arg>
<arg>if(el) el.value = '${DATE}';</arg>
<doc>Executes the given JavaScript code with possible arguments.</doc>
<status status="PASS" start="2025-02-25T23:54:59.512060" elapsed="0.816206"/>
</kw>
<arg>${EMPTY}</arg>
<arg>app_deadline</arg>
<arg>2025-01-10</arg>
<status status="PASS" start="2025-02-25T23:54:59.511060" elapsed="0.817206"/>
</kw>
<kw name="Execute Javascript" owner="SeleniumLibrary">
<msg time="2025-02-25T23:55:00.329154" level="INFO">Executing JavaScript:
window.scrollTo(0, document.body.scrollHeight);
Without any arguments.</msg>
<arg>window.scrollTo(0, document.body.scrollHeight);</arg>
<doc>Executes the given JavaScript code with possible arguments.</doc>
<status status="PASS" start="2025-02-25T23:55:00.329154" elapsed="0.819419"/>
</kw>
<kw name="Click Button" owner="SeleniumLibrary">
<msg time="2025-02-25T23:55:01.150543" level="INFO">Clicking button 'Save Changes'.</msg>
<arg>Save Changes</arg>
<doc>Clicks the button identified by ``locator``.</doc>
<status status="PASS" start="2025-02-25T23:55:01.149577" elapsed="4.825175"/>
</kw>
<kw name="Click Element" owner="SeleniumLibrary">
<msg time="2025-02-25T23:55:05.975651" level="INFO">Clicking element 'css:.btn.btn-secondary.mt-3.ct-btn'.</msg>
<arg>css:.btn.btn-secondary.mt-3.ct-btn</arg>
<doc>Click the element identified by ``locator``.</doc>
<status status="PASS" start="2025-02-25T23:55:05.975651" elapsed="2.073700"/>
</kw>
<kw name="Sleep" owner="BuiltIn">
<msg time="2025-02-25T23:55:09.059267" level="INFO">Slept 1 second.</msg>
<arg>1s</arg>
<doc>Pauses the test executed for the given time.</doc>
<status status="PASS" start="2025-02-25T23:55:08.050366" elapsed="1.008901"/>
</kw>
<status status="PASS" start="2025-02-25T23:54:53.393187" elapsed="15.668095"/>
</test>
<test id="s1-t28" name="Project Closed" line="202">
<kw name="Scroll Element Into View" owner="SeleniumLibrary">
<arg>xpath=(//a[contains(., 'View Details')])[1]</arg>
<doc>Scrolls the element identified by ``locator`` into view.</doc>
<status status="PASS" start="2025-02-25T23:55:09.061282" elapsed="1.903790"/>
</kw>
<kw name="Click Element" owner="SeleniumLibrary">
<msg time="2025-02-25T23:55:10.966087" level="INFO">Clicking element 'xpath=(//a[contains(., 'View Details')])[1]'.</msg>
<arg>xpath=(//a[contains(., 'View Details')])[1]</arg>
<doc>Click the element identified by ``locator``.</doc>
<status status="PASS" start="2025-02-25T23:55:10.966087" elapsed="2.075241"/>
</kw>
<kw name="Click Element" owner="SeleniumLibrary">
<msg time="2025-02-25T23:55:13.042185" level="INFO">Clicking element 'css:.btn.btn-warning.mt-3.ct-btn.me-2'.</msg>
<arg>css:.btn.btn-warning.mt-3.ct-btn.me-2</arg>
<doc>Click the element identified by ``locator``.</doc>
<status status="PASS" start="2025-02-25T23:55:13.042185" elapsed="2.094352"/>
</kw>
<kw name="Input Date Type" owner="resource">
<kw name="Execute Javascript" owner="SeleniumLibrary">
<msg time="2025-02-25T23:55:15.138561" level="INFO">Executing JavaScript:
var el = document.evaluate("//input[@name='app_deadline']", document, null, XPathResult.FIRST_ORDERED_NODE_TYPE, null).singleNodeValue;if(el) el.value = '2025-02-10';
Without any arguments.</msg>
<arg>var el = document.evaluate("${FORM_XPATH}//input[@name='${FIELD_NAME}']", document, null, XPathResult.FIRST_ORDERED_NODE_TYPE, null).singleNodeValue;</arg>
<arg>if(el) el.value = '${DATE}';</arg>
<doc>Executes the given JavaScript code with possible arguments.</doc>
<status status="PASS" start="2025-02-25T23:55:15.137551" elapsed="0.819952"/>
</kw>
<arg>${EMPTY}</arg>
<arg>app_deadline</arg>
<arg>2025-02-10</arg>
<status status="PASS" start="2025-02-25T23:55:15.137551" elapsed="0.819952"/>
</kw>
<kw name="Execute Javascript" owner="SeleniumLibrary">
<msg time="2025-02-25T23:55:15.958382" level="INFO">Executing JavaScript:
window.scrollTo(0, document.body.scrollHeight);
Without any arguments.</msg>
<arg>window.scrollTo(0, document.body.scrollHeight);</arg>
<doc>Executes the given JavaScript code with possible arguments.</doc>
<status status="PASS" start="2025-02-25T23:55:15.957503" elapsed="0.805957"/>
</kw>
<kw name="Click Button" owner="SeleniumLibrary">
<msg time="2025-02-25T23:55:16.764474" level="INFO">Clicking button 'Save Changes'.</msg>
<arg>Save Changes</arg>
<doc>Clicks the button identified by ``locator``.</doc>
<status status="PASS" start="2025-02-25T23:55:16.764474" elapsed="4.567162"/>
</kw>
<kw name="Click Element" owner="SeleniumLibrary">
<msg time="2025-02-25T23:55:21.332601" level="INFO">Clicking element 'css:.btn.btn-secondary.mt-3.ct-btn'.</msg>
<arg>css:.btn.btn-secondary.mt-3.ct-btn</arg>
<doc>Click the element identified by ``locator``.</doc>
<status status="PASS" start="2025-02-25T23:55:21.332601" elapsed="2.122941"/>
</kw>
<kw name="Click Element" owner="SeleniumLibrary">
<msg time="2025-02-25T23:55:23.456053" level="INFO">Clicking element 'css:.btn.btn-secondary.mt-3.ct-btn'.</msg>
<arg>css:.btn.btn-secondary.mt-3.ct-btn</arg>
<doc>Click the element identified by ``locator``.</doc>
<status status="PASS" start="2025-02-25T23:55:23.456053" elapsed="2.077109"/>
</kw>
<kw name="Sleep" owner="BuiltIn">
<msg time="2025-02-25T23:55:27.535662" level="INFO">Slept 2 seconds.</msg>
<arg>2s</arg>
<doc>Pauses the test executed for the given time.</doc>
<status status="PASS" start="2025-02-25T23:55:25.533162" elapsed="2.002500"/>
</kw>
<status status="PASS" start="2025-02-25T23:55:09.061282" elapsed="18.474380"/>
</test>
<test id="s1-t29" name="Go To Project Detail" line="213">
<kw name="Click Element" owner="SeleniumLibrary">
<msg time="2025-02-25T23:55:27.537513" level="INFO">Clicking element 'xpath=//h5[contains(text(),'Project')]/ancestor::a'.</msg>
<msg time="2025-02-25T23:55:29.263225" level="INFO" html="true">&lt;/td&gt;&lt;/tr&gt;&lt;tr&gt;&lt;td colspan="3"&gt;&lt;a href="selenium-screenshot-11.png"&gt;&lt;img src="selenium-screenshot-11.png" width="800px"&gt;&lt;/a&gt;</msg>
<msg time="2025-02-25T23:55:29.263225" level="FAIL">Element with locator 'xpath=//h5[contains(text(),'Project')]/ancestor::a' not found.</msg>
<arg>xpath=//h5[contains(text(),'Project')]/ancestor::a</arg>
<doc>Click the element identified by ``locator``.</doc>
<status status="FAIL" start="2025-02-25T23:55:27.537513" elapsed="1.726712">Element with locator 'xpath=//h5[contains(text(),'Project')]/ancestor::a' not found.</status>
</kw>
<status status="FAIL" start="2025-02-25T23:55:27.536668" elapsed="1.730557">Element with locator 'xpath=//h5[contains(text(),'Project')]/ancestor::a' not found.</status>
</test>
<test id="s1-t30" name="Update Project" line="216">
<kw name="Click Element" owner="SeleniumLibrary">
<msg time="2025-02-25T23:55:29.268225" level="INFO">Clicking element 'xpath=//button[@data-bs-target='#editProjectModal']'.</msg>
<msg time="2025-02-25T23:55:30.980947" level="INFO" html="true">&lt;/td&gt;&lt;/tr&gt;&lt;tr&gt;&lt;td colspan="3"&gt;&lt;a href="selenium-screenshot-12.png"&gt;&lt;img src="selenium-screenshot-12.png" width="800px"&gt;&lt;/a&gt;</msg>
<msg time="2025-02-25T23:55:30.980947" level="FAIL">Element with locator 'xpath=//button[@data-bs-target='#editProjectModal']' not found.</msg>
<arg>xpath=//button[@data-bs-target='#editProjectModal']</arg>
<doc>Click the element identified by ``locator``.</doc>
<status status="FAIL" start="2025-02-25T23:55:29.268225" elapsed="1.712722">Element with locator 'xpath=//button[@data-bs-target='#editProjectModal']' not found.</status>
</kw>
<kw name="Edit Project" owner="resource">
<arg>Create Application for Data Science &amp; Data Analytics</arg>
<arg>We are looking for highly motivated and talented individuals to join our Data Science &amp; Data Analytics research team as Ph.D. Researchers. This position provides an excellent opportunity to engage in advanced research, develop data-driven solutions, and contribute to innovations in data analytics, big data processing, and predictive modeling.As a Ph.D. Researcher, you will work on complex datasets, apply cutting-edge machine learning techniques, and collaborate with leading experts to publish high-impact research. If you are passionate about pushing the boundaries of data science and analytics, we encourage you to apply!</arg>
<arg>222-2222-222</arg>
<status status="NOT RUN" start="2025-02-25T23:55:30.981952" elapsed="0.000000"/>
</kw>
<kw name="Get Text" owner="SeleniumLibrary">
<var>${Name_Text}</var>
<arg>xpath=//h3[contains(@class, 'text-primary')]</arg>
<doc>Returns the text value of the element identified by ``locator``.</doc>
<status status="NOT RUN" start="2025-02-25T23:55:30.981952" elapsed="0.000000"/>
</kw>
<kw name="Should Be Equal As Strings" owner="BuiltIn">
<arg>${Name_Text}</arg>
<arg>Create Application for Data Science &amp; Data Analytics</arg>
<doc>Fails if objects are unequal after converting them to strings.</doc>
<status status="NOT RUN" start="2025-02-25T23:55:30.982952" elapsed="0.000000"/>
</kw>
<kw name="Get Text" owner="SeleniumLibrary">
<var>${Contact_Text}</var>
<arg>xpath=//p[strong[text()='Contact:']]</arg>
<doc>Returns the text value of the element identified by ``locator``.</doc>
<status status="NOT RUN" start="2025-02-25T23:55:30.982952" elapsed="0.000000"/>
</kw>
<kw name="Should Be Equal As Strings" owner="BuiltIn">
<arg>${Contact_Text}</arg>
<arg>Contact: 222-2222-222</arg>
<doc>Fails if objects are unequal after converting them to strings.</doc>
<status status="NOT RUN" start="2025-02-25T23:55:30.983951" elapsed="0.000000"/>
</kw>
<kw name="Sleep" owner="BuiltIn">
<arg>1s</arg>
<doc>Pauses the test executed for the given time.</doc>
<status status="NOT RUN" start="2025-02-25T23:55:30.983951" elapsed="0.000000"/>
</kw>
<status status="FAIL" start="2025-02-25T23:55:29.268225" elapsed="1.715726">Element with locator 'xpath=//button[@data-bs-target='#editProjectModal']' not found.</status>
</test>
<test id="s1-t31" name="Delete Project" line="226">
<kw name="Click Button" owner="SeleniumLibrary">
<msg time="2025-02-25T23:55:30.985947" level="INFO">Clicking button 'xpath=//button[contains(@class, 'btn-danger')]'.</msg>
<msg time="2025-02-25T23:55:33.493760" level="INFO" html="true">&lt;/td&gt;&lt;/tr&gt;&lt;tr&gt;&lt;td colspan="3"&gt;&lt;a href="selenium-screenshot-13.png"&gt;&lt;img src="selenium-screenshot-13.png" width="800px"&gt;&lt;/a&gt;</msg>
<msg time="2025-02-25T23:55:33.493760" level="FAIL">Button with locator 'xpath=//button[contains(@class, 'btn-danger')]' not found.</msg>
<arg>xpath=//button[contains(@class, 'btn-danger')]</arg>
<doc>Clicks the button identified by ``locator``.</doc>
<status status="FAIL" start="2025-02-25T23:55:30.985947" elapsed="2.508814">Button with locator 'xpath=//button[contains(@class, 'btn-danger')]' not found.</status>
</kw>
<kw name="Handle Alert" owner="SeleniumLibrary">
<arg>action=ACCEPT</arg>
<doc>Handles the current alert and returns its message.</doc>
<status status="NOT RUN" start="2025-02-25T23:55:33.495761" elapsed="0.000000"/>
</kw>
<kw name="Sleep" owner="BuiltIn">
<arg>2s</arg>
<doc>Pauses the test executed for the given time.</doc>
<status status="NOT RUN" start="2025-02-25T23:55:33.495761" elapsed="0.000000"/>
</kw>
<status status="FAIL" start="2025-02-25T23:55:30.984945" elapsed="2.511561">Button with locator 'xpath=//button[contains(@class, 'btn-danger')]' not found.</status>
</test>
<status status="FAIL" start="2025-02-25T23:46:23.636087" elapsed="549.860419"/>
</suite>
<statistics>
<total>
<stat pass="26" fail="5" skip="0">All Tests</stat>
</total>
<tag>
</tag>
<suite>
<stat pass="26" fail="5" skip="0" id="s1" name="Test Application Valid">Test Application Valid</stat>
</suite>
</statistics>
<errors>
<msg time="2025-02-25T23:49:07.084832" level="WARN">Multiple tests with name 'Back to Application Detail' executed in suite 'Test Application Valid'.</msg>
<msg time="2025-02-25T23:49:31.623644" level="WARN">Multiple tests with name 'Back to Application Detail' executed in suite 'Test Application Valid'.</msg>
<msg time="2025-02-25T23:49:40.965934" level="WARN">Multiple tests with name 'Create Project' executed in suite 'Test Application Valid'.</msg>
<msg time="2025-02-25T23:49:55.602606" level="WARN">Multiple tests with name 'Go To Project Detail' executed in suite 'Test Application Valid'.</msg>
<msg time="2025-02-25T23:51:13.688657" level="WARN">Multiple tests with name 'Delete Project' executed in suite 'Test Application Valid'.</msg>
<msg time="2025-02-25T23:51:21.026605" level="WARN">Multiple tests with name 'Create Project' executed in suite 'Test Application Valid'.</msg>
<msg time="2025-02-25T23:51:35.698770" level="WARN">Multiple tests with name 'Go To Project Detail' executed in suite 'Test Application Valid'.</msg>
<msg time="2025-02-25T23:54:38.771281" level="WARN">Multiple tests with name 'Back to Application Detail' executed in suite 'Test Application Valid'.</msg>
<msg time="2025-02-25T23:55:27.536668" level="WARN">Multiple tests with name 'Go To Project Detail' executed in suite 'Test Application Valid'.</msg>
<msg time="2025-02-25T23:55:30.984945" level="WARN">Multiple tests with name 'Delete Project' executed in suite 'Test Application Valid'.</msg>
</errors>
</robot>
