<?xml version="1.0" encoding="UTF-8"?>
<robot generator="Robot 7.0.1 (Python 3.9.13 on win32)" generated="2025-02-26T09:13:14.131662" rpa="false" schemaversion="5">
<suite id="s1" name="Test Application Invalid" source="D:\SE\git-group-repository-sec1-group1\InitialProject\test\test_researchgroup\test_application_invalid.robot">
<test id="s1-t1" name="Open Website" line="10">
<kw name="Open Web" owner="resource">
<kw name="Open Custom Chrome Browser" owner="resource">
<kw name="Evaluate" owner="BuiltIn">
<msg time="2025-02-26T09:13:14.345350" level="INFO">${options} = &lt;selenium.webdriver.chrome.options.Options object at 0x0000025875DED790&gt;</msg>
<var>${options}</var>
<arg>sys.modules['selenium.webdriver'].ChromeOptions()</arg>
<arg>sys</arg>
<doc>Evaluates the given expression in Python and returns the result.</doc>
<status status="PASS" start="2025-02-26T09:13:14.345350" elapsed="0.000000"/>
</kw>
<kw name="Set Variable" owner="BuiltIn">
<arg>${options}</arg>
<arg>binary_location</arg>
<arg>${CHROME_BROWSER_PATH}</arg>
<doc>Returns the given values which can then be assigned to a variables.</doc>
<status status="PASS" start="2025-02-26T09:13:14.345350" elapsed="0.001000"/>
</kw>
<kw name="Evaluate" owner="BuiltIn">
<msg time="2025-02-26T09:13:14.346350" level="INFO">${service} = &lt;selenium.webdriver.chrome.service.Service object at 0x0000025875DEDA90&gt;</msg>
<var>${service}</var>
<arg>sys.modules["selenium.webdriver.chrome.service"].Service(executable_path=r"${CHROME_DRIVER_PATH}")</arg>
<arg>sys</arg>
<doc>Evaluates the given expression in Python and returns the result.</doc>
<status status="PASS" start="2025-02-26T09:13:14.346350" elapsed="0.000000"/>
</kw>
<kw name="Create Webdriver" owner="SeleniumLibrary">
<msg time="2025-02-26T09:13:14.347350" level="INFO">Creating an instance of the Chrome WebDriver.</msg>
<arg>Chrome</arg>
<arg>options=${options}</arg>
<arg>service=${service}</arg>
<doc>Creates an instance of Selenium WebDriver.</doc>
<status status="PASS" start="2025-02-26T09:13:14.347350" elapsed="1.155219"/>
</kw>
<kw name="Go To" owner="SeleniumLibrary">
<msg time="2025-02-26T09:13:15.503569" level="INFO">Opening url 'https://cs0167.cpkkuhost.com/'</msg>
<arg>${url}</arg>
<doc>Navigates the current browser window to the provided ``url``.</doc>
<status status="PASS" start="2025-02-26T09:13:15.502569" elapsed="5.761130"/>
</kw>
<arg>${BASE_URL}</arg>
<status status="PASS" start="2025-02-26T09:13:14.344350" elapsed="6.919349"/>
</kw>
<kw name="Maximize Browser Window" owner="SeleniumLibrary">
<doc>Maximizes current browser window.</doc>
<status status="PASS" start="2025-02-26T09:13:21.264702" elapsed="0.024994"/>
</kw>
<kw name="Set Selenium Speed" owner="SeleniumLibrary">
<arg>${DELAY}</arg>
<doc>Sets the delay that is waited after each Selenium command.</doc>
<status status="PASS" start="2025-02-26T09:13:21.290702" elapsed="0.000000"/>
</kw>
<kw name="Home Should Be Open" owner="resource">
<kw name="Title Should Be" owner="SeleniumLibrary">
<msg time="2025-02-26T09:13:22.102789" level="INFO">Page title is 'ระบบข้อมูลงานวิจัย วิทยาลัยการคอมพิวเตอร์'.</msg>
<arg>ระบบข้อมูลงานวิจัย วิทยาลัยการคอมพิวเตอร์</arg>
<doc>Verifies that the current page title equals ``title``.</doc>
<status status="PASS" start="2025-02-26T09:13:21.290702" elapsed="0.812087"/>
</kw>
<status status="PASS" start="2025-02-26T09:13:21.290702" elapsed="0.812087"/>
</kw>
<status status="PASS" start="2025-02-26T09:13:14.343303" elapsed="7.759486"/>
</kw>
<kw name="Sleep" owner="BuiltIn">
<msg time="2025-02-26T09:13:23.103947" level="INFO">Slept 1 second.</msg>
<arg>1s</arg>
<doc>Pauses the test executed for the given time.</doc>
<status status="PASS" start="2025-02-26T09:13:22.103753" elapsed="1.000194"/>
</kw>
<status status="PASS" start="2025-02-26T09:13:14.343303" elapsed="8.760644"/>
</test>
<test id="s1-t2" name="Go To Login" line="14">
<kw name="Execute Javascript" owner="SeleniumLibrary">
<msg time="2025-02-26T09:13:23.105906" level="INFO">Executing JavaScript:
document.evaluate("//a[@class='btn-solid-sm']", document, null, XPathResult.FIRST_ORDERED_NODE_TYPE, null).singleNodeValue.click();
Without any arguments.</msg>
<arg>document.evaluate("//a[@class='btn-solid-sm']", document, null, XPathResult.FIRST_ORDERED_NODE_TYPE, null).singleNodeValue.click();</arg>
<doc>Executes the given JavaScript code with possible arguments.</doc>
<status status="PASS" start="2025-02-26T09:13:23.104908" elapsed="0.878985"/>
</kw>
<kw name="Switch Tab" owner="resource">
<kw name="Get Window Handles" owner="SeleniumLibrary">
<msg time="2025-02-26T09:13:24.806836" level="INFO">${handles} = ['8BC07DA697FDB1D5E9541377A9A8494E', '393E88FD6C226F0B2D80CB74957E1B39']</msg>
<var>${handles}</var>
<doc>Returns all child window handles of the selected browser as a list.</doc>
<status status="PASS" start="2025-02-26T09:13:23.986894" elapsed="0.819942"/>
</kw>
<kw name="Switch Window" owner="SeleniumLibrary">
<arg>${handles}[${INDEX}]</arg>
<doc>Switches to browser window matching ``locator``.</doc>
<status status="PASS" start="2025-02-26T09:13:24.806836" elapsed="7.316151"/>
</kw>
<arg>1</arg>
<status status="PASS" start="2025-02-26T09:13:23.985893" elapsed="8.137094"/>
</kw>
<kw name="Title Should Be" owner="SeleniumLibrary">
<msg time="2025-02-26T09:13:32.928809" level="INFO">Page title is 'Login'.</msg>
<arg>Login</arg>
<doc>Verifies that the current page title equals ``title``.</doc>
<status status="PASS" start="2025-02-26T09:13:32.123945" elapsed="0.804864"/>
</kw>
<status status="PASS" start="2025-02-26T09:13:23.104908" elapsed="9.823901"/>
</test>
<test id="s1-t3" name="Login" line="19">
<kw name="Input Email" owner="resource">
<kw name="Input Text" owner="SeleniumLibrary">
<msg time="2025-02-26T09:13:32.930813" level="INFO">Typing text 'wongsar@kku.ac.th' into text field 'id:username'.</msg>
<arg>id:username</arg>
<arg>${EMAIL}</arg>
<doc>Types the given ``text`` into the text field identified by ``locator``.</doc>
<status status="PASS" start="2025-02-26T09:13:32.930813" elapsed="2.509462"/>
</kw>
<arg>wongsar@kku.ac.th</arg>
<status status="PASS" start="2025-02-26T09:13:32.929814" elapsed="2.510461"/>
</kw>
<kw name="Input Password" owner="SeleniumLibrary">
<msg time="2025-02-26T09:13:35.441268" level="INFO">Typing password into text field 'id:password'.</msg>
<msg time="2025-02-26T09:13:37.076912" level="INFO">Temporally setting log level to: NONE</msg>
<arg>id:password</arg>
<arg>123456789</arg>
<doc>Types the given password into the text field identified by ``locator``.</doc>
<status status="PASS" start="2025-02-26T09:13:35.440275" elapsed="2.487370"/>
</kw>
<kw name="Click Button" owner="SeleniumLibrary">
<msg time="2025-02-26T09:13:37.928503" level="INFO">Clicking button 'Log In'.</msg>
<arg>Log In</arg>
<doc>Clicks the button identified by ``locator``.</doc>
<status status="PASS" start="2025-02-26T09:13:37.928503" elapsed="7.104539"/>
</kw>
<kw name="Title Should Be" owner="SeleniumLibrary">
<msg time="2025-02-26T09:13:45.852673" level="INFO">Page title is 'Dashboard'.</msg>
<arg>Dashboard</arg>
<doc>Verifies that the current page title equals ``title``.</doc>
<status status="PASS" start="2025-02-26T09:13:45.035042" elapsed="0.817631"/>
</kw>
<status status="PASS" start="2025-02-26T09:13:32.929814" elapsed="12.923822"/>
</test>
<test id="s1-t4" name="Go To Application" line="25">
<kw name="Click Element" owner="SeleniumLibrary">
<msg time="2025-02-26T09:13:45.854641" level="INFO">Clicking element 'xpath=//a[contains(@href, 'researchGroups')]'.</msg>
<arg>xpath=//a[contains(@href, 'researchGroups')]</arg>
<doc>Click the element identified by ``locator``.</doc>
<status status="PASS" start="2025-02-26T09:13:45.854641" elapsed="2.210284"/>
</kw>
<kw name="Click Element" owner="SeleniumLibrary">
<msg time="2025-02-26T09:13:48.065932" level="INFO">Clicking element 'xpath=(//a[@title="Application"])[1]'.</msg>
<arg>xpath=(//a[@title="Application"])[1]</arg>
<doc>Click the element identified by ``locator``.</doc>
<status status="PASS" start="2025-02-26T09:13:48.065932" elapsed="2.331717"/>
</kw>
<status status="PASS" start="2025-02-26T09:13:45.854641" elapsed="4.545020"/>
</test>
<test id="s1-t5" name="Project Empty Name" line="29">
<kw name="Click Element" owner="SeleniumLibrary">
<msg time="2025-02-26T09:13:50.400660" level="INFO">Clicking element 'css:button.create-project-btn'.</msg>
<arg>css:button.create-project-btn</arg>
<doc>Click the element identified by ``locator``.</doc>
<status status="PASS" start="2025-02-26T09:13:50.400660" elapsed="1.664747"/>
</kw>
<kw name="Input Project" owner="resource">
<kw name="Input Text" owner="SeleniumLibrary">
<msg time="2025-02-26T09:13:52.067411" level="INFO">Typing text '' into text field 'id:projectName'.</msg>
<arg>id:projectName</arg>
<arg>${NAME}</arg>
<doc>Types the given ``text`` into the text field identified by ``locator``.</doc>
<status status="PASS" start="2025-02-26T09:13:52.066412" elapsed="2.484466"/>
</kw>
<kw name="Input Text" owner="SeleniumLibrary">
<msg time="2025-02-26T09:13:54.551880" level="INFO">Typing text 'We are seeking passionate and motivated individuals to join our AI &amp; Machine Learning Innovations team as Research Assistants. This role offers an exciting opportunity to contribute to cutting-edge research, develop AI models, and explore novel machine learning techniques.' into text field 'id:projectDescription'.</msg>
<arg>id:projectDescription</arg>
<arg>${DESCRIPTION}</arg>
<doc>Types the given ``text`` into the text field identified by ``locator``.</doc>
<status status="PASS" start="2025-02-26T09:13:54.550878" elapsed="2.766820"/>
</kw>
<kw name="Input Text" owner="SeleniumLibrary">
<msg time="2025-02-26T09:13:57.317698" level="INFO">Typing text '111-1111-111' into text field 'id:projectContact'.</msg>
<arg>id:projectContact</arg>
<arg>${CONTACT}</arg>
<doc>Types the given ``text`` into the text field identified by ``locator``.</doc>
<status status="PASS" start="2025-02-26T09:13:57.317698" elapsed="2.513113"/>
</kw>
<kw name="Click Button" owner="SeleniumLibrary">
<msg time="2025-02-26T09:13:59.830811" level="INFO">Clicking button 'Create'.</msg>
<arg>Create</arg>
<doc>Clicks the button identified by ``locator``.</doc>
<status status="PASS" start="2025-02-26T09:13:59.830811" elapsed="3.303578"/>
</kw>
<arg>${EMPTY}</arg>
<arg>We are seeking passionate and motivated individuals to join our AI &amp; Machine Learning Innovations team as Research Assistants. This role offers an exciting opportunity to contribute to cutting-edge research, develop AI models, and explore novel machine learning techniques.</arg>
<arg>111-1111-111</arg>
<status status="PASS" start="2025-02-26T09:13:52.066412" elapsed="11.067977"/>
</kw>
<status status="PASS" start="2025-02-26T09:13:50.399661" elapsed="12.735723"/>
</test>
<test id="s1-t6" name="Project Empty Description" line="33">
<kw name="Input Project" owner="resource">
<kw name="Input Text" owner="SeleniumLibrary">
<msg time="2025-02-26T09:14:03.137388" level="INFO">Typing text 'Create Application for AI &amp; Machine Learning Innovations' into text field 'id:projectName'.</msg>
<arg>id:projectName</arg>
<arg>${NAME}</arg>
<doc>Types the given ``text`` into the text field identified by ``locator``.</doc>
<status status="PASS" start="2025-02-26T09:14:03.136391" elapsed="2.537011"/>
</kw>
<kw name="Input Text" owner="SeleniumLibrary">
<msg time="2025-02-26T09:14:05.673402" level="INFO">Typing text '' into text field 'id:projectDescription'.</msg>
<arg>id:projectDescription</arg>
<arg>${DESCRIPTION}</arg>
<doc>Types the given ``text`` into the text field identified by ``locator``.</doc>
<status status="PASS" start="2025-02-26T09:14:05.673402" elapsed="2.478720"/>
</kw>
<kw name="Input Text" owner="SeleniumLibrary">
<msg time="2025-02-26T09:14:08.153090" level="INFO">Typing text '111-1111-111' into text field 'id:projectContact'.</msg>
<arg>id:projectContact</arg>
<arg>${CONTACT}</arg>
<doc>Types the given ``text`` into the text field identified by ``locator``.</doc>
<status status="PASS" start="2025-02-26T09:14:08.152122" elapsed="2.491817"/>
</kw>
<kw name="Click Button" owner="SeleniumLibrary">
<msg time="2025-02-26T09:14:10.643939" level="INFO">Clicking button 'Create'.</msg>
<arg>Create</arg>
<doc>Clicks the button identified by ``locator``.</doc>
<status status="PASS" start="2025-02-26T09:14:10.643939" elapsed="3.291393"/>
</kw>
<arg>Create Application for AI &amp; Machine Learning Innovations</arg>
<arg>${EMPTY}</arg>
<arg>111-1111-111</arg>
<status status="PASS" start="2025-02-26T09:14:03.136391" elapsed="10.798941"/>
</kw>
<status status="PASS" start="2025-02-26T09:14:03.135384" elapsed="10.800856"/>
</test>
<test id="s1-t7" name="Project Empty Contact" line="36">
<kw name="Input Project" owner="resource">
<kw name="Input Text" owner="SeleniumLibrary">
<msg time="2025-02-26T09:14:13.938257" level="INFO">Typing text 'Create Application for AI &amp; Machine Learning Innovations' into text field 'id:projectName'.</msg>
<arg>id:projectName</arg>
<arg>${NAME}</arg>
<doc>Types the given ``text`` into the text field identified by ``locator``.</doc>
<status status="PASS" start="2025-02-26T09:14:13.938257" elapsed="2.568785"/>
</kw>
<kw name="Input Text" owner="SeleniumLibrary">
<msg time="2025-02-26T09:14:16.507900" level="INFO">Typing text 'We are seeking passionate and motivated individuals to join our AI &amp; Machine Learning Innovations team as Research Assistants. This role offers an exciting opportunity to contribute to cutting-edge research, develop AI models, and explore novel machine learning techniques.' into text field 'id:projectDescription'.</msg>
<arg>id:projectDescription</arg>
<arg>${DESCRIPTION}</arg>
<doc>Types the given ``text`` into the text field identified by ``locator``.</doc>
<status status="PASS" start="2025-02-26T09:14:16.507042" elapsed="2.768226"/>
</kw>
<kw name="Input Text" owner="SeleniumLibrary">
<msg time="2025-02-26T09:14:19.275268" level="INFO">Typing text '' into text field 'id:projectContact'.</msg>
<arg>id:projectContact</arg>
<arg>${CONTACT}</arg>
<doc>Types the given ``text`` into the text field identified by ``locator``.</doc>
<status status="PASS" start="2025-02-26T09:14:19.275268" elapsed="2.477174"/>
</kw>
<kw name="Click Button" owner="SeleniumLibrary">
<msg time="2025-02-26T09:14:21.753322" level="INFO">Clicking button 'Create'.</msg>
<arg>Create</arg>
<doc>Clicks the button identified by ``locator``.</doc>
<status status="PASS" start="2025-02-26T09:14:21.752442" elapsed="3.264311"/>
</kw>
<arg>Create Application for AI &amp; Machine Learning Innovations</arg>
<arg>We are seeking passionate and motivated individuals to join our AI &amp; Machine Learning Innovations team as Research Assistants. This role offers an exciting opportunity to contribute to cutting-edge research, develop AI models, and explore novel machine learning techniques.</arg>
<arg>${EMPTY}</arg>
<status status="PASS" start="2025-02-26T09:14:13.937247" elapsed="11.079506"/>
</kw>
<kw name="Press Keys" owner="SeleniumLibrary">
<msg time="2025-02-26T09:14:25.017750" level="INFO">Sending key(s) ('ESC',) to page.</msg>
<msg time="2025-02-26T09:14:25.018750" level="INFO">Pressing special key ESCAPE to browser.</msg>
<msg time="2025-02-26T09:14:25.018750" level="INFO">Releasing special key ESCAPE.</msg>
<arg>NONE</arg>
<arg>ESC</arg>
<doc>Simulates the user pressing key(s) to an element or on the active browser.</doc>
<status status="PASS" start="2025-02-26T09:14:25.017750" elapsed="0.818231"/>
</kw>
<status status="PASS" start="2025-02-26T09:14:13.936240" elapsed="11.899741"/>
</test>
<test id="s1-t8" name="Create Project" line="40">
<kw name="Click Element" owner="SeleniumLibrary">
<msg time="2025-02-26T09:14:25.837949" level="INFO">Clicking element 'css:button.create-project-btn'.</msg>
<arg>css:button.create-project-btn</arg>
<doc>Click the element identified by ``locator``.</doc>
<status status="PASS" start="2025-02-26T09:14:25.837949" elapsed="1.667570"/>
</kw>
<kw name="Input Project" owner="resource">
<kw name="Input Text" owner="SeleniumLibrary">
<msg time="2025-02-26T09:14:27.507341" level="INFO">Typing text 'Create Application for AI &amp; Machine Learning Innovations' into text field 'id:projectName'.</msg>
<arg>id:projectName</arg>
<arg>${NAME}</arg>
<doc>Types the given ``text`` into the text field identified by ``locator``.</doc>
<status status="PASS" start="2025-02-26T09:14:27.506343" elapsed="2.573503"/>
</kw>
<kw name="Input Text" owner="SeleniumLibrary">
<msg time="2025-02-26T09:14:30.079846" level="INFO">Typing text 'We are seeking passionate and motivated individuals to join our AI &amp; Machine Learning Innovations team as Research Assistants. This role offers an exciting opportunity to contribute to cutting-edge research, develop AI models, and explore novel machine learning techniques.' into text field 'id:projectDescription'.</msg>
<arg>id:projectDescription</arg>
<arg>${DESCRIPTION}</arg>
<doc>Types the given ``text`` into the text field identified by ``locator``.</doc>
<status status="PASS" start="2025-02-26T09:14:30.079846" elapsed="2.749736"/>
</kw>
<kw name="Input Text" owner="SeleniumLibrary">
<msg time="2025-02-26T09:14:32.830596" level="INFO">Typing text '111-1111-111' into text field 'id:projectContact'.</msg>
<arg>id:projectContact</arg>
<arg>${CONTACT}</arg>
<doc>Types the given ``text`` into the text field identified by ``locator``.</doc>
<status status="PASS" start="2025-02-26T09:14:32.829582" elapsed="2.499268"/>
</kw>
<kw name="Click Button" owner="SeleniumLibrary">
<msg time="2025-02-26T09:14:35.329750" level="INFO">Clicking button 'Create'.</msg>
<arg>Create</arg>
<doc>Clicks the button identified by ``locator``.</doc>
<status status="PASS" start="2025-02-26T09:14:35.328850" elapsed="4.495316"/>
</kw>
<arg>Create Application for AI &amp; Machine Learning Innovations</arg>
<arg>We are seeking passionate and motivated individuals to join our AI &amp; Machine Learning Innovations team as Research Assistants. This role offers an exciting opportunity to contribute to cutting-edge research, develop AI models, and explore novel machine learning techniques.</arg>
<arg>111-1111-111</arg>
<status status="PASS" start="2025-02-26T09:14:27.506343" elapsed="12.317823"/>
</kw>
<status status="PASS" start="2025-02-26T09:14:25.836944" elapsed="13.988237"/>
</test>
<test id="s1-t9" name="Go To Project Detail" line="44">
<kw name="Click Element" owner="SeleniumLibrary">
<msg time="2025-02-26T09:14:39.826180" level="INFO">Clicking element 'xpath=//h5[contains(text(),'Create Application for AI &amp; Machine Learning Innovations')]/ancestor::a'.</msg>
<arg>xpath=//h5[contains(text(),'Create Application for AI &amp; Machine Learning Innovations')]/ancestor::a</arg>
<doc>Click the element identified by ``locator``.</doc>
<status status="PASS" start="2025-02-26T09:14:39.826180" elapsed="2.082053"/>
</kw>
<status status="PASS" start="2025-02-26T09:14:39.826180" elapsed="2.082940"/>
</test>
<test id="s1-t10" name="Open Form" line="47">
<kw name="Click Element" owner="SeleniumLibrary">
<msg time="2025-02-26T09:14:41.910122" level="INFO">Clicking element 'xpath=//a[contains(text(), 'Create Application')]'.</msg>
<arg>xpath=//a[contains(text(), 'Create Application')]</arg>
<doc>Click the element identified by ``locator``.</doc>
<status status="PASS" start="2025-02-26T09:14:41.910122" elapsed="2.076944"/>
</kw>
<kw name="Click Element" owner="SeleniumLibrary">
<msg time="2025-02-26T09:14:43.989002" level="INFO">Clicking element 'xpath=//label[@for='researchAssistant']'.</msg>
<arg>xpath=//label[@for='researchAssistant']</arg>
<doc>Click the element identified by ``locator``.</doc>
<status status="PASS" start="2025-02-26T09:14:43.988001" elapsed="1.682337"/>
</kw>
<kw name="Sleep" owner="BuiltIn">
<msg time="2025-02-26T09:14:46.688257" level="INFO">Slept 1 second.</msg>
<arg>1s</arg>
<doc>Pauses the test executed for the given time.</doc>
<status status="PASS" start="2025-02-26T09:14:45.672340" elapsed="1.015917"/>
</kw>
<status status="PASS" start="2025-02-26T09:14:41.910122" elapsed="4.779016"/>
</test>
<test id="s1-t11" name="Empty Deadline" line="52">
<kw name="Input Application" owner="resource">
<kw name="Scroll Element Into View" owner="SeleniumLibrary">
<arg>xpath=${FORM_XPATH}//input[@name='app_deadline[]']</arg>
<doc>Scrolls the element identified by ``locator`` into view.</doc>
<status status="PASS" start="2025-02-26T09:14:46.690691" elapsed="1.879901"/>
</kw>
<kw name="Input Date Type" owner="resource">
<kw name="Execute Javascript" owner="SeleniumLibrary">
<msg time="2025-02-26T09:14:48.571495" level="INFO">Executing JavaScript:
var el = document.evaluate("(//h4[contains(text(),'Research Assistant Application')]/ancestor::div[@class='mt-4 p-4 border rounded bg-light position-relative'])//input[@name='app_deadline[]']", document, null, XPathResult.FIRST_ORDERED_NODE_TYPE, null).singleNodeValue;if(el) el.value = '';
Without any arguments.</msg>
<arg>var el = document.evaluate("${FORM_XPATH}//input[@name='${FIELD_NAME}']", document, null, XPathResult.FIRST_ORDERED_NODE_TYPE, null).singleNodeValue;</arg>
<arg>if(el) el.value = '${DATE}';</arg>
<doc>Executes the given JavaScript code with possible arguments.</doc>
<status status="PASS" start="2025-02-26T09:14:48.571495" elapsed="0.809086"/>
</kw>
<arg>${FORM_XPATH}</arg>
<arg>app_deadline[]</arg>
<arg>${DEADLINE}</arg>
<status status="PASS" start="2025-02-26T09:14:48.570592" elapsed="0.809989"/>
</kw>
<kw name="Input Text" owner="SeleniumLibrary">
<msg time="2025-02-26T09:14:49.381576" level="INFO">Typing text '5' into text field 'xpath=(//h4[contains(text(),'Research Assistant Application')]/ancestor::div[@class='mt-4 p-4 border rounded bg-light position-relative'])//input[@name='amount[]']'.</msg>
<arg>xpath=${FORM_XPATH}//input[@name='amount[]']</arg>
<arg>${VACANCIES}</arg>
<doc>Types the given ``text`` into the text field identified by ``locator``.</doc>
<status status="PASS" start="2025-02-26T09:14:49.380581" elapsed="2.492884"/>
</kw>
<kw name="Input Text" owner="SeleniumLibrary">
<msg time="2025-02-26T09:14:51.873465" level="INFO">Typing text '• CV/Resume' into text field 'xpath=(//h4[contains(text(),'Research Assistant Application')]/ancestor::div[@class='mt-4 p-4 border rounded bg-light position-relative'])//textarea[@name='required_documents[]']'.</msg>
<arg>xpath=${FORM_XPATH}//textarea[@name='required_documents[]']</arg>
<arg>${DOCUMENTS}</arg>
<doc>Types the given ``text`` into the text field identified by ``locator``.</doc>
<status status="PASS" start="2025-02-26T09:14:51.873465" elapsed="2.515545"/>
</kw>
<kw name="Input Text" owner="SeleniumLibrary">
<msg time="2025-02-26T09:14:54.390017" level="INFO">Typing text '600 per hours' into text field 'xpath=(//h4[contains(text(),'Research Assistant Application')]/ancestor::div[@class='mt-4 p-4 border rounded bg-light position-relative'])//input[@name='salary_range[]']'.</msg>
<arg>xpath=${FORM_XPATH}//input[@name='salary_range[]']</arg>
<arg>${SALARY}</arg>
<doc>Types the given ``text`` into the text field identified by ``locator``.</doc>
<status status="PASS" start="2025-02-26T09:14:54.389010" elapsed="2.519762"/>
</kw>
<kw name="Input Text" owner="SeleniumLibrary">
<msg time="2025-02-26T09:14:56.909660" level="INFO">Typing text '• Currently pursuing or have completed a Bachelor's, Master's, or Ph.D. degree in Computer Science, Artificial Intelligence, Data Science, Engineering, Mathematics, or a related field.
• Programming Proficiency - Experience with Python, R, or other relevant programming languages. Familiarity with AI frameworks such as TensorFlow, PyTorch, or Scikit-learn is preferred.' into text field 'xpath=(//h4[contains(text(),'Research Assistant Application')]/ancestor::div[@class='mt-4 p-4 border rounded bg-light position-relative'])//textarea[@name='qualifications[]']'.</msg>
<arg>xpath=${FORM_XPATH}//textarea[@name='qualifications[]']</arg>
<arg>${QUALIFICATION}</arg>
<doc>Types the given ``text`` into the text field identified by ``locator``.</doc>
<status status="PASS" start="2025-02-26T09:14:56.909660" elapsed="2.981392"/>
</kw>
<kw name="Input Text" owner="SeleniumLibrary">
<msg time="2025-02-26T09:14:59.891976" level="INFO">Typing text '• Creating Model experience' into text field 'xpath=(//h4[contains(text(),'Research Assistant Application')]/ancestor::div[@class='mt-4 p-4 border rounded bg-light position-relative'])//textarea[@name='preferred_qualifications[]']'.</msg>
<arg>xpath=${FORM_XPATH}//textarea[@name='preferred_qualifications[]']</arg>
<arg>${PREFERRED_QUALIFICATIONS}</arg>
<doc>Types the given ``text`` into the text field identified by ``locator``.</doc>
<status status="PASS" start="2025-02-26T09:14:59.891052" elapsed="2.539309"/>
</kw>
<kw name="Input Text" owner="SeleniumLibrary">
<msg time="2025-02-26T09:15:02.430940" level="INFO">Typing text 'Full-time' into text field 'xpath=(//h4[contains(text(),'Research Assistant Application')]/ancestor::div[@class='mt-4 p-4 border rounded bg-light position-relative'])//input[@name='working_time[]']'.</msg>
<arg>xpath=${FORM_XPATH}//input[@name='working_time[]']</arg>
<arg>${WORKING_TIME}</arg>
<doc>Types the given ``text`` into the text field identified by ``locator``.</doc>
<status status="PASS" start="2025-02-26T09:15:02.430940" elapsed="2.507609"/>
</kw>
<kw name="Input Text" owner="SeleniumLibrary">
<msg time="2025-02-26T09:15:04.939420" level="INFO">Typing text 'Work from home' into text field 'xpath=(//h4[contains(text(),'Research Assistant Application')]/ancestor::div[@class='mt-4 p-4 border rounded bg-light position-relative'])//input[@name='work_location[]']'.</msg>
<arg>xpath=${FORM_XPATH}//input[@name='work_location[]']</arg>
<arg>${WORK_LOCATION}</arg>
<doc>Types the given ``text`` into the text field identified by ``locator``.</doc>
<status status="PASS" start="2025-02-26T09:15:04.938549" elapsed="2.548761"/>
</kw>
<kw name="Scroll Element Into View" owner="SeleniumLibrary">
<arg>${FORM_XPATH}//input[@name='start_date[]']</arg>
<doc>Scrolls the element identified by ``locator`` into view.</doc>
<status status="PASS" start="2025-02-26T09:15:07.487310" elapsed="1.889360"/>
</kw>
<kw name="Sleep" owner="BuiltIn">
<msg time="2025-02-26T09:15:10.381951" level="INFO">Slept 1 second.</msg>
<arg>1s</arg>
<doc>Pauses the test executed for the given time.</doc>
<status status="PASS" start="2025-02-26T09:15:09.376670" elapsed="1.005281"/>
</kw>
<kw name="Input Date Type" owner="resource">
<kw name="Execute Javascript" owner="SeleniumLibrary">
<msg time="2025-02-26T09:15:10.382844" level="INFO">Executing JavaScript:
var el = document.evaluate("(//h4[contains(text(),'Research Assistant Application')]/ancestor::div[@class='mt-4 p-4 border rounded bg-light position-relative'])//input[@name='start_date[]']", document, null, XPathResult.FIRST_ORDERED_NODE_TYPE, null).singleNodeValue;if(el) el.value = '2025-05-10';
Without any arguments.</msg>
<arg>var el = document.evaluate("${FORM_XPATH}//input[@name='${FIELD_NAME}']", document, null, XPathResult.FIRST_ORDERED_NODE_TYPE, null).singleNodeValue;</arg>
<arg>if(el) el.value = '${DATE}';</arg>
<doc>Executes the given JavaScript code with possible arguments.</doc>
<status status="PASS" start="2025-02-26T09:15:10.382844" elapsed="0.817821"/>
</kw>
<arg>${FORM_XPATH}</arg>
<arg>start_date[]</arg>
<arg>${START_DATE}</arg>
<status status="PASS" start="2025-02-26T09:15:10.382844" elapsed="0.817821"/>
</kw>
<kw name="Input Date Type" owner="resource">
<kw name="Execute Javascript" owner="SeleniumLibrary">
<msg time="2025-02-26T09:15:11.201674" level="INFO">Executing JavaScript:
var el = document.evaluate("(//h4[contains(text(),'Research Assistant Application')]/ancestor::div[@class='mt-4 p-4 border rounded bg-light position-relative'])//input[@name='end_date[]']", document, null, XPathResult.FIRST_ORDERED_NODE_TYPE, null).singleNodeValue;if(el) el.value = '2025-09-12';
Without any arguments.</msg>
<arg>var el = document.evaluate("${FORM_XPATH}//input[@name='${FIELD_NAME}']", document, null, XPathResult.FIRST_ORDERED_NODE_TYPE, null).singleNodeValue;</arg>
<arg>if(el) el.value = '${DATE}';</arg>
<doc>Executes the given JavaScript code with possible arguments.</doc>
<status status="PASS" start="2025-02-26T09:15:11.201674" elapsed="0.818225"/>
</kw>
<arg>${FORM_XPATH}</arg>
<arg>end_date[]</arg>
<arg>${END_DATE}</arg>
<status status="PASS" start="2025-02-26T09:15:11.200665" elapsed="0.819234"/>
</kw>
<kw name="Input Text" owner="SeleniumLibrary">
<msg time="2025-02-26T09:15:12.019899" level="INFO">Typing text '• Submit application through the online portal
• Initial screening
• Interviews' into text field 'xpath=(//h4[contains(text(),'Research Assistant Application')]/ancestor::div[@class='mt-4 p-4 border rounded bg-light position-relative'])//textarea[@name='application_process[]']'.</msg>
<arg>xpath=${FORM_XPATH}//textarea[@name='application_process[]']</arg>
<arg>${PROCESS}</arg>
<doc>Types the given ``text`` into the text field identified by ``locator``.</doc>
<status status="PASS" start="2025-02-26T09:15:12.019899" elapsed="2.614451"/>
</kw>
<kw name="Input Text" owner="SeleniumLibrary">
<msg time="2025-02-26T09:15:14.635345" level="INFO">Typing text 'We are seeking passionate and motivated individuals to join our AI &amp; Machine Learning Innovations team as Research Assistants. This role offers an exciting opportunity to contribute to cutting-edge research, develop AI models, and explore novel machine learning techniques.' into text field 'xpath=(//h4[contains(text(),'Research Assistant Application')]/ancestor::div[@class='mt-4 p-4 border rounded bg-light position-relative'])//textarea[@name='app_detail[]']'.</msg>
<arg>xpath=${FORM_XPATH}//textarea[@name='app_detail[]']</arg>
<arg>${DETAIL}</arg>
<doc>Types the given ``text`` into the text field identified by ``locator``.</doc>
<status status="PASS" start="2025-02-26T09:15:14.634350" elapsed="2.853032"/>
</kw>
<arg>${FORM_RESEARCHASSISTANT_PATH}</arg>
<arg>${EMPTY}</arg>
<arg>5</arg>
<arg>• CV/Resume</arg>
<arg>600 per hours</arg>
<arg>• Currently pursuing or have completed a Bachelor's, Master's, or Ph.D. degree in Computer Science, Artificial Intelligence, Data Science, Engineering, Mathematics, or a related field.\n• Programming Proficiency - Experience with Python, R, or other relevant programming languages. Familiarity with AI frameworks such as TensorFlow, PyTorch, or Scikit-learn is preferred.</arg>
<arg>• Creating Model experience</arg>
<arg>Full-time</arg>
<arg>Work from home</arg>
<arg>2025-05-10</arg>
<arg>2025-09-12</arg>
<arg>• Submit application through the online portal\n• Initial screening\n• Interviews</arg>
<arg>We are seeking passionate and motivated individuals to join our AI &amp; Machine Learning Innovations team as Research Assistants. This role offers an exciting opportunity to contribute to cutting-edge research, develop AI models, and explore novel machine learning techniques.</arg>
<status status="PASS" start="2025-02-26T09:14:46.690691" elapsed="30.796691"/>
</kw>
<kw name="Execute Javascript" owner="SeleniumLibrary">
<msg time="2025-02-26T09:15:17.488415" level="INFO">Executing JavaScript:
window.scrollTo(0, document.body.scrollHeight);
Without any arguments.</msg>
<arg>window.scrollTo(0, document.body.scrollHeight);</arg>
<doc>Executes the given JavaScript code with possible arguments.</doc>
<status status="PASS" start="2025-02-26T09:15:17.488415" elapsed="0.817631"/>
</kw>
<kw name="Click Button" owner="SeleniumLibrary">
<msg time="2025-02-26T09:15:18.307010" level="INFO">Clicking button 'Submit All Applications'.</msg>
<arg>Submit All Applications</arg>
<doc>Clicks the button identified by ``locator``.</doc>
<status status="PASS" start="2025-02-26T09:15:18.307010" elapsed="3.285279"/>
</kw>
<kw name="Sleep" owner="BuiltIn">
<msg time="2025-02-26T09:15:22.598379" level="INFO">Slept 1 second.</msg>
<arg>1s</arg>
<doc>Pauses the test executed for the given time.</doc>
<status status="PASS" start="2025-02-26T09:15:21.592289" elapsed="1.006090"/>
</kw>
<kw name="Scroll Element Into View" owner="SeleniumLibrary">
<arg>css:.btn.btn-secondary.mt-3</arg>
<doc>Scrolls the element identified by ``locator`` into view.</doc>
<status status="PASS" start="2025-02-26T09:15:22.599266" elapsed="1.888207"/>
</kw>
<kw name="Click Element" owner="SeleniumLibrary">
<msg time="2025-02-26T09:15:24.488488" level="INFO">Clicking element 'css:.btn.btn-secondary.mt-3'.</msg>
<arg>css:.btn.btn-secondary.mt-3</arg>
<doc>Click the element identified by ``locator``.</doc>
<status status="PASS" start="2025-02-26T09:15:24.488488" elapsed="2.596076"/>
</kw>
<status status="PASS" start="2025-02-26T09:14:46.690182" elapsed="40.394382"/>
</test>
<test id="s1-t12" name="Open Form" line="61">
<kw name="Click Element" owner="SeleniumLibrary">
<msg time="2025-02-26T09:15:27.086533" level="INFO">Clicking element 'xpath=//a[contains(text(), 'Create Application')]'.</msg>
<arg>xpath=//a[contains(text(), 'Create Application')]</arg>
<doc>Click the element identified by ``locator``.</doc>
<status status="PASS" start="2025-02-26T09:15:27.086533" elapsed="2.081559"/>
</kw>
<kw name="Click Element" owner="SeleniumLibrary">
<msg time="2025-02-26T09:15:29.169021" level="INFO">Clicking element 'xpath=//label[@for='researchAssistant']'.</msg>
<arg>xpath=//label[@for='researchAssistant']</arg>
<doc>Click the element identified by ``locator``.</doc>
<status status="PASS" start="2025-02-26T09:15:29.169021" elapsed="1.666567"/>
</kw>
<kw name="Sleep" owner="BuiltIn">
<msg time="2025-02-26T09:15:31.839830" level="INFO">Slept 1 second.</msg>
<arg>1s</arg>
<doc>Pauses the test executed for the given time.</doc>
<status status="PASS" start="2025-02-26T09:15:30.836471" elapsed="1.003359"/>
</kw>
<status status="PASS" start="2025-02-26T09:15:27.085533" elapsed="4.754297"/>
</test>
<test id="s1-t13" name="Empty Vacancies" line="66">
<kw name="Input Application" owner="resource">
<kw name="Scroll Element Into View" owner="SeleniumLibrary">
<arg>xpath=${FORM_XPATH}//input[@name='app_deadline[]']</arg>
<doc>Scrolls the element identified by ``locator`` into view.</doc>
<status status="PASS" start="2025-02-26T09:15:31.841819" elapsed="1.882777"/>
</kw>
<kw name="Input Date Type" owner="resource">
<kw name="Execute Javascript" owner="SeleniumLibrary">
<msg time="2025-02-26T09:15:33.725462" level="INFO">Executing JavaScript:
var el = document.evaluate("(//h4[contains(text(),'Research Assistant Application')]/ancestor::div[@class='mt-4 p-4 border rounded bg-light position-relative'])//input[@name='app_deadline[]']", document, null, XPathResult.FIRST_ORDERED_NODE_TYPE, null).singleNodeValue;if(el) el.value = '2025-02-28';
Without any arguments.</msg>
<arg>var el = document.evaluate("${FORM_XPATH}//input[@name='${FIELD_NAME}']", document, null, XPathResult.FIRST_ORDERED_NODE_TYPE, null).singleNodeValue;</arg>
<arg>if(el) el.value = '${DATE}';</arg>
<doc>Executes the given JavaScript code with possible arguments.</doc>
<status status="PASS" start="2025-02-26T09:15:33.725462" elapsed="0.815291"/>
</kw>
<arg>${FORM_XPATH}</arg>
<arg>app_deadline[]</arg>
<arg>${DEADLINE}</arg>
<status status="PASS" start="2025-02-26T09:15:33.724596" elapsed="0.816157"/>
</kw>
<kw name="Input Text" owner="SeleniumLibrary">
<msg time="2025-02-26T09:15:34.540753" level="INFO">Typing text '' into text field 'xpath=(//h4[contains(text(),'Research Assistant Application')]/ancestor::div[@class='mt-4 p-4 border rounded bg-light position-relative'])//input[@name='amount[]']'.</msg>
<arg>xpath=${FORM_XPATH}//input[@name='amount[]']</arg>
<arg>${VACANCIES}</arg>
<doc>Types the given ``text`` into the text field identified by ``locator``.</doc>
<status status="PASS" start="2025-02-26T09:15:34.540753" elapsed="2.473923"/>
</kw>
<kw name="Input Text" owner="SeleniumLibrary">
<msg time="2025-02-26T09:15:37.014676" level="INFO">Typing text '• CV/Resume' into text field 'xpath=(//h4[contains(text(),'Research Assistant Application')]/ancestor::div[@class='mt-4 p-4 border rounded bg-light position-relative'])//textarea[@name='required_documents[]']'.</msg>
<arg>xpath=${FORM_XPATH}//textarea[@name='required_documents[]']</arg>
<arg>${DOCUMENTS}</arg>
<doc>Types the given ``text`` into the text field identified by ``locator``.</doc>
<status status="PASS" start="2025-02-26T09:15:37.014676" elapsed="2.503216"/>
</kw>
<kw name="Input Text" owner="SeleniumLibrary">
<msg time="2025-02-26T09:15:39.517892" level="INFO">Typing text '600 per hours' into text field 'xpath=(//h4[contains(text(),'Research Assistant Application')]/ancestor::div[@class='mt-4 p-4 border rounded bg-light position-relative'])//input[@name='salary_range[]']'.</msg>
<arg>xpath=${FORM_XPATH}//input[@name='salary_range[]']</arg>
<arg>${SALARY}</arg>
<doc>Types the given ``text`` into the text field identified by ``locator``.</doc>
<status status="PASS" start="2025-02-26T09:15:39.517892" elapsed="2.526711"/>
</kw>
<kw name="Input Text" owner="SeleniumLibrary">
<msg time="2025-02-26T09:15:42.045596" level="INFO">Typing text '• Currently pursuing or have completed a Bachelor's, Master's, or Ph.D. degree in Computer Science, Artificial Intelligence, Data Science, Engineering, Mathematics, or a related field.
• Programming Proficiency - Experience with Python, R, or other relevant programming languages. Familiarity with AI frameworks such as TensorFlow, PyTorch, or Scikit-learn is preferred.' into text field 'xpath=(//h4[contains(text(),'Research Assistant Application')]/ancestor::div[@class='mt-4 p-4 border rounded bg-light position-relative'])//textarea[@name='qualifications[]']'.</msg>
<arg>xpath=${FORM_XPATH}//textarea[@name='qualifications[]']</arg>
<arg>${QUALIFICATION}</arg>
<doc>Types the given ``text`` into the text field identified by ``locator``.</doc>
<status status="PASS" start="2025-02-26T09:15:42.044603" elapsed="2.987640"/>
</kw>
<kw name="Input Text" owner="SeleniumLibrary">
<msg time="2025-02-26T09:15:45.033239" level="INFO">Typing text '• Creating Model experience' into text field 'xpath=(//h4[contains(text(),'Research Assistant Application')]/ancestor::div[@class='mt-4 p-4 border rounded bg-light position-relative'])//textarea[@name='preferred_qualifications[]']'.</msg>
<arg>xpath=${FORM_XPATH}//textarea[@name='preferred_qualifications[]']</arg>
<arg>${PREFERRED_QUALIFICATIONS}</arg>
<doc>Types the given ``text`` into the text field identified by ``locator``.</doc>
<status status="PASS" start="2025-02-26T09:15:45.032243" elapsed="2.551918"/>
</kw>
<kw name="Input Text" owner="SeleniumLibrary">
<msg time="2025-02-26T09:15:47.585064" level="INFO">Typing text 'Full-time' into text field 'xpath=(//h4[contains(text(),'Research Assistant Application')]/ancestor::div[@class='mt-4 p-4 border rounded bg-light position-relative'])//input[@name='working_time[]']'.</msg>
<arg>xpath=${FORM_XPATH}//input[@name='working_time[]']</arg>
<arg>${WORKING_TIME}</arg>
<doc>Types the given ``text`` into the text field identified by ``locator``.</doc>
<status status="PASS" start="2025-02-26T09:15:47.585064" elapsed="2.500781"/>
</kw>
<kw name="Input Text" owner="SeleniumLibrary">
<msg time="2025-02-26T09:15:50.085845" level="INFO">Typing text 'Work from home' into text field 'xpath=(//h4[contains(text(),'Research Assistant Application')]/ancestor::div[@class='mt-4 p-4 border rounded bg-light position-relative'])//input[@name='work_location[]']'.</msg>
<arg>xpath=${FORM_XPATH}//input[@name='work_location[]']</arg>
<arg>${WORK_LOCATION}</arg>
<doc>Types the given ``text`` into the text field identified by ``locator``.</doc>
<status status="PASS" start="2025-02-26T09:15:50.085845" elapsed="2.493511"/>
</kw>
<kw name="Scroll Element Into View" owner="SeleniumLibrary">
<arg>${FORM_XPATH}//input[@name='start_date[]']</arg>
<doc>Scrolls the element identified by ``locator`` into view.</doc>
<status status="PASS" start="2025-02-26T09:15:52.579356" elapsed="1.872276"/>
</kw>
<kw name="Sleep" owner="BuiltIn">
<msg time="2025-02-26T09:15:55.461955" level="INFO">Slept 1 second.</msg>
<arg>1s</arg>
<doc>Pauses the test executed for the given time.</doc>
<status status="PASS" start="2025-02-26T09:15:54.451632" elapsed="1.010323"/>
</kw>
<kw name="Input Date Type" owner="resource">
<kw name="Execute Javascript" owner="SeleniumLibrary">
<msg time="2025-02-26T09:15:55.462955" level="INFO">Executing JavaScript:
var el = document.evaluate("(//h4[contains(text(),'Research Assistant Application')]/ancestor::div[@class='mt-4 p-4 border rounded bg-light position-relative'])//input[@name='start_date[]']", document, null, XPathResult.FIRST_ORDERED_NODE_TYPE, null).singleNodeValue;if(el) el.value = '2025-05-10';
Without any arguments.</msg>
<arg>var el = document.evaluate("${FORM_XPATH}//input[@name='${FIELD_NAME}']", document, null, XPathResult.FIRST_ORDERED_NODE_TYPE, null).singleNodeValue;</arg>
<arg>if(el) el.value = '${DATE}';</arg>
<doc>Executes the given JavaScript code with possible arguments.</doc>
<status status="PASS" start="2025-02-26T09:15:55.462955" elapsed="0.820954"/>
</kw>
<arg>${FORM_XPATH}</arg>
<arg>start_date[]</arg>
<arg>${START_DATE}</arg>
<status status="PASS" start="2025-02-26T09:15:55.461955" elapsed="0.821954"/>
</kw>
<kw name="Input Date Type" owner="resource">
<kw name="Execute Javascript" owner="SeleniumLibrary">
<msg time="2025-02-26T09:15:56.284942" level="INFO">Executing JavaScript:
var el = document.evaluate("(//h4[contains(text(),'Research Assistant Application')]/ancestor::div[@class='mt-4 p-4 border rounded bg-light position-relative'])//input[@name='end_date[]']", document, null, XPathResult.FIRST_ORDERED_NODE_TYPE, null).singleNodeValue;if(el) el.value = '2025-09-12';
Without any arguments.</msg>
<arg>var el = document.evaluate("${FORM_XPATH}//input[@name='${FIELD_NAME}']", document, null, XPathResult.FIRST_ORDERED_NODE_TYPE, null).singleNodeValue;</arg>
<arg>if(el) el.value = '${DATE}';</arg>
<doc>Executes the given JavaScript code with possible arguments.</doc>
<status status="PASS" start="2025-02-26T09:15:56.283909" elapsed="0.816735"/>
</kw>
<arg>${FORM_XPATH}</arg>
<arg>end_date[]</arg>
<arg>${END_DATE}</arg>
<status status="PASS" start="2025-02-26T09:15:56.283909" elapsed="0.816735"/>
</kw>
<kw name="Input Text" owner="SeleniumLibrary">
<msg time="2025-02-26T09:15:57.101609" level="INFO">Typing text '• Submit application through the online portal
• Initial screening
• Interviews' into text field 'xpath=(//h4[contains(text(),'Research Assistant Application')]/ancestor::div[@class='mt-4 p-4 border rounded bg-light position-relative'])//textarea[@name='application_process[]']'.</msg>
<arg>xpath=${FORM_XPATH}//textarea[@name='application_process[]']</arg>
<arg>${PROCESS}</arg>
<doc>Types the given ``text`` into the text field identified by ``locator``.</doc>
<status status="PASS" start="2025-02-26T09:15:57.100644" elapsed="2.599842"/>
</kw>
<kw name="Input Text" owner="SeleniumLibrary">
<msg time="2025-02-26T09:15:59.701457" level="INFO">Typing text 'We are seeking passionate and motivated individuals to join our AI &amp; Machine Learning Innovations team as Research Assistants. This role offers an exciting opportunity to contribute to cutting-edge research, develop AI models, and explore novel machine learning techniques.' into text field 'xpath=(//h4[contains(text(),'Research Assistant Application')]/ancestor::div[@class='mt-4 p-4 border rounded bg-light position-relative'])//textarea[@name='app_detail[]']'.</msg>
<arg>xpath=${FORM_XPATH}//textarea[@name='app_detail[]']</arg>
<arg>${DETAIL}</arg>
<doc>Types the given ``text`` into the text field identified by ``locator``.</doc>
<status status="PASS" start="2025-02-26T09:15:59.700486" elapsed="2.859806"/>
</kw>
<arg>${FORM_RESEARCHASSISTANT_PATH}</arg>
<arg>2025-02-28</arg>
<arg>${EMPTY}</arg>
<arg>• CV/Resume</arg>
<arg>600 per hours</arg>
<arg>• Currently pursuing or have completed a Bachelor's, Master's, or Ph.D. degree in Computer Science, Artificial Intelligence, Data Science, Engineering, Mathematics, or a related field.\n• Programming Proficiency - Experience with Python, R, or other relevant programming languages. Familiarity with AI frameworks such as TensorFlow, PyTorch, or Scikit-learn is preferred.</arg>
<arg>• Creating Model experience</arg>
<arg>Full-time</arg>
<arg>Work from home</arg>
<arg>2025-05-10</arg>
<arg>2025-09-12</arg>
<arg>• Submit application through the online portal\n• Initial screening\n• Interviews</arg>
<arg>We are seeking passionate and motivated individuals to join our AI &amp; Machine Learning Innovations team as Research Assistants. This role offers an exciting opportunity to contribute to cutting-edge research, develop AI models, and explore novel machine learning techniques.</arg>
<status status="PASS" start="2025-02-26T09:15:31.840803" elapsed="30.719489"/>
</kw>
<kw name="Execute Javascript" owner="SeleniumLibrary">
<msg time="2025-02-26T09:16:02.561254" level="INFO">Executing JavaScript:
window.scrollTo(0, document.body.scrollHeight);
Without any arguments.</msg>
<arg>window.scrollTo(0, document.body.scrollHeight);</arg>
<doc>Executes the given JavaScript code with possible arguments.</doc>
<status status="PASS" start="2025-02-26T09:16:02.561254" elapsed="0.820905"/>
</kw>
<kw name="Click Button" owner="SeleniumLibrary">
<msg time="2025-02-26T09:16:03.383123" level="INFO">Clicking button 'Submit All Applications'.</msg>
<arg>Submit All Applications</arg>
<doc>Clicks the button identified by ``locator``.</doc>
<status status="PASS" start="2025-02-26T09:16:03.382159" elapsed="3.291430"/>
</kw>
<kw name="Sleep" owner="BuiltIn">
<msg time="2025-02-26T09:16:07.680007" level="INFO">Slept 1 second.</msg>
<arg>1s</arg>
<doc>Pauses the test executed for the given time.</doc>
<status status="PASS" start="2025-02-26T09:16:06.673589" elapsed="1.006418"/>
</kw>
<kw name="Scroll Element Into View" owner="SeleniumLibrary">
<arg>css:.btn.btn-secondary.mt-3</arg>
<doc>Scrolls the element identified by ``locator`` into view.</doc>
<status status="PASS" start="2025-02-26T09:16:07.680875" elapsed="1.894619"/>
</kw>
<kw name="Click Element" owner="SeleniumLibrary">
<msg time="2025-02-26T09:16:09.576454" level="INFO">Clicking element 'css:.btn.btn-secondary.mt-3'.</msg>
<arg>css:.btn.btn-secondary.mt-3</arg>
<doc>Click the element identified by ``locator``.</doc>
<status status="PASS" start="2025-02-26T09:16:09.576454" elapsed="2.573695"/>
</kw>
<status status="PASS" start="2025-02-26T09:15:31.840803" elapsed="40.309346"/>
</test>
<test id="s1-t14" name="Open Form" line="76">
<kw name="Click Element" owner="SeleniumLibrary">
<msg time="2025-02-26T09:16:12.152115" level="INFO">Clicking element 'xpath=//a[contains(text(), 'Create Application')]'.</msg>
<arg>xpath=//a[contains(text(), 'Create Application')]</arg>
<doc>Click the element identified by ``locator``.</doc>
<status status="PASS" start="2025-02-26T09:16:12.152115" elapsed="2.049517"/>
</kw>
<kw name="Click Element" owner="SeleniumLibrary">
<msg time="2025-02-26T09:16:14.202634" level="INFO">Clicking element 'xpath=//label[@for='researchAssistant']'.</msg>
<arg>xpath=//label[@for='researchAssistant']</arg>
<doc>Click the element identified by ``locator``.</doc>
<status status="PASS" start="2025-02-26T09:16:14.201632" elapsed="1.685984"/>
</kw>
<kw name="Sleep" owner="BuiltIn">
<msg time="2025-02-26T09:16:16.892680" level="INFO">Slept 1 second.</msg>
<arg>1s</arg>
<doc>Pauses the test executed for the given time.</doc>
<status status="PASS" start="2025-02-26T09:16:15.888580" elapsed="1.004100"/>
</kw>
<status status="PASS" start="2025-02-26T09:16:12.151116" elapsed="4.742558"/>
</test>
<test id="s1-t15" name="Empty Required Documents" line="81">
<kw name="Input Application" owner="resource">
<kw name="Scroll Element Into View" owner="SeleniumLibrary">
<arg>xpath=${FORM_XPATH}//input[@name='app_deadline[]']</arg>
<doc>Scrolls the element identified by ``locator`` into view.</doc>
<status status="PASS" start="2025-02-26T09:16:16.895672" elapsed="1.887400"/>
</kw>
<kw name="Input Date Type" owner="resource">
<kw name="Execute Javascript" owner="SeleniumLibrary">
<msg time="2025-02-26T09:16:18.784038" level="INFO">Executing JavaScript:
var el = document.evaluate("(//h4[contains(text(),'Research Assistant Application')]/ancestor::div[@class='mt-4 p-4 border rounded bg-light position-relative'])//input[@name='app_deadline[]']", document, null, XPathResult.FIRST_ORDERED_NODE_TYPE, null).singleNodeValue;if(el) el.value = '2025-02-28';
Without any arguments.</msg>
<arg>var el = document.evaluate("${FORM_XPATH}//input[@name='${FIELD_NAME}']", document, null, XPathResult.FIRST_ORDERED_NODE_TYPE, null).singleNodeValue;</arg>
<arg>if(el) el.value = '${DATE}';</arg>
<doc>Executes the given JavaScript code with possible arguments.</doc>
<status status="PASS" start="2025-02-26T09:16:18.783072" elapsed="0.807779"/>
</kw>
<arg>${FORM_XPATH}</arg>
<arg>app_deadline[]</arg>
<arg>${DEADLINE}</arg>
<status status="PASS" start="2025-02-26T09:16:18.783072" elapsed="0.807779"/>
</kw>
<kw name="Input Text" owner="SeleniumLibrary">
<msg time="2025-02-26T09:16:19.591816" level="INFO">Typing text '5' into text field 'xpath=(//h4[contains(text(),'Research Assistant Application')]/ancestor::div[@class='mt-4 p-4 border rounded bg-light position-relative'])//input[@name='amount[]']'.</msg>
<arg>xpath=${FORM_XPATH}//input[@name='amount[]']</arg>
<arg>${VACANCIES}</arg>
<doc>Types the given ``text`` into the text field identified by ``locator``.</doc>
<status status="PASS" start="2025-02-26T09:16:19.590851" elapsed="2.486828"/>
</kw>
<kw name="Input Text" owner="SeleniumLibrary">
<msg time="2025-02-26T09:16:22.077679" level="INFO">Typing text '' into text field 'xpath=(//h4[contains(text(),'Research Assistant Application')]/ancestor::div[@class='mt-4 p-4 border rounded bg-light position-relative'])//textarea[@name='required_documents[]']'.</msg>
<arg>xpath=${FORM_XPATH}//textarea[@name='required_documents[]']</arg>
<arg>${DOCUMENTS}</arg>
<doc>Types the given ``text`` into the text field identified by ``locator``.</doc>
<status status="PASS" start="2025-02-26T09:16:22.077679" elapsed="2.472196"/>
</kw>
<kw name="Input Text" owner="SeleniumLibrary">
<msg time="2025-02-26T09:16:24.549875" level="INFO">Typing text '600 per hours' into text field 'xpath=(//h4[contains(text(),'Research Assistant Application')]/ancestor::div[@class='mt-4 p-4 border rounded bg-light position-relative'])//input[@name='salary_range[]']'.</msg>
<arg>xpath=${FORM_XPATH}//input[@name='salary_range[]']</arg>
<arg>${SALARY}</arg>
<doc>Types the given ``text`` into the text field identified by ``locator``.</doc>
<status status="PASS" start="2025-02-26T09:16:24.549875" elapsed="2.488020"/>
</kw>
<kw name="Input Text" owner="SeleniumLibrary">
<msg time="2025-02-26T09:16:27.038895" level="INFO">Typing text '• Currently pursuing or have completed a Bachelor's, Master's, or Ph.D. degree in Computer Science, Artificial Intelligence, Data Science, Engineering, Mathematics, or a related field.
• Programming Proficiency - Experience with Python, R, or other relevant programming languages. Familiarity with AI frameworks such as TensorFlow, PyTorch, or Scikit-learn is preferred.' into text field 'xpath=(//h4[contains(text(),'Research Assistant Application')]/ancestor::div[@class='mt-4 p-4 border rounded bg-light position-relative'])//textarea[@name='qualifications[]']'.</msg>
<arg>xpath=${FORM_XPATH}//textarea[@name='qualifications[]']</arg>
<arg>${QUALIFICATION}</arg>
<doc>Types the given ``text`` into the text field identified by ``locator``.</doc>
<status status="PASS" start="2025-02-26T09:16:27.037895" elapsed="3.096015"/>
</kw>
<kw name="Input Text" owner="SeleniumLibrary">
<msg time="2025-02-26T09:16:30.134912" level="INFO">Typing text '• Creating Model experience' into text field 'xpath=(//h4[contains(text(),'Research Assistant Application')]/ancestor::div[@class='mt-4 p-4 border rounded bg-light position-relative'])//textarea[@name='preferred_qualifications[]']'.</msg>
<arg>xpath=${FORM_XPATH}//textarea[@name='preferred_qualifications[]']</arg>
<arg>${PREFERRED_QUALIFICATIONS}</arg>
<doc>Types the given ``text`` into the text field identified by ``locator``.</doc>
<status status="PASS" start="2025-02-26T09:16:30.133910" elapsed="2.537176"/>
</kw>
<kw name="Input Text" owner="SeleniumLibrary">
<msg time="2025-02-26T09:16:32.671086" level="INFO">Typing text 'Full-time' into text field 'xpath=(//h4[contains(text(),'Research Assistant Application')]/ancestor::div[@class='mt-4 p-4 border rounded bg-light position-relative'])//input[@name='working_time[]']'.</msg>
<arg>xpath=${FORM_XPATH}//input[@name='working_time[]']</arg>
<arg>${WORKING_TIME}</arg>
<doc>Types the given ``text`` into the text field identified by ``locator``.</doc>
<status status="PASS" start="2025-02-26T09:16:32.671086" elapsed="2.501590"/>
</kw>
<kw name="Input Text" owner="SeleniumLibrary">
<msg time="2025-02-26T09:16:35.172676" level="INFO">Typing text 'Work from home' into text field 'xpath=(//h4[contains(text(),'Research Assistant Application')]/ancestor::div[@class='mt-4 p-4 border rounded bg-light position-relative'])//input[@name='work_location[]']'.</msg>
<arg>xpath=${FORM_XPATH}//input[@name='work_location[]']</arg>
<arg>${WORK_LOCATION}</arg>
<doc>Types the given ``text`` into the text field identified by ``locator``.</doc>
<status status="PASS" start="2025-02-26T09:16:35.172676" elapsed="2.517049"/>
</kw>
<kw name="Scroll Element Into View" owner="SeleniumLibrary">
<arg>${FORM_XPATH}//input[@name='start_date[]']</arg>
<doc>Scrolls the element identified by ``locator`` into view.</doc>
<status status="PASS" start="2025-02-26T09:16:37.689725" elapsed="1.889282"/>
</kw>
<kw name="Sleep" owner="BuiltIn">
<msg time="2025-02-26T09:16:40.586716" level="INFO">Slept 1 second.</msg>
<arg>1s</arg>
<doc>Pauses the test executed for the given time.</doc>
<status status="PASS" start="2025-02-26T09:16:39.579007" elapsed="1.007709"/>
</kw>
<kw name="Input Date Type" owner="resource">
<kw name="Execute Javascript" owner="SeleniumLibrary">
<msg time="2025-02-26T09:16:40.587681" level="INFO">Executing JavaScript:
var el = document.evaluate("(//h4[contains(text(),'Research Assistant Application')]/ancestor::div[@class='mt-4 p-4 border rounded bg-light position-relative'])//input[@name='start_date[]']", document, null, XPathResult.FIRST_ORDERED_NODE_TYPE, null).singleNodeValue;if(el) el.value = '2025-05-10';
Without any arguments.</msg>
<arg>var el = document.evaluate("${FORM_XPATH}//input[@name='${FIELD_NAME}']", document, null, XPathResult.FIRST_ORDERED_NODE_TYPE, null).singleNodeValue;</arg>
<arg>if(el) el.value = '${DATE}';</arg>
<doc>Executes the given JavaScript code with possible arguments.</doc>
<status status="PASS" start="2025-02-26T09:16:40.587681" elapsed="0.804454"/>
</kw>
<arg>${FORM_XPATH}</arg>
<arg>start_date[]</arg>
<arg>${START_DATE}</arg>
<status status="PASS" start="2025-02-26T09:16:40.586716" elapsed="0.805419"/>
</kw>
<kw name="Input Date Type" owner="resource">
<kw name="Execute Javascript" owner="SeleniumLibrary">
<msg time="2025-02-26T09:16:41.393003" level="INFO">Executing JavaScript:
var el = document.evaluate("(//h4[contains(text(),'Research Assistant Application')]/ancestor::div[@class='mt-4 p-4 border rounded bg-light position-relative'])//input[@name='end_date[]']", document, null, XPathResult.FIRST_ORDERED_NODE_TYPE, null).singleNodeValue;if(el) el.value = '2025-09-12';
Without any arguments.</msg>
<arg>var el = document.evaluate("${FORM_XPATH}//input[@name='${FIELD_NAME}']", document, null, XPathResult.FIRST_ORDERED_NODE_TYPE, null).singleNodeValue;</arg>
<arg>if(el) el.value = '${DATE}';</arg>
<doc>Executes the given JavaScript code with possible arguments.</doc>
<status status="PASS" start="2025-02-26T09:16:41.393003" elapsed="0.847813"/>
</kw>
<arg>${FORM_XPATH}</arg>
<arg>end_date[]</arg>
<arg>${END_DATE}</arg>
<status status="PASS" start="2025-02-26T09:16:41.392135" elapsed="0.848681"/>
</kw>
<kw name="Input Text" owner="SeleniumLibrary">
<msg time="2025-02-26T09:16:42.241819" level="INFO">Typing text '• Submit application through the online portal
• Initial screening
• Interviews' into text field 'xpath=(//h4[contains(text(),'Research Assistant Application')]/ancestor::div[@class='mt-4 p-4 border rounded bg-light position-relative'])//textarea[@name='application_process[]']'.</msg>
<arg>xpath=${FORM_XPATH}//textarea[@name='application_process[]']</arg>
<arg>${PROCESS}</arg>
<doc>Types the given ``text`` into the text field identified by ``locator``.</doc>
<status status="PASS" start="2025-02-26T09:16:42.240816" elapsed="2.614619"/>
</kw>
<kw name="Input Text" owner="SeleniumLibrary">
<msg time="2025-02-26T09:16:44.856454" level="INFO">Typing text 'We are seeking passionate and motivated individuals to join our AI &amp; Machine Learning Innovations team as Research Assistants. This role offers an exciting opportunity to contribute to cutting-edge research, develop AI models, and explore novel machine learning techniques.' into text field 'xpath=(//h4[contains(text(),'Research Assistant Application')]/ancestor::div[@class='mt-4 p-4 border rounded bg-light position-relative'])//textarea[@name='app_detail[]']'.</msg>
<arg>xpath=${FORM_XPATH}//textarea[@name='app_detail[]']</arg>
<arg>${DETAIL}</arg>
<doc>Types the given ``text`` into the text field identified by ``locator``.</doc>
<status status="PASS" start="2025-02-26T09:16:44.855435" elapsed="2.877111"/>
</kw>
<arg>${FORM_RESEARCHASSISTANT_PATH}</arg>
<arg>2025-02-28</arg>
<arg>5</arg>
<arg>${EMPTY}</arg>
<arg>600 per hours</arg>
<arg>• Currently pursuing or have completed a Bachelor's, Master's, or Ph.D. degree in Computer Science, Artificial Intelligence, Data Science, Engineering, Mathematics, or a related field.\n• Programming Proficiency - Experience with Python, R, or other relevant programming languages. Familiarity with AI frameworks such as TensorFlow, PyTorch, or Scikit-learn is preferred.</arg>
<arg>• Creating Model experience</arg>
<arg>Full-time</arg>
<arg>Work from home</arg>
<arg>2025-05-10</arg>
<arg>2025-09-12</arg>
<arg>• Submit application through the online portal\n• Initial screening\n• Interviews</arg>
<arg>We are seeking passionate and motivated individuals to join our AI &amp; Machine Learning Innovations team as Research Assistants. This role offers an exciting opportunity to contribute to cutting-edge research, develop AI models, and explore novel machine learning techniques.</arg>
<status status="PASS" start="2025-02-26T09:16:16.894679" elapsed="30.837867"/>
</kw>
<kw name="Execute Javascript" owner="SeleniumLibrary">
<msg time="2025-02-26T09:16:47.734548" level="INFO">Executing JavaScript:
window.scrollTo(0, document.body.scrollHeight);
Without any arguments.</msg>
<arg>window.scrollTo(0, document.body.scrollHeight);</arg>
<doc>Executes the given JavaScript code with possible arguments.</doc>
<status status="PASS" start="2025-02-26T09:16:47.734548" elapsed="0.817219"/>
</kw>
<kw name="Click Button" owner="SeleniumLibrary">
<msg time="2025-02-26T09:16:48.552727" level="INFO">Clicking button 'Submit All Applications'.</msg>
<arg>Submit All Applications</arg>
<doc>Clicks the button identified by ``locator``.</doc>
<status status="PASS" start="2025-02-26T09:16:48.552727" elapsed="3.302439"/>
</kw>
<kw name="Sleep" owner="BuiltIn">
<msg time="2025-02-26T09:16:52.867194" level="INFO">Slept 1 second.</msg>
<arg>1s</arg>
<doc>Pauses the test executed for the given time.</doc>
<status status="PASS" start="2025-02-26T09:16:51.855780" elapsed="1.011414"/>
</kw>
<kw name="Scroll Element Into View" owner="SeleniumLibrary">
<arg>css:.btn.btn-secondary.mt-3</arg>
<doc>Scrolls the element identified by ``locator`` into view.</doc>
<status status="PASS" start="2025-02-26T09:16:52.867194" elapsed="1.892922"/>
</kw>
<kw name="Click Element" owner="SeleniumLibrary">
<msg time="2025-02-26T09:16:54.761089" level="INFO">Clicking element 'css:.btn.btn-secondary.mt-3'.</msg>
<arg>css:.btn.btn-secondary.mt-3</arg>
<doc>Click the element identified by ``locator``.</doc>
<status status="PASS" start="2025-02-26T09:16:54.760116" elapsed="2.650784"/>
</kw>
<status status="PASS" start="2025-02-26T09:16:16.893674" elapsed="40.517226"/>
</test>
<test id="s1-t16" name="Open Form" line="91">
<kw name="Click Element" owner="SeleniumLibrary">
<msg time="2025-02-26T09:16:57.412907" level="INFO">Clicking element 'xpath=//a[contains(text(), 'Create Application')]'.</msg>
<arg>xpath=//a[contains(text(), 'Create Application')]</arg>
<doc>Click the element identified by ``locator``.</doc>
<status status="PASS" start="2025-02-26T09:16:57.411903" elapsed="2.209884"/>
</kw>
<kw name="Click Element" owner="SeleniumLibrary">
<msg time="2025-02-26T09:16:59.622647" level="INFO">Clicking element 'xpath=//label[@for='researchAssistant']'.</msg>
<arg>xpath=//label[@for='researchAssistant']</arg>
<doc>Click the element identified by ``locator``.</doc>
<status status="PASS" start="2025-02-26T09:16:59.622647" elapsed="1.665039"/>
</kw>
<kw name="Sleep" owner="BuiltIn">
<msg time="2025-02-26T09:17:02.295302" level="INFO">Slept 1 second.</msg>
<arg>1s</arg>
<doc>Pauses the test executed for the given time.</doc>
<status status="PASS" start="2025-02-26T09:17:01.288580" elapsed="1.006722"/>
</kw>
<status status="PASS" start="2025-02-26T09:16:57.411903" elapsed="4.883399"/>
</test>
<test id="s1-t17" name="Empty Salary" line="96">
<kw name="Input Application" owner="resource">
<kw name="Scroll Element Into View" owner="SeleniumLibrary">
<arg>xpath=${FORM_XPATH}//input[@name='app_deadline[]']</arg>
<doc>Scrolls the element identified by ``locator`` into view.</doc>
<status status="PASS" start="2025-02-26T09:17:02.297291" elapsed="1.886053"/>
</kw>
<kw name="Input Date Type" owner="resource">
<kw name="Execute Javascript" owner="SeleniumLibrary">
<msg time="2025-02-26T09:17:04.184241" level="INFO">Executing JavaScript:
var el = document.evaluate("(//h4[contains(text(),'Research Assistant Application')]/ancestor::div[@class='mt-4 p-4 border rounded bg-light position-relative'])//input[@name='app_deadline[]']", document, null, XPathResult.FIRST_ORDERED_NODE_TYPE, null).singleNodeValue;if(el) el.value = '2025-02-28';
Without any arguments.</msg>
<arg>var el = document.evaluate("${FORM_XPATH}//input[@name='${FIELD_NAME}']", document, null, XPathResult.FIRST_ORDERED_NODE_TYPE, null).singleNodeValue;</arg>
<arg>if(el) el.value = '${DATE}';</arg>
<doc>Executes the given JavaScript code with possible arguments.</doc>
<status status="PASS" start="2025-02-26T09:17:04.184241" elapsed="0.817983"/>
</kw>
<arg>${FORM_XPATH}</arg>
<arg>app_deadline[]</arg>
<arg>${DEADLINE}</arg>
<status status="PASS" start="2025-02-26T09:17:04.183344" elapsed="0.818880"/>
</kw>
<kw name="Input Text" owner="SeleniumLibrary">
<msg time="2025-02-26T09:17:05.003102" level="INFO">Typing text '5' into text field 'xpath=(//h4[contains(text(),'Research Assistant Application')]/ancestor::div[@class='mt-4 p-4 border rounded bg-light position-relative'])//input[@name='amount[]']'.</msg>
<arg>xpath=${FORM_XPATH}//input[@name='amount[]']</arg>
<arg>${VACANCIES}</arg>
<doc>Types the given ``text`` into the text field identified by ``locator``.</doc>
<status status="PASS" start="2025-02-26T09:17:05.002224" elapsed="2.485302"/>
</kw>
<kw name="Input Text" owner="SeleniumLibrary">
<msg time="2025-02-26T09:17:07.488495" level="INFO">Typing text '• CV/Resume' into text field 'xpath=(//h4[contains(text(),'Research Assistant Application')]/ancestor::div[@class='mt-4 p-4 border rounded bg-light position-relative'])//textarea[@name='required_documents[]']'.</msg>
<arg>xpath=${FORM_XPATH}//textarea[@name='required_documents[]']</arg>
<arg>${DOCUMENTS}</arg>
<doc>Types the given ``text`` into the text field identified by ``locator``.</doc>
<status status="PASS" start="2025-02-26T09:17:07.487526" elapsed="2.502265"/>
</kw>
<kw name="Input Text" owner="SeleniumLibrary">
<msg time="2025-02-26T09:17:09.989791" level="INFO">Typing text '' into text field 'xpath=(//h4[contains(text(),'Research Assistant Application')]/ancestor::div[@class='mt-4 p-4 border rounded bg-light position-relative'])//input[@name='salary_range[]']'.</msg>
<arg>xpath=${FORM_XPATH}//input[@name='salary_range[]']</arg>
<arg>${SALARY}</arg>
<doc>Types the given ``text`` into the text field identified by ``locator``.</doc>
<status status="PASS" start="2025-02-26T09:17:09.989791" elapsed="2.492718"/>
</kw>
<kw name="Input Text" owner="SeleniumLibrary">
<msg time="2025-02-26T09:17:12.483389" level="INFO">Typing text '• Currently pursuing or have completed a Bachelor's, Master's, or Ph.D. degree in Computer Science, Artificial Intelligence, Data Science, Engineering, Mathematics, or a related field.
• Programming Proficiency - Experience with Python, R, or other relevant programming languages. Familiarity with AI frameworks such as TensorFlow, PyTorch, or Scikit-learn is preferred.' into text field 'xpath=(//h4[contains(text(),'Research Assistant Application')]/ancestor::div[@class='mt-4 p-4 border rounded bg-light position-relative'])//textarea[@name='qualifications[]']'.</msg>
<arg>xpath=${FORM_XPATH}//textarea[@name='qualifications[]']</arg>
<arg>${QUALIFICATION}</arg>
<doc>Types the given ``text`` into the text field identified by ``locator``.</doc>
<status status="PASS" start="2025-02-26T09:17:12.482509" elapsed="2.969935"/>
</kw>
<kw name="Input Text" owner="SeleniumLibrary">
<msg time="2025-02-26T09:17:15.452444" level="INFO">Typing text '• Creating Model experience' into text field 'xpath=(//h4[contains(text(),'Research Assistant Application')]/ancestor::div[@class='mt-4 p-4 border rounded bg-light position-relative'])//textarea[@name='preferred_qualifications[]']'.</msg>
<arg>xpath=${FORM_XPATH}//textarea[@name='preferred_qualifications[]']</arg>
<arg>${PREFERRED_QUALIFICATIONS}</arg>
<doc>Types the given ``text`` into the text field identified by ``locator``.</doc>
<status status="PASS" start="2025-02-26T09:17:15.452444" elapsed="2.538549"/>
</kw>
<kw name="Input Text" owner="SeleniumLibrary">
<msg time="2025-02-26T09:17:17.990993" level="INFO">Typing text 'Full-time' into text field 'xpath=(//h4[contains(text(),'Research Assistant Application')]/ancestor::div[@class='mt-4 p-4 border rounded bg-light position-relative'])//input[@name='working_time[]']'.</msg>
<arg>xpath=${FORM_XPATH}//input[@name='working_time[]']</arg>
<arg>${WORKING_TIME}</arg>
<doc>Types the given ``text`` into the text field identified by ``locator``.</doc>
<status status="PASS" start="2025-02-26T09:17:17.990993" elapsed="2.485990"/>
</kw>
<kw name="Input Text" owner="SeleniumLibrary">
<msg time="2025-02-26T09:17:20.477941" level="INFO">Typing text 'Work from home' into text field 'xpath=(//h4[contains(text(),'Research Assistant Application')]/ancestor::div[@class='mt-4 p-4 border rounded bg-light position-relative'])//input[@name='work_location[]']'.</msg>
<arg>xpath=${FORM_XPATH}//input[@name='work_location[]']</arg>
<arg>${WORK_LOCATION}</arg>
<doc>Types the given ``text`` into the text field identified by ``locator``.</doc>
<status status="PASS" start="2025-02-26T09:17:20.476983" elapsed="2.518904"/>
</kw>
<kw name="Scroll Element Into View" owner="SeleniumLibrary">
<arg>${FORM_XPATH}//input[@name='start_date[]']</arg>
<doc>Scrolls the element identified by ``locator`` into view.</doc>
<status status="PASS" start="2025-02-26T09:17:22.995887" elapsed="1.876829"/>
</kw>
<kw name="Sleep" owner="BuiltIn">
<msg time="2025-02-26T09:17:25.878444" level="INFO">Slept 1 second.</msg>
<arg>1s</arg>
<doc>Pauses the test executed for the given time.</doc>
<status status="PASS" start="2025-02-26T09:17:24.872716" elapsed="1.005728"/>
</kw>
<kw name="Input Date Type" owner="resource">
<kw name="Execute Javascript" owner="SeleniumLibrary">
<msg time="2025-02-26T09:17:25.879486" level="INFO">Executing JavaScript:
var el = document.evaluate("(//h4[contains(text(),'Research Assistant Application')]/ancestor::div[@class='mt-4 p-4 border rounded bg-light position-relative'])//input[@name='start_date[]']", document, null, XPathResult.FIRST_ORDERED_NODE_TYPE, null).singleNodeValue;if(el) el.value = '2025-05-10';
Without any arguments.</msg>
<arg>var el = document.evaluate("${FORM_XPATH}//input[@name='${FIELD_NAME}']", document, null, XPathResult.FIRST_ORDERED_NODE_TYPE, null).singleNodeValue;</arg>
<arg>if(el) el.value = '${DATE}';</arg>
<doc>Executes the given JavaScript code with possible arguments.</doc>
<status status="PASS" start="2025-02-26T09:17:25.878444" elapsed="0.815431"/>
</kw>
<arg>${FORM_XPATH}</arg>
<arg>start_date[]</arg>
<arg>${START_DATE}</arg>
<status status="PASS" start="2025-02-26T09:17:25.878444" elapsed="0.815431"/>
</kw>
<kw name="Input Date Type" owner="resource">
<kw name="Execute Javascript" owner="SeleniumLibrary">
<msg time="2025-02-26T09:17:26.694737" level="INFO">Executing JavaScript:
var el = document.evaluate("(//h4[contains(text(),'Research Assistant Application')]/ancestor::div[@class='mt-4 p-4 border rounded bg-light position-relative'])//input[@name='end_date[]']", document, null, XPathResult.FIRST_ORDERED_NODE_TYPE, null).singleNodeValue;if(el) el.value = '2025-09-12';
Without any arguments.</msg>
<arg>var el = document.evaluate("${FORM_XPATH}//input[@name='${FIELD_NAME}']", document, null, XPathResult.FIRST_ORDERED_NODE_TYPE, null).singleNodeValue;</arg>
<arg>if(el) el.value = '${DATE}';</arg>
<doc>Executes the given JavaScript code with possible arguments.</doc>
<status status="PASS" start="2025-02-26T09:17:26.694737" elapsed="0.820467"/>
</kw>
<arg>${FORM_XPATH}</arg>
<arg>end_date[]</arg>
<arg>${END_DATE}</arg>
<status status="PASS" start="2025-02-26T09:17:26.693875" elapsed="0.821329"/>
</kw>
<kw name="Input Text" owner="SeleniumLibrary">
<msg time="2025-02-26T09:17:27.515204" level="INFO">Typing text '• Submit application through the online portal
• Initial screening
• Interviews' into text field 'xpath=(//h4[contains(text(),'Research Assistant Application')]/ancestor::div[@class='mt-4 p-4 border rounded bg-light position-relative'])//textarea[@name='application_process[]']'.</msg>
<arg>xpath=${FORM_XPATH}//textarea[@name='application_process[]']</arg>
<arg>${PROCESS}</arg>
<doc>Types the given ``text`` into the text field identified by ``locator``.</doc>
<status status="PASS" start="2025-02-26T09:17:27.515204" elapsed="2.640851"/>
</kw>
<kw name="Input Text" owner="SeleniumLibrary">
<msg time="2025-02-26T09:17:30.156055" level="INFO">Typing text 'We are seeking passionate and motivated individuals to join our AI &amp; Machine Learning Innovations team as Research Assistants. This role offers an exciting opportunity to contribute to cutting-edge research, develop AI models, and explore novel machine learning techniques.' into text field 'xpath=(//h4[contains(text(),'Research Assistant Application')]/ancestor::div[@class='mt-4 p-4 border rounded bg-light position-relative'])//textarea[@name='app_detail[]']'.</msg>
<arg>xpath=${FORM_XPATH}//textarea[@name='app_detail[]']</arg>
<arg>${DETAIL}</arg>
<doc>Types the given ``text`` into the text field identified by ``locator``.</doc>
<status status="PASS" start="2025-02-26T09:17:30.156055" elapsed="2.895253"/>
</kw>
<arg>${FORM_RESEARCHASSISTANT_PATH}</arg>
<arg>2025-02-28</arg>
<arg>5</arg>
<arg>• CV/Resume</arg>
<arg>${EMPTY}</arg>
<arg>• Currently pursuing or have completed a Bachelor's, Master's, or Ph.D. degree in Computer Science, Artificial Intelligence, Data Science, Engineering, Mathematics, or a related field.\n• Programming Proficiency - Experience with Python, R, or other relevant programming languages. Familiarity with AI frameworks such as TensorFlow, PyTorch, or Scikit-learn is preferred.</arg>
<arg>• Creating Model experience</arg>
<arg>Full-time</arg>
<arg>Work from home</arg>
<arg>2025-05-10</arg>
<arg>2025-09-12</arg>
<arg>• Submit application through the online portal\n• Initial screening\n• Interviews</arg>
<arg>We are seeking passionate and motivated individuals to join our AI &amp; Machine Learning Innovations team as Research Assistants. This role offers an exciting opportunity to contribute to cutting-edge research, develop AI models, and explore novel machine learning techniques.</arg>
<status status="PASS" start="2025-02-26T09:17:02.296268" elapsed="30.755040"/>
</kw>
<kw name="Execute Javascript" owner="SeleniumLibrary">
<msg time="2025-02-26T09:17:33.052316" level="INFO">Executing JavaScript:
window.scrollTo(0, document.body.scrollHeight);
Without any arguments.</msg>
<arg>window.scrollTo(0, document.body.scrollHeight);</arg>
<doc>Executes the given JavaScript code with possible arguments.</doc>
<status status="PASS" start="2025-02-26T09:17:33.052316" elapsed="0.814851"/>
</kw>
<kw name="Click Button" owner="SeleniumLibrary">
<msg time="2025-02-26T09:17:33.869181" level="INFO">Clicking button 'Submit All Applications'.</msg>
<arg>Submit All Applications</arg>
<doc>Clicks the button identified by ``locator``.</doc>
<status status="PASS" start="2025-02-26T09:17:33.869181" elapsed="3.281983"/>
</kw>
<kw name="Sleep" owner="BuiltIn">
<msg time="2025-02-26T09:17:38.161980" level="INFO">Slept 1 second.</msg>
<arg>1s</arg>
<doc>Pauses the test executed for the given time.</doc>
<status status="PASS" start="2025-02-26T09:17:37.151164" elapsed="1.010816"/>
</kw>
<kw name="Scroll Element Into View" owner="SeleniumLibrary">
<arg>css:.btn.btn-secondary.mt-3</arg>
<doc>Scrolls the element identified by ``locator`` into view.</doc>
<status status="PASS" start="2025-02-26T09:17:38.161980" elapsed="1.899878"/>
</kw>
<kw name="Click Element" owner="SeleniumLibrary">
<msg time="2025-02-26T09:17:40.062967" level="INFO">Clicking element 'css:.btn.btn-secondary.mt-3'.</msg>
<arg>css:.btn.btn-secondary.mt-3</arg>
<doc>Click the element identified by ``locator``.</doc>
<status status="PASS" start="2025-02-26T09:17:40.062463" elapsed="2.629528"/>
</kw>
<status status="PASS" start="2025-02-26T09:17:02.296268" elapsed="40.395723"/>
</test>
<test id="s1-t18" name="Open Form" line="106">
<kw name="Click Element" owner="SeleniumLibrary">
<msg time="2025-02-26T09:17:42.694004" level="INFO">Clicking element 'xpath=//a[contains(text(), 'Create Application')]'.</msg>
<arg>xpath=//a[contains(text(), 'Create Application')]</arg>
<doc>Click the element identified by ``locator``.</doc>
<status status="PASS" start="2025-02-26T09:17:42.694004" elapsed="2.058540"/>
</kw>
<kw name="Click Element" owner="SeleniumLibrary">
<msg time="2025-02-26T09:17:44.754559" level="INFO">Clicking element 'xpath=//label[@for='researchAssistant']'.</msg>
<arg>xpath=//label[@for='researchAssistant']</arg>
<doc>Click the element identified by ``locator``.</doc>
<status status="PASS" start="2025-02-26T09:17:44.753558" elapsed="1.672629"/>
</kw>
<kw name="Sleep" owner="BuiltIn">
<msg time="2025-02-26T09:17:47.430462" level="INFO">Slept 1 second.</msg>
<arg>1s</arg>
<doc>Pauses the test executed for the given time.</doc>
<status status="PASS" start="2025-02-26T09:17:46.427202" elapsed="1.003260"/>
</kw>
<status status="PASS" start="2025-02-26T09:17:42.694004" elapsed="4.737422"/>
</test>
<test id="s1-t19" name="Empty Required Qualifications" line="111">
<kw name="Input Application" owner="resource">
<kw name="Scroll Element Into View" owner="SeleniumLibrary">
<arg>xpath=${FORM_XPATH}//input[@name='app_deadline[]']</arg>
<doc>Scrolls the element identified by ``locator`` into view.</doc>
<status status="PASS" start="2025-02-26T09:17:47.433445" elapsed="1.879534"/>
</kw>
<kw name="Input Date Type" owner="resource">
<kw name="Execute Javascript" owner="SeleniumLibrary">
<msg time="2025-02-26T09:17:49.313868" level="INFO">Executing JavaScript:
var el = document.evaluate("(//h4[contains(text(),'Research Assistant Application')]/ancestor::div[@class='mt-4 p-4 border rounded bg-light position-relative'])//input[@name='app_deadline[]']", document, null, XPathResult.FIRST_ORDERED_NODE_TYPE, null).singleNodeValue;if(el) el.value = '2025-02-28';
Without any arguments.</msg>
<arg>var el = document.evaluate("${FORM_XPATH}//input[@name='${FIELD_NAME}']", document, null, XPathResult.FIRST_ORDERED_NODE_TYPE, null).singleNodeValue;</arg>
<arg>if(el) el.value = '${DATE}';</arg>
<doc>Executes the given JavaScript code with possible arguments.</doc>
<status status="PASS" start="2025-02-26T09:17:49.313868" elapsed="0.815698"/>
</kw>
<arg>${FORM_XPATH}</arg>
<arg>app_deadline[]</arg>
<arg>${DEADLINE}</arg>
<status status="PASS" start="2025-02-26T09:17:49.312979" elapsed="0.816587"/>
</kw>
<kw name="Input Text" owner="SeleniumLibrary">
<msg time="2025-02-26T09:17:50.129566" level="INFO">Typing text '5' into text field 'xpath=(//h4[contains(text(),'Research Assistant Application')]/ancestor::div[@class='mt-4 p-4 border rounded bg-light position-relative'])//input[@name='amount[]']'.</msg>
<arg>xpath=${FORM_XPATH}//input[@name='amount[]']</arg>
<arg>${VACANCIES}</arg>
<doc>Types the given ``text`` into the text field identified by ``locator``.</doc>
<status status="PASS" start="2025-02-26T09:17:50.129566" elapsed="2.494170"/>
</kw>
<kw name="Input Text" owner="SeleniumLibrary">
<msg time="2025-02-26T09:17:52.624739" level="INFO">Typing text '• CV/Resume' into text field 'xpath=(//h4[contains(text(),'Research Assistant Application')]/ancestor::div[@class='mt-4 p-4 border rounded bg-light position-relative'])//textarea[@name='required_documents[]']'.</msg>
<arg>xpath=${FORM_XPATH}//textarea[@name='required_documents[]']</arg>
<arg>${DOCUMENTS}</arg>
<doc>Types the given ``text`` into the text field identified by ``locator``.</doc>
<status status="PASS" start="2025-02-26T09:17:52.623736" elapsed="2.546659"/>
</kw>
<kw name="Input Text" owner="SeleniumLibrary">
<msg time="2025-02-26T09:17:55.171267" level="INFO">Typing text '600 per hours' into text field 'xpath=(//h4[contains(text(),'Research Assistant Application')]/ancestor::div[@class='mt-4 p-4 border rounded bg-light position-relative'])//input[@name='salary_range[]']'.</msg>
<arg>xpath=${FORM_XPATH}//input[@name='salary_range[]']</arg>
<arg>${SALARY}</arg>
<doc>Types the given ``text`` into the text field identified by ``locator``.</doc>
<status status="PASS" start="2025-02-26T09:17:55.170395" elapsed="2.500833"/>
</kw>
<kw name="Input Text" owner="SeleniumLibrary">
<msg time="2025-02-26T09:17:57.671228" level="INFO">Typing text '' into text field 'xpath=(//h4[contains(text(),'Research Assistant Application')]/ancestor::div[@class='mt-4 p-4 border rounded bg-light position-relative'])//textarea[@name='qualifications[]']'.</msg>
<arg>xpath=${FORM_XPATH}//textarea[@name='qualifications[]']</arg>
<arg>${QUALIFICATION}</arg>
<doc>Types the given ``text`` into the text field identified by ``locator``.</doc>
<status status="PASS" start="2025-02-26T09:17:57.671228" elapsed="2.472884"/>
</kw>
<kw name="Input Text" owner="SeleniumLibrary">
<msg time="2025-02-26T09:18:00.144112" level="INFO">Typing text '• Creating Model experience' into text field 'xpath=(//h4[contains(text(),'Research Assistant Application')]/ancestor::div[@class='mt-4 p-4 border rounded bg-light position-relative'])//textarea[@name='preferred_qualifications[]']'.</msg>
<arg>xpath=${FORM_XPATH}//textarea[@name='preferred_qualifications[]']</arg>
<arg>${PREFERRED_QUALIFICATIONS}</arg>
<doc>Types the given ``text`` into the text field identified by ``locator``.</doc>
<status status="PASS" start="2025-02-26T09:18:00.144112" elapsed="2.550151"/>
</kw>
<kw name="Input Text" owner="SeleniumLibrary">
[...]
<arg>xpath=${FORM_XPATH}//textarea[@name='application_process[]']</arg>
<arg>${PROCESS}</arg>
<doc>Types the given ``text`` into the text field identified by ``locator``.</doc>
<status status="PASS" start="2025-02-26T09:21:17.840767" elapsed="2.488382"/>
</kw>
<kw name="Input Text" owner="SeleniumLibrary">
<msg time="2025-02-26T09:21:20.330150" level="INFO">Typing text 'We are seeking passionate and motivated individuals to join our AI &amp; Machine Learning Innovations team as Research Assistants. This role offers an exciting opportunity to contribute to cutting-edge research, develop AI models, and explore novel machine learning techniques.' into text field 'xpath=(//h4[contains(text(),'Research Assistant Application')]/ancestor::div[@class='mt-4 p-4 border rounded bg-light position-relative'])//textarea[@name='app_detail[]']'.</msg>
<arg>xpath=${FORM_XPATH}//textarea[@name='app_detail[]']</arg>
<arg>${DETAIL}</arg>
<doc>Types the given ``text`` into the text field identified by ``locator``.</doc>
<status status="PASS" start="2025-02-26T09:21:20.330150" elapsed="2.855696"/>
</kw>
<arg>${FORM_RESEARCHASSISTANT_PATH}</arg>
<arg>2025-02-28</arg>
<arg>5</arg>
<arg>• CV/Resume</arg>
<arg>600 per hours</arg>
<arg>• Currently pursuing or have completed a Bachelor's, Master's, or Ph.D. degree in Computer Science, Artificial Intelligence, Data Science, Engineering, Mathematics, or a related field.\n• Programming Proficiency - Experience with Python, R, or other relevant programming languages. Familiarity with AI frameworks such as TensorFlow, PyTorch, or Scikit-learn is preferred.</arg>
<arg>• Creating Model experience</arg>
<arg>Full-time</arg>
<arg>Work from home</arg>
<arg>2025-05-10</arg>
<arg>2025-09-12</arg>
<arg>${EMPTY}</arg>
<arg>We are seeking passionate and motivated individuals to join our AI &amp; Machine Learning Innovations team as Research Assistants. This role offers an exciting opportunity to contribute to cutting-edge research, develop AI models, and explore novel machine learning techniques.</arg>
<status status="PASS" start="2025-02-26T09:20:52.550534" elapsed="30.635312"/>
</kw>
<kw name="Execute Javascript" owner="SeleniumLibrary">
<msg time="2025-02-26T09:21:23.186804" level="INFO">Executing JavaScript:
window.scrollTo(0, document.body.scrollHeight);
Without any arguments.</msg>
<arg>window.scrollTo(0, document.body.scrollHeight);</arg>
<doc>Executes the given JavaScript code with possible arguments.</doc>
<status status="PASS" start="2025-02-26T09:21:23.186804" elapsed="0.815825"/>
</kw>
<kw name="Click Button" owner="SeleniumLibrary">
<msg time="2025-02-26T09:21:24.003586" level="INFO">Clicking button 'Submit All Applications'.</msg>
<arg>Submit All Applications</arg>
<doc>Clicks the button identified by ``locator``.</doc>
<status status="PASS" start="2025-02-26T09:21:24.003586" elapsed="3.293307"/>
</kw>
<kw name="Sleep" owner="BuiltIn">
<msg time="2025-02-26T09:21:28.303828" level="INFO">Slept 1 second.</msg>
<arg>1s</arg>
<doc>Pauses the test executed for the given time.</doc>
<status status="PASS" start="2025-02-26T09:21:27.296893" elapsed="1.006935"/>
</kw>
<kw name="Scroll Element Into View" owner="SeleniumLibrary">
<arg>css:.btn.btn-secondary.mt-3</arg>
<doc>Scrolls the element identified by ``locator`` into view.</doc>
<status status="PASS" start="2025-02-26T09:21:28.304558" elapsed="1.897139"/>
</kw>
<kw name="Click Element" owner="SeleniumLibrary">
<msg time="2025-02-26T09:21:30.202651" level="INFO">Clicking element 'css:.btn.btn-secondary.mt-3'.</msg>
<arg>css:.btn.btn-secondary.mt-3</arg>
<doc>Click the element identified by ``locator``.</doc>
<status status="PASS" start="2025-02-26T09:21:30.201697" elapsed="2.613672"/>
</kw>
<status status="PASS" start="2025-02-26T09:20:52.549524" elapsed="40.265845"/>
</test>
<test id="s1-t28" name="Open Form" line="184">
<kw name="Click Element" owner="SeleniumLibrary">
<msg time="2025-02-26T09:21:32.817366" level="INFO">Clicking element 'xpath=//a[contains(text(), 'Create Application')]'.</msg>
<arg>xpath=//a[contains(text(), 'Create Application')]</arg>
<doc>Click the element identified by ``locator``.</doc>
<status status="PASS" start="2025-02-26T09:21:32.817366" elapsed="2.058465"/>
</kw>
<kw name="Click Element" owner="SeleniumLibrary">
<msg time="2025-02-26T09:21:34.876865" level="INFO">Clicking element 'xpath=//label[@for='researchAssistant']'.</msg>
<arg>xpath=//label[@for='researchAssistant']</arg>
<doc>Click the element identified by ``locator``.</doc>
<status status="PASS" start="2025-02-26T09:21:34.875831" elapsed="1.660474"/>
</kw>
<kw name="Sleep" owner="BuiltIn">
<msg time="2025-02-26T09:21:37.539039" level="INFO">Slept 1 second.</msg>
<arg>1s</arg>
<doc>Pauses the test executed for the given time.</doc>
<status status="PASS" start="2025-02-26T09:21:36.537179" elapsed="1.001860"/>
</kw>
<status status="PASS" start="2025-02-26T09:21:32.816368" elapsed="4.723641"/>
</test>
<test id="s1-t29" name="Empty Detail" line="189">
<kw name="Input Application" owner="resource">
<kw name="Scroll Element Into View" owner="SeleniumLibrary">
<arg>xpath=${FORM_XPATH}//input[@name='app_deadline[]']</arg>
<doc>Scrolls the element identified by ``locator`` into view.</doc>
<status status="PASS" start="2025-02-26T09:21:37.541002" elapsed="1.886129"/>
</kw>
<kw name="Input Date Type" owner="resource">
<kw name="Execute Javascript" owner="SeleniumLibrary">
<msg time="2025-02-26T09:21:39.428092" level="INFO">Executing JavaScript:
var el = document.evaluate("(//h4[contains(text(),'Research Assistant Application')]/ancestor::div[@class='mt-4 p-4 border rounded bg-light position-relative'])//input[@name='app_deadline[]']", document, null, XPathResult.FIRST_ORDERED_NODE_TYPE, null).singleNodeValue;if(el) el.value = '2025-02-28';
Without any arguments.</msg>
<arg>var el = document.evaluate("${FORM_XPATH}//input[@name='${FIELD_NAME}']", document, null, XPathResult.FIRST_ORDERED_NODE_TYPE, null).singleNodeValue;</arg>
<arg>if(el) el.value = '${DATE}';</arg>
<doc>Executes the given JavaScript code with possible arguments.</doc>
<status status="PASS" start="2025-02-26T09:21:39.428092" elapsed="0.819587"/>
</kw>
<arg>${FORM_XPATH}</arg>
<arg>app_deadline[]</arg>
<arg>${DEADLINE}</arg>
<status status="PASS" start="2025-02-26T09:21:39.427131" elapsed="0.820548"/>
</kw>
<kw name="Input Text" owner="SeleniumLibrary">
<msg time="2025-02-26T09:21:40.248657" level="INFO">Typing text '5' into text field 'xpath=(//h4[contains(text(),'Research Assistant Application')]/ancestor::div[@class='mt-4 p-4 border rounded bg-light position-relative'])//input[@name='amount[]']'.</msg>
<arg>xpath=${FORM_XPATH}//input[@name='amount[]']</arg>
<arg>${VACANCIES}</arg>
<doc>Types the given ``text`` into the text field identified by ``locator``.</doc>
<status status="PASS" start="2025-02-26T09:21:40.247679" elapsed="2.489126"/>
</kw>
<kw name="Input Text" owner="SeleniumLibrary">
<msg time="2025-02-26T09:21:42.737681" level="INFO">Typing text '• CV/Resume' into text field 'xpath=(//h4[contains(text(),'Research Assistant Application')]/ancestor::div[@class='mt-4 p-4 border rounded bg-light position-relative'])//textarea[@name='required_documents[]']'.</msg>
<arg>xpath=${FORM_XPATH}//textarea[@name='required_documents[]']</arg>
<arg>${DOCUMENTS}</arg>
<doc>Types the given ``text`` into the text field identified by ``locator``.</doc>
<status status="PASS" start="2025-02-26T09:21:42.736805" elapsed="2.505953"/>
</kw>
<kw name="Input Text" owner="SeleniumLibrary">
<msg time="2025-02-26T09:21:45.243773" level="INFO">Typing text '600 per hours' into text field 'xpath=(//h4[contains(text(),'Research Assistant Application')]/ancestor::div[@class='mt-4 p-4 border rounded bg-light position-relative'])//input[@name='salary_range[]']'.</msg>
<arg>xpath=${FORM_XPATH}//input[@name='salary_range[]']</arg>
<arg>${SALARY}</arg>
<doc>Types the given ``text`` into the text field identified by ``locator``.</doc>
<status status="PASS" start="2025-02-26T09:21:45.243773" elapsed="2.507568"/>
</kw>
<kw name="Input Text" owner="SeleniumLibrary">
<msg time="2025-02-26T09:21:47.752320" level="INFO">Typing text '• Currently pursuing or have completed a Bachelor's, Master's, or Ph.D. degree in Computer Science, Artificial Intelligence, Data Science, Engineering, Mathematics, or a related field.
• Programming Proficiency - Experience with Python, R, or other relevant programming languages. Familiarity with AI frameworks such as TensorFlow, PyTorch, or Scikit-learn is preferred.' into text field 'xpath=(//h4[contains(text(),'Research Assistant Application')]/ancestor::div[@class='mt-4 p-4 border rounded bg-light position-relative'])//textarea[@name='qualifications[]']'.</msg>
<arg>xpath=${FORM_XPATH}//textarea[@name='qualifications[]']</arg>
<arg>${QUALIFICATION}</arg>
<doc>Types the given ``text`` into the text field identified by ``locator``.</doc>
<status status="PASS" start="2025-02-26T09:21:47.751341" elapsed="2.991090"/>
</kw>
<kw name="Input Text" owner="SeleniumLibrary">
<msg time="2025-02-26T09:21:50.743480" level="INFO">Typing text '• Creating Model experience' into text field 'xpath=(//h4[contains(text(),'Research Assistant Application')]/ancestor::div[@class='mt-4 p-4 border rounded bg-light position-relative'])//textarea[@name='preferred_qualifications[]']'.</msg>
<arg>xpath=${FORM_XPATH}//textarea[@name='preferred_qualifications[]']</arg>
<arg>${PREFERRED_QUALIFICATIONS}</arg>
<doc>Types the given ``text`` into the text field identified by ``locator``.</doc>
<status status="PASS" start="2025-02-26T09:21:50.742431" elapsed="2.531593"/>
</kw>
<kw name="Input Text" owner="SeleniumLibrary">
<msg time="2025-02-26T09:21:53.274024" level="INFO">Typing text 'Full-time' into text field 'xpath=(//h4[contains(text(),'Research Assistant Application')]/ancestor::div[@class='mt-4 p-4 border rounded bg-light position-relative'])//input[@name='working_time[]']'.</msg>
<arg>xpath=${FORM_XPATH}//input[@name='working_time[]']</arg>
<arg>${WORKING_TIME}</arg>
<doc>Types the given ``text`` into the text field identified by ``locator``.</doc>
<status status="PASS" start="2025-02-26T09:21:53.274024" elapsed="2.538460"/>
</kw>
<kw name="Input Text" owner="SeleniumLibrary">
<msg time="2025-02-26T09:21:55.812484" level="INFO">Typing text 'Work from home' into text field 'xpath=(//h4[contains(text(),'Research Assistant Application')]/ancestor::div[@class='mt-4 p-4 border rounded bg-light position-relative'])//input[@name='work_location[]']'.</msg>
<arg>xpath=${FORM_XPATH}//input[@name='work_location[]']</arg>
<arg>${WORK_LOCATION}</arg>
<doc>Types the given ``text`` into the text field identified by ``locator``.</doc>
<status status="PASS" start="2025-02-26T09:21:55.812484" elapsed="2.523728"/>
</kw>
<kw name="Scroll Element Into View" owner="SeleniumLibrary">
<arg>${FORM_XPATH}//input[@name='start_date[]']</arg>
<doc>Scrolls the element identified by ``locator`` into view.</doc>
<status status="PASS" start="2025-02-26T09:21:58.336212" elapsed="1.883412"/>
</kw>
<kw name="Sleep" owner="BuiltIn">
<msg time="2025-02-26T09:22:01.220646" level="INFO">Slept 1 second.</msg>
<arg>1s</arg>
<doc>Pauses the test executed for the given time.</doc>
<status status="PASS" start="2025-02-26T09:22:00.219624" elapsed="1.001022"/>
</kw>
<kw name="Input Date Type" owner="resource">
<kw name="Execute Javascript" owner="SeleniumLibrary">
<msg time="2025-02-26T09:22:01.221402" level="INFO">Executing JavaScript:
var el = document.evaluate("(//h4[contains(text(),'Research Assistant Application')]/ancestor::div[@class='mt-4 p-4 border rounded bg-light position-relative'])//input[@name='start_date[]']", document, null, XPathResult.FIRST_ORDERED_NODE_TYPE, null).singleNodeValue;if(el) el.value = '2025-05-10';
Without any arguments.</msg>
<arg>var el = document.evaluate("${FORM_XPATH}//input[@name='${FIELD_NAME}']", document, null, XPathResult.FIRST_ORDERED_NODE_TYPE, null).singleNodeValue;</arg>
<arg>if(el) el.value = '${DATE}';</arg>
<doc>Executes the given JavaScript code with possible arguments.</doc>
<status status="PASS" start="2025-02-26T09:22:01.221402" elapsed="0.817646"/>
</kw>
<arg>${FORM_XPATH}</arg>
<arg>start_date[]</arg>
<arg>${START_DATE}</arg>
<status status="PASS" start="2025-02-26T09:22:01.221402" elapsed="0.817646"/>
</kw>
<kw name="Input Date Type" owner="resource">
<kw name="Execute Javascript" owner="SeleniumLibrary">
<msg time="2025-02-26T09:22:02.040880" level="INFO">Executing JavaScript:
var el = document.evaluate("(//h4[contains(text(),'Research Assistant Application')]/ancestor::div[@class='mt-4 p-4 border rounded bg-light position-relative'])//input[@name='end_date[]']", document, null, XPathResult.FIRST_ORDERED_NODE_TYPE, null).singleNodeValue;if(el) el.value = '2025-09-12';
Without any arguments.</msg>
<arg>var el = document.evaluate("${FORM_XPATH}//input[@name='${FIELD_NAME}']", document, null, XPathResult.FIRST_ORDERED_NODE_TYPE, null).singleNodeValue;</arg>
<arg>if(el) el.value = '${DATE}';</arg>
<doc>Executes the given JavaScript code with possible arguments.</doc>
<status status="PASS" start="2025-02-26T09:22:02.039882" elapsed="0.867176"/>
</kw>
<arg>${FORM_XPATH}</arg>
<arg>end_date[]</arg>
<arg>${END_DATE}</arg>
<status status="PASS" start="2025-02-26T09:22:02.039882" elapsed="0.867176"/>
</kw>
<kw name="Input Text" owner="SeleniumLibrary">
<msg time="2025-02-26T09:22:02.908025" level="INFO">Typing text '• Submit application through the online portal
• Initial screening
• Interviews' into text field 'xpath=(//h4[contains(text(),'Research Assistant Application')]/ancestor::div[@class='mt-4 p-4 border rounded bg-light position-relative'])//textarea[@name='application_process[]']'.</msg>
<arg>xpath=${FORM_XPATH}//textarea[@name='application_process[]']</arg>
<arg>${PROCESS}</arg>
<doc>Types the given ``text`` into the text field identified by ``locator``.</doc>
<status status="PASS" start="2025-02-26T09:22:02.907058" elapsed="2.620604"/>
</kw>
<kw name="Input Text" owner="SeleniumLibrary">
<msg time="2025-02-26T09:22:05.528582" level="INFO">Typing text '' into text field 'xpath=(//h4[contains(text(),'Research Assistant Application')]/ancestor::div[@class='mt-4 p-4 border rounded bg-light position-relative'])//textarea[@name='app_detail[]']'.</msg>
<arg>xpath=${FORM_XPATH}//textarea[@name='app_detail[]']</arg>
<arg>${DETAIL}</arg>
<doc>Types the given ``text`` into the text field identified by ``locator``.</doc>
<status status="PASS" start="2025-02-26T09:22:05.527662" elapsed="2.460767"/>
</kw>
<arg>${FORM_RESEARCHASSISTANT_PATH}</arg>
<arg>2025-02-28</arg>
<arg>5</arg>
<arg>• CV/Resume</arg>
<arg>600 per hours</arg>
<arg>• Currently pursuing or have completed a Bachelor's, Master's, or Ph.D. degree in Computer Science, Artificial Intelligence, Data Science, Engineering, Mathematics, or a related field.\n• Programming Proficiency - Experience with Python, R, or other relevant programming languages. Familiarity with AI frameworks such as TensorFlow, PyTorch, or Scikit-learn is preferred.</arg>
<arg>• Creating Model experience</arg>
<arg>Full-time</arg>
<arg>Work from home</arg>
<arg>2025-05-10</arg>
<arg>2025-09-12</arg>
<arg>• Submit application through the online portal\n• Initial screening\n• Interviews</arg>
<arg>${EMPTY}</arg>
<status status="PASS" start="2025-02-26T09:21:37.541002" elapsed="30.447427"/>
</kw>
<kw name="Execute Javascript" owner="SeleniumLibrary">
<msg time="2025-02-26T09:22:07.989399" level="INFO">Executing JavaScript:
window.scrollTo(0, document.body.scrollHeight);
Without any arguments.</msg>
<arg>window.scrollTo(0, document.body.scrollHeight);</arg>
<doc>Executes the given JavaScript code with possible arguments.</doc>
<status status="PASS" start="2025-02-26T09:22:07.988429" elapsed="0.804346"/>
</kw>
<kw name="Click Button" owner="SeleniumLibrary">
<msg time="2025-02-26T09:22:08.794791" level="INFO">Clicking button 'Submit All Applications'.</msg>
<arg>Submit All Applications</arg>
<doc>Clicks the button identified by ``locator``.</doc>
<status status="PASS" start="2025-02-26T09:22:08.793793" elapsed="3.320583"/>
</kw>
<kw name="Sleep" owner="BuiltIn">
<msg time="2025-02-26T09:22:13.123681" level="INFO">Slept 1 second.</msg>
<arg>1s</arg>
<doc>Pauses the test executed for the given time.</doc>
<status status="PASS" start="2025-02-26T09:22:12.115337" elapsed="1.008344"/>
</kw>
<kw name="Scroll Element Into View" owner="SeleniumLibrary">
<arg>css:.btn.btn-secondary.mt-3</arg>
<doc>Scrolls the element identified by ``locator`` into view.</doc>
<status status="PASS" start="2025-02-26T09:22:13.124678" elapsed="1.911510"/>
</kw>
<kw name="Click Element" owner="SeleniumLibrary">
<msg time="2025-02-26T09:22:15.037199" level="INFO">Clicking element 'css:.btn.btn-secondary.mt-3'.</msg>
<arg>css:.btn.btn-secondary.mt-3</arg>
<doc>Click the element identified by ``locator``.</doc>
<status status="PASS" start="2025-02-26T09:22:15.037199" elapsed="2.642541"/>
</kw>
<status status="PASS" start="2025-02-26T09:21:37.540009" elapsed="40.139731"/>
</test>
<test id="s1-t30" name="Delete Project" line="199">
<kw name="Click Button" owner="SeleniumLibrary">
<msg time="2025-02-26T09:22:17.681689" level="INFO">Clicking button 'xpath=//button[contains(@class, 'btn-danger')]'.</msg>
<arg>xpath=//button[contains(@class, 'btn-danger')]</arg>
<doc>Clicks the button identified by ``locator``.</doc>
<status status="PASS" start="2025-02-26T09:22:17.681689" elapsed="4.083365"/>
</kw>
<kw name="Handle Alert" owner="SeleniumLibrary">
<msg time="2025-02-26T09:22:21.766055" level="INFO">HANDLE::&lt;class 'NoneType'&gt;::None</msg>
<arg>action=ACCEPT</arg>
<doc>Handles the current alert and returns its message.</doc>
<status status="PASS" start="2025-02-26T09:22:21.766055" elapsed="2.434464"/>
</kw>
<kw name="Sleep" owner="BuiltIn">
<msg time="2025-02-26T09:22:25.211129" level="INFO">Slept 1 second.</msg>
<arg>1s</arg>
<doc>Pauses the test executed for the given time.</doc>
<status status="PASS" start="2025-02-26T09:22:24.202532" elapsed="1.008597"/>
</kw>
<kw name="Close Browser" owner="SeleniumLibrary" type="TEARDOWN">
<doc>Closes the current browser.</doc>
<status status="PASS" start="2025-02-26T09:22:25.211953" elapsed="3.070128"/>
</kw>
<status status="PASS" start="2025-02-26T09:22:17.680689" elapsed="10.602383"/>
</test>
<status status="PASS" start="2025-02-26T09:13:14.133622" elapsed="554.149450"/>
</suite>
<statistics>
<total>
<stat pass="30" fail="0" skip="0">All Tests</stat>
</total>
<tag>
</tag>
<suite>
<stat pass="30" fail="0" skip="0" id="s1" name="Test Application Invalid">Test Application Invalid</stat>
</suite>
</statistics>
<errors>
<msg time="2025-02-26T09:15:27.085533" level="WARN">Multiple tests with name 'Open Form' executed in suite 'Test Application Invalid'.</msg>
<msg time="2025-02-26T09:16:12.151116" level="WARN">Multiple tests with name 'Open Form' executed in suite 'Test Application Invalid'.</msg>
<msg time="2025-02-26T09:16:57.411903" level="WARN">Multiple tests with name 'Open Form' executed in suite 'Test Application Invalid'.</msg>
<msg time="2025-02-26T09:17:42.693005" level="WARN">Multiple tests with name 'Open Form' executed in suite 'Test Application Invalid'.</msg>
<msg time="2025-02-26T09:18:27.482153" level="WARN">Multiple tests with name 'Open Form' executed in suite 'Test Application Invalid'.</msg>
<msg time="2025-02-26T09:19:14.647490" level="WARN">Multiple tests with name 'Open Form' executed in suite 'Test Application Invalid'.</msg>
<msg time="2025-02-26T09:20:01.691626" level="WARN">Multiple tests with name 'Open Form' executed in suite 'Test Application Invalid'.</msg>
<msg time="2025-02-26T09:20:47.753799" level="WARN">Multiple tests with name 'Open Form' executed in suite 'Test Application Invalid'.</msg>
<msg time="2025-02-26T09:21:32.816368" level="WARN">Multiple tests with name 'Open Form' executed in suite 'Test Application Invalid'.</msg>
</errors>
</robot>
