<?xml version="1.0" encoding="UTF-8"?>
<robot generator="Robot 7.0.1 (Python 3.9.13 on win32)" generated="2025-02-26T11:20:04.277351" rpa="false" schemaversion="5">
<suite id="s1" name="Test Checkinfo" source="D:\SE\git-group-repository-sec1-group1\InitialProject\test\test_researchgroup\test_checkinfo.robot">
<test id="s1-t1" name="Check Researcher Group" line="11">
<kw name="Open Web" owner="resource">
<kw name="Open Custom Chrome Browser" owner="resource">
<kw name="Evaluate" owner="BuiltIn">
<msg time="2025-02-26T11:20:04.511705" level="INFO">${options} = &lt;selenium.webdriver.chrome.options.Options object at 0x000002A365ACA670&gt;</msg>
<var>${options}</var>
<arg>sys.modules['selenium.webdriver'].ChromeOptions()</arg>
<arg>sys</arg>
<doc>Evaluates the given expression in Python and returns the result.</doc>
<status status="PASS" start="2025-02-26T11:20:04.511705" elapsed="0.000000"/>
</kw>
<kw name="Set Variable" owner="BuiltIn">
<arg>${options}</arg>
<arg>binary_location</arg>
<arg>${CHROME_BROWSER_PATH}</arg>
<doc>Returns the given values which can then be assigned to a variables.</doc>
<status status="PASS" start="2025-02-26T11:20:04.511705" elapsed="0.000992"/>
</kw>
<kw name="Evaluate" owner="BuiltIn">
<msg time="2025-02-26T11:20:04.512697" level="INFO">${service} = &lt;selenium.webdriver.chrome.service.Service object at 0x000002A365ACA970&gt;</msg>
<var>${service}</var>
<arg>sys.modules["selenium.webdriver.chrome.service"].Service(executable_path=r"${CHROME_DRIVER_PATH}")</arg>
<arg>sys</arg>
<doc>Evaluates the given expression in Python and returns the result.</doc>
<status status="PASS" start="2025-02-26T11:20:04.512697" elapsed="0.000000"/>
</kw>
<kw name="Create Webdriver" owner="SeleniumLibrary">
<msg time="2025-02-26T11:20:04.513707" level="INFO">Creating an instance of the Chrome WebDriver.</msg>
<arg>Chrome</arg>
<arg>options=${options}</arg>
<arg>service=${service}</arg>
<doc>Creates an instance of Selenium WebDriver.</doc>
<status status="PASS" start="2025-02-26T11:20:04.513707" elapsed="1.138590"/>
</kw>
<kw name="Go To" owner="SeleniumLibrary">
<msg time="2025-02-26T11:20:05.653299" level="INFO">Opening url 'https://cs0167.cpkkuhost.com/'</msg>
<arg>${url}</arg>
<doc>Navigates the current browser window to the provided ``url``.</doc>
<status status="PASS" start="2025-02-26T11:20:05.652297" elapsed="1.204474"/>
</kw>
<arg>${BASE_URL}</arg>
<status status="PASS" start="2025-02-26T11:20:04.510697" elapsed="2.346074"/>
</kw>
<kw name="Maximize Browser Window" owner="SeleniumLibrary">
<doc>Maximizes current browser window.</doc>
<status status="PASS" start="2025-02-26T11:20:06.856771" elapsed="4.909363"/>
</kw>
<kw name="Set Selenium Speed" owner="SeleniumLibrary">
<arg>${DELAY}</arg>
<doc>Sets the delay that is waited after each Selenium command.</doc>
<status status="PASS" start="2025-02-26T11:20:11.767128" elapsed="0.000000"/>
</kw>
<kw name="Home Should Be Open" owner="resource">
<kw name="Title Should Be" owner="SeleniumLibrary">
<msg time="2025-02-26T11:20:12.578653" level="INFO">Page title is 'ระบบข้อมูลงานวิจัย วิทยาลัยการคอมพิวเตอร์'.</msg>
<arg>ระบบข้อมูลงานวิจัย วิทยาลัยการคอมพิวเตอร์</arg>
<doc>Verifies that the current page title equals ``title``.</doc>
<status status="PASS" start="2025-02-26T11:20:11.768131" elapsed="0.810522"/>
</kw>
<status status="PASS" start="2025-02-26T11:20:11.768131" elapsed="0.810522"/>
</kw>
<status status="PASS" start="2025-02-26T11:20:04.509705" elapsed="8.068948"/>
</kw>
<kw name="Go To Researcher Group" owner="resource">
<kw name="Click Element" owner="SeleniumLibrary">
<msg time="2025-02-26T11:20:12.581647" level="INFO">Clicking element 'xpath=//a[@href='/researchgroup']'.</msg>
<arg>xpath=//a[@href='/researchgroup']</arg>
<doc>Click the element identified by ``locator``.</doc>
<status status="PASS" start="2025-02-26T11:20:12.580648" elapsed="2.660686"/>
</kw>
<kw name="Page Should Contain Element" owner="SeleniumLibrary">
<msg time="2025-02-26T11:20:16.060073" level="INFO">Current page contains element 'xpath=//p[contains(text(), 'Research Group')]'.</msg>
<arg>xpath=//p[contains(text(), 'Research Group')]</arg>
<doc>Verifies that element ``locator`` is found on the current page.</doc>
<status status="PASS" start="2025-02-26T11:20:15.241334" elapsed="0.818739"/>
</kw>
<status status="PASS" start="2025-02-26T11:20:12.579643" elapsed="3.480430"/>
</kw>
<status status="PASS" start="2025-02-26T11:20:04.509705" elapsed="11.551384"/>
</test>
<test id="s1-t2" name="Check Group Detail" line="16">
<kw name="Scroll Element Into View" owner="SeleniumLibrary">
<arg>xpath=(//a[contains(@href, 'researchgroupdetail')])[4]</arg>
<doc>Scrolls the element identified by ``locator`` into view.</doc>
<status status="PASS" start="2025-02-26T11:20:16.062799" elapsed="1.904475"/>
</kw>
<kw name="Click Element" owner="SeleniumLibrary">
<msg time="2025-02-26T11:20:17.968894" level="INFO">Clicking element 'xpath=(//a[contains(@href, 'researchgroupdetail')])[4]'.</msg>
<arg>xpath=(//a[contains(@href, 'researchgroupdetail')])[4]</arg>
<doc>Click the element identified by ``locator``.</doc>
<status status="PASS" start="2025-02-26T11:20:17.967837" elapsed="2.337336"/>
</kw>
<kw name="Wait Until Element Is Visible" owner="SeleniumLibrary">
<arg>xpath=//h5[contains(text(), 'งานวิจัยที่เกี่ยวข้อง')]</arg>
<doc>Waits until the element ``locator`` is visible.</doc>
<status status="PASS" start="2025-02-26T11:20:20.306051" elapsed="1.636072"/>
</kw>
<kw name="Get Element Count" owner="SeleniumLibrary">
<msg time="2025-02-26T11:20:22.762395" level="INFO">${research_count} = 5</msg>
<var>${research_count}</var>
<arg>xpath=//div[contains(@class, 'card-body')]//ul/li</arg>
<doc>Returns the number of elements matching ``locator``.</doc>
<status status="PASS" start="2025-02-26T11:20:21.942123" elapsed="0.820272"/>
</kw>
<kw name="Should Be True" owner="BuiltIn">
<arg>${research_count} &gt; 0</arg>
<arg>No research items found!</arg>
<doc>Fails if the given condition is not true.</doc>
<status status="PASS" start="2025-02-26T11:20:22.763301" elapsed="0.000000"/>
</kw>
<kw name="Get Element Attribute" owner="SeleniumLibrary">
<msg time="2025-02-26T11:20:24.402188" level="INFO">${first_li_html} = &lt;li class="page-item disabled" aria-disabled="true" aria-label="« Previous"&gt;
                    &lt;span class="page-link" aria-hidden="true"&gt;‹&lt;/span&gt;
                &lt;/li&gt;</msg>
<var>${first_li_html}</var>
<arg>xpath=(//div[contains(@class, 'card-body')]//ul/li)[1]</arg>
<arg>outerHTML</arg>
<doc>Returns the value of ``attribute`` from the element ``locator``.</doc>
<status status="PASS" start="2025-02-26T11:20:22.764299" elapsed="1.637889"/>
</kw>
<kw name="Log" owner="BuiltIn">
<msg time="2025-02-26T11:20:24.403107" level="INFO">&lt;li class="page-item disabled" aria-disabled="true" aria-label="« Previous"&gt;
                    &lt;span class="page-link" aria-hidden="true"&gt;‹&lt;/span&gt;
                &lt;/li&gt;</msg>
<arg>${first_li_html}</arg>
<doc>Logs the given message with the given level.</doc>
<status status="PASS" start="2025-02-26T11:20:24.403107" elapsed="0.000999"/>
</kw>
<kw name="Get Text" owner="SeleniumLibrary">
<msg time="2025-02-26T11:20:26.044971" level="INFO">${actual_title} = A Sentiment Classification from Review Corpus using Linked Open Data and Sentiment Lexicol</msg>
<var>${actual_title}</var>
<arg>xpath=/html/body/div[1]/div/div/div[2]/div[2]/ul/h3/li[1]/strong[2]</arg>
<doc>Returns the text value of the element identified by ``locator``.</doc>
<status status="PASS" start="2025-02-26T11:20:24.404106" elapsed="1.640865"/>
</kw>
<kw name="Get Text" owner="SeleniumLibrary">
<msg time="2025-02-26T11:20:27.680859" level="INFO">${actual_users} = Ngamnij Arch-int, Monlica Wattana, และคณะ</msg>
<var>${actual_users}</var>
<arg>xpath=/html/body/div[1]/div/div/div[2]/div[2]/ul/h3/li[1]/span[1]</arg>
<doc>Returns the text value of the element identified by ``locator``.</doc>
<status status="PASS" start="2025-02-26T11:20:26.045867" elapsed="1.634992"/>
</kw>
<kw name="Get Text" owner="SeleniumLibrary">
<msg time="2025-02-26T11:20:29.319803" level="INFO">${actual_date} = 2021-11-21</msg>
<var>${actual_date}</var>
<arg>xpath=/html/body/div[1]/div/div/div[2]/div[2]/ul/h3/li[1]/span[3]/em</arg>
<doc>Returns the text value of the element identified by ``locator``.</doc>
<status status="PASS" start="2025-02-26T11:20:27.681750" elapsed="1.638053"/>
</kw>
<kw name="Should Be Equal As Strings" owner="BuiltIn">
<arg>${actual_title}</arg>
<arg>${EXPECTED_TITLE}</arg>
<arg>Research title mismatch!</arg>
<doc>Fails if objects are unequal after converting them to strings.</doc>
<status status="PASS" start="2025-02-26T11:20:29.320812" elapsed="0.000997"/>
</kw>
<kw name="Should Be Equal As Strings" owner="BuiltIn">
<arg>${actual_users}</arg>
<arg>${EXPECTED_USERS}</arg>
<doc>Fails if objects are unequal after converting them to strings.</doc>
<status status="PASS" start="2025-02-26T11:20:29.321809" elapsed="0.000000"/>
</kw>
<kw name="Should Be Equal As Strings" owner="BuiltIn">
<arg>${actual_date}</arg>
<arg>${EXPECTED_DATE}</arg>
<arg>Publication date mismatch!</arg>
<doc>Fails if objects are unequal after converting them to strings.</doc>
<status status="PASS" start="2025-02-26T11:20:29.321809" elapsed="0.001000"/>
</kw>
<kw name="Sleep" owner="BuiltIn">
<msg time="2025-02-26T11:20:31.331086" level="INFO">Slept 2 seconds.</msg>
<arg>2s</arg>
<doc>Pauses the test executed for the given time.</doc>
<status status="PASS" start="2025-02-26T11:20:29.322809" elapsed="2.008277"/>
</kw>
<kw name="Close Browser" owner="SeleniumLibrary" type="TEARDOWN">
<doc>Closes the current browser.</doc>
<status status="PASS" start="2025-02-26T11:20:31.331985" elapsed="4.111480"/>
</kw>
<status status="PASS" start="2025-02-26T11:20:16.061794" elapsed="19.382694"/>
</test>
<status status="PASS" start="2025-02-26T11:20:04.279343" elapsed="31.166045"/>
</suite>
<statistics>
<total>
<stat pass="2" fail="0" skip="0">All Tests</stat>
</total>
<tag>
</tag>
<suite>
<stat pass="2" fail="0" skip="0" id="s1" name="Test Checkinfo">Test Checkinfo</stat>
</suite>
</statistics>
<errors>
</errors>
</robot>
