<?xml version="1.0" encoding="UTF-8"?>
<robot generator="Robot 7.0.1 (Python 3.9.13 on win32)" generated="2025-02-23T23:13:29.644759" rpa="false" schemaversion="5">
<suite id="s1" name="Test Application" source="D:\SE\git-group-repository-sec1-group1\InitialProject\test\test_researchgroup\test_application.robot">
<test id="s1-t1" name="Open Website" line="6">
<kw name="Open Web" owner="resource">
<kw name="Open Custom Chrome Browser" owner="resource">
<kw name="Evaluate" owner="BuiltIn">
<msg time="2025-02-23T23:13:29.869592" level="INFO">${options} = &lt;selenium.webdriver.chrome.options.Options object at 0x00000257A6C52C40&gt;</msg>
<var>${options}</var>
<arg>sys.modules['selenium.webdriver'].ChromeOptions()</arg>
<arg>sys</arg>
<doc>Evaluates the given expression in Python and returns the result.</doc>
<status status="PASS" start="2025-02-23T23:13:29.869592" elapsed="0.000000"/>
</kw>
<kw name="Set Variable" owner="BuiltIn">
<arg>${options}</arg>
<arg>binary_location</arg>
<arg>${CHROME_BROWSER_PATH}</arg>
<doc>Returns the given values which can then be assigned to a variables.</doc>
<status status="PASS" start="2025-02-23T23:13:29.869592" elapsed="0.000000"/>
</kw>
<kw name="Evaluate" owner="BuiltIn">
<msg time="2025-02-23T23:13:29.870591" level="INFO">${service} = &lt;selenium.webdriver.chrome.service.Service object at 0x00000257A6C52F40&gt;</msg>
<var>${service}</var>
<arg>sys.modules["selenium.webdriver.chrome.service"].Service(executable_path=r"${CHROME_DRIVER_PATH}")</arg>
<arg>sys</arg>
<doc>Evaluates the given expression in Python and returns the result.</doc>
<status status="PASS" start="2025-02-23T23:13:29.869592" elapsed="0.000999"/>
</kw>
<kw name="Create Webdriver" owner="SeleniumLibrary">
<msg time="2025-02-23T23:13:29.870591" level="INFO">Creating an instance of the Chrome WebDriver.</msg>
<arg>Chrome</arg>
<arg>options=${options}</arg>
<arg>service=${service}</arg>
<doc>Creates an instance of Selenium WebDriver.</doc>
<status status="PASS" start="2025-02-23T23:13:29.870591" elapsed="1.081844"/>
</kw>
<kw name="Go To" owner="SeleniumLibrary">
<msg time="2025-02-23T23:13:30.953435" level="INFO">Opening url 'http://localhost:8000'</msg>
<arg>${url}</arg>
<doc>Navigates the current browser window to the provided ``url``.</doc>
<status status="PASS" start="2025-02-23T23:13:30.952435" elapsed="1.820849"/>
</kw>
<arg>${BASE_URL}</arg>
<status status="PASS" start="2025-02-23T23:13:29.868594" elapsed="2.904690"/>
</kw>
<kw name="Maximize Browser Window" owner="SeleniumLibrary">
<doc>Maximizes current browser window.</doc>
<status status="PASS" start="2025-02-23T23:13:32.773284" elapsed="0.035005"/>
</kw>
<kw name="Set Selenium Speed" owner="SeleniumLibrary">
<arg>${DELAY}</arg>
<doc>Sets the delay that is waited after each Selenium command.</doc>
<status status="PASS" start="2025-02-23T23:13:32.809288" elapsed="0.000000"/>
</kw>
<kw name="Home Should Be Open" owner="resource">
<kw name="Title Should Be" owner="SeleniumLibrary">
<msg time="2025-02-23T23:13:33.819672" level="INFO">Page title is 'ระบบข้อมูลงานวิจัย วิทยาลัยการคอมพิวเตอร์'.</msg>
<arg>ระบบข้อมูลงานวิจัย วิทยาลัยการคอมพิวเตอร์</arg>
<doc>Verifies that the current page title equals ``title``.</doc>
<status status="PASS" start="2025-02-23T23:13:32.809288" elapsed="1.010384"/>
</kw>
<status status="PASS" start="2025-02-23T23:13:32.809288" elapsed="1.010384"/>
</kw>
<status status="PASS" start="2025-02-23T23:13:29.867611" elapsed="3.952061"/>
</kw>
<status status="PASS" start="2025-02-23T23:13:29.867611" elapsed="3.954061"/>
</test>
<test id="s1-t2" name="Go To Login" line="9">
<kw name="Click Login" owner="resource">
<kw name="Click Element" owner="SeleniumLibrary">
<msg time="2025-02-23T23:13:33.823671" level="INFO">Clicking element 'xpath= //a[@href='/login']'.</msg>
<arg>xpath= //a[@href='/login']</arg>
<doc>Click the element identified by ``locator``.</doc>
<status status="PASS" start="2025-02-23T23:13:33.822672" elapsed="2.242517"/>
</kw>
<kw name="Get Window Handles" owner="SeleniumLibrary">
<msg time="2025-02-23T23:13:37.073727" level="INFO">${handles} = ['98580AE3D774A1606792D152482F708A', '4E39397FAF355F23148CCD5B3D6EE5A4']</msg>
<var>${handles}</var>
<doc>Returns all child window handles of the selected browser as a list.</doc>
<status status="PASS" start="2025-02-23T23:13:36.065189" elapsed="1.008538"/>
</kw>
<kw name="Switch Window" owner="SeleniumLibrary">
<arg>${handles}[1]</arg>
<doc>Switches to browser window matching ``locator``.</doc>
<status status="PASS" start="2025-02-23T23:13:37.073727" elapsed="9.176777"/>
</kw>
<kw name="Title Should Be" owner="SeleniumLibrary">
<msg time="2025-02-23T23:13:47.269941" level="INFO">Page title is 'Login'.</msg>
<arg>Login</arg>
<doc>Verifies that the current page title equals ``title``.</doc>
<status status="PASS" start="2025-02-23T23:13:46.250504" elapsed="1.019437"/>
</kw>
<status status="PASS" start="2025-02-23T23:13:33.822672" elapsed="13.447269"/>
</kw>
<status status="PASS" start="2025-02-23T23:13:33.822672" elapsed="13.448151"/>
</test>
<test id="s1-t3" name="Login" line="12">
<kw name="Input Email" owner="resource">
<kw name="Input Text" owner="SeleniumLibrary">
<msg time="2025-02-23T23:13:47.271822" level="INFO">Typing text 'admin@gmail.com' into text field 'id:username'.</msg>
<arg>id:username</arg>
<arg>${EMAIL}</arg>
<doc>Types the given ``text`` into the text field identified by ``locator``.</doc>
<status status="PASS" start="2025-02-23T23:13:47.271822" elapsed="3.104514"/>
</kw>
<arg>admin@gmail.com</arg>
<status status="PASS" start="2025-02-23T23:13:47.271822" elapsed="3.104514"/>
</kw>
<kw name="Input Password" owner="SeleniumLibrary">
<msg time="2025-02-23T23:13:50.377351" level="INFO">Typing password into text field 'id:password'.</msg>
<msg time="2025-02-23T23:13:52.422500" level="INFO">Temporally setting log level to: NONE</msg>
<arg>id:password</arg>
<arg>12345678</arg>
<doc>Types the given password into the text field identified by ``locator``.</doc>
<status status="PASS" start="2025-02-23T23:13:50.377351" elapsed="3.084045"/>
</kw>
<kw name="Click Button" owner="SeleniumLibrary">
<msg time="2025-02-23T23:13:53.462223" level="INFO">Clicking button 'Log In'.</msg>
<arg>Log In</arg>
<doc>Clicks the button identified by ``locator``.</doc>
<status status="PASS" start="2025-02-23T23:13:53.462223" elapsed="6.900612"/>
</kw>
<kw name="Title Should Be" owner="SeleniumLibrary">
<msg time="2025-02-23T23:14:01.401550" level="INFO">Page title is 'Dashboard'.</msg>
<arg>Dashboard</arg>
<doc>Verifies that the current page title equals ``title``.</doc>
<status status="PASS" start="2025-02-23T23:14:00.369835" elapsed="1.031715"/>
</kw>
<status status="PASS" start="2025-02-23T23:13:47.270823" elapsed="14.130727"/>
</test>
<test id="s1-t4" name="Create Project" line="18">
<kw name="Click Element" owner="SeleniumLibrary">
<msg time="2025-02-23T23:14:01.402417" level="INFO">Clicking element 'xpath=//a[contains(@href, 'researchGroups')]'.</msg>
<arg>xpath=//a[contains(@href, 'researchGroups')]</arg>
<doc>Click the element identified by ``locator``.</doc>
<status status="PASS" start="2025-02-23T23:14:01.402417" elapsed="4.192791"/>
</kw>
<kw name="Click Element" owner="SeleniumLibrary">
<msg time="2025-02-23T23:14:05.596111" level="INFO">Clicking element 'xpath=(//a[@title="Application"])[1]'.</msg>
<arg>xpath=(//a[@title="Application"])[1]</arg>
<doc>Click the element identified by ``locator``.</doc>
<status status="PASS" start="2025-02-23T23:14:05.596111" elapsed="4.120113"/>
</kw>
<kw name="Click Element" owner="SeleniumLibrary">
<msg time="2025-02-23T23:14:09.718226" level="INFO">Clicking element 'css:button.create-project-btn'.</msg>
<arg>css:button.create-project-btn</arg>
<doc>Click the element identified by ``locator``.</doc>
<status status="PASS" start="2025-02-23T23:14:09.718226" elapsed="2.059261"/>
</kw>
<kw name="Input Text" owner="SeleniumLibrary">
<msg time="2025-02-23T23:14:11.777923" level="INFO">Typing text 'Project' into text field 'id:projectName'.</msg>
<arg>id:projectName</arg>
<arg>Project</arg>
<doc>Types the given ``text`` into the text field identified by ``locator``.</doc>
<status status="PASS" start="2025-02-23T23:14:11.777923" elapsed="3.102476"/>
</kw>
<kw name="Input Text" owner="SeleniumLibrary">
<msg time="2025-02-23T23:14:14.884400" level="INFO">Typing text 'Description' into text field 'id:projectDescription'.</msg>
<arg>id:projectDescription</arg>
<arg>Description</arg>
<doc>Types the given ``text`` into the text field identified by ``locator``.</doc>
<status status="PASS" start="2025-02-23T23:14:14.884400" elapsed="3.093178"/>
</kw>
<kw name="Input Text" owner="SeleniumLibrary">
<msg time="2025-02-23T23:14:17.978451" level="INFO">Typing text '111-1111-111' into text field 'id:projectContact'.</msg>
<arg>id:projectContact</arg>
<arg>111-1111-111</arg>
<doc>Types the given ``text`` into the text field identified by ``locator``.</doc>
<status status="PASS" start="2025-02-23T23:14:17.978451" elapsed="3.109937"/>
</kw>
<kw name="Click Button" owner="SeleniumLibrary">
<msg time="2025-02-23T23:14:21.089351" level="INFO">Clicking button 'Create'.</msg>
<arg>Create</arg>
<doc>Clicks the button identified by ``locator``.</doc>
<status status="PASS" start="2025-02-23T23:14:21.088388" elapsed="6.455308"/>
</kw>
<status status="PASS" start="2025-02-23T23:14:01.402417" elapsed="26.141279"/>
</test>
<test id="s1-t5" name="Create Application for ResearchAssistant" line="27">
<kw name="Click Element" owner="SeleniumLibrary">
<msg time="2025-02-23T23:14:27.545925" level="INFO">Clicking element 'xpath=//h5[contains(text(),'Project')]/ancestor::a'.</msg>
<arg>xpath=//h5[contains(text(),'Project')]/ancestor::a</arg>
<doc>Click the element identified by ``locator``.</doc>
<status status="PASS" start="2025-02-23T23:14:27.545925" elapsed="4.146351"/>
</kw>
<kw name="Click Element" owner="SeleniumLibrary">
<msg time="2025-02-23T23:14:31.693158" level="INFO">Clicking element 'xpath=//a[contains(text(), 'Create Application')]'.</msg>
<arg>xpath=//a[contains(text(), 'Create Application')]</arg>
<doc>Click the element identified by ``locator``.</doc>
<status status="PASS" start="2025-02-23T23:14:31.693158" elapsed="4.119637"/>
</kw>
<kw name="Select From List By Index" owner="SeleniumLibrary">
<msg time="2025-02-23T23:14:35.813802" level="INFO">Selecting options from selection list 'xpath = //select[@id='positionSelect']' by index 0.</msg>
<arg>xpath = //select[@id='positionSelect']</arg>
<arg>0</arg>
<doc>Selects options from selection list ``locator`` by ``indexes``.</doc>
<status status="PASS" start="2025-02-23T23:14:35.812795" elapsed="9.130284"/>
</kw>
<kw name="Sleep" owner="BuiltIn">
<msg time="2025-02-23T23:14:45.949421" level="INFO">Slept 1 second.</msg>
<arg>1s</arg>
<doc>Pauses the test executed for the given time.</doc>
<status status="PASS" start="2025-02-23T23:14:44.944080" elapsed="1.005341"/>
</kw>
<kw name="Execute Javascript" owner="SeleniumLibrary">
<msg time="2025-02-23T23:14:45.950418" level="INFO">Executing JavaScript:
window.scrollTo(0, document.body.scrollHeight);
Without any arguments.</msg>
<arg>window.scrollTo(0, document.body.scrollHeight);</arg>
<doc>Executes the given JavaScript code with possible arguments.</doc>
<status status="PASS" start="2025-02-23T23:14:45.950418" elapsed="1.026444"/>
</kw>
<kw name="Execute Javascript" owner="SeleniumLibrary">
<msg time="2025-02-23T23:14:46.977826" level="INFO">Executing JavaScript:
document.querySelector("input[name='app_deadline[]']").value = '2025-02-23T14:30';
Without any arguments.</msg>
<arg>document.querySelector("input[name='app_deadline[]']").value = '2025-02-23T14:30';</arg>
<doc>Executes the given JavaScript code with possible arguments.</doc>
<status status="PASS" start="2025-02-23T23:14:46.977826" elapsed="1.020012"/>
</kw>
<kw name="Input Text" owner="SeleniumLibrary">
<msg time="2025-02-23T23:14:47.998706" level="INFO">Typing text '1000' into text field 'xpath=(//input[@name="amount[]"])[1]'.</msg>
<arg>xpath=(//input[@name="amount[]"])[1]</arg>
<arg>1000</arg>
<doc>Types the given ``text`` into the text field identified by ``locator``.</doc>
<status status="PASS" start="2025-02-23T23:14:47.997838" elapsed="3.090504"/>
</kw>
<kw name="Input Text" owner="SeleniumLibrary">
<msg time="2025-02-23T23:14:51.089213" level="INFO">Typing text 'Provide details here...' into text field 'xpath=(//textarea[@name="app_detail[]"])[1]'.</msg>
<arg>xpath=(//textarea[@name="app_detail[]"])[1]</arg>
<arg>Provide details here...</arg>
<doc>Types the given ``text`` into the text field identified by ``locator``.</doc>
<status status="PASS" start="2025-02-23T23:14:51.089213" elapsed="3.103599"/>
</kw>
<kw name="Input Text" owner="SeleniumLibrary">
<msg time="2025-02-23T23:14:54.193669" level="INFO">Typing text 'Conditions apply...' into text field 'xpath=(//input[@name="app_condition[]"])[1]'.</msg>
<arg>xpath=(//input[@name="app_condition[]"])[1]</arg>
<arg>Conditions apply...</arg>
<doc>Types the given ``text`` into the text field identified by ``locator``.</doc>
<status status="PASS" start="2025-02-23T23:14:54.193669" elapsed="3.109693"/>
</kw>
<kw name="Click Button" owner="SeleniumLibrary">
<msg time="2025-02-23T23:14:57.304377" level="INFO">Clicking button 'Submit All Applications'.</msg>
<arg>Submit All Applications</arg>
<doc>Clicks the button identified by ``locator``.</doc>
<status status="PASS" start="2025-02-23T23:14:57.303362" elapsed="4.080522"/>
</kw>
<kw name="Element Should Be Visible" owner="SeleniumLibrary">
<msg time="2025-02-23T23:15:04.741459" level="INFO">Element 'xpath=//div[@class='row']/div[contains(@class, 'col-md-6')]' is displayed.</msg>
<arg>xpath=//div[@class='row']/div[contains(@class, 'col-md-6')]</arg>
<doc>Verifies that the element identified by ``locator`` is visible.</doc>
<status status="PASS" start="2025-02-23T23:15:01.383884" elapsed="3.357575"/>
</kw>
<kw name="Sleep" owner="BuiltIn">
<msg time="2025-02-23T23:15:05.752641" level="INFO">Slept 1 second.</msg>
<arg>1s</arg>
<doc>Pauses the test executed for the given time.</doc>
<status status="PASS" start="2025-02-23T23:15:04.742120" elapsed="1.010521"/>
</kw>
<status status="PASS" start="2025-02-23T23:14:27.545925" elapsed="38.206716"/>
</test>
<status status="PASS" start="2025-02-23T23:13:29.645745" elapsed="96.107909"/>
</suite>
<statistics>
<total>
<stat pass="5" fail="0" skip="0">All Tests</stat>
</total>
<tag>
</tag>
<suite>
<stat pass="5" fail="0" skip="0" id="s1" name="Test Application">Test Application</stat>
</suite>
</statistics>
<errors>
</errors>
</robot>
