<?xml version="1.0" encoding="UTF-8"?>
<robot generator="Robot 7.0.1 (Python 3.9.13 on win32)" generated="2025-03-11T15:03:09.990108" rpa="false" schemaversion="5">
<suite id="s1" name="UAT-17-001" source="D:\SE\git-group-repository-sec1-group1\Sprint3\test\UAT-17-001.robot">
<test id="s1-t1" name="Open Website" line="15">
<kw name="Open Web" owner="resource">
<kw name="Open Custom Chrome Browser" owner="resource">
<kw name="Evaluate" owner="BuiltIn">
<msg time="2025-03-11T15:03:10.248392" level="INFO">${options} = &lt;selenium.webdriver.chrome.options.Options object at 0x0000011608D86FD0&gt;</msg>
<var>${options}</var>
<arg>sys.modules['selenium.webdriver'].ChromeOptions()</arg>
<arg>sys</arg>
<doc>Evaluates the given expression in Python and returns the result.</doc>
<status status="PASS" start="2025-03-11T15:03:10.247392" elapsed="0.001000"/>
</kw>
<kw name="Set Variable" owner="BuiltIn">
<arg>${options}</arg>
<arg>binary_location</arg>
<arg>${CHROME_BROWSER_PATH}</arg>
<doc>Returns the given values which can then be assigned to a variables.</doc>
<status status="PASS" start="2025-03-11T15:03:10.248392" elapsed="0.000000"/>
</kw>
<kw name="Evaluate" owner="BuiltIn">
<msg time="2025-03-11T15:03:10.249396" level="INFO">${service} = &lt;selenium.webdriver.chrome.service.Service object at 0x0000011608D9B430&gt;</msg>
<var>${service}</var>
<arg>sys.modules["selenium.webdriver.chrome.service"].Service(executable_path=r"${CHROME_DRIVER_PATH}")</arg>
<arg>sys</arg>
<doc>Evaluates the given expression in Python and returns the result.</doc>
<status status="PASS" start="2025-03-11T15:03:10.248392" elapsed="0.001004"/>
</kw>
<kw name="Create Webdriver" owner="SeleniumLibrary">
<msg time="2025-03-11T15:03:10.249396" level="INFO">Creating an instance of the Chrome WebDriver.</msg>
<arg>Chrome</arg>
<arg>options=${options}</arg>
<arg>service=${service}</arg>
<doc>Creates an instance of Selenium WebDriver.</doc>
<status status="PASS" start="2025-03-11T15:03:10.249396" elapsed="1.085183"/>
</kw>
<kw name="Go To" owner="SeleniumLibrary">
<msg time="2025-03-11T15:03:11.335580" level="INFO">Opening url 'http://localhost:8000'</msg>
<arg>${url}</arg>
<doc>Navigates the current browser window to the provided ``url``.</doc>
<status status="PASS" start="2025-03-11T15:03:11.334579" elapsed="1.926736"/>
</kw>
<arg>${BASE_URL}</arg>
<status status="PASS" start="2025-03-11T15:03:10.247392" elapsed="3.014924"/>
</kw>
<kw name="Maximize Browser Window" owner="SeleniumLibrary">
<doc>Maximizes current browser window.</doc>
<status status="PASS" start="2025-03-11T15:03:13.262316" elapsed="0.042534"/>
</kw>
<kw name="Set Selenium Speed" owner="SeleniumLibrary">
<arg>${DELAY}</arg>
<doc>Sets the delay that is waited after each Selenium command.</doc>
<status status="PASS" start="2025-03-11T15:03:13.304850" elapsed="0.000996"/>
</kw>
<kw name="Home Should Be Open" owner="resource">
<kw name="Title Should Be" owner="SeleniumLibrary">
<msg time="2025-03-11T15:03:14.122736" level="INFO">Page title is 'ระบบข้อมูลงานวิจัย วิทยาลัยการคอมพิวเตอร์'.</msg>
<arg>ระบบข้อมูลงานวิจัย วิทยาลัยการคอมพิวเตอร์</arg>
<doc>Verifies that the current page title equals ``title``.</doc>
<status status="PASS" start="2025-03-11T15:03:13.305846" elapsed="0.816890"/>
</kw>
<status status="PASS" start="2025-03-11T15:03:13.305846" elapsed="0.816890"/>
</kw>
<status status="PASS" start="2025-03-11T15:03:10.246393" elapsed="3.877344"/>
</kw>
<status status="PASS" start="2025-03-11T15:03:10.246393" elapsed="3.877344"/>
</test>
<test id="s1-t2" name="Go To Login" line="18">
<kw name="Click Login" owner="resource">
<kw name="Click Element" owner="SeleniumLibrary">
<msg time="2025-03-11T15:03:14.126736" level="INFO">Clicking element 'xpath= //a[@href='/login']'.</msg>
<arg>xpath= //a[@href='/login']</arg>
<doc>Click the element identified by ``locator``.</doc>
<status status="PASS" start="2025-03-11T15:03:14.125737" elapsed="1.787769"/>
</kw>
<kw name="Switch Tab" owner="resource">
<kw name="Get Window Handles" owner="SeleniumLibrary">
<msg time="2025-03-11T15:03:16.728532" level="INFO">${handles} = ['B7F83609E3096570147F6E1FBCC65983', '06B41551B3627F337BED0A60001E4212']</msg>
<var>${handles}</var>
<doc>Returns all child window handles of the selected browser as a list.</doc>
<status status="PASS" start="2025-03-11T15:03:15.914501" elapsed="0.814031"/>
</kw>
<kw name="Switch Window" owner="SeleniumLibrary">
<arg>${handles}[${INDEX}]</arg>
<doc>Switches to browser window matching ``locator``.</doc>
<status status="PASS" start="2025-03-11T15:03:16.729432" elapsed="7.350941"/>
</kw>
<arg>1</arg>
<status status="PASS" start="2025-03-11T15:03:15.913506" elapsed="8.166867"/>
</kw>
<kw name="Title Should Be" owner="SeleniumLibrary">
<msg time="2025-03-11T15:03:24.896380" level="INFO">Page title is 'Login'.</msg>
<arg>Login</arg>
<doc>Verifies that the current page title equals ``title``.</doc>
<status status="PASS" start="2025-03-11T15:03:24.081305" elapsed="0.815075"/>
</kw>
<status status="PASS" start="2025-03-11T15:03:14.125737" elapsed="10.770643"/>
</kw>
<status status="PASS" start="2025-03-11T15:03:14.124737" elapsed="10.772657"/>
</test>
<test id="s1-t3" name="Login" line="21">
<kw name="Input Email" owner="resource">
<kw name="Input Text" owner="SeleniumLibrary">
<msg time="2025-03-11T15:03:24.898395" level="INFO">Typing text 'ngamnij@kku.ac.th' into text field 'id:username'.</msg>
<arg>id:username</arg>
<arg>${EMAIL}</arg>
<doc>Types the given ``text`` into the text field identified by ``locator``.</doc>
<status status="PASS" start="2025-03-11T15:03:24.898395" elapsed="2.502565"/>
</kw>
<arg>ngamnij@kku.ac.th</arg>
<status status="PASS" start="2025-03-11T15:03:24.898395" elapsed="2.502565"/>
</kw>
<kw name="Input Password" owner="SeleniumLibrary">
<msg time="2025-03-11T15:03:27.401868" level="INFO">Typing password into text field 'id:password'.</msg>
<msg time="2025-03-11T15:03:29.030500" level="INFO">Temporally setting log level to: NONE</msg>
<arg>id:password</arg>
<arg>123456789</arg>
<doc>Types the given password into the text field identified by ``locator``.</doc>
<status status="PASS" start="2025-03-11T15:03:27.401868" elapsed="2.485116"/>
</kw>
<kw name="Click Button" owner="SeleniumLibrary">
<msg time="2025-03-11T15:03:29.887908" level="INFO">Clicking button 'Log In'.</msg>
<arg>Log In</arg>
<doc>Clicks the button identified by ``locator``.</doc>
<status status="PASS" start="2025-03-11T15:03:29.887908" elapsed="6.123590"/>
</kw>
<kw name="Title Should Be" owner="SeleniumLibrary">
<msg time="2025-03-11T15:03:36.849397" level="INFO">Page title is 'Dashboard'.</msg>
<arg>Dashboard</arg>
<doc>Verifies that the current page title equals ``title``.</doc>
<status status="PASS" start="2025-03-11T15:03:36.011498" elapsed="0.837899"/>
</kw>
<status status="PASS" start="2025-03-11T15:03:24.898395" elapsed="11.951002"/>
</test>
<test id="s1-t4" name="Go To Application Management Page" line="27">
<kw name="Click Element" owner="SeleniumLibrary">
<msg time="2025-03-11T15:03:36.851361" level="INFO">Clicking element 'xpath=//a[contains(@href, 'researchGroups')]'.</msg>
<arg>xpath=//a[contains(@href, 'researchGroups')]</arg>
<doc>Click the element identified by ``locator``.</doc>
<status status="PASS" start="2025-03-11T15:03:36.850357" elapsed="3.815035"/>
</kw>
<kw name="Scroll Element Into View" owner="SeleniumLibrary">
<arg>xpath=(//a[contains(@title,"Application")])[2]</arg>
<doc>Scrolls the element identified by ``locator`` into view.</doc>
<status status="PASS" start="2025-03-11T15:03:40.665392" elapsed="1.904359"/>
</kw>
<kw name="Click Element" owner="SeleniumLibrary">
<msg time="2025-03-11T15:03:42.570712" level="INFO">Clicking element 'xpath=(//a[@title="Application"])[1]'.</msg>
<arg>xpath=(//a[@title="Application"])[1]</arg>
<doc>Click the element identified by ``locator``.</doc>
<status status="PASS" start="2025-03-11T15:03:42.569751" elapsed="3.736328"/>
</kw>
<status status="PASS" start="2025-03-11T15:03:36.850357" elapsed="9.457589"/>
</test>
<test id="s1-t5" name="Create Application for ResearchAssistant" line="32">
<kw name="Click Element" owner="SeleniumLibrary">
<msg time="2025-03-11T15:03:46.309944" level="INFO">Clicking element 'xpath=//a[contains(text(), 'Create Application')]'.</msg>
<arg>xpath=//a[contains(text(), 'Create Application')]</arg>
<doc>Click the element identified by ``locator``.</doc>
<status status="PASS" start="2025-03-11T15:03:46.309944" elapsed="3.762725"/>
</kw>
<kw name="Click Element" owner="SeleniumLibrary">
<msg time="2025-03-11T15:03:50.073665" level="INFO">Clicking element 'xpath=//label[@for='researchAssistant']'.</msg>
<arg>xpath=//label[@for='researchAssistant']</arg>
<doc>Click the element identified by ``locator``.</doc>
<status status="PASS" start="2025-03-11T15:03:50.072669" elapsed="1.682484"/>
</kw>
<kw name="Sleep" owner="BuiltIn">
<msg time="2025-03-11T15:03:52.763769" level="INFO">Slept 1 second.</msg>
<arg>1s</arg>
<doc>Pauses the test executed for the given time.</doc>
<status status="PASS" start="2025-03-11T15:03:51.756168" elapsed="1.007601"/>
</kw>
<kw name="Input Application" owner="resource">
<kw name="Scroll Element Into View" owner="SeleniumLibrary">
<arg>xpath=${FORM_XPATH}//input[@name='app_deadline']</arg>
<doc>Scrolls the element identified by ``locator`` into view.</doc>
<status status="PASS" start="2025-03-11T15:03:52.765781" elapsed="1.899739"/>
</kw>
<kw name="Input Date Type" owner="resource">
<kw name="Execute Javascript" owner="SeleniumLibrary">
<msg time="2025-03-11T15:03:54.666482" level="INFO">Executing JavaScript:
var el = document.evaluate("(//h4[contains(text(),'Research Assistant Application')]/ancestor::div[@class='mt-4 p-4 border rounded bg-light position-relative'])//input[@name='app_deadline']", document, null, XPathResult.FIRST_ORDERED_NODE_TYPE, null).singleNodeValue;if(el) el.value = '2025-06-15';
Without any arguments.</msg>
<arg>var el = document.evaluate("${FORM_XPATH}//input[@name='${FIELD_NAME}']", document, null, XPathResult.FIRST_ORDERED_NODE_TYPE, null).singleNodeValue;</arg>
<arg>if(el) el.value = '${DATE}';</arg>
<doc>Executes the given JavaScript code with possible arguments.</doc>
<status status="PASS" start="2025-03-11T15:03:54.665520" elapsed="0.818042"/>
</kw>
<arg>${FORM_XPATH}</arg>
<arg>app_deadline</arg>
<arg>${DEADLINE}</arg>
<status status="PASS" start="2025-03-11T15:03:54.665520" elapsed="0.818042"/>
</kw>
<kw name="Input Text" owner="SeleniumLibrary">
<msg time="2025-03-11T15:03:55.484447" level="INFO">Typing text '3' into text field 'xpath=(//h4[contains(text(),'Research Assistant Application')]/ancestor::div[@class='mt-4 p-4 border rounded bg-light position-relative'])//input[@name='amount']'.</msg>
<arg>xpath=${FORM_XPATH}//input[@name='amount']</arg>
<arg>${VACANCIES}</arg>
<doc>Types the given ``text`` into the text field identified by ``locator``.</doc>
<status status="PASS" start="2025-03-11T15:03:55.483562" elapsed="2.489440"/>
</kw>
<kw name="Input Text" owner="SeleniumLibrary">
<msg time="2025-03-11T15:03:57.973865" level="INFO">Typing text '• CV' into text field 'xpath=(//h4[contains(text(),'Research Assistant Application')]/ancestor::div[@class='mt-4 p-4 border rounded bg-light position-relative'])//textarea[@name='required_documents']'.</msg>
<arg>xpath=${FORM_XPATH}//textarea[@name='required_documents']</arg>
<arg>${DOCUMENTS}</arg>
<doc>Types the given ``text`` into the text field identified by ``locator``.</doc>
<status status="PASS" start="2025-03-11T15:03:57.973002" elapsed="2.497691"/>
</kw>
<kw name="Input Text" owner="SeleniumLibrary">
<msg time="2025-03-11T15:04:00.470693" level="INFO">Typing text '30' into text field 'xpath=(//h4[contains(text(),'Research Assistant Application')]/ancestor::div[@class='mt-4 p-4 border rounded bg-light position-relative'])//input[@name='salary_amount']'.</msg>
<arg>xpath=${FORM_XPATH}//input[@name='salary_amount']</arg>
<arg>${SALARY}</arg>
<doc>Types the given ``text`` into the text field identified by ``locator``.</doc>
<status status="PASS" start="2025-03-11T15:04:00.470693" elapsed="2.494065"/>
</kw>
<kw name="Select From List By Value" owner="SeleniumLibrary">
<msg time="2025-03-11T15:04:02.965715" level="INFO">Selecting options from selection list 'xpath=(//h4[contains(text(),'Research Assistant Application')]/ancestor::div[@class='mt-4 p-4 border rounded bg-light position-relative'])//select[@name='salary_period']' by value per hour.</msg>
<arg>xpath=${FORM_XPATH}//select[@name='salary_period']</arg>
<arg>${SALARY_PERIOD}</arg>
<doc>Selects options from selection list ``locator`` by ``values``.</doc>
<status status="PASS" start="2025-03-11T15:04:02.964758" elapsed="6.525460"/>
</kw>
<kw name="Input Text" owner="SeleniumLibrary">
<msg time="2025-03-11T15:04:09.490218" level="INFO">Typing text '• Fresh graduates are also welcome.
• Bachelor's degree or above graduates in Finance, Economics or Accounting, or a related field.
• Having Analyst License (CFA, CISA) would be an advantage.
• Experience in utilizing Excel to build/maintain financial models; An advanced level of Excel proficiency is expected and required.
• The ability to work under the guidance of mentors and develop fundamental research-driven ideas.
• A highly competitive self-starter who thrives in a collaborative and fast-paced environment.' into text field 'xpath=(//h4[contains(text(),'Research Assistant Application')]/ancestor::div[@class='mt-4 p-4 border rounded bg-light position-relative'])//textarea[@name='qualifications']'.</msg>
<arg>xpath=${FORM_XPATH}//textarea[@name='qualifications']</arg>
<arg>${QUALIFICATION}</arg>
<doc>Types the given ``text`` into the text field identified by ``locator``.</doc>
<status status="PASS" start="2025-03-11T15:04:09.490218" elapsed="3.116178"/>
</kw>
<kw name="Input Text" owner="SeleniumLibrary">
<msg time="2025-03-11T15:04:12.606396" level="INFO">Typing text '' into text field 'xpath=(//h4[contains(text(),'Research Assistant Application')]/ancestor::div[@class='mt-4 p-4 border rounded bg-light position-relative'])//textarea[@name='preferred_qualifications']'.</msg>
<arg>xpath=${FORM_XPATH}//textarea[@name='preferred_qualifications']</arg>
<arg>${PREFERRED_QUALIFICATIONS}</arg>
<doc>Types the given ``text`` into the text field identified by ``locator``.</doc>
<status status="PASS" start="2025-03-11T15:04:12.606396" elapsed="2.468486"/>
</kw>
<kw name="Input Text" owner="SeleniumLibrary">
<msg time="2025-03-11T15:04:15.074882" level="INFO">Typing text 'Thailand, Khonkaen(Full Time)' into text field 'xpath=(//h4[contains(text(),'Research Assistant Application')]/ancestor::div[@class='mt-4 p-4 border rounded bg-light position-relative'])//input[@name='work_location']'.</msg>
<arg>xpath=${FORM_XPATH}//input[@name='work_location']</arg>
<arg>${WORK_LOCATION}</arg>
<doc>Types the given ``text`` into the text field identified by ``locator``.</doc>
<status status="PASS" start="2025-03-11T15:04:15.074882" elapsed="2.538681"/>
</kw>
<kw name="Input Text" owner="SeleniumLibrary">
<msg time="2025-03-11T15:04:17.613563" level="INFO">Typing text 'Assoc. Prof. Ngamnij Arch-int' into text field 'xpath=(//h4[contains(text(),'Research Assistant Application')]/ancestor::div[@class='mt-4 p-4 border rounded bg-light position-relative'])//input[@name='contact_name']'.</msg>
<arg>xpath=${FORM_XPATH}//input[@name='contact_name']</arg>
<arg>${CONTACT_NAME}</arg>
<doc>Types the given ``text`` into the text field identified by ``locator``.</doc>
<status status="PASS" start="2025-03-11T15:04:17.613563" elapsed="2.528762"/>
</kw>
<kw name="Input Text" owner="SeleniumLibrary">
<msg time="2025-03-11T15:04:20.143216" level="INFO">Typing text 'ngamnij@kku.ac.th' into text field 'xpath=(//h4[contains(text(),'Research Assistant Application')]/ancestor::div[@class='mt-4 p-4 border rounded bg-light position-relative'])//input[@name='contact_email']'.</msg>
<arg>xpath=${FORM_XPATH}//input[@name='contact_email']</arg>
<arg>${CONTACT_EMAIL}</arg>
<doc>Types the given ``text`` into the text field identified by ``locator``.</doc>
<status status="PASS" start="2025-03-11T15:04:20.142325" elapsed="2.536627"/>
</kw>
<kw name="Input Text" owner="SeleniumLibrary">
<msg time="2025-03-11T15:04:22.680826" level="INFO">Typing text '' into text field 'xpath=(//h4[contains(text(),'Research Assistant Application')]/ancestor::div[@class='mt-4 p-4 border rounded bg-light position-relative'])//input[@name='contact_phone']'.</msg>
<arg>xpath=${FORM_XPATH}//input[@name='contact_phone']</arg>
<arg>${CONTACT_PHONE}</arg>
<doc>Types the given ``text`` into the text field identified by ``locator``.</doc>
<status status="PASS" start="2025-03-11T15:04:22.679825" elapsed="2.474436"/>
</kw>
<kw name="Input Date Type" owner="resource">
<kw name="Execute Javascript" owner="SeleniumLibrary">
<msg time="2025-03-11T15:04:25.155178" level="INFO">Executing JavaScript:
var el = document.evaluate("(//h4[contains(text(),'Research Assistant Application')]/ancestor::div[@class='mt-4 p-4 border rounded bg-light position-relative'])//input[@name='start_date']", document, null, XPathResult.FIRST_ORDERED_NODE_TYPE, null).singleNodeValue;if(el) el.value = '2025-07-21';
Without any arguments.</msg>
<arg>var el = document.evaluate("${FORM_XPATH}//input[@name='${FIELD_NAME}']", document, null, XPathResult.FIRST_ORDERED_NODE_TYPE, null).singleNodeValue;</arg>
<arg>if(el) el.value = '${DATE}';</arg>
<doc>Executes the given JavaScript code with possible arguments.</doc>
<status status="PASS" start="2025-03-11T15:04:25.155178" elapsed="0.807220"/>
</kw>
<arg>${FORM_XPATH}</arg>
<arg>start_date</arg>
<arg>${START_DATE}</arg>
<status status="PASS" start="2025-03-11T15:04:25.154261" elapsed="0.808137"/>
</kw>
<kw name="Input Date Type" owner="resource">
<kw name="Execute Javascript" owner="SeleniumLibrary">
<msg time="2025-03-11T15:04:25.963366" level="INFO">Executing JavaScript:
var el = document.evaluate("(//h4[contains(text(),'Research Assistant Application')]/ancestor::div[@class='mt-4 p-4 border rounded bg-light position-relative'])//input[@name='end_date']", document, null, XPathResult.FIRST_ORDERED_NODE_TYPE, null).singleNodeValue;if(el) el.value = '';
Without any arguments.</msg>
<arg>var el = document.evaluate("${FORM_XPATH}//input[@name='${FIELD_NAME}']", document, null, XPathResult.FIRST_ORDERED_NODE_TYPE, null).singleNodeValue;</arg>
<arg>if(el) el.value = '${DATE}';</arg>
<doc>Executes the given JavaScript code with possible arguments.</doc>
<status status="PASS" start="2025-03-11T15:04:25.963366" elapsed="0.818778"/>
</kw>
<arg>${FORM_XPATH}</arg>
<arg>end_date</arg>
<arg>${END_DATE}</arg>
<status status="PASS" start="2025-03-11T15:04:25.962398" elapsed="0.819746"/>
</kw>
<kw name="Input Text" owner="SeleniumLibrary">
<msg time="2025-03-11T15:04:26.783114" level="INFO">Typing text '• Submit application through the online portal
• Initial screening
• Interviews' into text field 'xpath=(//h4[contains(text(),'Research Assistant Application')]/ancestor::div[@class='mt-4 p-4 border rounded bg-light position-relative'])//textarea[@name='application_process']'.</msg>
<arg>xpath=${FORM_XPATH}//textarea[@name='application_process']</arg>
<arg>${PROCESS}</arg>
<doc>Types the given ``text`` into the text field identified by ``locator``.</doc>
<status status="PASS" start="2025-03-11T15:04:26.782144" elapsed="2.599620"/>
</kw>
<kw name="Input Text" owner="SeleniumLibrary">
<msg time="2025-03-11T15:04:29.382677" level="INFO">Typing text 'Research will have to provide an analysis of company/stock data for Equity analysts and aid them in regard to the preparation of data to write up investment decision research papers and clients' requests. Other aspects of research work involve producing financial models, evaluating public information, and gathering any other available forms of data to support the analysts' work.' into text field 'xpath=(//h4[contains(text(),'Research Assistant Application')]/ancestor::div[@class='mt-4 p-4 border rounded bg-light position-relative'])//textarea[@name='app_detail']'.</msg>
<arg>xpath=${FORM_XPATH}//textarea[@name='app_detail']</arg>
<arg>${DETAIL}</arg>
<doc>Types the given ``text`` into the text field identified by ``locator``.</doc>
<status status="PASS" start="2025-03-11T15:04:29.381764" elapsed="3.033557"/>
</kw>
<arg>${FORM_RESEARCHASSISTANT_PATH}</arg>
<arg>2025-06-15</arg>
<arg>3</arg>
<arg>• CV</arg>
<arg>30</arg>
<arg>per hour</arg>
<arg>• Fresh graduates are also welcome.\n• Bachelor's degree or above graduates in Finance, Economics or Accounting, or a related field.\n• Having Analyst License (CFA, CISA) would be an advantage.\n• Experience in utilizing Excel to build/maintain financial models; An advanced level of Excel proficiency is expected and required.\n• The ability to work under the guidance of mentors and develop fundamental research-driven ideas.\n• A highly competitive self-starter who thrives in a collaborative and fast-paced environment.</arg>
<arg>${EMPTY}</arg>
<arg>Thailand, Khonkaen(Full Time)</arg>
<arg>Assoc. Prof. Ngamnij Arch-int</arg>
<arg>ngamnij@kku.ac.th</arg>
<arg>${EMPTY}</arg>
<arg>2025-07-21</arg>
<arg>${EMPTY}</arg>
<arg>• Submit application through the online portal\n• Initial screening\n• Interviews</arg>
<arg>Research will have to provide an analysis of company/stock data for Equity analysts and aid them in regard to the preparation of data to write up investment decision research papers and clients' requests. Other aspects of research work involve producing financial models, evaluating public information, and gathering any other available forms of data to support the analysts' work.</arg>
<status status="PASS" start="2025-03-11T15:03:52.764783" elapsed="39.650538"/>
</kw>
<kw name="Execute Javascript" owner="SeleniumLibrary">
<msg time="2025-03-11T15:04:32.416288" level="INFO">Executing JavaScript:
window.scrollTo(0, document.body.scrollHeight);
Without any arguments.</msg>
<arg>window.scrollTo(0, document.body.scrollHeight);</arg>
<doc>Executes the given JavaScript code with possible arguments.</doc>
<status status="PASS" start="2025-03-11T15:04:32.416288" elapsed="0.819807"/>
</kw>
<kw name="Click Button" owner="SeleniumLibrary">
<msg time="2025-03-11T15:04:33.237985" level="INFO">Clicking button 'Submit Application'.</msg>
<arg>Submit Application</arg>
<doc>Clicks the button identified by ``locator``.</doc>
<status status="PASS" start="2025-03-11T15:04:33.237985" elapsed="5.640017"/>
</kw>
<kw name="Scroll Element Into View" owner="SeleniumLibrary">
<arg>xpath=(//a[contains(., 'View Details')])[2]</arg>
<doc>Scrolls the element identified by ``locator`` into view.</doc>
<status status="PASS" start="2025-03-11T15:04:38.878002" elapsed="1.894239"/>
</kw>
<kw name="Get Text" owner="SeleniumLibrary">
<msg time="2025-03-11T15:04:42.409293" level="INFO">${Role_Text} = Research Assistant</msg>
<var>${Role_Text}</var>
<arg>xpath=(//h5[contains(@class, 'role-title')])[2]</arg>
<doc>Returns the text value of the element identified by ``locator``.</doc>
<status status="PASS" start="2025-03-11T15:04:40.773241" elapsed="1.636052"/>
</kw>
<kw name="Get Text" owner="SeleniumLibrary">
<msg time="2025-03-11T15:04:44.044940" level="INFO">${Status_Text} = ACTIVE</msg>
<var>${Status_Text}</var>
<arg>xpath=(//span[contains(@class,'status-badge')])[2]</arg>
<doc>Returns the text value of the element identified by ``locator``.</doc>
<status status="PASS" start="2025-03-11T15:04:42.410211" elapsed="1.634729"/>
</kw>
<kw name="Get Text" owner="SeleniumLibrary">
<msg time="2025-03-11T15:04:45.685834" level="INFO">${Created_Time_Text} = Created: Mar 11, 2025</msg>
<var>${Created_Time_Text}</var>
<arg>xpath=(//span[contains(@class, 'me-3')])[2]</arg>
<doc>Returns the text value of the element identified by ``locator``.</doc>
<status status="PASS" start="2025-03-11T15:04:44.045911" elapsed="1.639923"/>
</kw>
<kw name="Get Text" owner="SeleniumLibrary">
<msg time="2025-03-11T15:04:47.311892" level="INFO">${Deadline_Text} = Deadline: Jun 15, 2025</msg>
<var>${Deadline_Text}</var>
<arg>xpath=(//div[@class='deadline-info']/span[contains(text(), 'Deadline:')])[2]</arg>
<doc>Returns the text value of the element identified by ``locator``.</doc>
<status status="PASS" start="2025-03-11T15:04:45.685834" elapsed="1.626058"/>
</kw>
<kw name="Should Be Equal As Strings" owner="BuiltIn">
<arg>${Role_Text}</arg>
<arg>Research Assistant</arg>
<doc>Fails if objects are unequal after converting them to strings.</doc>
<status status="PASS" start="2025-03-11T15:04:47.312782" elapsed="0.000000"/>
</kw>
<kw name="Should Be Equal As Strings" owner="BuiltIn">
<arg>${Status_Text}</arg>
<arg>ACTIVE</arg>
<doc>Fails if objects are unequal after converting them to strings.</doc>
<status status="PASS" start="2025-03-11T15:04:47.313780" elapsed="0.000000"/>
</kw>
<kw name="Should Be Equal As Strings" owner="BuiltIn">
<arg>${Created_Time_Text}</arg>
<arg>Created: Mar 11, 2025</arg>
<doc>Fails if objects are unequal after converting them to strings.</doc>
<status status="PASS" start="2025-03-11T15:04:47.313780" elapsed="0.000000"/>
</kw>
<kw name="Should Be Equal As Strings" owner="BuiltIn">
<arg>${Deadline_Text}</arg>
<arg>Deadline: Jun 15, 2025</arg>
<doc>Fails if objects are unequal after converting them to strings.</doc>
<status status="PASS" start="2025-03-11T15:04:47.313780" elapsed="0.001010"/>
</kw>
<kw name="Sleep" owner="BuiltIn">
<msg time="2025-03-11T15:04:48.317227" level="INFO">Slept 1 second.</msg>
<arg>1s</arg>
<doc>Pauses the test executed for the given time.</doc>
<status status="PASS" start="2025-03-11T15:04:47.314790" elapsed="1.002437"/>
</kw>
<status status="PASS" start="2025-03-11T15:03:46.308945" elapsed="62.009149"/>
</test>
<test id="s1-t6" name="Check Research Assistant Application Detail" line="50">
<kw name="Scroll Element Into View" owner="SeleniumLibrary">
<arg>xpath=(//a[contains(., 'View Details')])[2]</arg>
<doc>Scrolls the element identified by ``locator`` into view.</doc>
<status status="PASS" start="2025-03-11T15:04:48.319007" elapsed="1.887465"/>
</kw>
<kw name="Click Element" owner="SeleniumLibrary">
<msg time="2025-03-11T15:04:50.207339" level="INFO">Clicking element 'xpath=(//a[contains(., 'View Details')])[2]'.</msg>
<arg>xpath=(//a[contains(., 'View Details')])[2]</arg>
<doc>Click the element identified by ``locator``.</doc>
<status status="PASS" start="2025-03-11T15:04:50.207339" elapsed="3.743661"/>
</kw>
<kw name="Get Text" owner="SeleniumLibrary">
<msg time="2025-03-11T15:04:55.593828" level="INFO">${Detail_Role_Text} = Research Assistant Position</msg>
<var>${Detail_Role_Text}</var>
<arg>xpath=//h3[contains(@class,'text-primary')]</arg>
<doc>Returns the text value of the element identified by ``locator``.</doc>
<status status="PASS" start="2025-03-11T15:04:53.951968" elapsed="1.641860"/>
</kw>
<kw name="Get Text" owner="SeleniumLibrary">
<msg time="2025-03-11T15:04:57.233153" level="INFO">${Detail_Group_Text} = Research Group: Laboratory, Applied Intelligence and Data Analytics (AIDA)</msg>
<var>${Detail_Group_Text}</var>
<arg>xpath=//p[contains(@class,'text-muted')]</arg>
<doc>Returns the text value of the element identified by ``locator``.</doc>
<status status="PASS" start="2025-03-11T15:04:55.593828" elapsed="1.639325"/>
</kw>
<kw name="Get Text" owner="SeleniumLibrary">
<msg time="2025-03-11T15:04:58.870407" level="INFO">${Detail_Status_Text} = Active</msg>
<var>${Detail_Status_Text}</var>
<arg>xpath=//span[contains(@class,'badge')]</arg>
<doc>Returns the text value of the element identified by ``locator``.</doc>
<status status="PASS" start="2025-03-11T15:04:57.234122" elapsed="1.636285"/>
</kw>
<kw name="Should Be Equal As Strings" owner="BuiltIn">
<arg>${Detail_Role_Text}</arg>
<arg>Research Assistant Position</arg>
<doc>Fails if objects are unequal after converting them to strings.</doc>
<status status="PASS" start="2025-03-11T15:04:58.870407" elapsed="0.000924"/>
</kw>
<kw name="Should Be Equal As Strings" owner="BuiltIn">
<arg>${Detail_Group_Text}</arg>
<arg>Research Group: Laboratory, Applied Intelligence and Data Analytics (AIDA)</arg>
<doc>Fails if objects are unequal after converting them to strings.</doc>
<status status="PASS" start="2025-03-11T15:04:58.871331" elapsed="0.000000"/>
</kw>
<kw name="Should Be Equal As Strings" owner="BuiltIn">
<arg>${Detail_Status_Text}</arg>
<arg>Active</arg>
<doc>Fails if objects are unequal after converting them to strings.</doc>
<status status="PASS" start="2025-03-11T15:04:58.871331" elapsed="0.001001"/>
</kw>
<kw name="Verify Input Deadline" owner="resource">
<kw name="Get Text" owner="SeleniumLibrary">
<msg time="2025-03-11T15:05:00.508101" level="INFO">${Detail_Deadline_Text} = Jun 15, 2025</msg>
<var>${Detail_Deadline_Text}</var>
<arg>xpath=//div[contains(@class, 'info-card')][.//h6[text()='Deadline']]/div[@class='info-content']/p</arg>
<doc>Returns the text value of the element identified by ``locator``.</doc>
<status status="PASS" start="2025-03-11T15:04:58.872332" elapsed="1.635769"/>
</kw>
<kw name="Should Be Equal As Strings" owner="BuiltIn">
<arg>${Detail_Deadline_Text}</arg>
<arg>${EXPECTED_DEADLINE}</arg>
<doc>Fails if objects are unequal after converting them to strings.</doc>
<status status="PASS" start="2025-03-11T15:05:00.508101" elapsed="0.000000"/>
</kw>
<arg>Jun 15, 2025</arg>
<status status="PASS" start="2025-03-11T15:04:58.872332" elapsed="1.636664"/>
</kw>
<kw name="Verify Input Vacancies" owner="resource">
<kw name="Get Text" owner="SeleniumLibrary">
<msg time="2025-03-11T15:05:02.145451" level="INFO">${Detail_Vacancies_Text} = 3</msg>
<var>${Detail_Vacancies_Text}</var>
<arg>xpath=//div[contains(@class, 'info-card')][.//h6[text()='Vacancies']]/div[@class='info-content']/p</arg>
<doc>Returns the text value of the element identified by ``locator``.</doc>
<status status="PASS" start="2025-03-11T15:05:00.509987" elapsed="1.635464"/>
</kw>
<kw name="Should Be Equal As Strings" owner="BuiltIn">
<arg>${Detail_Vacancies_Text}</arg>
<arg>${EXPECTED_VACANCIES}</arg>
<doc>Fails if objects are unequal after converting them to strings.</doc>
<status status="PASS" start="2025-03-11T15:05:02.145451" elapsed="0.000000"/>
</kw>
<arg>3</arg>
<status status="PASS" start="2025-03-11T15:05:00.508996" elapsed="1.636455"/>
</kw>
<kw name="Verify Input Salary" owner="resource">
<kw name="Get Text" owner="SeleniumLibrary">
<msg time="2025-03-11T15:05:03.786953" level="INFO">${Detail_Salary_Text} = $30 per hour</msg>
<var>${Detail_Salary_Text}</var>
<arg>xpath=//div[contains(@class, 'info-card')][.//h6[text()='Salary']]/div[@class='info-content']/p</arg>
<doc>Returns the text value of the element identified by ``locator``.</doc>
<status status="PASS" start="2025-03-11T15:05:02.146475" elapsed="1.640478"/>
</kw>
<kw name="Should Be Equal As Strings" owner="BuiltIn">
<arg>${Detail_Salary_Text}</arg>
<arg>${EXPECTED_SALARY} ${PEROID}</arg>
<doc>Fails if objects are unequal after converting them to strings.</doc>
<status status="PASS" start="2025-03-11T15:05:03.786953" elapsed="0.000888"/>
</kw>
<arg>$30</arg>
<arg>per hour</arg>
<status status="PASS" start="2025-03-11T15:05:02.146475" elapsed="1.641366"/>
</kw>
<kw name="Verify Input Location" owner="resource">
<kw name="Get Text" owner="SeleniumLibrary">
<msg time="2025-03-11T15:05:05.413459" level="INFO">${Detail_Location_Text} = Thailand, Khonkaen(Full Time)</msg>
<var>${Detail_Location_Text}</var>
<arg>xpath=//div[contains(@class, 'info-card')][.//h6[text()='Location']]/div[@class='info-content']/p</arg>
<doc>Returns the text value of the element identified by ``locator``.</doc>
<status status="PASS" start="2025-03-11T15:05:03.788834" elapsed="1.624625"/>
</kw>
<kw name="Should Be Equal As Strings" owner="BuiltIn">
<arg>${Detail_Location_Text}</arg>
<arg>${EXPECTED_LOCATION}</arg>
<doc>Fails if objects are unequal after converting them to strings.</doc>
<status status="PASS" start="2025-03-11T15:05:05.413459" elapsed="0.000000"/>
</kw>
<arg>Thailand, Khonkaen(Full Time)</arg>
<status status="PASS" start="2025-03-11T15:05:03.787841" elapsed="1.626584"/>
</kw>
<kw name="Verify Input Job Detail" owner="resource">
<kw name="Get Text" owner="SeleniumLibrary">
<msg time="2025-03-11T15:05:07.054587" level="INFO">${Detail_Application_Detail_Text} = Research will have to provide an analysis of company/stock data for Equity analysts and aid them in regard to the preparation of data to write up investment decision research papers and clients' reque...</msg>
<var>${Detail_Application_Detail_Text}</var>
<arg>xpath=//div[contains(@class, 'detail-card')][.//h5[text()='Application Details']]/div[@class='detail-content']</arg>
<doc>Returns the text value of the element identified by ``locator``.</doc>
<status status="PASS" start="2025-03-11T15:05:05.414425" elapsed="1.640162"/>
</kw>
<kw name="Should Be Equal As Strings" owner="BuiltIn">
<arg>${Detail_Application_Detail_Text}</arg>
<arg>${EXPECTED_DETAIL}</arg>
<doc>Fails if objects are unequal after converting them to strings.</doc>
<status status="PASS" start="2025-03-11T15:05:07.054587" elapsed="0.000000"/>
</kw>
<arg>Research will have to provide an analysis of company/stock data for Equity analysts and aid them in regard to the preparation of data to write up investment decision research papers and clients' requests. Other aspects of research work involve producing financial models, evaluating public information, and gathering any other available forms of data to support the analysts' work.</arg>
<status status="PASS" start="2025-03-11T15:05:05.414425" elapsed="1.640162"/>
</kw>
<kw name="Scroll Element Into View" owner="SeleniumLibrary">
<arg>xpath=//div[contains(@class, 'detail-card')][.//h5[text()='Required Qualifications']]/div[@class='detail-content']</arg>
<doc>Scrolls the element identified by ``locator`` into view.</doc>
<status status="PASS" start="2025-03-11T15:05:07.055665" elapsed="1.901893"/>
</kw>
<kw name="Sleep" owner="BuiltIn">
<msg time="2025-03-11T15:05:09.963563" level="INFO">Slept 1 second.</msg>
<arg>1s</arg>
<doc>Pauses the test executed for the given time.</doc>
<status status="PASS" start="2025-03-11T15:05:08.957558" elapsed="1.006005"/>
</kw>
<kw name="Verify Input Required Documents" owner="resource">
<kw name="Get Text" owner="SeleniumLibrary">
<msg time="2025-03-11T15:05:11.606221" level="INFO">${Required_Documents_Detail_Text} = • CV</msg>
<var>${Required_Documents_Detail_Text}</var>
<arg>xpath=//div[contains(@class, 'detail-card')][.//h5[text()='Required Documents']]/div[@class='detail-content']</arg>
<doc>Returns the text value of the element identified by ``locator``.</doc>
<status status="PASS" start="2025-03-11T15:05:09.964586" elapsed="1.641635"/>
</kw>
<kw name="Should Be Equal As Strings" owner="BuiltIn">
<arg>${Required_Documents_Detail_Text}</arg>
<arg>${EXPECTED_DOCUMENTS}</arg>
<doc>Fails if objects are unequal after converting them to strings.</doc>
<status status="PASS" start="2025-03-11T15:05:11.606221" elapsed="0.000000"/>
</kw>
<arg>• CV</arg>
<status status="PASS" start="2025-03-11T15:05:09.963563" elapsed="1.642658"/>
</kw>
<kw name="Verify Input Required Qualifications" owner="resource">
<kw name="Get Text" owner="SeleniumLibrary">
<msg time="2025-03-11T15:05:13.244105" level="INFO">${Required_Qualifications_Detail_Text} = • Fresh graduates are also welcome.
• Bachelor's degree or above graduates in Finance, Economics or Accounting, or a related field.
• Having Analyst License (CFA, CISA) would be an advantage.
• Experi...</msg>
<var>${Required_Qualifications_Detail_Text}</var>
<arg>xpath=//div[contains(@class, 'detail-card')][.//h5[text()='Required Qualifications']]/div[@class='detail-content']</arg>
<doc>Returns the text value of the element identified by ``locator``.</doc>
<status status="PASS" start="2025-03-11T15:05:11.607209" elapsed="1.636896"/>
</kw>
<kw name="Should Be Equal As Strings" owner="BuiltIn">
<arg>${Required_Qualifications_Detail_Text}</arg>
<arg>${EXPECTED_QUALIFICATIONS}</arg>
<doc>Fails if objects are unequal after converting them to strings.</doc>
<status status="PASS" start="2025-03-11T15:05:13.244105" elapsed="0.001009"/>
</kw>
<arg>• Fresh graduates are also welcome.\n• Bachelor's degree or above graduates in Finance, Economics or Accounting, or a related field.\n• Having Analyst License (CFA, CISA) would be an advantage.\n• Experience in utilizing Excel to build/maintain financial models; An advanced level of Excel proficiency is expected and required.\n• The ability to work under the guidance of mentors and develop fundamental research-driven ideas.\n• A highly competitive self-starter who thrives in a collaborative and fast-paced environment.</arg>
<status status="PASS" start="2025-03-11T15:05:11.607209" elapsed="1.637905"/>
</kw>
<kw name="Verify Input Preferred Qualifications" owner="resource">
<kw name="Get Text" owner="SeleniumLibrary">
<msg time="2025-03-11T15:05:14.888850" level="INFO">${Preferred_Qualifications_Detail_Text} = No preferred qualifications specified.</msg>
<var>${Preferred_Qualifications_Detail_Text}</var>
<arg>xpath=//div[contains(@class, 'detail-card')][.//h5[text()='Preferred Qualifications']]/div[@class='detail-content']</arg>
<doc>Returns the text value of the element identified by ``locator``.</doc>
<status status="PASS" start="2025-03-11T15:05:13.246112" elapsed="1.642738"/>
</kw>
<kw name="Should Be Equal As Strings" owner="BuiltIn">
<arg>${Preferred_Qualifications_Detail_Text}</arg>
<arg>${EXPECTED_PREFERRED_QUALIFICATIONS}</arg>
<doc>Fails if objects are unequal after converting them to strings.</doc>
<status status="PASS" start="2025-03-11T15:05:14.888850" elapsed="0.001000"/>
</kw>
<arg>No preferred qualifications specified.</arg>
<status status="PASS" start="2025-03-11T15:05:13.245114" elapsed="1.644736"/>
</kw>
<kw name="Scroll Element Into View" owner="SeleniumLibrary">
<arg>xpath=//div[@class='timeline-content'][.//h6[text()='Expected Start']]/p</arg>
<doc>Scrolls the element identified by ``locator`` into view.</doc>
<status status="PASS" start="2025-03-11T15:05:14.889850" elapsed="1.891609"/>
</kw>
<kw name="Sleep" owner="BuiltIn">
<msg time="2025-03-11T15:05:17.792612" level="INFO">Slept 1 second.</msg>
<arg>1s</arg>
<doc>Pauses the test executed for the given time.</doc>
<status status="PASS" start="2025-03-11T15:05:16.781459" elapsed="1.011153"/>
</kw>
<kw name="Verify Input Timeline" owner="resource">
<kw name="Get Text" owner="SeleniumLibrary">
<msg time="2025-03-11T15:05:19.421698" level="INFO">${Timeline_Deadline_Text} = Jun 15, 2025</msg>
<var>${Timeline_Deadline_Text}</var>
<arg>xpath=//div[@class='timeline-content'][.//h6[text()='Application Deadline']]/p</arg>
<doc>Returns the text value of the element identified by ``locator``.</doc>
<status status="PASS" start="2025-03-11T15:05:17.793565" elapsed="1.628133"/>
</kw>
<kw name="Get Text" owner="SeleniumLibrary">
<msg time="2025-03-11T15:05:21.044470" level="INFO">${Timeline_Start_Text} = Jul 21, 2025</msg>
<var>${Timeline_Start_Text}</var>
<arg>xpath=//div[@class='timeline-content'][.//h6[text()='Expected Start']]/p</arg>
<doc>Returns the text value of the element identified by ``locator``.</doc>
<status status="PASS" start="2025-03-11T15:05:19.421698" elapsed="1.622772"/>
</kw>
<kw name="Should Be Equal As Strings" owner="BuiltIn">
<arg>${Timeline_Deadline_Text}</arg>
<arg>${EXPECTED_DEADLINE}</arg>
<doc>Fails if objects are unequal after converting them to strings.</doc>
<status status="PASS" start="2025-03-11T15:05:21.044470" elapsed="0.000000"/>
</kw>
<kw name="Should Be Equal As Strings" owner="BuiltIn">
<arg>${Timeline_Start_Text}</arg>
<arg>${EXPECTED_START_DATE}</arg>
<doc>Fails if objects are unequal after converting them to strings.</doc>
<status status="PASS" start="2025-03-11T15:05:21.044470" elapsed="0.000000"/>
</kw>
<arg>Jun 15, 2025</arg>
<arg>Jul 21, 2025</arg>
<status status="PASS" start="2025-03-11T15:05:17.792612" elapsed="3.252868"/>
</kw>
<kw name="Verify Input Process" owner="resource">
<kw name="Get Text" owner="SeleniumLibrary">
<msg time="2025-03-11T15:05:22.677348" level="INFO">${Detail_Process_Text} = • Submit application through the online portal
• Initial screening
• Interviews</msg>
<var>${Detail_Process_Text}</var>
<arg>xpath=//div[contains(@class, 'detail-card')][.//h5[text()='Application Process']]/div[@class='detail-content']</arg>
<doc>Returns the text value of the element identified by ``locator``.</doc>
<status status="PASS" start="2025-03-11T15:05:21.045581" elapsed="1.631767"/>
</kw>
<kw name="Should Be Equal As Strings" owner="BuiltIn">
<arg>${Detail_Process_Text}</arg>
<arg>${EXPECTED_PROCESS}</arg>
<doc>Fails if objects are unequal after converting them to strings.</doc>
<status status="PASS" start="2025-03-11T15:05:22.677348" elapsed="0.000975"/>
</kw>
<arg>• Submit application through the online portal\n• Initial screening\n• Interviews</arg>
<status status="PASS" start="2025-03-11T15:05:21.045581" elapsed="1.632742"/>
</kw>
<kw name="Execute Javascript" owner="SeleniumLibrary">
<msg time="2025-03-11T15:05:22.678323" level="INFO">Executing JavaScript:
window.scrollTo(0, document.body.scrollHeight);
Without any arguments.</msg>
<arg>window.scrollTo(0, document.body.scrollHeight);</arg>
<doc>Executes the given JavaScript code with possible arguments.</doc>
<status status="PASS" start="2025-03-11T15:05:22.678323" elapsed="0.805711"/>
</kw>
<kw name="Sleep" owner="BuiltIn">
<msg time="2025-03-11T15:05:24.494570" level="INFO">Slept 1 second.</msg>
<arg>1s</arg>
<doc>Pauses the test executed for the given time.</doc>
<status status="PASS" start="2025-03-11T15:05:23.484034" elapsed="1.010536"/>
</kw>
<kw name="Verify Input Contact" owner="resource">
<kw name="Get Text" owner="SeleniumLibrary">
<msg time="2025-03-11T15:05:26.130665" level="INFO">${Detail_Contact_Name_Text} = Contact Person: Assoc. Prof. Ngamnij Arch-int</msg>
<var>${Detail_Contact_Name_Text}</var>
<arg>xpath=//div[contains(@class, 'col-md-4')][contains(., 'Contact Person:')]</arg>
<doc>Returns the text value of the element identified by ``locator``.</doc>
<status status="PASS" start="2025-03-11T15:05:24.495577" elapsed="1.635088"/>
</kw>
<kw name="Get Text" owner="SeleniumLibrary">
<msg time="2025-03-11T15:05:27.757041" level="INFO">${Detail_Contact_Email_Text} = Email: ngamnij@kku.ac.th</msg>
<var>${Detail_Contact_Email_Text}</var>
<arg>xpath=//div[contains(@class, 'col-md-4')][contains(., 'Email:')]</arg>
<doc>Returns the text value of the element identified by ``locator``.</doc>
<status status="PASS" start="2025-03-11T15:05:26.130665" elapsed="1.626376"/>
</kw>
<kw name="Should Be Equal As Strings" owner="BuiltIn">
<arg>${Detail_Contact_Name_Text}</arg>
<arg>Contact Person: ${EXPECTED_NAME}</arg>
<doc>Fails if objects are unequal after converting them to strings.</doc>
<status status="PASS" start="2025-03-11T15:05:27.757041" elapsed="0.001015"/>
</kw>
<kw name="Should Be Equal As Strings" owner="BuiltIn">
<arg>${Detail_Contact_Email_Text}</arg>
<arg>Email: ${EXPECTED_EMAIL}</arg>
<doc>Fails if objects are unequal after converting them to strings.</doc>
<status status="PASS" start="2025-03-11T15:05:27.758056" elapsed="0.000000"/>
</kw>
<arg>Assoc. Prof. Ngamnij Arch-int</arg>
<arg>ngamnij@kku.ac.th</arg>
<status status="PASS" start="2025-03-11T15:05:24.494570" elapsed="3.263486"/>
</kw>
<kw name="Close Browser" owner="SeleniumLibrary" type="TEARDOWN">
<doc>Closes the current browser.</doc>
<status status="PASS" start="2025-03-11T15:05:27.758617" elapsed="3.019636"/>
</kw>
<status status="PASS" start="2025-03-11T15:04:48.318094" elapsed="42.460966"/>
</test>
<test id="s1-t7" name="Open Website" line="79">
<kw name="Open Web" owner="resource">
<kw name="Open Custom Chrome Browser" owner="resource">
<kw name="Evaluate" owner="BuiltIn">
<msg time="2025-03-11T15:05:30.781130" level="INFO">${options} = &lt;selenium.webdriver.chrome.options.Options object at 0x0000011608E2DA00&gt;</msg>
<var>${options}</var>
<arg>sys.modules['selenium.webdriver'].ChromeOptions()</arg>
<arg>sys</arg>
<doc>Evaluates the given expression in Python and returns the result.</doc>
<status status="PASS" start="2025-03-11T15:05:30.781130" elapsed="0.000000"/>
</kw>
<kw name="Set Variable" owner="BuiltIn">
<arg>${options}</arg>
<arg>binary_location</arg>
<arg>${CHROME_BROWSER_PATH}</arg>
<doc>Returns the given values which can then be assigned to a variables.</doc>
<status status="PASS" start="2025-03-11T15:05:30.781130" elapsed="0.000000"/>
</kw>
<kw name="Evaluate" owner="BuiltIn">
<msg time="2025-03-11T15:05:30.782058" level="INFO">${service} = &lt;selenium.webdriver.chrome.service.Service object at 0x0000011608E2DCD0&gt;</msg>
<var>${service}</var>
<arg>sys.modules["selenium.webdriver.chrome.service"].Service(executable_path=r"${CHROME_DRIVER_PATH}")</arg>
<arg>sys</arg>
<doc>Evaluates the given expression in Python and returns the result.</doc>
<status status="PASS" start="2025-03-11T15:05:30.781130" elapsed="0.000928"/>
</kw>
<kw name="Create Webdriver" owner="SeleniumLibrary">
<msg time="2025-03-11T15:05:30.782058" level="INFO">Creating an instance of the Chrome WebDriver.</msg>
<arg>Chrome</arg>
<arg>options=${options}</arg>
<arg>service=${service}</arg>
<doc>Creates an instance of Selenium WebDriver.</doc>
<status status="PASS" start="2025-03-11T15:05:30.782058" elapsed="1.136323"/>
</kw>
<kw name="Go To" owner="SeleniumLibrary">
<msg time="2025-03-11T15:05:31.918381" level="INFO">Opening url 'http://localhost:8000'</msg>
<arg>${url}</arg>
<doc>Navigates the current browser window to the provided ``url``.</doc>
<status status="PASS" start="2025-03-11T15:05:31.918381" elapsed="1.856214"/>
</kw>
<arg>${BASE_URL}</arg>
<status status="PASS" start="2025-03-11T15:05:30.781130" elapsed="2.993465"/>
</kw>
<kw name="Maximize Browser Window" owner="SeleniumLibrary">
<doc>Maximizes current browser window.</doc>
<status status="PASS" start="2025-03-11T15:05:33.775595" elapsed="0.036196"/>
</kw>
<kw name="Set Selenium Speed" owner="SeleniumLibrary">
<arg>${DELAY}</arg>
<doc>Sets the delay that is waited after each Selenium command.</doc>
<status status="PASS" start="2025-03-11T15:05:33.812790" elapsed="0.000000"/>
</kw>
<kw name="Home Should Be Open" owner="resource">
<kw name="Title Should Be" owner="SeleniumLibrary">
<msg time="2025-03-11T15:05:34.634071" level="INFO">Page title is 'ระบบข้อมูลงานวิจัย วิทยาลัยการคอมพิวเตอร์'.</msg>
<arg>ระบบข้อมูลงานวิจัย วิทยาลัยการคอมพิวเตอร์</arg>
<doc>Verifies that the current page title equals ``title``.</doc>
<status status="PASS" start="2025-03-11T15:05:33.813789" elapsed="0.820282"/>
</kw>
<status status="PASS" start="2025-03-11T15:05:33.813789" elapsed="0.820282"/>
</kw>
<status status="PASS" start="2025-03-11T15:05:30.780058" elapsed="3.854013"/>
</kw>
<status status="PASS" start="2025-03-11T15:05:30.780058" elapsed="3.855037"/>
</test>
<test id="s1-t8" name="Go To Login" line="82">
<kw name="Click Login" owner="resource">
<kw name="Click Element" owner="SeleniumLibrary">
<msg time="2025-03-11T15:05:34.637083" level="INFO">Clicking element 'xpath= //a[@href='/login']'.</msg>
<arg>xpath= //a[@href='/login']</arg>
<doc>Click the element identified by ``locator``.</doc>
<status status="PASS" start="2025-03-11T15:05:34.637083" elapsed="1.776702"/>
</kw>
<kw name="Switch Tab" owner="resource">
<kw name="Get Window Handles" owner="SeleniumLibrary">
<msg time="2025-03-11T15:05:37.220884" level="INFO">${handles} = ['E02490F4EA07C53FDCAC95C2CCA76C5A', '7ABD9ECBC4FEEDFAD4D06A2A24F2FE5A']</msg>
<var>${handles}</var>
<doc>Returns all child window handles of the selected browser as a list.</doc>
<status status="PASS" start="2025-03-11T15:05:36.415788" elapsed="0.805096"/>
</kw>
<kw name="Switch Window" owner="SeleniumLibrary">
<arg>${handles}[${INDEX}]</arg>
<doc>Switches to browser window matching ``locator``.</doc>
<status status="PASS" start="2025-03-11T15:05:37.221879" elapsed="7.296021"/>
</kw>
<arg>1</arg>
<status status="PASS" start="2025-03-11T15:05:36.414795" elapsed="8.103105"/>
</kw>
<kw name="Title Should Be" owner="SeleniumLibrary">
<msg time="2025-03-11T15:05:45.325490" level="INFO">Page title is 'Login'.</msg>
<arg>Login</arg>
<doc>Verifies that the current page title equals ``title``.</doc>
<status status="PASS" start="2025-03-11T15:05:44.517900" elapsed="0.807590"/>
</kw>
<status status="PASS" start="2025-03-11T15:05:34.637083" elapsed="10.688407"/>
</kw>
<status status="PASS" start="2025-03-11T15:05:34.636107" elapsed="10.690389"/>
</test>
<test id="s1-t9" name="Login" line="85">
<kw name="Input Email" owner="resource">
<kw name="Input Text" owner="SeleniumLibrary">
<msg time="2025-03-11T15:05:45.328496" level="INFO">Typing text 'ngamnij@kku.ac.th' into text field 'id:username'.</msg>
<arg>id:username</arg>
<arg>${EMAIL}</arg>
<doc>Types the given ``text`` into the text field identified by ``locator``.</doc>
<status status="PASS" start="2025-03-11T15:05:45.328496" elapsed="2.483663"/>
</kw>
<arg>ngamnij@kku.ac.th</arg>
<status status="PASS" start="2025-03-11T15:05:45.328496" elapsed="2.483663"/>
</kw>
<kw name="Input Password" owner="SeleniumLibrary">
<msg time="2025-03-11T15:05:47.813166" level="INFO">Typing password into text field 'id:password'.</msg>
<msg time="2025-03-11T15:05:49.452636" level="INFO">Temporally setting log level to: NONE</msg>
<arg>id:password</arg>
<arg>123456789</arg>
<doc>Types the given password into the text field identified by ``locator``.</doc>
<status status="PASS" start="2025-03-11T15:05:47.813166" elapsed="2.475399"/>
</kw>
<kw name="Click Button" owner="SeleniumLibrary">
<msg time="2025-03-11T15:05:50.289529" level="INFO">Clicking button 'Log In'.</msg>
<arg>Log In</arg>
<doc>Clicks the button identified by ``locator``.</doc>
<status status="PASS" start="2025-03-11T15:05:50.288565" elapsed="6.201215"/>
</kw>
<kw name="Title Should Be" owner="SeleniumLibrary">
<msg time="2025-03-11T15:05:57.325441" level="INFO">Page title is 'Dashboard'.</msg>
<arg>Dashboard</arg>
<doc>Verifies that the current page title equals ``title``.</doc>
<status status="PASS" start="2025-03-11T15:05:56.489780" elapsed="0.835661"/>
</kw>
<status status="PASS" start="2025-03-11T15:05:45.327496" elapsed="11.997945"/>
</test>
<test id="s1-t10" name="Go To Application Management Page" line="91">
<kw name="Click Element" owner="SeleniumLibrary">
<msg time="2025-03-11T15:05:57.327452" level="INFO">Clicking element 'xpath=//a[contains(@href, 'researchGroups')]'.</msg>
<arg>xpath=//a[contains(@href, 'researchGroups')]</arg>
<doc>Click the element identified by ``locator``.</doc>
<status status="PASS" start="2025-03-11T15:05:57.327452" elapsed="3.803530"/>
</kw>
<kw name="Scroll Element Into View" owner="SeleniumLibrary">
<arg>xpath=(//a[contains(@title,"Application")])[2]</arg>
<doc>Scrolls the element identified by ``locator`` into view.</doc>
<status status="PASS" start="2025-03-11T15:06:01.131983" elapsed="1.926584"/>
</kw>
<kw name="Click Element" owner="SeleniumLibrary">
<msg time="2025-03-11T15:06:03.059567" level="INFO">Clicking element 'xpath=(//a[@title="Application"])[1]'.</msg>
<arg>xpath=(//a[@title="Application"])[1]</arg>
<doc>Click the element identified by ``locator``.</doc>
<status status="PASS" start="2025-03-11T15:06:03.059567" elapsed="3.743737"/>
</kw>
<status status="PASS" start="2025-03-11T15:05:57.326458" elapsed="9.477852"/>
</test>
<test id="s1-t11" name="Create Application for Ph.D" line="96">
<kw name="Click Element" owner="SeleniumLibrary">
<msg time="2025-03-11T15:06:06.805487" level="INFO">Clicking element 'xpath=//a[contains(text(), 'Create Application')]'.</msg>
<arg>xpath=//a[contains(text(), 'Create Application')]</arg>
<doc>Click the element identified by ``locator``.</doc>
<status status="PASS" start="2025-03-11T15:06:06.805487" elapsed="3.762536"/>
</kw>
<kw name="Click Element" owner="SeleniumLibrary">
<msg time="2025-03-11T15:06:10.569038" level="INFO">Clicking element 'xpath=//label[@for='phd']'.</msg>
<arg>xpath=//label[@for='phd']</arg>
<doc>Click the element identified by ``locator``.</doc>
<status status="PASS" start="2025-03-11T15:06:10.568023" elapsed="1.672178"/>
</kw>
<kw name="Sleep" owner="BuiltIn">
<msg time="2025-03-11T15:06:13.245160" level="INFO">Slept 1 second.</msg>
<arg>1s</arg>
<doc>Pauses the test executed for the given time.</doc>
<status status="PASS" start="2025-03-11T15:06:12.242044" elapsed="1.003116"/>
</kw>
<kw name="Input Application" owner="resource">
<kw name="Scroll Element Into View" owner="SeleniumLibrary">
<arg>xpath=${FORM_XPATH}//input[@name='app_deadline']</arg>
<doc>Scrolls the element identified by ``locator`` into view.</doc>
<status status="PASS" start="2025-03-11T15:06:13.247151" elapsed="1.888630"/>
</kw>
<kw name="Input Date Type" owner="resource">
<kw name="Execute Javascript" owner="SeleniumLibrary">
<msg time="2025-03-11T15:06:15.137791" level="INFO">Executing JavaScript:
var el = document.evaluate("(//h4[contains(text(),'PhD Application')]/ancestor::div[@class='mt-4 p-4 border rounded bg-light position-relative'])//input[@name='app_deadline']", document, null, XPathResult.FIRST_ORDERED_NODE_TYPE, null).singleNodeValue;if(el) el.value = '2025-05-04';
Without any arguments.</msg>
<arg>var el = document.evaluate("${FORM_XPATH}//input[@name='${FIELD_NAME}']", document, null, XPathResult.FIRST_ORDERED_NODE_TYPE, null).singleNodeValue;</arg>
<arg>if(el) el.value = '${DATE}';</arg>
<doc>Executes the given JavaScript code with possible arguments.</doc>
<status status="PASS" start="2025-03-11T15:06:15.136792" elapsed="0.808602"/>
</kw>
<arg>${FORM_XPATH}</arg>
<arg>app_deadline</arg>
<arg>${DEADLINE}</arg>
<status status="PASS" start="2025-03-11T15:06:15.135781" elapsed="0.809613"/>
</kw>
<kw name="Input Text" owner="SeleniumLibrary">
<msg time="2025-03-11T15:06:15.945394" level="INFO">Typing text '2' into text field 'xpath=(//h4[contains(text(),'PhD Application')]/ancestor::div[@class='mt-4 p-4 border rounded bg-light position-relative'])//input[@name='amount']'.</msg>
<arg>xpath=${FORM_XPATH}//input[@name='amount']</arg>
<arg>${VACANCIES}</arg>
<doc>Types the given ``text`` into the text field identified by ``locator``.</doc>
<status status="PASS" start="2025-03-11T15:06:15.945394" elapsed="2.460205"/>
</kw>
<kw name="Input Text" owner="SeleniumLibrary">
<msg time="2025-03-11T15:06:18.405599" level="INFO">Typing text '• Transcripts
• a statement of purpose (SOP)
• GRE
• TOEFL/IELTS' into text field 'xpath=(//h4[contains(text(),'PhD Application')]/ancestor::div[@class='mt-4 p-4 border rounded bg-light position-relative'])//textarea[@name='required_documents']'.</msg>
<arg>xpath=${FORM_XPATH}//textarea[@name='required_documents']</arg>
<arg>${DOCUMENTS}</arg>
<doc>Types the given ``text`` into the text field identified by ``locator``.</doc>
<status status="PASS" start="2025-03-11T15:06:18.405599" elapsed="2.531277"/>
</kw>
<kw name="Input Text" owner="SeleniumLibrary">
<msg time="2025-03-11T15:06:20.936876" level="INFO">Typing text '20,000' into text field 'xpath=(//h4[contains(text(),'PhD Application')]/ancestor::div[@class='mt-4 p-4 border rounded bg-light position-relative'])//input[@name='salary_amount']'.</msg>
<arg>xpath=${FORM_XPATH}//input[@name='salary_amount']</arg>
<arg>${SALARY}</arg>
<doc>Types the given ``text`` into the text field identified by ``locator``.</doc>
<status status="PASS" start="2025-03-11T15:06:20.936876" elapsed="2.477077"/>
</kw>
<kw name="Select From List By Value" owner="SeleniumLibrary">
<msg time="2025-03-11T15:06:23.414946" level="INFO">Selecting options from selection list 'xpath=(//h4[contains(text(),'PhD Application')]/ancestor::div[@class='mt-4 p-4 border rounded bg-light position-relative'])//select[@name='salary_period']' by value per month.</msg>
<arg>xpath=${FORM_XPATH}//select[@name='salary_period']</arg>
<arg>${SALARY_PERIOD}</arg>
<doc>Selects options from selection list ``locator`` by ``values``.</doc>
<status status="PASS" start="2025-03-11T15:06:23.413953" elapsed="4.897131"/>
</kw>
<kw name="Input Text" owner="SeleniumLibrary">
<msg time="2025-03-11T15:06:28.311978" level="INFO">Typing text '• A Ph.D. or master's degree in computer science, artificial intelligence, machine learning, or a related field.
• Proven track record of AI research, including publications in recognized AI conferences and journals.
• Strong programming skills in languages commonly used in AI research (e.g., Python, TensorFlow, PyTorch).
• In-depth knowledge of machine learning algorithms, deep learning, natural language processing, and/or computer vision.
• Experience with AI frameworks and libraries.
• Proficiency in data analysis and statistical modeling.
• Excellent problem-solving and analytical abilities.
• Strong communication and collaboration skills.' into text field 'xpath=(//h4[contains(text(),'PhD Application')]/ancestor::div[@class='mt-4 p-4 border rounded bg-light position-relative'])//textarea[@name='qualifications']'.</msg>
<arg>xpath=${FORM_XPATH}//textarea[@name='qualifications']</arg>
<arg>${QUALIFICATION}</arg>
<doc>Types the given ``text`` into the text field identified by ``locator``.</doc>
<status status="PASS" start="2025-03-11T15:06:28.311084" elapsed="3.181653"/>
</kw>
<kw name="Input Text" owner="SeleniumLibrary">
<msg time="2025-03-11T15:06:31.492737" level="INFO">Typing text '' into text field 'xpath=(//h4[contains(text(),'PhD Application')]/ancestor::div[@class='mt-4 p-4 border rounded bg-light position-relative'])//textarea[@name='preferred_qualifications']'.</msg>
<arg>xpath=${FORM_XPATH}//textarea[@name='preferred_qualifications']</arg>
<arg>${PREFERRED_QUALIFICATIONS}</arg>
<doc>Types the given ``text`` into the text field identified by ``locator``.</doc>
<status status="PASS" start="2025-03-11T15:06:31.492737" elapsed="2.479712"/>
</kw>
<kw name="Input Text" owner="SeleniumLibrary">
<msg time="2025-03-11T15:06:33.973442" level="INFO">Typing text 'Thailand, Bangkok(Full time)' into text field 'xpath=(//h4[contains(text(),'PhD Application')]/ancestor::div[@class='mt-4 p-4 border rounded bg-light position-relative'])//input[@name='work_location']'.</msg>
<arg>xpath=${FORM_XPATH}//input[@name='work_location']</arg>
<arg>${WORK_LOCATION}</arg>
<doc>Types the given ``text`` into the text field identified by ``locator``.</doc>
<status status="PASS" start="2025-03-11T15:06:33.972449" elapsed="2.496751"/>
</kw>
<kw name="Input Text" owner="SeleniumLibrary">
<msg time="2025-03-11T15:06:36.470238" level="INFO">Typing text 'Assoc. Prof. Ngamnij Arch-int' into text field 'xpath=(//h4[contains(text(),'PhD Application')]/ancestor::div[@class='mt-4 p-4 border rounded bg-light position-relative'])//input[@name='contact_name']'.</msg>
<arg>xpath=${FORM_XPATH}//input[@name='contact_name']</arg>
<arg>${CONTACT_NAME}</arg>
<doc>Types the given ``text`` into the text field identified by ``locator``.</doc>
<status status="PASS" start="2025-03-11T15:06:36.469200" elapsed="2.509134"/>
</kw>
<kw name="Input Text" owner="SeleniumLibrary">
<msg time="2025-03-11T15:06:38.978334" level="INFO">Typing text 'ngamnij@kku.ac.th' into text field 'xpath=(//h4[contains(text(),'PhD Application')]/ancestor::div[@class='mt-4 p-4 border rounded bg-light position-relative'])//input[@name='contact_email']'.</msg>
<arg>xpath=${FORM_XPATH}//input[@name='contact_email']</arg>
<arg>${CONTACT_EMAIL}</arg>
<doc>Types the given ``text`` into the text field identified by ``locator``.</doc>
<status status="PASS" start="2025-03-11T15:06:38.978334" elapsed="2.493235"/>
</kw>
<kw name="Input Text" owner="SeleniumLibrary">
<msg time="2025-03-11T15:06:41.471569" level="INFO">Typing text '' into text field 'xpath=(//h4[contains(text(),'PhD Application')]/ancestor::div[@class='mt-4 p-4 border rounded bg-light position-relative'])//input[@name='contact_phone']'.</msg>
<arg>xpath=${FORM_XPATH}//input[@name='contact_phone']</arg>
<arg>${CONTACT_PHONE}</arg>
<doc>Types the given ``text`` into the text field identified by ``locator``.</doc>
<status status="PASS" start="2025-03-11T15:06:41.471569" elapsed="2.479579"/>
</kw>
<kw name="Input Date Type" owner="resource">
<kw name="Execute Javascript" owner="SeleniumLibrary">
<msg time="2025-03-11T15:06:43.952153" level="INFO">Executing JavaScript:
var el = document.evaluate("(//h4[contains(text(),'PhD Application')]/ancestor::div[@class='mt-4 p-4 border rounded bg-light position-relative'])//input[@name='start_date']", document, null, XPathResult.FIRST_ORDERED_NODE_TYPE, null).singleNodeValue;if(el) el.value = '2025-06-16';
Without any arguments.</msg>
<arg>var el = document.evaluate("${FORM_XPATH}//input[@name='${FIELD_NAME}']", document, null, XPathResult.FIRST_ORDERED_NODE_TYPE, null).singleNodeValue;</arg>
<arg>if(el) el.value = '${DATE}';</arg>
<doc>Executes the given JavaScript code with possible arguments.</doc>
<status status="PASS" start="2025-03-11T15:06:43.951148" elapsed="0.809044"/>
</kw>
<arg>${FORM_XPATH}</arg>
<arg>start_date</arg>
<arg>${START_DATE}</arg>
<status status="PASS" start="2025-03-11T15:06:43.951148" elapsed="0.809044"/>
</kw>
<kw name="Input Date Type" owner="resource">
<kw name="Execute Javascript" owner="SeleniumLibrary">
<msg time="2025-03-11T15:06:44.761158" level="INFO">Executing JavaScript:
var el = document.evaluate("(//h4[contains(text(),'PhD Application')]/ancestor::div[@class='mt-4 p-4 border rounded bg-light position-relative'])//input[@name='end_date']", document, null, XPathResult.FIRST_ORDERED_NODE_TYPE, null).singleNodeValue;if(el) el.value = '';
Without any arguments.</msg>
<arg>var el = document.evaluate("${FORM_XPATH}//input[@name='${FIELD_NAME}']", document, null, XPathResult.FIRST_ORDERED_NODE_TYPE, null).singleNodeValue;</arg>
<arg>if(el) el.value = '${DATE}';</arg>
<doc>Executes the given JavaScript code with possible arguments.</doc>
<status status="PASS" start="2025-03-11T15:06:44.761158" elapsed="0.805610"/>
</kw>
<arg>${FORM_XPATH}</arg>
<arg>end_date</arg>
<arg>${END_DATE}</arg>
<status status="PASS" start="2025-03-11T15:06:44.761158" elapsed="0.805610"/>
</kw>
<kw name="Input Text" owner="SeleniumLibrary">
<msg time="2025-03-11T15:06:45.567687" level="INFO">Typing text '• Submit application through the online portal
• Initial screening
• Interviews' into text field 'xpath=(//h4[contains(text(),'PhD Application')]/ancestor::div[@class='mt-4 p-4 border rounded bg-light position-relative'])//textarea[@name='application_process']'.</msg>
<arg>xpath=${FORM_XPATH}//textarea[@name='application_process']</arg>
<arg>${PROCESS}</arg>
<doc>Types the given ``text`` into the text field identified by ``locator``.</doc>
<status status="PASS" start="2025-03-11T15:06:45.566768" elapsed="2.539138"/>
</kw>
<kw name="Input Text" owner="SeleniumLibrary">
<msg time="2025-03-11T15:06:48.105906" level="INFO">Typing text 'As an AI Researcher, you will play a pivotal role in our organization's efforts to advance the field of artificial intelligence. You will be responsible for conducting research, developing AI models and algorithms, and staying up-to-date with the latest developments in AI and machine learning. Your contributions will drive innovation and help shape our AI strategy.' into text field 'xpath=(//h4[contains(text(),'PhD Application')]/ancestor::div[@class='mt-4 p-4 border rounded bg-light position-relative'])//textarea[@name='app_detail']'.</msg>
<arg>xpath=${FORM_XPATH}//textarea[@name='app_detail']</arg>
<arg>${DETAIL}</arg>
<doc>Types the given ``text`` into the text field identified by ``locator``.</doc>
<status status="PASS" start="2025-03-11T15:06:48.105906" elapsed="2.810831"/>
</kw>
<arg>${FORM_PhD_PATH}</arg>
<arg>2025-05-04</arg>
<arg>2</arg>
<arg>• Transcripts\n• a statement of purpose (SOP)\n• GRE\n• TOEFL/IELTS</arg>
<arg>20,000</arg>
<arg>per month</arg>
<arg>• A Ph.D. or master's degree in computer science, artificial intelligence, machine learning, or a related field.\n• Proven track record of AI research, including publications in recognized AI conferences and journals.\n• Strong programming skills in languages commonly used in AI research (e.g., Python, TensorFlow, PyTorch).\n• In-depth knowledge of machine learning algorithms, deep learning, natural language processing, and/or computer vision.\n• Experience with AI frameworks and libraries.\n• Proficiency in data analysis and statistical modeling.\n• Excellent problem-solving and analytical abilities.\n• Strong communication and collaboration skills.</arg>
<arg>${EMPTY}</arg>
<arg>Thailand, Bangkok(Full time)</arg>
<arg>Assoc. Prof. Ngamnij Arch-int</arg>
<arg>ngamnij@kku.ac.th</arg>
<arg>${EMPTY}</arg>
<arg>2025-06-16</arg>
<arg>${EMPTY}</arg>
<arg>• Submit application through the online portal\n• Initial screening\n• Interviews</arg>
<arg>As an AI Researcher, you will play a pivotal role in our organization's efforts to advance the field of artificial intelligence. You will be responsible for conducting research, developing AI models and algorithms, and staying up-to-date with the latest developments in AI and machine learning. Your contributions will drive innovation and help shape our AI strategy.</arg>
<status status="PASS" start="2025-03-11T15:06:13.246130" elapsed="37.670607"/>
</kw>
<kw name="Execute Javascript" owner="SeleniumLibrary">
<msg time="2025-03-11T15:06:50.917720" level="INFO">Executing JavaScript:
window.scrollTo(0, document.body.scrollHeight);
Without any arguments.</msg>
<arg>window.scrollTo(0, document.body.scrollHeight);</arg>
<doc>Executes the given JavaScript code with possible arguments.</doc>
<status status="PASS" start="2025-03-11T15:06:50.917720" elapsed="0.817862"/>
</kw>
<kw name="Click Button" owner="SeleniumLibrary">
<msg time="2025-03-11T15:06:51.736482" level="INFO">Clicking button 'Submit Application'.</msg>
<arg>Submit Application</arg>
<doc>Clicks the button identified by ``locator``.</doc>
<status status="PASS" start="2025-03-11T15:06:51.736482" elapsed="5.637837"/>
</kw>
<kw name="Scroll Element Into View" owner="SeleniumLibrary">
<arg>xpath=(//a[contains(., 'View Details')])[3]</arg>
<doc>Scrolls the element identified by ``locator`` into view.</doc>
<status status="PASS" start="2025-03-11T15:06:57.374319" elapsed="1.889820"/>
</kw>
<kw name="Get Text" owner="SeleniumLibrary">
<msg time="2025-03-11T15:07:00.909665" level="INFO">${Role_Text} = PhD</msg>
<var>${Role_Text}</var>
<arg>xpath=(//h5[contains(@class, 'role-title')])[3]</arg>
<doc>Returns the text value of the element identified by ``locator``.</doc>
<status status="PASS" start="2025-03-11T15:06:59.264139" elapsed="1.645526"/>
</kw>
<kw name="Get Text" owner="SeleniumLibrary">
<msg time="2025-03-11T15:07:02.550889" level="INFO">${Status_Text} = ACTIVE</msg>
<var>${Status_Text}</var>
<arg>xpath=(//span[contains(@class,'status-badge')])[3]</arg>
<doc>Returns the text value of the element identified by ``locator``.</doc>
<status status="PASS" start="2025-03-11T15:07:00.910269" elapsed="1.640620"/>
</kw>
<kw name="Get Text" owner="SeleniumLibrary">
<msg time="2025-03-11T15:07:04.183991" level="INFO">${Created_Time_Text} = Created: Mar 11, 2025</msg>
<var>${Created_Time_Text}</var>
<arg>xpath=(//span[contains(@class, 'me-3')])[3]</arg>
<doc>Returns the text value of the element identified by ``locator``.</doc>
<status status="PASS" start="2025-03-11T15:07:02.551915" elapsed="1.632076"/>
</kw>
<kw name="Get Text" owner="SeleniumLibrary">
<msg time="2025-03-11T15:07:05.815722" level="INFO">${Deadline_Text} = Deadline: May 04, 2025</msg>
<var>${Deadline_Text}</var>
<arg>xpath=(//div[@class='deadline-info']/span[contains(text(), 'Deadline:')])[3]</arg>
<doc>Returns the text value of the element identified by ``locator``.</doc>
<status status="PASS" start="2025-03-11T15:07:04.184495" elapsed="1.631227"/>
</kw>
<kw name="Should Be Equal As Strings" owner="BuiltIn">
<arg>${Role_Text}</arg>
<arg>PhD</arg>
<doc>Fails if objects are unequal after converting them to strings.</doc>
<status status="PASS" start="2025-03-11T15:07:05.815722" elapsed="0.000998"/>
</kw>
<kw name="Should Be Equal As Strings" owner="BuiltIn">
<arg>${Status_Text}</arg>
<arg>ACTIVE</arg>
<doc>Fails if objects are unequal after converting them to strings.</doc>
<status status="PASS" start="2025-03-11T15:07:05.816720" elapsed="0.000000"/>
</kw>
<kw name="Should Be Equal As Strings" owner="BuiltIn">
<arg>${Created_Time_Text}</arg>
<arg>Created: Mar 11, 2025</arg>
<doc>Fails if objects are unequal after converting them to strings.</doc>
<status status="PASS" start="2025-03-11T15:07:05.817719" elapsed="0.000000"/>
</kw>
<kw name="Should Be Equal As Strings" owner="BuiltIn">
<arg>${Deadline_Text}</arg>
<arg>Deadline: May 04, 2025</arg>
<doc>Fails if objects are unequal after converting them to strings.</doc>
<status status="PASS" start="2025-03-11T15:07:05.817719" elapsed="0.000000"/>
</kw>
<kw name="Sleep" owner="BuiltIn">
<msg time="2025-03-11T15:07:06.820001" level="INFO">Slept 1 second.</msg>
<arg>1s</arg>
<doc>Pauses the test executed for the given time.</doc>
<status status="PASS" start="2025-03-11T15:07:05.818720" elapsed="1.001281"/>
</kw>
<status status="PASS" start="2025-03-11T15:06:06.805309" elapsed="60.015537"/>
</test>
<test id="s1-t12" name="Check Ph.D. Application Detail" line="114">
<kw name="Scroll Element Into View" owner="SeleniumLibrary">
<arg>xpath=(//a[contains(., 'View Details')])[3]</arg>
<doc>Scrolls the element identified by ``locator`` into view.</doc>
<status status="PASS" start="2025-03-11T15:07:06.821853" elapsed="1.888411"/>
</kw>
<kw name="Click Element" owner="SeleniumLibrary">
<msg time="2025-03-11T15:07:08.711272" level="INFO">Clicking element 'xpath=(//a[contains(., 'View Details')])[3]'.</msg>
<arg>xpath=(//a[contains(., 'View Details')])[3]</arg>
<doc>Click the element identified by ``locator``.</doc>
<status status="PASS" start="2025-03-11T15:07:08.710264" elapsed="3.735306"/>
</kw>
<kw name="Get Text" owner="SeleniumLibrary">
<msg time="2025-03-11T15:07:14.083208" level="INFO">${Detail_Role_Text} = PhD Position</msg>
<var>${Detail_Role_Text}</var>
<arg>xpath=//h3[contains(@class,'text-primary')]</arg>
<doc>Returns the text value of the element identified by ``locator``.</doc>
<status status="PASS" start="2025-03-11T15:07:12.445570" elapsed="1.637638"/>
</kw>
<kw name="Get Text" owner="SeleniumLibrary">
<msg time="2025-03-11T15:07:15.705615" level="INFO">${Detail_Group_Text} = Research Group: Laboratory, Applied Intelligence and Data Analytics (AIDA)</msg>
<var>${Detail_Group_Text}</var>
<arg>xpath=//p[contains(@class,'text-muted')]</arg>
<doc>Returns the text value of the element identified by ``locator``.</doc>
<status status="PASS" start="2025-03-11T15:07:14.083208" elapsed="1.622407"/>
</kw>
<kw name="Get Text" owner="SeleniumLibrary">
<msg time="2025-03-11T15:07:17.344433" level="INFO">${Detail_Status_Text} = Active</msg>
<var>${Detail_Status_Text}</var>
<arg>xpath=//span[contains(@class,'badge')]</arg>
<doc>Returns the text value of the element identified by ``locator``.</doc>
<status status="PASS" start="2025-03-11T15:07:15.705615" elapsed="1.638818"/>
</kw>
<kw name="Should Be Equal As Strings" owner="BuiltIn">
<arg>${Detail_Status_Text}</arg>
<arg>Active</arg>
<doc>Fails if objects are unequal after converting them to strings.</doc>
<status status="PASS" start="2025-03-11T15:07:17.347411" elapsed="0.000000"/>
</kw>
<kw name="Should Be Equal As Strings" owner="BuiltIn">
<arg>${Detail_Role_Text}</arg>
<arg>PhD Position</arg>
<doc>Fails if objects are unequal after converting them to strings.</doc>
<status status="PASS" start="2025-03-11T15:07:17.348410" elapsed="0.000000"/>
</kw>
<kw name="Should Be Equal As Strings" owner="BuiltIn">
<arg>${Detail_Group_Text}</arg>
<arg>Research Group: Laboratory, Applied Intelligence and Data Analytics (AIDA)</arg>
<doc>Fails if objects are unequal after converting them to strings.</doc>
<status status="PASS" start="2025-03-11T15:07:17.348410" elapsed="0.001001"/>
</kw>
<kw name="Verify Input Deadline" owner="resource">
<kw name="Get Text" owner="SeleniumLibrary">
<msg time="2025-03-11T15:07:18.987070" level="INFO">${Detail_Deadline_Text} = May 04, 2025</msg>
<var>${Detail_Deadline_Text}</var>
<arg>xpath=//div[contains(@class, 'info-card')][.//h6[text()='Deadline']]/div[@class='info-content']/p</arg>
<doc>Returns the text value of the element identified by ``locator``.</doc>
<status status="PASS" start="2025-03-11T15:07:17.350417" elapsed="1.636653"/>
</kw>
<kw name="Should Be Equal As Strings" owner="BuiltIn">
<msg time="2025-03-11T15:07:18.988056" level="FAIL">May 04, 2025 != Jul 28, 2025</msg>
<arg>${Detail_Deadline_Text}</arg>
<arg>${EXPECTED_DEADLINE}</arg>
<doc>Fails if objects are unequal after converting them to strings.</doc>
<status status="FAIL" start="2025-03-11T15:07:18.987070" elapsed="0.000986">May 04, 2025 != Jul 28, 2025</status>
</kw>
<arg>Jul 28, 2025</arg>
<status status="FAIL" start="2025-03-11T15:07:17.349411" elapsed="1.638645">May 04, 2025 != Jul 28, 2025</status>
</kw>
<kw name="Verify Input Vacancies" owner="resource">
<arg>2</arg>
<status status="NOT RUN" start="2025-03-11T15:07:18.988056" elapsed="0.000000"/>
</kw>
<kw name="Verify Input Salary" owner="resource">
<arg>$20,000</arg>
<arg>per month</arg>
<status status="NOT RUN" start="2025-03-11T15:07:18.989040" elapsed="0.000000"/>
</kw>
<kw name="Verify Input Location" owner="resource">
<arg>Thailand, Bangkok(Full time)</arg>
<status status="NOT RUN" start="2025-03-11T15:07:18.989040" elapsed="0.000000"/>
</kw>
<kw name="Verify Input Job Detail" owner="resource">
<arg>As an AI Researcher, you will play a pivotal role in our organization's efforts to advance the field of artificial intelligence. You will be responsible for conducting research, developing AI models and algorithms, and staying up-to-date with the latest developments in AI and machine learning. Your contributions will drive innovation and help shape our AI strategy.</arg>
<status status="NOT RUN" start="2025-03-11T15:07:18.989040" elapsed="0.000000"/>
</kw>
<kw name="Scroll Element Into View" owner="SeleniumLibrary">
<arg>xpath=//div[contains(@class, 'detail-card')][.//h5[text()='Required Qualifications']]/div[@class='detail-content']</arg>
<doc>Scrolls the element identified by ``locator`` into view.</doc>
<status status="NOT RUN" start="2025-03-11T15:07:18.989040" elapsed="0.000000"/>
</kw>
<kw name="Sleep" owner="BuiltIn">
<arg>1s</arg>
<doc>Pauses the test executed for the given time.</doc>
<status status="NOT RUN" start="2025-03-11T15:07:18.990030" elapsed="0.000000"/>
</kw>
<kw name="Verify Input Required Documents" owner="resource">
<arg>Transcripts\n• a statement of purpose (SOP)\n• GRE\n• TOEFL/IELTS</arg>
<status status="NOT RUN" start="2025-03-11T15:07:18.990030" elapsed="0.000000"/>
</kw>
<kw name="Verify Input Required Qualifications" owner="resource">
<arg>• A Ph.D. or master's degree in computer science, artificial intelligence, machine learning, or a related field.\n• Proven track record of AI research, including publications in recognized AI conferences and journals.\n• Strong programming skills in languages commonly used in AI research (e.g., Python, TensorFlow, PyTorch).\n• In-depth knowledge of machine learning algorithms, deep learning, natural language processing, and/or computer vision.\n• Experience with AI frameworks and libraries.\n• Proficiency in data analysis and statistical modeling.\n• Excellent problem-solving and analytical abilities.\n• Strong communication and collaboration skills.</arg>
<status status="NOT RUN" start="2025-03-11T15:07:18.990030" elapsed="0.000000"/>
</kw>
<kw name="Verify Input Preferred Qualifications" owner="resource">
<arg>No preferred qualifications specified.</arg>
<status status="NOT RUN" start="2025-03-11T15:07:18.991036" elapsed="0.000000"/>
</kw>
<kw name="Scroll Element Into View" owner="SeleniumLibrary">
<arg>xpath=//div[contains(@class, 'col-md-4')][contains(., 'Contact Person:')]</arg>
<doc>Scrolls the element identified by ``locator`` into view.</doc>
<status status="NOT RUN" start="2025-03-11T15:07:18.991036" elapsed="0.000000"/>
</kw>
<kw name="Sleep" owner="BuiltIn">
<arg>1s</arg>
<doc>Pauses the test executed for the given time.</doc>
<status status="NOT RUN" start="2025-03-11T15:07:18.991036" elapsed="0.000000"/>
</kw>
<kw name="Verify Input Timeline" owner="resource">
<arg>May 04, 2025</arg>
<arg>Jun 16, 2025</arg>
<status status="NOT RUN" start="2025-03-11T15:07:18.991036" elapsed="0.000000"/>
</kw>
<kw name="Verify Input Process" owner="resource">
<arg>• Submit application through the online portal\n• Initial screening\n• Interviews</arg>
<status status="NOT RUN" start="2025-03-11T15:07:18.991036" elapsed="0.000000"/>
</kw>
<kw name="Execute Javascript" owner="SeleniumLibrary">
<arg>window.scrollTo(0, document.body.scrollHeight);</arg>
<doc>Executes the given JavaScript code with possible arguments.</doc>
<status status="NOT RUN" start="2025-03-11T15:07:18.991036" elapsed="0.000000"/>
</kw>
<kw name="Sleep" owner="BuiltIn">
<arg>1s</arg>
<doc>Pauses the test executed for the given time.</doc>
<status status="NOT RUN" start="2025-03-11T15:07:18.992539" elapsed="0.000000"/>
</kw>
<kw name="Verify Input Contact" owner="resource">
<arg>Assoc. Prof. Ngamnij Arch-int</arg>
<arg>ngamnij@kku.ac.th</arg>
<status status="NOT RUN" start="2025-03-11T15:07:18.992539" elapsed="0.000000"/>
</kw>
<kw name="Close Browser" owner="SeleniumLibrary" type="TEARDOWN">
<doc>Closes the current browser.</doc>
<status status="PASS" start="2025-03-11T15:07:18.992539" elapsed="3.066029"/>
</kw>
<status status="FAIL" start="2025-03-11T15:07:06.820846" elapsed="15.238691">May 04, 2025 != Jul 28, 2025</status>
</test>
<test id="s1-t13" name="Open Website" line="144">
<kw name="Open Web" owner="resource">
<kw name="Open Custom Chrome Browser" owner="resource">
<kw name="Evaluate" owner="BuiltIn">
<msg time="2025-03-11T15:07:22.062587" level="INFO">${options} = &lt;selenium.webdriver.chrome.options.Options object at 0x0000011608E36F10&gt;</msg>
<var>${options}</var>
<arg>sys.modules['selenium.webdriver'].ChromeOptions()</arg>
<arg>sys</arg>
<doc>Evaluates the given expression in Python and returns the result.</doc>
<status status="PASS" start="2025-03-11T15:07:22.061573" elapsed="0.001014"/>
</kw>
<kw name="Set Variable" owner="BuiltIn">
<arg>${options}</arg>
<arg>binary_location</arg>
<arg>${CHROME_BROWSER_PATH}</arg>
<doc>Returns the given values which can then be assigned to a variables.</doc>
<status status="PASS" start="2025-03-11T15:07:22.062587" elapsed="0.000000"/>
</kw>
<kw name="Evaluate" owner="BuiltIn">
<msg time="2025-03-11T15:07:22.063611" level="INFO">${service} = &lt;selenium.webdriver.chrome.service.Service object at 0x0000011608E36100&gt;</msg>
<var>${service}</var>
<arg>sys.modules["selenium.webdriver.chrome.service"].Service(executable_path=r"${CHROME_DRIVER_PATH}")</arg>
<arg>sys</arg>
<doc>Evaluates the given expression in Python and returns the result.</doc>
<status status="PASS" start="2025-03-11T15:07:22.062587" elapsed="0.001024"/>
</kw>
<kw name="Create Webdriver" owner="SeleniumLibrary">
<msg time="2025-03-11T15:07:22.063611" level="INFO">Creating an instance of the Chrome WebDriver.</msg>
<arg>Chrome</arg>
<arg>options=${options}</arg>
<arg>service=${service}</arg>
<doc>Creates an instance of Selenium WebDriver.</doc>
<status status="PASS" start="2025-03-11T15:07:22.063611" elapsed="1.068535"/>
</kw>
<kw name="Go To" owner="SeleniumLibrary">
<msg time="2025-03-11T15:07:23.133145" level="INFO">Opening url 'http://localhost:8000'</msg>
<arg>${url}</arg>
<doc>Navigates the current browser window to the provided ``url``.</doc>
<status status="PASS" start="2025-03-11T15:07:23.133145" elapsed="1.974135"/>
</kw>
<arg>${BASE_URL}</arg>
<status status="PASS" start="2025-03-11T15:07:22.061573" elapsed="3.045707"/>
</kw>
[...]
</kw>
<kw name="Get Text" owner="SeleniumLibrary">
<msg time="2025-03-11T15:10:52.556250" level="INFO">${Detail_Status_Text_After} = Active</msg>
<var>${Detail_Status_Text_After}</var>
<arg>xpath=//span[contains(@class,'badge')]</arg>
<doc>Returns the text value of the element identified by ``locator``.</doc>
<status status="PASS" start="2025-03-11T15:10:50.920293" elapsed="1.635957"/>
</kw>
<kw name="Should Be Equal As Strings" owner="BuiltIn">
<arg>${Detail_Status_Text_After}</arg>
<arg>Active</arg>
<doc>Fails if objects are unequal after converting them to strings.</doc>
<status status="PASS" start="2025-03-11T15:10:52.557267" elapsed="0.000000"/>
</kw>
<kw name="Sleep" owner="BuiltIn">
<msg time="2025-03-11T15:10:53.573696" level="INFO">Slept 1 second.</msg>
<arg>1s</arg>
<doc>Pauses the test executed for the given time.</doc>
<status status="PASS" start="2025-03-11T15:10:52.558276" elapsed="1.015420"/>
</kw>
<kw name="Close Browser" owner="SeleniumLibrary" type="TEARDOWN">
<doc>Closes the current browser.</doc>
<status status="PASS" start="2025-03-11T15:10:53.573696" elapsed="3.037305"/>
</kw>
<status status="PASS" start="2025-03-11T15:10:30.957025" elapsed="25.654933"/>
</test>
<test id="s1-t24" name="Open Website" line="249">
<kw name="Open Web" owner="resource">
<kw name="Open Custom Chrome Browser" owner="resource">
<kw name="Evaluate" owner="BuiltIn">
<msg time="2025-03-11T15:10:56.613965" level="INFO">${options} = &lt;selenium.webdriver.chrome.options.Options object at 0x0000011608E36F10&gt;</msg>
<var>${options}</var>
<arg>sys.modules['selenium.webdriver'].ChromeOptions()</arg>
<arg>sys</arg>
<doc>Evaluates the given expression in Python and returns the result.</doc>
<status status="PASS" start="2025-03-11T15:10:56.613965" elapsed="0.000000"/>
</kw>
<kw name="Set Variable" owner="BuiltIn">
<arg>${options}</arg>
<arg>binary_location</arg>
<arg>${CHROME_BROWSER_PATH}</arg>
<doc>Returns the given values which can then be assigned to a variables.</doc>
<status status="PASS" start="2025-03-11T15:10:56.613965" elapsed="0.000000"/>
</kw>
<kw name="Evaluate" owner="BuiltIn">
<msg time="2025-03-11T15:10:56.614959" level="INFO">${service} = &lt;selenium.webdriver.chrome.service.Service object at 0x0000011608E18E80&gt;</msg>
<var>${service}</var>
<arg>sys.modules["selenium.webdriver.chrome.service"].Service(executable_path=r"${CHROME_DRIVER_PATH}")</arg>
<arg>sys</arg>
<doc>Evaluates the given expression in Python and returns the result.</doc>
<status status="PASS" start="2025-03-11T15:10:56.614959" elapsed="0.000000"/>
</kw>
<kw name="Create Webdriver" owner="SeleniumLibrary">
<msg time="2025-03-11T15:10:56.614959" level="INFO">Creating an instance of the Chrome WebDriver.</msg>
<arg>Chrome</arg>
<arg>options=${options}</arg>
<arg>service=${service}</arg>
<doc>Creates an instance of Selenium WebDriver.</doc>
<status status="PASS" start="2025-03-11T15:10:56.614959" elapsed="1.061643"/>
</kw>
<kw name="Go To" owner="SeleniumLibrary">
<msg time="2025-03-11T15:10:57.677601" level="INFO">Opening url 'http://localhost:8000'</msg>
<arg>${url}</arg>
<doc>Navigates the current browser window to the provided ``url``.</doc>
<status status="PASS" start="2025-03-11T15:10:57.677601" elapsed="1.790579"/>
</kw>
<arg>${BASE_URL}</arg>
<status status="PASS" start="2025-03-11T15:10:56.612970" elapsed="2.855210"/>
</kw>
<kw name="Maximize Browser Window" owner="SeleniumLibrary">
<doc>Maximizes current browser window.</doc>
<status status="PASS" start="2025-03-11T15:10:59.468180" elapsed="0.037538"/>
</kw>
<kw name="Set Selenium Speed" owner="SeleniumLibrary">
<arg>${DELAY}</arg>
<doc>Sets the delay that is waited after each Selenium command.</doc>
<status status="PASS" start="2025-03-11T15:10:59.505718" elapsed="0.000000"/>
</kw>
<kw name="Home Should Be Open" owner="resource">
<kw name="Title Should Be" owner="SeleniumLibrary">
<msg time="2025-03-11T15:11:00.322039" level="INFO">Page title is 'ระบบข้อมูลงานวิจัย วิทยาลัยการคอมพิวเตอร์'.</msg>
<arg>ระบบข้อมูลงานวิจัย วิทยาลัยการคอมพิวเตอร์</arg>
<doc>Verifies that the current page title equals ``title``.</doc>
<status status="PASS" start="2025-03-11T15:10:59.506717" elapsed="0.815322"/>
</kw>
<status status="PASS" start="2025-03-11T15:10:59.506717" elapsed="0.815322"/>
</kw>
<status status="PASS" start="2025-03-11T15:10:56.612970" elapsed="3.709069"/>
</kw>
<status status="PASS" start="2025-03-11T15:10:56.612970" elapsed="3.710071"/>
</test>
<test id="s1-t25" name="Go To Login" line="252">
<kw name="Click Login" owner="resource">
<kw name="Click Element" owner="SeleniumLibrary">
<msg time="2025-03-11T15:11:00.324037" level="INFO">Clicking element 'xpath= //a[@href='/login']'.</msg>
<arg>xpath= //a[@href='/login']</arg>
<doc>Click the element identified by ``locator``.</doc>
<status status="PASS" start="2025-03-11T15:11:00.324037" elapsed="1.772445"/>
</kw>
<kw name="Switch Tab" owner="resource">
<kw name="Get Window Handles" owner="SeleniumLibrary">
<msg time="2025-03-11T15:11:02.906925" level="INFO">${handles} = ['2E78B3DC0F4818A83550CA9CBC9B30CF', 'C622B120FBE4F4849A635DF3DFDCCE89']</msg>
<var>${handles}</var>
<doc>Returns all child window handles of the selected browser as a list.</doc>
<status status="PASS" start="2025-03-11T15:11:02.097482" elapsed="0.809443"/>
</kw>
<kw name="Switch Window" owner="SeleniumLibrary">
<arg>${handles}[${INDEX}]</arg>
<doc>Switches to browser window matching ``locator``.</doc>
<status status="PASS" start="2025-03-11T15:11:02.906925" elapsed="7.333584"/>
</kw>
<arg>1</arg>
<status status="PASS" start="2025-03-11T15:11:02.096482" elapsed="8.144027"/>
</kw>
<kw name="Title Should Be" owner="SeleniumLibrary">
<msg time="2025-03-11T15:11:11.046789" level="INFO">Page title is 'Login'.</msg>
<arg>Login</arg>
<doc>Verifies that the current page title equals ``title``.</doc>
<status status="PASS" start="2025-03-11T15:11:10.240509" elapsed="0.806280"/>
</kw>
<status status="PASS" start="2025-03-11T15:11:00.324037" elapsed="10.722752"/>
</kw>
<status status="PASS" start="2025-03-11T15:11:00.323041" elapsed="10.724721"/>
</test>
<test id="s1-t26" name="Login" line="255">
<kw name="Input Email" owner="resource">
<kw name="Input Text" owner="SeleniumLibrary">
<msg time="2025-03-11T15:11:11.049794" level="INFO">Typing text 'ngamnij@kku.ac.th' into text field 'id:username'.</msg>
<arg>id:username</arg>
<arg>${EMAIL}</arg>
<doc>Types the given ``text`` into the text field identified by ``locator``.</doc>
<status status="PASS" start="2025-03-11T15:11:11.049794" elapsed="2.491004"/>
</kw>
<arg>ngamnij@kku.ac.th</arg>
<status status="PASS" start="2025-03-11T15:11:11.048755" elapsed="2.492043"/>
</kw>
<kw name="Input Password" owner="SeleniumLibrary">
<msg time="2025-03-11T15:11:13.541764" level="INFO">Typing password into text field 'id:password'.</msg>
<msg time="2025-03-11T15:11:15.180466" level="INFO">Temporally setting log level to: NONE</msg>
<arg>id:password</arg>
<arg>123456789</arg>
<doc>Types the given password into the text field identified by ``locator``.</doc>
<status status="PASS" start="2025-03-11T15:11:13.541764" elapsed="2.488923"/>
</kw>
<kw name="Click Button" owner="SeleniumLibrary">
<msg time="2025-03-11T15:11:16.031649" level="INFO">Clicking button 'Log In'.</msg>
<arg>Log In</arg>
<doc>Clicks the button identified by ``locator``.</doc>
<status status="PASS" start="2025-03-11T15:11:16.031649" elapsed="6.075826"/>
</kw>
<kw name="Title Should Be" owner="SeleniumLibrary">
<msg time="2025-03-11T15:11:22.929845" level="INFO">Page title is 'Dashboard'.</msg>
<arg>Dashboard</arg>
<doc>Verifies that the current page title equals ``title``.</doc>
<status status="PASS" start="2025-03-11T15:11:22.107475" elapsed="0.822370"/>
</kw>
<status status="PASS" start="2025-03-11T15:11:11.048755" elapsed="11.882058"/>
</test>
<test id="s1-t27" name="Go To Application Management Page" line="261">
<kw name="Click Element" owner="SeleniumLibrary">
<msg time="2025-03-11T15:11:22.932810" level="INFO">Clicking element 'xpath=//a[contains(@href, 'researchGroups')]'.</msg>
<arg>xpath=//a[contains(@href, 'researchGroups')]</arg>
<doc>Click the element identified by ``locator``.</doc>
<status status="PASS" start="2025-03-11T15:11:22.932810" elapsed="3.837506"/>
</kw>
<kw name="Scroll Element Into View" owner="SeleniumLibrary">
<arg>xpath=(//a[contains(@title,"Application")])[2]</arg>
<doc>Scrolls the element identified by ``locator`` into view.</doc>
<status status="PASS" start="2025-03-11T15:11:26.771311" elapsed="1.922486"/>
</kw>
<kw name="Click Element" owner="SeleniumLibrary">
<msg time="2025-03-11T15:11:28.695811" level="INFO">Clicking element 'xpath=(//a[@title="Application"])[1]'.</msg>
<arg>xpath=(//a[@title="Application"])[1]</arg>
<doc>Click the element identified by ``locator``.</doc>
<status status="PASS" start="2025-03-11T15:11:28.694806" elapsed="3.742983"/>
</kw>
<status status="PASS" start="2025-03-11T15:11:22.932810" elapsed="9.505648"/>
</test>
<test id="s1-t28" name="Delete Application" line="266">
<kw name="Delete Application Card" owner="resource">
<kw name="Click Element" owner="SeleniumLibrary">
<msg time="2025-03-11T15:11:32.439470" level="INFO">Clicking element 'xpath=(//a[contains(., 'View Details')])[2]'.</msg>
<arg>xpath=(//a[contains(., 'View Details')])[${INDEX}]</arg>
<doc>Click the element identified by ``locator``.</doc>
<status status="PASS" start="2025-03-11T15:11:32.439470" elapsed="3.754400"/>
</kw>
<kw name="Click Button" owner="SeleniumLibrary">
<msg time="2025-03-11T15:11:36.193870" level="INFO">Clicking button 'xpath=//button[@class='btn btn-danger mt-3 ct-btn']'.</msg>
<arg>xpath=//button[@class='btn btn-danger mt-3 ct-btn']</arg>
<doc>Clicks the button identified by ``locator``.</doc>
<status status="PASS" start="2025-03-11T15:11:36.193870" elapsed="4.093710"/>
</kw>
<kw name="Handle Alert" owner="SeleniumLibrary">
<msg time="2025-03-11T15:11:40.287580" level="INFO">HANDLE::&lt;class 'NoneType'&gt;::None</msg>
<arg>accept</arg>
<doc>Handles the current alert and returns its message.</doc>
<status status="PASS" start="2025-03-11T15:11:40.287580" elapsed="2.431594"/>
</kw>
<arg>2</arg>
<status status="PASS" start="2025-03-11T15:11:32.439470" elapsed="10.279704"/>
</kw>
<kw name="Delete Application Card" owner="resource">
<kw name="Click Element" owner="SeleniumLibrary">
<msg time="2025-03-11T15:11:42.720126" level="INFO">Clicking element 'xpath=(//a[contains(., 'View Details')])[2]'.</msg>
<arg>xpath=(//a[contains(., 'View Details')])[${INDEX}]</arg>
<doc>Click the element identified by ``locator``.</doc>
<status status="PASS" start="2025-03-11T15:11:42.720126" elapsed="5.339811"/>
</kw>
<kw name="Click Button" owner="SeleniumLibrary">
<msg time="2025-03-11T15:11:48.059937" level="INFO">Clicking button 'xpath=//button[@class='btn btn-danger mt-3 ct-btn']'.</msg>
<arg>xpath=//button[@class='btn btn-danger mt-3 ct-btn']</arg>
<doc>Clicks the button identified by ``locator``.</doc>
<status status="PASS" start="2025-03-11T15:11:48.059937" elapsed="4.085182"/>
</kw>
<kw name="Handle Alert" owner="SeleniumLibrary">
<msg time="2025-03-11T15:11:52.146119" level="INFO">HANDLE::&lt;class 'NoneType'&gt;::None</msg>
<arg>accept</arg>
<doc>Handles the current alert and returns its message.</doc>
<status status="PASS" start="2025-03-11T15:11:52.146119" elapsed="2.426076"/>
</kw>
<arg>2</arg>
<status status="PASS" start="2025-03-11T15:11:42.720126" elapsed="11.852069"/>
</kw>
<kw name="Delete Application Card" owner="resource">
<kw name="Click Element" owner="SeleniumLibrary">
<msg time="2025-03-11T15:11:54.578212" level="INFO">Clicking element 'xpath=(//a[contains(., 'View Details')])[2]'.</msg>
<arg>xpath=(//a[contains(., 'View Details')])[${INDEX}]</arg>
<doc>Click the element identified by ``locator``.</doc>
<status status="PASS" start="2025-03-11T15:11:54.578212" elapsed="5.278982"/>
</kw>
<kw name="Click Button" owner="SeleniumLibrary">
<msg time="2025-03-11T15:11:59.858196" level="INFO">Clicking button 'xpath=//button[@class='btn btn-danger mt-3 ct-btn']'.</msg>
<arg>xpath=//button[@class='btn btn-danger mt-3 ct-btn']</arg>
<doc>Clicks the button identified by ``locator``.</doc>
<status status="PASS" start="2025-03-11T15:11:59.857194" elapsed="4.106192"/>
</kw>
<kw name="Handle Alert" owner="SeleniumLibrary">
<msg time="2025-03-11T15:12:03.964391" level="INFO">HANDLE::&lt;class 'NoneType'&gt;::None</msg>
<arg>accept</arg>
<doc>Handles the current alert and returns its message.</doc>
<status status="PASS" start="2025-03-11T15:12:03.963386" elapsed="2.420101"/>
</kw>
<arg>2</arg>
<status status="PASS" start="2025-03-11T15:11:54.577197" elapsed="11.806290"/>
</kw>
<status status="PASS" start="2025-03-11T15:11:32.438458" elapsed="33.946022"/>
</test>
<test id="s1-t29" name="Edit Application" line="275">
<kw name="Click Element" owner="SeleniumLibrary">
<msg time="2025-03-11T15:12:06.387477" level="INFO">Clicking element 'xpath=(//a[contains(., 'View Details')])[1]'.</msg>
<arg>xpath=(//a[contains(., 'View Details')])[1]</arg>
<doc>Click the element identified by ``locator``.</doc>
<status status="PASS" start="2025-03-11T15:12:06.386475" elapsed="5.365436"/>
</kw>
<kw name="Click Element" owner="SeleniumLibrary">
<msg time="2025-03-11T15:12:11.751911" level="INFO">Clicking element 'xpath=//a[@class='btn btn-warning mt-3 ct-btn me-2']'.</msg>
<arg>xpath=//a[@class='btn btn-warning mt-3 ct-btn me-2']</arg>
<doc>Click the element identified by ``locator``.</doc>
<status status="PASS" start="2025-03-11T15:12:11.751911" elapsed="4.043696"/>
</kw>
<kw name="Input Date Type" owner="resource">
<kw name="Execute Javascript" owner="SeleniumLibrary">
<msg time="2025-03-11T15:12:15.796580" level="INFO">Executing JavaScript:
var el = document.evaluate("(//h4[contains(text(),'Postdoc Application')]/ancestor::div[@class='mt-4 p-4 border rounded bg-light position-relative'])//input[@name='app_deadline']", document, null, XPathResult.FIRST_ORDERED_NODE_TYPE, null).singleNodeValue;if(el) el.value = '2025-02-04';
Without any arguments.</msg>
<arg>var el = document.evaluate("${FORM_XPATH}//input[@name='${FIELD_NAME}']", document, null, XPathResult.FIRST_ORDERED_NODE_TYPE, null).singleNodeValue;</arg>
<arg>if(el) el.value = '${DATE}';</arg>
<doc>Executes the given JavaScript code with possible arguments.</doc>
<status status="PASS" start="2025-03-11T15:12:15.796580" elapsed="0.816927"/>
</kw>
<arg>${FORM_PostdocPATH}</arg>
<arg>app_deadline</arg>
<arg>2025-02-04</arg>
<status status="PASS" start="2025-03-11T15:12:15.795607" elapsed="0.817900"/>
</kw>
<kw name="Execute Javascript" owner="SeleniumLibrary">
<msg time="2025-03-11T15:12:16.615501" level="INFO">Executing JavaScript:
window.scrollTo(0, document.body.scrollHeight);
Without any arguments.</msg>
<arg>window.scrollTo(0, document.body.scrollHeight);</arg>
<doc>Executes the given JavaScript code with possible arguments.</doc>
<status status="PASS" start="2025-03-11T15:12:16.614501" elapsed="0.821209"/>
</kw>
<kw name="Click Button" owner="SeleniumLibrary">
<msg time="2025-03-11T15:12:17.435710" level="INFO">Clicking button 'Update Application'.</msg>
<arg>Update Application</arg>
<doc>Clicks the button identified by ``locator``.</doc>
<status status="PASS" start="2025-03-11T15:12:17.435710" elapsed="5.644443"/>
</kw>
<kw name="Verify Input Deadline" owner="resource">
<kw name="Get Text" owner="SeleniumLibrary">
<msg time="2025-03-11T15:12:24.713826" level="INFO">${Detail_Deadline_Text} = Feb 04, 2025</msg>
<var>${Detail_Deadline_Text}</var>
<arg>xpath=//div[contains(@class, 'info-card')][.//h6[text()='Deadline']]/div[@class='info-content']/p</arg>
<doc>Returns the text value of the element identified by ``locator``.</doc>
<status status="PASS" start="2025-03-11T15:12:23.081133" elapsed="1.632693"/>
</kw>
<kw name="Should Be Equal As Strings" owner="BuiltIn">
<arg>${Detail_Deadline_Text}</arg>
<arg>${EXPECTED_DEADLINE}</arg>
<doc>Fails if objects are unequal after converting them to strings.</doc>
<status status="PASS" start="2025-03-11T15:12:24.713826" elapsed="0.000961"/>
</kw>
<arg>Feb 04, 2025</arg>
<status status="PASS" start="2025-03-11T15:12:23.081133" elapsed="1.633654"/>
</kw>
<kw name="Get Text" owner="SeleniumLibrary">
<msg time="2025-03-11T15:12:26.352643" level="INFO">${Detail_Status_Text_After} = Expired</msg>
<var>${Detail_Status_Text_After}</var>
<arg>xpath=//span[contains(@class,'badge')]</arg>
<doc>Returns the text value of the element identified by ``locator``.</doc>
<status status="PASS" start="2025-03-11T15:12:24.714787" elapsed="1.637856"/>
</kw>
<kw name="Should Be Equal As Strings" owner="BuiltIn">
<arg>${Detail_Status_Text_After}</arg>
<arg>Expired</arg>
<doc>Fails if objects are unequal after converting them to strings.</doc>
<status status="PASS" start="2025-03-11T15:12:26.353650" elapsed="0.000000"/>
</kw>
<kw name="Sleep" owner="BuiltIn">
<msg time="2025-03-11T15:12:27.362637" level="INFO">Slept 1 second.</msg>
<arg>1s</arg>
<doc>Pauses the test executed for the given time.</doc>
<status status="PASS" start="2025-03-11T15:12:26.354648" elapsed="1.007989"/>
</kw>
<kw name="Close Browser" owner="SeleniumLibrary" type="TEARDOWN">
<doc>Closes the current browser.</doc>
<status status="PASS" start="2025-03-11T15:12:27.363599" elapsed="3.018564"/>
</kw>
<status status="PASS" start="2025-03-11T15:12:06.385482" elapsed="23.997652"/>
</test>
<status status="FAIL" start="2025-03-11T15:03:09.991113" elapsed="560.393021"/>
</suite>
<statistics>
<total>
<stat pass="27" fail="2" skip="0">All Tests</stat>
</total>
<tag>
</tag>
<suite>
<stat pass="27" fail="2" skip="0" id="s1" name="UAT-17-001">UAT-17-001</stat>
</suite>
</statistics>
<errors>
<msg time="2025-03-11T15:05:30.779060" level="WARN">Multiple tests with name 'Open Website' executed in suite 'UAT-17-001'.</msg>
<msg time="2025-03-11T15:05:34.636107" level="WARN">Multiple tests with name 'Go To Login' executed in suite 'UAT-17-001'.</msg>
<msg time="2025-03-11T15:05:45.327496" level="WARN">Multiple tests with name 'Login' executed in suite 'UAT-17-001'.</msg>
<msg time="2025-03-11T15:05:57.326458" level="WARN">Multiple tests with name 'Go To Application Management Page' executed in suite 'UAT-17-001'.</msg>
<msg time="2025-03-11T15:07:22.060283" level="WARN">Multiple tests with name 'Open Website' executed in suite 'UAT-17-001'.</msg>
<msg time="2025-03-11T15:07:25.954574" level="WARN">Multiple tests with name 'Go To Login' executed in suite 'UAT-17-001'.</msg>
<msg time="2025-03-11T15:07:36.721102" level="WARN">Multiple tests with name 'Login' executed in suite 'UAT-17-001'.</msg>
<msg time="2025-03-11T15:07:48.651072" level="WARN">Multiple tests with name 'Go To Application Management Page' executed in suite 'UAT-17-001'.</msg>
<msg time="2025-03-11T15:09:54.603245" level="WARN">Multiple tests with name 'Open Website' executed in suite 'UAT-17-001'.</msg>
<msg time="2025-03-11T15:09:58.497624" level="WARN">Multiple tests with name 'Go To Login' executed in suite 'UAT-17-001'.</msg>
<msg time="2025-03-11T15:10:09.372794" level="WARN">Multiple tests with name 'Login' executed in suite 'UAT-17-001'.</msg>
<msg time="2025-03-11T15:10:21.377260" level="WARN">Multiple tests with name 'Go To Application Management Page' executed in suite 'UAT-17-001'.</msg>
<msg time="2025-03-11T15:10:56.611958" level="WARN">Multiple tests with name 'Open Website' executed in suite 'UAT-17-001'.</msg>
<msg time="2025-03-11T15:11:00.323041" level="WARN">Multiple tests with name 'Go To Login' executed in suite 'UAT-17-001'.</msg>
<msg time="2025-03-11T15:11:11.047762" level="WARN">Multiple tests with name 'Login' executed in suite 'UAT-17-001'.</msg>
<msg time="2025-03-11T15:11:22.931820" level="WARN">Multiple tests with name 'Go To Application Management Page' executed in suite 'UAT-17-001'.</msg>
<msg time="2025-03-11T15:12:06.385482" level="WARN">Multiple tests with name 'Edit Application' executed in suite 'UAT-17-001'.</msg>
</errors>
</robot>
